[2026-06-05T13:52:24.381+0000] {processor.py:186} INFO - Started process (PID=115) to work on /home/airflow/.local/lib/python3.12/site-packages/airflow/example_dags/example_trigger_controller_dag.py
[2026-06-05T13:52:24.390+0000] {processor.py:914} INFO - Processing file /home/airflow/.local/lib/python3.12/site-packages/airflow/example_dags/example_trigger_controller_dag.py for tasks to queue
[2026-06-05T13:52:24.399+0000] {logging_mixin.py:190} INFO - [2026-06-05T13:52:24.398+0000] {dagbag.py:588} INFO - Filling up the DagBag from /home/airflow/.local/lib/python3.12/site-packages/airflow/example_dags/example_trigger_controller_dag.py
[2026-06-05T13:52:24.445+0000] {processor.py:925} INFO - DAG(s) 'example_trigger_controller_dag' retrieved from /home/airflow/.local/lib/python3.12/site-packages/airflow/example_dags/example_trigger_controller_dag.py
[2026-06-05T13:52:25.662+0000] {logging_mixin.py:190} INFO - [2026-06-05T13:52:25.660+0000] {override.py:1900} INFO - Created Permission View: can delete on DAG:example_trigger_controller_dag
[2026-06-05T13:52:25.732+0000] {logging_mixin.py:190} INFO - [2026-06-05T13:52:25.731+0000] {override.py:1900} INFO - Created Permission View: can read on DAG:example_trigger_controller_dag
[2026-06-05T13:52:25.774+0000] {logging_mixin.py:190} INFO - [2026-06-05T13:52:25.773+0000] {override.py:1900} INFO - Created Permission View: can edit on DAG:example_trigger_controller_dag
[2026-06-05T13:52:25.846+0000] {logging_mixin.py:190} INFO - [2026-06-05T13:52:25.845+0000] {override.py:1900} INFO - Created Permission View: menu access on DAG Run:example_trigger_controller_dag
[2026-06-05T13:52:25.897+0000] {logging_mixin.py:190} INFO - [2026-06-05T13:52:25.896+0000] {override.py:1900} INFO - Created Permission View: can delete on DAG Run:example_trigger_controller_dag
[2026-06-05T13:52:25.968+0000] {logging_mixin.py:190} INFO - [2026-06-05T13:52:25.967+0000] {override.py:1900} INFO - Created Permission View: can read on DAG Run:example_trigger_controller_dag
[2026-06-05T13:52:26.011+0000] {logging_mixin.py:190} INFO - [2026-06-05T13:52:26.010+0000] {override.py:1900} INFO - Created Permission View: can create on DAG Run:example_trigger_controller_dag
[2026-06-05T13:52:26.013+0000] {logging_mixin.py:190} INFO - [2026-06-05T13:52:26.012+0000] {dag.py:3239} INFO - Sync 1 DAGs
[2026-06-05T13:52:26.077+0000] {logging_mixin.py:190} INFO - [2026-06-05T13:52:26.077+0000] {dag.py:3262} INFO - Creating ORM DAG for example_trigger_controller_dag
[2026-06-05T13:52:26.119+0000] {logging_mixin.py:190} INFO - [2026-06-05T13:52:26.118+0000] {dag.py:4180} INFO - Setting next_dagrun for example_trigger_controller_dag to 2021-01-01 00:00:00+00:00, run_after=2021-01-01 00:00:00+00:00
[2026-06-05T13:52:26.199+0000] {processor.py:208} INFO - Processing /home/airflow/.local/lib/python3.12/site-packages/airflow/example_dags/example_trigger_controller_dag.py took 1.877 seconds
[2026-06-05T13:52:56.668+0000] {processor.py:186} INFO - Started process (PID=176) to work on /home/airflow/.local/lib/python3.12/site-packages/airflow/example_dags/example_trigger_controller_dag.py
[2026-06-05T13:52:56.671+0000] {processor.py:914} INFO - Processing file /home/airflow/.local/lib/python3.12/site-packages/airflow/example_dags/example_trigger_controller_dag.py for tasks to queue
[2026-06-05T13:52:56.678+0000] {logging_mixin.py:190} INFO - [2026-06-05T13:52:56.677+0000] {dagbag.py:588} INFO - Filling up the DagBag from /home/airflow/.local/lib/python3.12/site-packages/airflow/example_dags/example_trigger_controller_dag.py
[2026-06-05T13:52:56.694+0000] {processor.py:925} INFO - DAG(s) 'example_trigger_controller_dag' retrieved from /home/airflow/.local/lib/python3.12/site-packages/airflow/example_dags/example_trigger_controller_dag.py
[2026-06-05T13:52:56.744+0000] {logging_mixin.py:190} INFO - [2026-06-05T13:52:56.743+0000] {dag.py:3239} INFO - Sync 1 DAGs
[2026-06-05T13:52:56.807+0000] {logging_mixin.py:190} INFO - [2026-06-05T13:52:56.807+0000] {dag.py:4180} INFO - Setting next_dagrun for example_trigger_controller_dag to 2021-01-01 00:00:00+00:00, run_after=2021-01-01 00:00:00+00:00
[2026-06-05T13:52:56.857+0000] {processor.py:208} INFO - Processing /home/airflow/.local/lib/python3.12/site-packages/airflow/example_dags/example_trigger_controller_dag.py took 0.206 seconds
[2026-06-05T13:53:28.146+0000] {processor.py:186} INFO - Started process (PID=238) to work on /home/airflow/.local/lib/python3.12/site-packages/airflow/example_dags/example_trigger_controller_dag.py
[2026-06-05T13:53:28.155+0000] {processor.py:914} INFO - Processing file /home/airflow/.local/lib/python3.12/site-packages/airflow/example_dags/example_trigger_controller_dag.py for tasks to queue
[2026-06-05T13:53:28.163+0000] {logging_mixin.py:190} INFO - [2026-06-05T13:53:28.162+0000] {dagbag.py:588} INFO - Filling up the DagBag from /home/airflow/.local/lib/python3.12/site-packages/airflow/example_dags/example_trigger_controller_dag.py
[2026-06-05T13:53:28.202+0000] {processor.py:925} INFO - DAG(s) 'example_trigger_controller_dag' retrieved from /home/airflow/.local/lib/python3.12/site-packages/airflow/example_dags/example_trigger_controller_dag.py
[2026-06-05T13:53:28.370+0000] {logging_mixin.py:190} INFO - [2026-06-05T13:53:28.369+0000] {dag.py:3239} INFO - Sync 1 DAGs
[2026-06-05T13:53:28.627+0000] {logging_mixin.py:190} INFO - [2026-06-05T13:53:28.625+0000] {dag.py:4180} INFO - Setting next_dagrun for example_trigger_controller_dag to 2021-01-01 00:00:00+00:00, run_after=2021-01-01 00:00:00+00:00
[2026-06-05T13:53:28.815+0000] {processor.py:208} INFO - Processing /home/airflow/.local/lib/python3.12/site-packages/airflow/example_dags/example_trigger_controller_dag.py took 0.704 seconds
[2026-06-05T13:53:59.552+0000] {processor.py:186} INFO - Started process (PID=300) to work on /home/airflow/.local/lib/python3.12/site-packages/airflow/example_dags/example_trigger_controller_dag.py
[2026-06-05T13:53:59.555+0000] {processor.py:914} INFO - Processing file /home/airflow/.local/lib/python3.12/site-packages/airflow/example_dags/example_trigger_controller_dag.py for tasks to queue
[2026-06-05T13:53:59.558+0000] {logging_mixin.py:190} INFO - [2026-06-05T13:53:59.558+0000] {dagbag.py:588} INFO - Filling up the DagBag from /home/airflow/.local/lib/python3.12/site-packages/airflow/example_dags/example_trigger_controller_dag.py
[2026-06-05T13:53:59.570+0000] {processor.py:925} INFO - DAG(s) 'example_trigger_controller_dag' retrieved from /home/airflow/.local/lib/python3.12/site-packages/airflow/example_dags/example_trigger_controller_dag.py
[2026-06-05T13:53:59.606+0000] {logging_mixin.py:190} INFO - [2026-06-05T13:53:59.606+0000] {dag.py:3239} INFO - Sync 1 DAGs
[2026-06-05T13:53:59.653+0000] {logging_mixin.py:190} INFO - [2026-06-05T13:53:59.652+0000] {dag.py:4180} INFO - Setting next_dagrun for example_trigger_controller_dag to 2021-01-01 00:00:00+00:00, run_after=2021-01-01 00:00:00+00:00
[2026-06-05T13:53:59.690+0000] {processor.py:208} INFO - Processing /home/airflow/.local/lib/python3.12/site-packages/airflow/example_dags/example_trigger_controller_dag.py took 0.147 seconds
[2026-06-05T13:54:30.195+0000] {processor.py:186} INFO - Started process (PID=362) to work on /home/airflow/.local/lib/python3.12/site-packages/airflow/example_dags/example_trigger_controller_dag.py
[2026-06-05T13:54:30.197+0000] {processor.py:914} INFO - Processing file /home/airflow/.local/lib/python3.12/site-packages/airflow/example_dags/example_trigger_controller_dag.py for tasks to queue
[2026-06-05T13:54:30.201+0000] {logging_mixin.py:190} INFO - [2026-06-05T13:54:30.201+0000] {dagbag.py:588} INFO - Filling up the DagBag from /home/airflow/.local/lib/python3.12/site-packages/airflow/example_dags/example_trigger_controller_dag.py
[2026-06-05T13:54:30.216+0000] {processor.py:925} INFO - DAG(s) 'example_trigger_controller_dag' retrieved from /home/airflow/.local/lib/python3.12/site-packages/airflow/example_dags/example_trigger_controller_dag.py
[2026-06-05T13:54:30.266+0000] {logging_mixin.py:190} INFO - [2026-06-05T13:54:30.266+0000] {dag.py:3239} INFO - Sync 1 DAGs
[2026-06-05T13:54:30.344+0000] {logging_mixin.py:190} INFO - [2026-06-05T13:54:30.344+0000] {dag.py:4180} INFO - Setting next_dagrun for example_trigger_controller_dag to 2021-01-01 00:00:00+00:00, run_after=2021-01-01 00:00:00+00:00
[2026-06-05T13:54:30.401+0000] {processor.py:208} INFO - Processing /home/airflow/.local/lib/python3.12/site-packages/airflow/example_dags/example_trigger_controller_dag.py took 0.221 seconds
[2026-06-05T13:55:05.642+0000] {processor.py:186} INFO - Started process (PID=424) to work on /home/airflow/.local/lib/python3.12/site-packages/airflow/example_dags/example_trigger_controller_dag.py
[2026-06-05T13:55:05.645+0000] {processor.py:914} INFO - Processing file /home/airflow/.local/lib/python3.12/site-packages/airflow/example_dags/example_trigger_controller_dag.py for tasks to queue
[2026-06-05T13:55:05.652+0000] {logging_mixin.py:190} INFO - [2026-06-05T13:55:05.651+0000] {dagbag.py:588} INFO - Filling up the DagBag from /home/airflow/.local/lib/python3.12/site-packages/airflow/example_dags/example_trigger_controller_dag.py
[2026-06-05T13:55:05.668+0000] {processor.py:925} INFO - DAG(s) 'example_trigger_controller_dag' retrieved from /home/airflow/.local/lib/python3.12/site-packages/airflow/example_dags/example_trigger_controller_dag.py
[2026-06-05T13:55:05.711+0000] {logging_mixin.py:190} INFO - [2026-06-05T13:55:05.710+0000] {dag.py:3239} INFO - Sync 1 DAGs
[2026-06-05T13:55:05.780+0000] {logging_mixin.py:190} INFO - [2026-06-05T13:55:05.779+0000] {dag.py:4180} INFO - Setting next_dagrun for example_trigger_controller_dag to 2021-01-01 00:00:00+00:00, run_after=2021-01-01 00:00:00+00:00
[2026-06-05T13:55:05.843+0000] {processor.py:208} INFO - Processing /home/airflow/.local/lib/python3.12/site-packages/airflow/example_dags/example_trigger_controller_dag.py took 0.214 seconds
[2026-06-05T13:55:36.647+0000] {processor.py:186} INFO - Started process (PID=486) to work on /home/airflow/.local/lib/python3.12/site-packages/airflow/example_dags/example_trigger_controller_dag.py
[2026-06-05T13:55:36.650+0000] {processor.py:914} INFO - Processing file /home/airflow/.local/lib/python3.12/site-packages/airflow/example_dags/example_trigger_controller_dag.py for tasks to queue
[2026-06-05T13:55:36.656+0000] {logging_mixin.py:190} INFO - [2026-06-05T13:55:36.655+0000] {dagbag.py:588} INFO - Filling up the DagBag from /home/airflow/.local/lib/python3.12/site-packages/airflow/example_dags/example_trigger_controller_dag.py
[2026-06-05T13:55:36.672+0000] {processor.py:925} INFO - DAG(s) 'example_trigger_controller_dag' retrieved from /home/airflow/.local/lib/python3.12/site-packages/airflow/example_dags/example_trigger_controller_dag.py
[2026-06-05T13:55:36.717+0000] {logging_mixin.py:190} INFO - [2026-06-05T13:55:36.717+0000] {dag.py:3239} INFO - Sync 1 DAGs
[2026-06-05T13:55:36.767+0000] {logging_mixin.py:190} INFO - [2026-06-05T13:55:36.766+0000] {dag.py:4180} INFO - Setting next_dagrun for example_trigger_controller_dag to 2021-01-01 00:00:00+00:00, run_after=2021-01-01 00:00:00+00:00
[2026-06-05T13:55:36.817+0000] {processor.py:208} INFO - Processing /home/airflow/.local/lib/python3.12/site-packages/airflow/example_dags/example_trigger_controller_dag.py took 0.186 seconds
[2026-06-05T13:56:08.849+0000] {processor.py:186} INFO - Started process (PID=549) to work on /home/airflow/.local/lib/python3.12/site-packages/airflow/example_dags/example_trigger_controller_dag.py
[2026-06-05T13:56:08.853+0000] {processor.py:914} INFO - Processing file /home/airflow/.local/lib/python3.12/site-packages/airflow/example_dags/example_trigger_controller_dag.py for tasks to queue
[2026-06-05T13:56:08.861+0000] {logging_mixin.py:190} INFO - [2026-06-05T13:56:08.860+0000] {dagbag.py:588} INFO - Filling up the DagBag from /home/airflow/.local/lib/python3.12/site-packages/airflow/example_dags/example_trigger_controller_dag.py
[2026-06-05T13:56:08.883+0000] {processor.py:925} INFO - DAG(s) 'example_trigger_controller_dag' retrieved from /home/airflow/.local/lib/python3.12/site-packages/airflow/example_dags/example_trigger_controller_dag.py
[2026-06-05T13:56:08.959+0000] {logging_mixin.py:190} INFO - [2026-06-05T13:56:08.958+0000] {dag.py:3239} INFO - Sync 1 DAGs
[2026-06-05T13:56:09.052+0000] {logging_mixin.py:190} INFO - [2026-06-05T13:56:09.051+0000] {dag.py:4180} INFO - Setting next_dagrun for example_trigger_controller_dag to 2021-01-01 00:00:00+00:00, run_after=2021-01-01 00:00:00+00:00
[2026-06-05T13:56:09.138+0000] {processor.py:208} INFO - Processing /home/airflow/.local/lib/python3.12/site-packages/airflow/example_dags/example_trigger_controller_dag.py took 0.312 seconds
[2026-06-05T13:56:39.446+0000] {processor.py:186} INFO - Started process (PID=612) to work on /home/airflow/.local/lib/python3.12/site-packages/airflow/example_dags/example_trigger_controller_dag.py
[2026-06-05T13:56:39.449+0000] {processor.py:914} INFO - Processing file /home/airflow/.local/lib/python3.12/site-packages/airflow/example_dags/example_trigger_controller_dag.py for tasks to queue
[2026-06-05T13:56:39.455+0000] {logging_mixin.py:190} INFO - [2026-06-05T13:56:39.454+0000] {dagbag.py:588} INFO - Filling up the DagBag from /home/airflow/.local/lib/python3.12/site-packages/airflow/example_dags/example_trigger_controller_dag.py
[2026-06-05T13:56:39.475+0000] {processor.py:925} INFO - DAG(s) 'example_trigger_controller_dag' retrieved from /home/airflow/.local/lib/python3.12/site-packages/airflow/example_dags/example_trigger_controller_dag.py
[2026-06-05T13:56:39.535+0000] {logging_mixin.py:190} INFO - [2026-06-05T13:56:39.534+0000] {dag.py:3239} INFO - Sync 1 DAGs
[2026-06-05T13:56:39.614+0000] {logging_mixin.py:190} INFO - [2026-06-05T13:56:39.613+0000] {dag.py:4180} INFO - Setting next_dagrun for example_trigger_controller_dag to 2021-01-01 00:00:00+00:00, run_after=2021-01-01 00:00:00+00:00
[2026-06-05T13:56:39.671+0000] {processor.py:208} INFO - Processing /home/airflow/.local/lib/python3.12/site-packages/airflow/example_dags/example_trigger_controller_dag.py took 0.242 seconds
[2026-06-05T13:57:10.107+0000] {processor.py:186} INFO - Started process (PID=674) to work on /home/airflow/.local/lib/python3.12/site-packages/airflow/example_dags/example_trigger_controller_dag.py
[2026-06-05T13:57:10.110+0000] {processor.py:914} INFO - Processing file /home/airflow/.local/lib/python3.12/site-packages/airflow/example_dags/example_trigger_controller_dag.py for tasks to queue
[2026-06-05T13:57:10.120+0000] {logging_mixin.py:190} INFO - [2026-06-05T13:57:10.119+0000] {dagbag.py:588} INFO - Filling up the DagBag from /home/airflow/.local/lib/python3.12/site-packages/airflow/example_dags/example_trigger_controller_dag.py
[2026-06-05T13:57:10.146+0000] {processor.py:925} INFO - DAG(s) 'example_trigger_controller_dag' retrieved from /home/airflow/.local/lib/python3.12/site-packages/airflow/example_dags/example_trigger_controller_dag.py
[2026-06-05T13:57:10.199+0000] {logging_mixin.py:190} INFO - [2026-06-05T13:57:10.199+0000] {dag.py:3239} INFO - Sync 1 DAGs
[2026-06-05T13:57:10.278+0000] {logging_mixin.py:190} INFO - [2026-06-05T13:57:10.278+0000] {dag.py:4180} INFO - Setting next_dagrun for example_trigger_controller_dag to 2021-01-01 00:00:00+00:00, run_after=2021-01-01 00:00:00+00:00
[2026-06-05T13:57:10.351+0000] {processor.py:208} INFO - Processing /home/airflow/.local/lib/python3.12/site-packages/airflow/example_dags/example_trigger_controller_dag.py took 0.268 seconds
[2026-06-05T13:57:40.769+0000] {processor.py:186} INFO - Started process (PID=736) to work on /home/airflow/.local/lib/python3.12/site-packages/airflow/example_dags/example_trigger_controller_dag.py
[2026-06-05T13:57:40.776+0000] {processor.py:914} INFO - Processing file /home/airflow/.local/lib/python3.12/site-packages/airflow/example_dags/example_trigger_controller_dag.py for tasks to queue
[2026-06-05T13:57:40.788+0000] {logging_mixin.py:190} INFO - [2026-06-05T13:57:40.787+0000] {dagbag.py:588} INFO - Filling up the DagBag from /home/airflow/.local/lib/python3.12/site-packages/airflow/example_dags/example_trigger_controller_dag.py
[2026-06-05T13:57:40.828+0000] {processor.py:925} INFO - DAG(s) 'example_trigger_controller_dag' retrieved from /home/airflow/.local/lib/python3.12/site-packages/airflow/example_dags/example_trigger_controller_dag.py
[2026-06-05T13:57:40.948+0000] {logging_mixin.py:190} INFO - [2026-06-05T13:57:40.947+0000] {dag.py:3239} INFO - Sync 1 DAGs
[2026-06-05T13:57:41.075+0000] {logging_mixin.py:190} INFO - [2026-06-05T13:57:41.074+0000] {dag.py:4180} INFO - Setting next_dagrun for example_trigger_controller_dag to 2021-01-01 00:00:00+00:00, run_after=2021-01-01 00:00:00+00:00
[2026-06-05T13:57:41.168+0000] {processor.py:208} INFO - Processing /home/airflow/.local/lib/python3.12/site-packages/airflow/example_dags/example_trigger_controller_dag.py took 0.433 seconds
[2026-06-05T13:58:15.659+0000] {processor.py:186} INFO - Started process (PID=798) to work on /home/airflow/.local/lib/python3.12/site-packages/airflow/example_dags/example_trigger_controller_dag.py
[2026-06-05T13:58:15.664+0000] {processor.py:914} INFO - Processing file /home/airflow/.local/lib/python3.12/site-packages/airflow/example_dags/example_trigger_controller_dag.py for tasks to queue
[2026-06-05T13:58:15.690+0000] {logging_mixin.py:190} INFO - [2026-06-05T13:58:15.689+0000] {dagbag.py:588} INFO - Filling up the DagBag from /home/airflow/.local/lib/python3.12/site-packages/airflow/example_dags/example_trigger_controller_dag.py
[2026-06-05T13:58:15.734+0000] {processor.py:925} INFO - DAG(s) 'example_trigger_controller_dag' retrieved from /home/airflow/.local/lib/python3.12/site-packages/airflow/example_dags/example_trigger_controller_dag.py
[2026-06-05T13:58:15.867+0000] {logging_mixin.py:190} INFO - [2026-06-05T13:58:15.867+0000] {dag.py:3239} INFO - Sync 1 DAGs
[2026-06-05T13:58:16.059+0000] {logging_mixin.py:190} INFO - [2026-06-05T13:58:16.058+0000] {dag.py:4180} INFO - Setting next_dagrun for example_trigger_controller_dag to 2021-01-01 00:00:00+00:00, run_after=2021-01-01 00:00:00+00:00
[2026-06-05T13:58:16.177+0000] {processor.py:208} INFO - Processing /home/airflow/.local/lib/python3.12/site-packages/airflow/example_dags/example_trigger_controller_dag.py took 0.557 seconds
[2026-06-05T13:58:48.367+0000] {processor.py:186} INFO - Started process (PID=861) to work on /home/airflow/.local/lib/python3.12/site-packages/airflow/example_dags/example_trigger_controller_dag.py
[2026-06-05T13:58:48.371+0000] {processor.py:914} INFO - Processing file /home/airflow/.local/lib/python3.12/site-packages/airflow/example_dags/example_trigger_controller_dag.py for tasks to queue
[2026-06-05T13:58:48.383+0000] {logging_mixin.py:190} INFO - [2026-06-05T13:58:48.378+0000] {dagbag.py:588} INFO - Filling up the DagBag from /home/airflow/.local/lib/python3.12/site-packages/airflow/example_dags/example_trigger_controller_dag.py
[2026-06-05T13:58:48.416+0000] {processor.py:925} INFO - DAG(s) 'example_trigger_controller_dag' retrieved from /home/airflow/.local/lib/python3.12/site-packages/airflow/example_dags/example_trigger_controller_dag.py
[2026-06-05T13:58:48.545+0000] {logging_mixin.py:190} INFO - [2026-06-05T13:58:48.544+0000] {dag.py:3239} INFO - Sync 1 DAGs
[2026-06-05T13:58:48.712+0000] {logging_mixin.py:190} INFO - [2026-06-05T13:58:48.711+0000] {dag.py:4180} INFO - Setting next_dagrun for example_trigger_controller_dag to 2021-01-01 00:00:00+00:00, run_after=2021-01-01 00:00:00+00:00
[2026-06-05T13:58:48.810+0000] {processor.py:208} INFO - Processing /home/airflow/.local/lib/python3.12/site-packages/airflow/example_dags/example_trigger_controller_dag.py took 0.484 seconds
[2026-06-05T13:59:19.375+0000] {processor.py:186} INFO - Started process (PID=929) to work on /home/airflow/.local/lib/python3.12/site-packages/airflow/example_dags/example_trigger_controller_dag.py
[2026-06-05T13:59:19.381+0000] {processor.py:914} INFO - Processing file /home/airflow/.local/lib/python3.12/site-packages/airflow/example_dags/example_trigger_controller_dag.py for tasks to queue
[2026-06-05T13:59:19.395+0000] {logging_mixin.py:190} INFO - [2026-06-05T13:59:19.394+0000] {dagbag.py:588} INFO - Filling up the DagBag from /home/airflow/.local/lib/python3.12/site-packages/airflow/example_dags/example_trigger_controller_dag.py
[2026-06-05T13:59:19.444+0000] {processor.py:925} INFO - DAG(s) 'example_trigger_controller_dag' retrieved from /home/airflow/.local/lib/python3.12/site-packages/airflow/example_dags/example_trigger_controller_dag.py
[2026-06-05T13:59:19.514+0000] {logging_mixin.py:190} INFO - [2026-06-05T13:59:19.513+0000] {dag.py:3239} INFO - Sync 1 DAGs
[2026-06-05T13:59:19.609+0000] {logging_mixin.py:190} INFO - [2026-06-05T13:59:19.608+0000] {dag.py:4180} INFO - Setting next_dagrun for example_trigger_controller_dag to 2021-01-01 00:00:00+00:00, run_after=2021-01-01 00:00:00+00:00
[2026-06-05T13:59:19.671+0000] {processor.py:208} INFO - Processing /home/airflow/.local/lib/python3.12/site-packages/airflow/example_dags/example_trigger_controller_dag.py took 0.332 seconds
