[2026-06-05T13:52:09.511+0000] {processor.py:186} INFO - Started process (PID=99) to work on /home/airflow/.local/lib/python3.12/site-packages/airflow/example_dags/example_task_group.py
[2026-06-05T13:52:09.527+0000] {processor.py:914} INFO - Processing file /home/airflow/.local/lib/python3.12/site-packages/airflow/example_dags/example_task_group.py for tasks to queue
[2026-06-05T13:52:09.546+0000] {logging_mixin.py:190} INFO - [2026-06-05T13:52:09.544+0000] {dagbag.py:588} INFO - Filling up the DagBag from /home/airflow/.local/lib/python3.12/site-packages/airflow/example_dags/example_task_group.py
[2026-06-05T13:52:09.650+0000] {processor.py:925} INFO - DAG(s) 'example_task_group' retrieved from /home/airflow/.local/lib/python3.12/site-packages/airflow/example_dags/example_task_group.py
[2026-06-05T13:52:10.384+0000] {logging_mixin.py:190} INFO - [2026-06-05T13:52:10.377+0000] {override.py:1900} INFO - Created Permission View: can delete on DAG:example_task_group
[2026-06-05T13:52:10.488+0000] {logging_mixin.py:190} INFO - [2026-06-05T13:52:10.487+0000] {override.py:1900} INFO - Created Permission View: can read on DAG:example_task_group
[2026-06-05T13:52:10.547+0000] {logging_mixin.py:190} INFO - [2026-06-05T13:52:10.547+0000] {override.py:1900} INFO - Created Permission View: can edit on DAG:example_task_group
[2026-06-05T13:52:10.598+0000] {logging_mixin.py:190} INFO - [2026-06-05T13:52:10.597+0000] {override.py:1900} INFO - Created Permission View: menu access on DAG Run:example_task_group
[2026-06-05T13:52:10.662+0000] {logging_mixin.py:190} INFO - [2026-06-05T13:52:10.661+0000] {override.py:1900} INFO - Created Permission View: can delete on DAG Run:example_task_group
[2026-06-05T13:52:10.698+0000] {logging_mixin.py:190} INFO - [2026-06-05T13:52:10.698+0000] {override.py:1900} INFO - Created Permission View: can read on DAG Run:example_task_group
[2026-06-05T13:52:10.745+0000] {logging_mixin.py:190} INFO - [2026-06-05T13:52:10.744+0000] {override.py:1900} INFO - Created Permission View: can create on DAG Run:example_task_group
[2026-06-05T13:52:10.752+0000] {logging_mixin.py:190} INFO - [2026-06-05T13:52:10.751+0000] {dag.py:3239} INFO - Sync 1 DAGs
[2026-06-05T13:52:10.836+0000] {logging_mixin.py:190} INFO - [2026-06-05T13:52:10.835+0000] {dag.py:3262} INFO - Creating ORM DAG for example_task_group
[2026-06-05T13:52:10.846+0000] {logging_mixin.py:190} INFO - [2026-06-05T13:52:10.845+0000] {dag.py:4180} INFO - Setting next_dagrun for example_task_group to None, run_after=None
[2026-06-05T13:52:10.967+0000] {processor.py:208} INFO - Processing /home/airflow/.local/lib/python3.12/site-packages/airflow/example_dags/example_task_group.py took 1.492 seconds
[2026-06-05T13:52:53.401+0000] {processor.py:186} INFO - Started process (PID=166) to work on /home/airflow/.local/lib/python3.12/site-packages/airflow/example_dags/example_task_group.py
[2026-06-05T13:52:53.403+0000] {processor.py:914} INFO - Processing file /home/airflow/.local/lib/python3.12/site-packages/airflow/example_dags/example_task_group.py for tasks to queue
[2026-06-05T13:52:53.414+0000] {logging_mixin.py:190} INFO - [2026-06-05T13:52:53.413+0000] {dagbag.py:588} INFO - Filling up the DagBag from /home/airflow/.local/lib/python3.12/site-packages/airflow/example_dags/example_task_group.py
[2026-06-05T13:52:53.448+0000] {processor.py:925} INFO - DAG(s) 'example_task_group' retrieved from /home/airflow/.local/lib/python3.12/site-packages/airflow/example_dags/example_task_group.py
[2026-06-05T13:52:53.537+0000] {logging_mixin.py:190} INFO - [2026-06-05T13:52:53.537+0000] {dag.py:3239} INFO - Sync 1 DAGs
[2026-06-05T13:52:53.604+0000] {logging_mixin.py:190} INFO - [2026-06-05T13:52:53.604+0000] {dag.py:4180} INFO - Setting next_dagrun for example_task_group to None, run_after=None
[2026-06-05T13:52:53.677+0000] {processor.py:208} INFO - Processing /home/airflow/.local/lib/python3.12/site-packages/airflow/example_dags/example_task_group.py took 0.292 seconds
[2026-06-05T13:53:24.155+0000] {processor.py:186} INFO - Started process (PID=228) to work on /home/airflow/.local/lib/python3.12/site-packages/airflow/example_dags/example_task_group.py
[2026-06-05T13:53:24.158+0000] {processor.py:914} INFO - Processing file /home/airflow/.local/lib/python3.12/site-packages/airflow/example_dags/example_task_group.py for tasks to queue
[2026-06-05T13:53:24.165+0000] {logging_mixin.py:190} INFO - [2026-06-05T13:53:24.164+0000] {dagbag.py:588} INFO - Filling up the DagBag from /home/airflow/.local/lib/python3.12/site-packages/airflow/example_dags/example_task_group.py
[2026-06-05T13:53:24.192+0000] {processor.py:925} INFO - DAG(s) 'example_task_group' retrieved from /home/airflow/.local/lib/python3.12/site-packages/airflow/example_dags/example_task_group.py
[2026-06-05T13:53:24.252+0000] {logging_mixin.py:190} INFO - [2026-06-05T13:53:24.251+0000] {dag.py:3239} INFO - Sync 1 DAGs
[2026-06-05T13:53:24.291+0000] {logging_mixin.py:190} INFO - [2026-06-05T13:53:24.291+0000] {dag.py:4180} INFO - Setting next_dagrun for example_task_group to None, run_after=None
[2026-06-05T13:53:24.341+0000] {processor.py:208} INFO - Processing /home/airflow/.local/lib/python3.12/site-packages/airflow/example_dags/example_task_group.py took 0.205 seconds
[2026-06-05T13:53:54.695+0000] {processor.py:186} INFO - Started process (PID=290) to work on /home/airflow/.local/lib/python3.12/site-packages/airflow/example_dags/example_task_group.py
[2026-06-05T13:53:54.697+0000] {processor.py:914} INFO - Processing file /home/airflow/.local/lib/python3.12/site-packages/airflow/example_dags/example_task_group.py for tasks to queue
[2026-06-05T13:53:54.703+0000] {logging_mixin.py:190} INFO - [2026-06-05T13:53:54.702+0000] {dagbag.py:588} INFO - Filling up the DagBag from /home/airflow/.local/lib/python3.12/site-packages/airflow/example_dags/example_task_group.py
[2026-06-05T13:53:54.727+0000] {processor.py:925} INFO - DAG(s) 'example_task_group' retrieved from /home/airflow/.local/lib/python3.12/site-packages/airflow/example_dags/example_task_group.py
[2026-06-05T13:53:54.781+0000] {logging_mixin.py:190} INFO - [2026-06-05T13:53:54.780+0000] {dag.py:3239} INFO - Sync 1 DAGs
[2026-06-05T13:53:54.819+0000] {logging_mixin.py:190} INFO - [2026-06-05T13:53:54.819+0000] {dag.py:4180} INFO - Setting next_dagrun for example_task_group to None, run_after=None
[2026-06-05T13:53:54.860+0000] {processor.py:208} INFO - Processing /home/airflow/.local/lib/python3.12/site-packages/airflow/example_dags/example_task_group.py took 0.178 seconds
[2026-06-05T13:54:25.259+0000] {processor.py:186} INFO - Started process (PID=352) to work on /home/airflow/.local/lib/python3.12/site-packages/airflow/example_dags/example_task_group.py
[2026-06-05T13:54:25.261+0000] {processor.py:914} INFO - Processing file /home/airflow/.local/lib/python3.12/site-packages/airflow/example_dags/example_task_group.py for tasks to queue
[2026-06-05T13:54:25.269+0000] {logging_mixin.py:190} INFO - [2026-06-05T13:54:25.268+0000] {dagbag.py:588} INFO - Filling up the DagBag from /home/airflow/.local/lib/python3.12/site-packages/airflow/example_dags/example_task_group.py
[2026-06-05T13:54:25.289+0000] {processor.py:925} INFO - DAG(s) 'example_task_group' retrieved from /home/airflow/.local/lib/python3.12/site-packages/airflow/example_dags/example_task_group.py
[2026-06-05T13:54:25.347+0000] {logging_mixin.py:190} INFO - [2026-06-05T13:54:25.346+0000] {dag.py:3239} INFO - Sync 1 DAGs
[2026-06-05T13:54:25.382+0000] {logging_mixin.py:190} INFO - [2026-06-05T13:54:25.382+0000] {dag.py:4180} INFO - Setting next_dagrun for example_task_group to None, run_after=None
[2026-06-05T13:54:25.425+0000] {processor.py:208} INFO - Processing /home/airflow/.local/lib/python3.12/site-packages/airflow/example_dags/example_task_group.py took 0.179 seconds
[2026-06-05T13:55:03.184+0000] {processor.py:186} INFO - Started process (PID=414) to work on /home/airflow/.local/lib/python3.12/site-packages/airflow/example_dags/example_task_group.py
[2026-06-05T13:55:03.188+0000] {processor.py:914} INFO - Processing file /home/airflow/.local/lib/python3.12/site-packages/airflow/example_dags/example_task_group.py for tasks to queue
[2026-06-05T13:55:03.198+0000] {logging_mixin.py:190} INFO - [2026-06-05T13:55:03.197+0000] {dagbag.py:588} INFO - Filling up the DagBag from /home/airflow/.local/lib/python3.12/site-packages/airflow/example_dags/example_task_group.py
[2026-06-05T13:55:03.227+0000] {processor.py:925} INFO - DAG(s) 'example_task_group' retrieved from /home/airflow/.local/lib/python3.12/site-packages/airflow/example_dags/example_task_group.py
[2026-06-05T13:55:03.344+0000] {logging_mixin.py:190} INFO - [2026-06-05T13:55:03.343+0000] {dag.py:3239} INFO - Sync 1 DAGs
[2026-06-05T13:55:03.420+0000] {logging_mixin.py:190} INFO - [2026-06-05T13:55:03.420+0000] {dag.py:4180} INFO - Setting next_dagrun for example_task_group to None, run_after=None
[2026-06-05T13:55:03.502+0000] {processor.py:208} INFO - Processing /home/airflow/.local/lib/python3.12/site-packages/airflow/example_dags/example_task_group.py took 0.341 seconds
[2026-06-05T13:55:33.717+0000] {processor.py:186} INFO - Started process (PID=476) to work on /home/airflow/.local/lib/python3.12/site-packages/airflow/example_dags/example_task_group.py
[2026-06-05T13:55:33.719+0000] {processor.py:914} INFO - Processing file /home/airflow/.local/lib/python3.12/site-packages/airflow/example_dags/example_task_group.py for tasks to queue
[2026-06-05T13:55:33.724+0000] {logging_mixin.py:190} INFO - [2026-06-05T13:55:33.722+0000] {dagbag.py:588} INFO - Filling up the DagBag from /home/airflow/.local/lib/python3.12/site-packages/airflow/example_dags/example_task_group.py
[2026-06-05T13:55:33.758+0000] {processor.py:925} INFO - DAG(s) 'example_task_group' retrieved from /home/airflow/.local/lib/python3.12/site-packages/airflow/example_dags/example_task_group.py
[2026-06-05T13:55:33.809+0000] {logging_mixin.py:190} INFO - [2026-06-05T13:55:33.808+0000] {dag.py:3239} INFO - Sync 1 DAGs
[2026-06-05T13:55:33.839+0000] {logging_mixin.py:190} INFO - [2026-06-05T13:55:33.839+0000] {dag.py:4180} INFO - Setting next_dagrun for example_task_group to None, run_after=None
[2026-06-05T13:55:33.885+0000] {processor.py:208} INFO - Processing /home/airflow/.local/lib/python3.12/site-packages/airflow/example_dags/example_task_group.py took 0.180 seconds
[2026-06-05T13:56:05.227+0000] {processor.py:186} INFO - Started process (PID=538) to work on /home/airflow/.local/lib/python3.12/site-packages/airflow/example_dags/example_task_group.py
[2026-06-05T13:56:05.230+0000] {processor.py:914} INFO - Processing file /home/airflow/.local/lib/python3.12/site-packages/airflow/example_dags/example_task_group.py for tasks to queue
[2026-06-05T13:56:05.236+0000] {logging_mixin.py:190} INFO - [2026-06-05T13:56:05.235+0000] {dagbag.py:588} INFO - Filling up the DagBag from /home/airflow/.local/lib/python3.12/site-packages/airflow/example_dags/example_task_group.py
[2026-06-05T13:56:05.258+0000] {processor.py:925} INFO - DAG(s) 'example_task_group' retrieved from /home/airflow/.local/lib/python3.12/site-packages/airflow/example_dags/example_task_group.py
[2026-06-05T13:56:05.319+0000] {logging_mixin.py:190} INFO - [2026-06-05T13:56:05.319+0000] {dag.py:3239} INFO - Sync 1 DAGs
[2026-06-05T13:56:05.363+0000] {logging_mixin.py:190} INFO - [2026-06-05T13:56:05.362+0000] {dag.py:4180} INFO - Setting next_dagrun for example_task_group to None, run_after=None
[2026-06-05T13:56:05.421+0000] {processor.py:208} INFO - Processing /home/airflow/.local/lib/python3.12/site-packages/airflow/example_dags/example_task_group.py took 0.211 seconds
[2026-06-05T13:56:36.069+0000] {processor.py:186} INFO - Started process (PID=601) to work on /home/airflow/.local/lib/python3.12/site-packages/airflow/example_dags/example_task_group.py
[2026-06-05T13:56:36.073+0000] {processor.py:914} INFO - Processing file /home/airflow/.local/lib/python3.12/site-packages/airflow/example_dags/example_task_group.py for tasks to queue
[2026-06-05T13:56:36.083+0000] {logging_mixin.py:190} INFO - [2026-06-05T13:56:36.080+0000] {dagbag.py:588} INFO - Filling up the DagBag from /home/airflow/.local/lib/python3.12/site-packages/airflow/example_dags/example_task_group.py
[2026-06-05T13:56:36.121+0000] {processor.py:925} INFO - DAG(s) 'example_task_group' retrieved from /home/airflow/.local/lib/python3.12/site-packages/airflow/example_dags/example_task_group.py
[2026-06-05T13:56:36.207+0000] {logging_mixin.py:190} INFO - [2026-06-05T13:56:36.206+0000] {dag.py:3239} INFO - Sync 1 DAGs
[2026-06-05T13:56:36.272+0000] {logging_mixin.py:190} INFO - [2026-06-05T13:56:36.272+0000] {dag.py:4180} INFO - Setting next_dagrun for example_task_group to None, run_after=None
[2026-06-05T13:56:36.341+0000] {processor.py:208} INFO - Processing /home/airflow/.local/lib/python3.12/site-packages/airflow/example_dags/example_task_group.py took 0.304 seconds
[2026-06-05T13:57:06.613+0000] {processor.py:186} INFO - Started process (PID=663) to work on /home/airflow/.local/lib/python3.12/site-packages/airflow/example_dags/example_task_group.py
[2026-06-05T13:57:06.616+0000] {processor.py:914} INFO - Processing file /home/airflow/.local/lib/python3.12/site-packages/airflow/example_dags/example_task_group.py for tasks to queue
[2026-06-05T13:57:06.623+0000] {logging_mixin.py:190} INFO - [2026-06-05T13:57:06.622+0000] {dagbag.py:588} INFO - Filling up the DagBag from /home/airflow/.local/lib/python3.12/site-packages/airflow/example_dags/example_task_group.py
[2026-06-05T13:57:06.646+0000] {processor.py:925} INFO - DAG(s) 'example_task_group' retrieved from /home/airflow/.local/lib/python3.12/site-packages/airflow/example_dags/example_task_group.py
[2026-06-05T13:57:06.699+0000] {logging_mixin.py:190} INFO - [2026-06-05T13:57:06.699+0000] {dag.py:3239} INFO - Sync 1 DAGs
[2026-06-05T13:57:06.740+0000] {logging_mixin.py:190} INFO - [2026-06-05T13:57:06.740+0000] {dag.py:4180} INFO - Setting next_dagrun for example_task_group to None, run_after=None
[2026-06-05T13:57:06.787+0000] {processor.py:208} INFO - Processing /home/airflow/.local/lib/python3.12/site-packages/airflow/example_dags/example_task_group.py took 0.192 seconds
[2026-06-05T13:57:37.818+0000] {processor.py:186} INFO - Started process (PID=724) to work on /home/airflow/.local/lib/python3.12/site-packages/airflow/example_dags/example_task_group.py
[2026-06-05T13:57:37.821+0000] {processor.py:914} INFO - Processing file /home/airflow/.local/lib/python3.12/site-packages/airflow/example_dags/example_task_group.py for tasks to queue
[2026-06-05T13:57:37.829+0000] {logging_mixin.py:190} INFO - [2026-06-05T13:57:37.828+0000] {dagbag.py:588} INFO - Filling up the DagBag from /home/airflow/.local/lib/python3.12/site-packages/airflow/example_dags/example_task_group.py
[2026-06-05T13:57:37.870+0000] {processor.py:925} INFO - DAG(s) 'example_task_group' retrieved from /home/airflow/.local/lib/python3.12/site-packages/airflow/example_dags/example_task_group.py
[2026-06-05T13:57:37.965+0000] {logging_mixin.py:190} INFO - [2026-06-05T13:57:37.964+0000] {dag.py:3239} INFO - Sync 1 DAGs
[2026-06-05T13:57:38.034+0000] {logging_mixin.py:190} INFO - [2026-06-05T13:57:38.029+0000] {dag.py:4180} INFO - Setting next_dagrun for example_task_group to None, run_after=None
[2026-06-05T13:57:38.124+0000] {processor.py:208} INFO - Processing /home/airflow/.local/lib/python3.12/site-packages/airflow/example_dags/example_task_group.py took 0.328 seconds
[2026-06-05T13:58:09.617+0000] {processor.py:186} INFO - Started process (PID=786) to work on /home/airflow/.local/lib/python3.12/site-packages/airflow/example_dags/example_task_group.py
[2026-06-05T13:58:09.620+0000] {processor.py:914} INFO - Processing file /home/airflow/.local/lib/python3.12/site-packages/airflow/example_dags/example_task_group.py for tasks to queue
[2026-06-05T13:58:09.643+0000] {logging_mixin.py:190} INFO - [2026-06-05T13:58:09.642+0000] {dagbag.py:588} INFO - Filling up the DagBag from /home/airflow/.local/lib/python3.12/site-packages/airflow/example_dags/example_task_group.py
[2026-06-05T13:58:09.724+0000] {processor.py:925} INFO - DAG(s) 'example_task_group' retrieved from /home/airflow/.local/lib/python3.12/site-packages/airflow/example_dags/example_task_group.py
[2026-06-05T13:58:09.883+0000] {logging_mixin.py:190} INFO - [2026-06-05T13:58:09.882+0000] {dag.py:3239} INFO - Sync 1 DAGs
[2026-06-05T13:58:09.967+0000] {logging_mixin.py:190} INFO - [2026-06-05T13:58:09.965+0000] {dag.py:4180} INFO - Setting next_dagrun for example_task_group to None, run_after=None
[2026-06-05T13:58:10.109+0000] {processor.py:208} INFO - Processing /home/airflow/.local/lib/python3.12/site-packages/airflow/example_dags/example_task_group.py took 0.540 seconds
[2026-06-05T13:58:41.204+0000] {processor.py:186} INFO - Started process (PID=849) to work on /home/airflow/.local/lib/python3.12/site-packages/airflow/example_dags/example_task_group.py
[2026-06-05T13:58:41.212+0000] {processor.py:914} INFO - Processing file /home/airflow/.local/lib/python3.12/site-packages/airflow/example_dags/example_task_group.py for tasks to queue
[2026-06-05T13:58:41.235+0000] {logging_mixin.py:190} INFO - [2026-06-05T13:58:41.234+0000] {dagbag.py:588} INFO - Filling up the DagBag from /home/airflow/.local/lib/python3.12/site-packages/airflow/example_dags/example_task_group.py
[2026-06-05T13:58:41.290+0000] {processor.py:925} INFO - DAG(s) 'example_task_group' retrieved from /home/airflow/.local/lib/python3.12/site-packages/airflow/example_dags/example_task_group.py
[2026-06-05T13:58:41.474+0000] {logging_mixin.py:190} INFO - [2026-06-05T13:58:41.473+0000] {dag.py:3239} INFO - Sync 1 DAGs
[2026-06-05T13:58:41.553+0000] {logging_mixin.py:190} INFO - [2026-06-05T13:58:41.552+0000] {dag.py:4180} INFO - Setting next_dagrun for example_task_group to None, run_after=None
[2026-06-05T13:58:41.669+0000] {processor.py:208} INFO - Processing /home/airflow/.local/lib/python3.12/site-packages/airflow/example_dags/example_task_group.py took 0.528 seconds
[2026-06-05T13:59:12.022+0000] {processor.py:186} INFO - Started process (PID=911) to work on /home/airflow/.local/lib/python3.12/site-packages/airflow/example_dags/example_task_group.py
[2026-06-05T13:59:12.024+0000] {processor.py:914} INFO - Processing file /home/airflow/.local/lib/python3.12/site-packages/airflow/example_dags/example_task_group.py for tasks to queue
[2026-06-05T13:59:12.031+0000] {logging_mixin.py:190} INFO - [2026-06-05T13:59:12.030+0000] {dagbag.py:588} INFO - Filling up the DagBag from /home/airflow/.local/lib/python3.12/site-packages/airflow/example_dags/example_task_group.py
[2026-06-05T13:59:12.050+0000] {processor.py:925} INFO - DAG(s) 'example_task_group' retrieved from /home/airflow/.local/lib/python3.12/site-packages/airflow/example_dags/example_task_group.py
[2026-06-05T13:59:12.097+0000] {logging_mixin.py:190} INFO - [2026-06-05T13:59:12.096+0000] {dag.py:3239} INFO - Sync 1 DAGs
[2026-06-05T13:59:12.127+0000] {logging_mixin.py:190} INFO - [2026-06-05T13:59:12.126+0000] {dag.py:4180} INFO - Setting next_dagrun for example_task_group to None, run_after=None
[2026-06-05T13:59:12.172+0000] {processor.py:208} INFO - Processing /home/airflow/.local/lib/python3.12/site-packages/airflow/example_dags/example_task_group.py took 0.163 seconds
