[2026-06-05T13:52:35.127+0000] {processor.py:186} INFO - Started process (PID=131) to work on /home/airflow/.local/lib/python3.12/site-packages/airflow/example_dags/example_nested_branch_dag.py
[2026-06-05T13:52:35.130+0000] {processor.py:914} INFO - Processing file /home/airflow/.local/lib/python3.12/site-packages/airflow/example_dags/example_nested_branch_dag.py for tasks to queue
[2026-06-05T13:52:35.138+0000] {logging_mixin.py:190} INFO - [2026-06-05T13:52:35.137+0000] {dagbag.py:588} INFO - Filling up the DagBag from /home/airflow/.local/lib/python3.12/site-packages/airflow/example_dags/example_nested_branch_dag.py
[2026-06-05T13:52:35.183+0000] {processor.py:925} INFO - DAG(s) 'example_nested_branch_dag' retrieved from /home/airflow/.local/lib/python3.12/site-packages/airflow/example_dags/example_nested_branch_dag.py
[2026-06-05T13:52:35.580+0000] {logging_mixin.py:190} INFO - [2026-06-05T13:52:35.578+0000] {override.py:1900} INFO - Created Permission View: can delete on DAG:example_nested_branch_dag
[2026-06-05T13:52:35.618+0000] {logging_mixin.py:190} INFO - [2026-06-05T13:52:35.617+0000] {override.py:1900} INFO - Created Permission View: can read on DAG:example_nested_branch_dag
[2026-06-05T13:52:35.646+0000] {logging_mixin.py:190} INFO - [2026-06-05T13:52:35.645+0000] {override.py:1900} INFO - Created Permission View: can edit on DAG:example_nested_branch_dag
[2026-06-05T13:52:35.673+0000] {logging_mixin.py:190} INFO - [2026-06-05T13:52:35.673+0000] {override.py:1900} INFO - Created Permission View: menu access on DAG Run:example_nested_branch_dag
[2026-06-05T13:52:35.704+0000] {logging_mixin.py:190} INFO - [2026-06-05T13:52:35.699+0000] {override.py:1900} INFO - Created Permission View: can delete on DAG Run:example_nested_branch_dag
[2026-06-05T13:52:35.731+0000] {logging_mixin.py:190} INFO - [2026-06-05T13:52:35.730+0000] {override.py:1900} INFO - Created Permission View: can read on DAG Run:example_nested_branch_dag
[2026-06-05T13:52:35.765+0000] {logging_mixin.py:190} INFO - [2026-06-05T13:52:35.759+0000] {override.py:1900} INFO - Created Permission View: can create on DAG Run:example_nested_branch_dag
[2026-06-05T13:52:35.769+0000] {logging_mixin.py:190} INFO - [2026-06-05T13:52:35.768+0000] {dag.py:3239} INFO - Sync 1 DAGs
[2026-06-05T13:52:35.834+0000] {logging_mixin.py:190} INFO - [2026-06-05T13:52:35.833+0000] {dag.py:3262} INFO - Creating ORM DAG for example_nested_branch_dag
[2026-06-05T13:52:35.901+0000] {logging_mixin.py:190} INFO - [2026-06-05T13:52:35.897+0000] {dag.py:4180} INFO - Setting next_dagrun for example_nested_branch_dag to 2026-06-04 00:00:00+00:00, run_after=2026-06-05 00:00:00+00:00
[2026-06-05T13:52:35.993+0000] {processor.py:208} INFO - Processing /home/airflow/.local/lib/python3.12/site-packages/airflow/example_dags/example_nested_branch_dag.py took 0.886 seconds
[2026-06-05T13:53:06.591+0000] {processor.py:186} INFO - Started process (PID=192) to work on /home/airflow/.local/lib/python3.12/site-packages/airflow/example_dags/example_nested_branch_dag.py
[2026-06-05T13:53:06.593+0000] {processor.py:914} INFO - Processing file /home/airflow/.local/lib/python3.12/site-packages/airflow/example_dags/example_nested_branch_dag.py for tasks to queue
[2026-06-05T13:53:06.597+0000] {logging_mixin.py:190} INFO - [2026-06-05T13:53:06.596+0000] {dagbag.py:588} INFO - Filling up the DagBag from /home/airflow/.local/lib/python3.12/site-packages/airflow/example_dags/example_nested_branch_dag.py
[2026-06-05T13:53:06.616+0000] {processor.py:925} INFO - DAG(s) 'example_nested_branch_dag' retrieved from /home/airflow/.local/lib/python3.12/site-packages/airflow/example_dags/example_nested_branch_dag.py
[2026-06-05T13:53:06.654+0000] {logging_mixin.py:190} INFO - [2026-06-05T13:53:06.654+0000] {dag.py:3239} INFO - Sync 1 DAGs
[2026-06-05T13:53:06.698+0000] {logging_mixin.py:190} INFO - [2026-06-05T13:53:06.697+0000] {dag.py:4180} INFO - Setting next_dagrun for example_nested_branch_dag to 2026-06-04 00:00:00+00:00, run_after=2026-06-05 00:00:00+00:00
[2026-06-05T13:53:06.746+0000] {processor.py:208} INFO - Processing /home/airflow/.local/lib/python3.12/site-packages/airflow/example_dags/example_nested_branch_dag.py took 0.163 seconds
[2026-06-05T13:53:37.699+0000] {processor.py:186} INFO - Started process (PID=254) to work on /home/airflow/.local/lib/python3.12/site-packages/airflow/example_dags/example_nested_branch_dag.py
[2026-06-05T13:53:37.711+0000] {processor.py:914} INFO - Processing file /home/airflow/.local/lib/python3.12/site-packages/airflow/example_dags/example_nested_branch_dag.py for tasks to queue
[2026-06-05T13:53:37.724+0000] {logging_mixin.py:190} INFO - [2026-06-05T13:53:37.723+0000] {dagbag.py:588} INFO - Filling up the DagBag from /home/airflow/.local/lib/python3.12/site-packages/airflow/example_dags/example_nested_branch_dag.py
[2026-06-05T13:53:37.810+0000] {processor.py:925} INFO - DAG(s) 'example_nested_branch_dag' retrieved from /home/airflow/.local/lib/python3.12/site-packages/airflow/example_dags/example_nested_branch_dag.py
[2026-06-05T13:53:37.951+0000] {logging_mixin.py:190} INFO - [2026-06-05T13:53:37.949+0000] {dag.py:3239} INFO - Sync 1 DAGs
[2026-06-05T13:53:38.093+0000] {logging_mixin.py:190} INFO - [2026-06-05T13:53:38.092+0000] {dag.py:4180} INFO - Setting next_dagrun for example_nested_branch_dag to 2026-06-04 00:00:00+00:00, run_after=2026-06-05 00:00:00+00:00
[2026-06-05T13:53:38.187+0000] {processor.py:208} INFO - Processing /home/airflow/.local/lib/python3.12/site-packages/airflow/example_dags/example_nested_branch_dag.py took 0.530 seconds
[2026-06-05T13:54:08.604+0000] {processor.py:186} INFO - Started process (PID=316) to work on /home/airflow/.local/lib/python3.12/site-packages/airflow/example_dags/example_nested_branch_dag.py
[2026-06-05T13:54:08.607+0000] {processor.py:914} INFO - Processing file /home/airflow/.local/lib/python3.12/site-packages/airflow/example_dags/example_nested_branch_dag.py for tasks to queue
[2026-06-05T13:54:08.617+0000] {logging_mixin.py:190} INFO - [2026-06-05T13:54:08.616+0000] {dagbag.py:588} INFO - Filling up the DagBag from /home/airflow/.local/lib/python3.12/site-packages/airflow/example_dags/example_nested_branch_dag.py
[2026-06-05T13:54:08.691+0000] {processor.py:925} INFO - DAG(s) 'example_nested_branch_dag' retrieved from /home/airflow/.local/lib/python3.12/site-packages/airflow/example_dags/example_nested_branch_dag.py
[2026-06-05T13:54:08.824+0000] {logging_mixin.py:190} INFO - [2026-06-05T13:54:08.823+0000] {dag.py:3239} INFO - Sync 1 DAGs
[2026-06-05T13:54:09.026+0000] {logging_mixin.py:190} INFO - [2026-06-05T13:54:09.025+0000] {dag.py:4180} INFO - Setting next_dagrun for example_nested_branch_dag to 2026-06-04 00:00:00+00:00, run_after=2026-06-05 00:00:00+00:00
[2026-06-05T13:54:09.144+0000] {processor.py:208} INFO - Processing /home/airflow/.local/lib/python3.12/site-packages/airflow/example_dags/example_nested_branch_dag.py took 0.567 seconds
[2026-06-05T13:54:40.009+0000] {processor.py:186} INFO - Started process (PID=378) to work on /home/airflow/.local/lib/python3.12/site-packages/airflow/example_dags/example_nested_branch_dag.py
[2026-06-05T13:54:40.017+0000] {processor.py:914} INFO - Processing file /home/airflow/.local/lib/python3.12/site-packages/airflow/example_dags/example_nested_branch_dag.py for tasks to queue
[2026-06-05T13:54:40.024+0000] {logging_mixin.py:190} INFO - [2026-06-05T13:54:40.023+0000] {dagbag.py:588} INFO - Filling up the DagBag from /home/airflow/.local/lib/python3.12/site-packages/airflow/example_dags/example_nested_branch_dag.py
[2026-06-05T13:54:40.057+0000] {processor.py:925} INFO - DAG(s) 'example_nested_branch_dag' retrieved from /home/airflow/.local/lib/python3.12/site-packages/airflow/example_dags/example_nested_branch_dag.py
[2026-06-05T13:54:40.131+0000] {logging_mixin.py:190} INFO - [2026-06-05T13:54:40.131+0000] {dag.py:3239} INFO - Sync 1 DAGs
[2026-06-05T13:54:40.235+0000] {logging_mixin.py:190} INFO - [2026-06-05T13:54:40.234+0000] {dag.py:4180} INFO - Setting next_dagrun for example_nested_branch_dag to 2026-06-04 00:00:00+00:00, run_after=2026-06-05 00:00:00+00:00
[2026-06-05T13:54:40.337+0000] {processor.py:208} INFO - Processing /home/airflow/.local/lib/python3.12/site-packages/airflow/example_dags/example_nested_branch_dag.py took 0.356 seconds
[2026-06-05T13:55:10.694+0000] {processor.py:186} INFO - Started process (PID=439) to work on /home/airflow/.local/lib/python3.12/site-packages/airflow/example_dags/example_nested_branch_dag.py
[2026-06-05T13:55:10.696+0000] {processor.py:914} INFO - Processing file /home/airflow/.local/lib/python3.12/site-packages/airflow/example_dags/example_nested_branch_dag.py for tasks to queue
[2026-06-05T13:55:10.701+0000] {logging_mixin.py:190} INFO - [2026-06-05T13:55:10.700+0000] {dagbag.py:588} INFO - Filling up the DagBag from /home/airflow/.local/lib/python3.12/site-packages/airflow/example_dags/example_nested_branch_dag.py
[2026-06-05T13:55:10.716+0000] {processor.py:925} INFO - DAG(s) 'example_nested_branch_dag' retrieved from /home/airflow/.local/lib/python3.12/site-packages/airflow/example_dags/example_nested_branch_dag.py
[2026-06-05T13:55:10.750+0000] {logging_mixin.py:190} INFO - [2026-06-05T13:55:10.749+0000] {dag.py:3239} INFO - Sync 1 DAGs
[2026-06-05T13:55:10.789+0000] {logging_mixin.py:190} INFO - [2026-06-05T13:55:10.788+0000] {dag.py:4180} INFO - Setting next_dagrun for example_nested_branch_dag to 2026-06-04 00:00:00+00:00, run_after=2026-06-05 00:00:00+00:00
[2026-06-05T13:55:10.825+0000] {processor.py:208} INFO - Processing /home/airflow/.local/lib/python3.12/site-packages/airflow/example_dags/example_nested_branch_dag.py took 0.139 seconds
[2026-06-05T13:55:41.395+0000] {processor.py:186} INFO - Started process (PID=501) to work on /home/airflow/.local/lib/python3.12/site-packages/airflow/example_dags/example_nested_branch_dag.py
[2026-06-05T13:55:41.401+0000] {processor.py:914} INFO - Processing file /home/airflow/.local/lib/python3.12/site-packages/airflow/example_dags/example_nested_branch_dag.py for tasks to queue
[2026-06-05T13:55:41.419+0000] {logging_mixin.py:190} INFO - [2026-06-05T13:55:41.418+0000] {dagbag.py:588} INFO - Filling up the DagBag from /home/airflow/.local/lib/python3.12/site-packages/airflow/example_dags/example_nested_branch_dag.py
[2026-06-05T13:55:41.473+0000] {processor.py:925} INFO - DAG(s) 'example_nested_branch_dag' retrieved from /home/airflow/.local/lib/python3.12/site-packages/airflow/example_dags/example_nested_branch_dag.py
[2026-06-05T13:55:41.572+0000] {logging_mixin.py:190} INFO - [2026-06-05T13:55:41.571+0000] {dag.py:3239} INFO - Sync 1 DAGs
[2026-06-05T13:55:41.699+0000] {logging_mixin.py:190} INFO - [2026-06-05T13:55:41.699+0000] {dag.py:4180} INFO - Setting next_dagrun for example_nested_branch_dag to 2026-06-04 00:00:00+00:00, run_after=2026-06-05 00:00:00+00:00
[2026-06-05T13:55:41.758+0000] {processor.py:208} INFO - Processing /home/airflow/.local/lib/python3.12/site-packages/airflow/example_dags/example_nested_branch_dag.py took 0.395 seconds
[2026-06-05T13:56:12.941+0000] {processor.py:186} INFO - Started process (PID=564) to work on /home/airflow/.local/lib/python3.12/site-packages/airflow/example_dags/example_nested_branch_dag.py
[2026-06-05T13:56:12.943+0000] {processor.py:914} INFO - Processing file /home/airflow/.local/lib/python3.12/site-packages/airflow/example_dags/example_nested_branch_dag.py for tasks to queue
[2026-06-05T13:56:12.950+0000] {logging_mixin.py:190} INFO - [2026-06-05T13:56:12.948+0000] {dagbag.py:588} INFO - Filling up the DagBag from /home/airflow/.local/lib/python3.12/site-packages/airflow/example_dags/example_nested_branch_dag.py
[2026-06-05T13:56:12.975+0000] {processor.py:925} INFO - DAG(s) 'example_nested_branch_dag' retrieved from /home/airflow/.local/lib/python3.12/site-packages/airflow/example_dags/example_nested_branch_dag.py
[2026-06-05T13:56:13.046+0000] {logging_mixin.py:190} INFO - [2026-06-05T13:56:13.046+0000] {dag.py:3239} INFO - Sync 1 DAGs
[2026-06-05T13:56:13.109+0000] {logging_mixin.py:190} INFO - [2026-06-05T13:56:13.108+0000] {dag.py:4180} INFO - Setting next_dagrun for example_nested_branch_dag to 2026-06-04 00:00:00+00:00, run_after=2026-06-05 00:00:00+00:00
[2026-06-05T13:56:13.176+0000] {processor.py:208} INFO - Processing /home/airflow/.local/lib/python3.12/site-packages/airflow/example_dags/example_nested_branch_dag.py took 0.249 seconds
[2026-06-05T13:56:46.446+0000] {processor.py:186} INFO - Started process (PID=627) to work on /home/airflow/.local/lib/python3.12/site-packages/airflow/example_dags/example_nested_branch_dag.py
[2026-06-05T13:56:46.452+0000] {processor.py:914} INFO - Processing file /home/airflow/.local/lib/python3.12/site-packages/airflow/example_dags/example_nested_branch_dag.py for tasks to queue
[2026-06-05T13:56:46.478+0000] {logging_mixin.py:190} INFO - [2026-06-05T13:56:46.477+0000] {dagbag.py:588} INFO - Filling up the DagBag from /home/airflow/.local/lib/python3.12/site-packages/airflow/example_dags/example_nested_branch_dag.py
[2026-06-05T13:56:46.578+0000] {processor.py:925} INFO - DAG(s) 'example_nested_branch_dag' retrieved from /home/airflow/.local/lib/python3.12/site-packages/airflow/example_dags/example_nested_branch_dag.py
[2026-06-05T13:56:46.728+0000] {logging_mixin.py:190} INFO - [2026-06-05T13:56:46.727+0000] {dag.py:3239} INFO - Sync 1 DAGs
[2026-06-05T13:56:46.963+0000] {logging_mixin.py:190} INFO - [2026-06-05T13:56:46.962+0000] {dag.py:4180} INFO - Setting next_dagrun for example_nested_branch_dag to 2026-06-04 00:00:00+00:00, run_after=2026-06-05 00:00:00+00:00
[2026-06-05T13:56:47.204+0000] {processor.py:208} INFO - Processing /home/airflow/.local/lib/python3.12/site-packages/airflow/example_dags/example_nested_branch_dag.py took 0.806 seconds
[2026-06-05T13:57:17.989+0000] {processor.py:186} INFO - Started process (PID=695) to work on /home/airflow/.local/lib/python3.12/site-packages/airflow/example_dags/example_nested_branch_dag.py
[2026-06-05T13:57:17.991+0000] {processor.py:914} INFO - Processing file /home/airflow/.local/lib/python3.12/site-packages/airflow/example_dags/example_nested_branch_dag.py for tasks to queue
[2026-06-05T13:57:17.997+0000] {logging_mixin.py:190} INFO - [2026-06-05T13:57:17.996+0000] {dagbag.py:588} INFO - Filling up the DagBag from /home/airflow/.local/lib/python3.12/site-packages/airflow/example_dags/example_nested_branch_dag.py
[2026-06-05T13:57:18.019+0000] {processor.py:925} INFO - DAG(s) 'example_nested_branch_dag' retrieved from /home/airflow/.local/lib/python3.12/site-packages/airflow/example_dags/example_nested_branch_dag.py
[2026-06-05T13:57:18.059+0000] {logging_mixin.py:190} INFO - [2026-06-05T13:57:18.059+0000] {dag.py:3239} INFO - Sync 1 DAGs
[2026-06-05T13:57:18.114+0000] {logging_mixin.py:190} INFO - [2026-06-05T13:57:18.114+0000] {dag.py:4180} INFO - Setting next_dagrun for example_nested_branch_dag to 2026-06-04 00:00:00+00:00, run_after=2026-06-05 00:00:00+00:00
[2026-06-05T13:57:18.170+0000] {processor.py:208} INFO - Processing /home/airflow/.local/lib/python3.12/site-packages/airflow/example_dags/example_nested_branch_dag.py took 0.192 seconds
[2026-06-05T13:57:48.542+0000] {processor.py:186} INFO - Started process (PID=757) to work on /home/airflow/.local/lib/python3.12/site-packages/airflow/example_dags/example_nested_branch_dag.py
[2026-06-05T13:57:48.554+0000] {processor.py:914} INFO - Processing file /home/airflow/.local/lib/python3.12/site-packages/airflow/example_dags/example_nested_branch_dag.py for tasks to queue
[2026-06-05T13:57:48.595+0000] {logging_mixin.py:190} INFO - [2026-06-05T13:57:48.593+0000] {dagbag.py:588} INFO - Filling up the DagBag from /home/airflow/.local/lib/python3.12/site-packages/airflow/example_dags/example_nested_branch_dag.py
[2026-06-05T13:57:48.738+0000] {processor.py:925} INFO - DAG(s) 'example_nested_branch_dag' retrieved from /home/airflow/.local/lib/python3.12/site-packages/airflow/example_dags/example_nested_branch_dag.py
[2026-06-05T13:57:48.929+0000] {logging_mixin.py:190} INFO - [2026-06-05T13:57:48.928+0000] {dag.py:3239} INFO - Sync 1 DAGs
[2026-06-05T13:57:49.112+0000] {logging_mixin.py:190} INFO - [2026-06-05T13:57:49.112+0000] {dag.py:4180} INFO - Setting next_dagrun for example_nested_branch_dag to 2026-06-04 00:00:00+00:00, run_after=2026-06-05 00:00:00+00:00
[2026-06-05T13:57:49.282+0000] {processor.py:208} INFO - Processing /home/airflow/.local/lib/python3.12/site-packages/airflow/example_dags/example_nested_branch_dag.py took 0.782 seconds
[2026-06-05T13:58:20.628+0000] {processor.py:186} INFO - Started process (PID=820) to work on /home/airflow/.local/lib/python3.12/site-packages/airflow/example_dags/example_nested_branch_dag.py
[2026-06-05T13:58:20.631+0000] {processor.py:914} INFO - Processing file /home/airflow/.local/lib/python3.12/site-packages/airflow/example_dags/example_nested_branch_dag.py for tasks to queue
[2026-06-05T13:58:20.641+0000] {logging_mixin.py:190} INFO - [2026-06-05T13:58:20.640+0000] {dagbag.py:588} INFO - Filling up the DagBag from /home/airflow/.local/lib/python3.12/site-packages/airflow/example_dags/example_nested_branch_dag.py
[2026-06-05T13:58:20.722+0000] {processor.py:925} INFO - DAG(s) 'example_nested_branch_dag' retrieved from /home/airflow/.local/lib/python3.12/site-packages/airflow/example_dags/example_nested_branch_dag.py
[2026-06-05T13:58:20.822+0000] {logging_mixin.py:190} INFO - [2026-06-05T13:58:20.822+0000] {dag.py:3239} INFO - Sync 1 DAGs
[2026-06-05T13:58:20.933+0000] {logging_mixin.py:190} INFO - [2026-06-05T13:58:20.932+0000] {dag.py:4180} INFO - Setting next_dagrun for example_nested_branch_dag to 2026-06-04 00:00:00+00:00, run_after=2026-06-05 00:00:00+00:00
[2026-06-05T13:58:21.011+0000] {processor.py:208} INFO - Processing /home/airflow/.local/lib/python3.12/site-packages/airflow/example_dags/example_nested_branch_dag.py took 0.408 seconds
[2026-06-05T13:58:55.380+0000] {processor.py:186} INFO - Started process (PID=882) to work on /home/airflow/.local/lib/python3.12/site-packages/airflow/example_dags/example_nested_branch_dag.py
[2026-06-05T13:58:55.393+0000] {processor.py:914} INFO - Processing file /home/airflow/.local/lib/python3.12/site-packages/airflow/example_dags/example_nested_branch_dag.py for tasks to queue
[2026-06-05T13:58:55.405+0000] {logging_mixin.py:190} INFO - [2026-06-05T13:58:55.404+0000] {dagbag.py:588} INFO - Filling up the DagBag from /home/airflow/.local/lib/python3.12/site-packages/airflow/example_dags/example_nested_branch_dag.py
[2026-06-05T13:58:55.497+0000] {processor.py:925} INFO - DAG(s) 'example_nested_branch_dag' retrieved from /home/airflow/.local/lib/python3.12/site-packages/airflow/example_dags/example_nested_branch_dag.py
[2026-06-05T13:58:55.637+0000] {logging_mixin.py:190} INFO - [2026-06-05T13:58:55.637+0000] {dag.py:3239} INFO - Sync 1 DAGs
[2026-06-05T13:58:55.835+0000] {logging_mixin.py:190} INFO - [2026-06-05T13:58:55.835+0000] {dag.py:4180} INFO - Setting next_dagrun for example_nested_branch_dag to 2026-06-04 00:00:00+00:00, run_after=2026-06-05 00:00:00+00:00
[2026-06-05T13:58:55.967+0000] {processor.py:208} INFO - Processing /home/airflow/.local/lib/python3.12/site-packages/airflow/example_dags/example_nested_branch_dag.py took 0.612 seconds
