[2026-06-05T13:51:58.287+0000] {processor.py:186} INFO - Started process (PID=88) to work on /home/airflow/.local/lib/python3.12/site-packages/airflow/example_dags/example_trigger_target_dag.py
[2026-06-05T13:51:58.292+0000] {processor.py:914} INFO - Processing file /home/airflow/.local/lib/python3.12/site-packages/airflow/example_dags/example_trigger_target_dag.py for tasks to queue
[2026-06-05T13:51:58.301+0000] {logging_mixin.py:190} INFO - [2026-06-05T13:51:58.299+0000] {dagbag.py:588} INFO - Filling up the DagBag from /home/airflow/.local/lib/python3.12/site-packages/airflow/example_dags/example_trigger_target_dag.py
[2026-06-05T13:51:58.355+0000] {processor.py:925} INFO - DAG(s) 'example_trigger_target_dag' retrieved from /home/airflow/.local/lib/python3.12/site-packages/airflow/example_dags/example_trigger_target_dag.py
[2026-06-05T13:51:59.127+0000] {logging_mixin.py:190} INFO - [2026-06-05T13:51:59.122+0000] {override.py:1900} INFO - Created Permission View: can delete on DAG:example_trigger_target_dag
[2026-06-05T13:51:59.152+0000] {logging_mixin.py:190} INFO - [2026-06-05T13:51:59.152+0000] {override.py:1900} INFO - Created Permission View: can read on DAG:example_trigger_target_dag
[2026-06-05T13:51:59.173+0000] {logging_mixin.py:190} INFO - [2026-06-05T13:51:59.172+0000] {override.py:1900} INFO - Created Permission View: can edit on DAG:example_trigger_target_dag
[2026-06-05T13:51:59.192+0000] {logging_mixin.py:190} INFO - [2026-06-05T13:51:59.192+0000] {override.py:1900} INFO - Created Permission View: menu access on DAG Run:example_trigger_target_dag
[2026-06-05T13:51:59.210+0000] {logging_mixin.py:190} INFO - [2026-06-05T13:51:59.209+0000] {override.py:1900} INFO - Created Permission View: can delete on DAG Run:example_trigger_target_dag
[2026-06-05T13:51:59.228+0000] {logging_mixin.py:190} INFO - [2026-06-05T13:51:59.227+0000] {override.py:1900} INFO - Created Permission View: can read on DAG Run:example_trigger_target_dag
[2026-06-05T13:51:59.246+0000] {logging_mixin.py:190} INFO - [2026-06-05T13:51:59.245+0000] {override.py:1900} INFO - Created Permission View: can create on DAG Run:example_trigger_target_dag
[2026-06-05T13:51:59.247+0000] {logging_mixin.py:190} INFO - [2026-06-05T13:51:59.247+0000] {dag.py:3239} INFO - Sync 1 DAGs
[2026-06-05T13:51:59.287+0000] {logging_mixin.py:190} INFO - [2026-06-05T13:51:59.287+0000] {dag.py:3262} INFO - Creating ORM DAG for example_trigger_target_dag
[2026-06-05T13:51:59.289+0000] {logging_mixin.py:190} INFO - [2026-06-05T13:51:59.289+0000] {dag.py:4180} INFO - Setting next_dagrun for example_trigger_target_dag to None, run_after=None
[2026-06-05T13:51:59.338+0000] {processor.py:208} INFO - Processing /home/airflow/.local/lib/python3.12/site-packages/airflow/example_dags/example_trigger_target_dag.py took 1.076 seconds
[2026-06-05T13:52:49.534+0000] {processor.py:186} INFO - Started process (PID=155) to work on /home/airflow/.local/lib/python3.12/site-packages/airflow/example_dags/example_trigger_target_dag.py
[2026-06-05T13:52:49.544+0000] {processor.py:914} INFO - Processing file /home/airflow/.local/lib/python3.12/site-packages/airflow/example_dags/example_trigger_target_dag.py for tasks to queue
[2026-06-05T13:52:49.563+0000] {logging_mixin.py:190} INFO - [2026-06-05T13:52:49.560+0000] {dagbag.py:588} INFO - Filling up the DagBag from /home/airflow/.local/lib/python3.12/site-packages/airflow/example_dags/example_trigger_target_dag.py
[2026-06-05T13:52:49.599+0000] {processor.py:925} INFO - DAG(s) 'example_trigger_target_dag' retrieved from /home/airflow/.local/lib/python3.12/site-packages/airflow/example_dags/example_trigger_target_dag.py
[2026-06-05T13:52:49.704+0000] {logging_mixin.py:190} INFO - [2026-06-05T13:52:49.703+0000] {dag.py:3239} INFO - Sync 1 DAGs
[2026-06-05T13:52:49.759+0000] {logging_mixin.py:190} INFO - [2026-06-05T13:52:49.758+0000] {dag.py:4180} INFO - Setting next_dagrun for example_trigger_target_dag to None, run_after=None
[2026-06-05T13:52:49.826+0000] {processor.py:208} INFO - Processing /home/airflow/.local/lib/python3.12/site-packages/airflow/example_dags/example_trigger_target_dag.py took 0.314 seconds
[2026-06-05T13:53:20.755+0000] {processor.py:186} INFO - Started process (PID=217) to work on /home/airflow/.local/lib/python3.12/site-packages/airflow/example_dags/example_trigger_target_dag.py
[2026-06-05T13:53:20.760+0000] {processor.py:914} INFO - Processing file /home/airflow/.local/lib/python3.12/site-packages/airflow/example_dags/example_trigger_target_dag.py for tasks to queue
[2026-06-05T13:53:20.766+0000] {logging_mixin.py:190} INFO - [2026-06-05T13:53:20.765+0000] {dagbag.py:588} INFO - Filling up the DagBag from /home/airflow/.local/lib/python3.12/site-packages/airflow/example_dags/example_trigger_target_dag.py
[2026-06-05T13:53:20.790+0000] {processor.py:925} INFO - DAG(s) 'example_trigger_target_dag' retrieved from /home/airflow/.local/lib/python3.12/site-packages/airflow/example_dags/example_trigger_target_dag.py
[2026-06-05T13:53:20.846+0000] {logging_mixin.py:190} INFO - [2026-06-05T13:53:20.846+0000] {dag.py:3239} INFO - Sync 1 DAGs
[2026-06-05T13:53:20.915+0000] {logging_mixin.py:190} INFO - [2026-06-05T13:53:20.915+0000] {dag.py:4180} INFO - Setting next_dagrun for example_trigger_target_dag to None, run_after=None
[2026-06-05T13:53:21.004+0000] {processor.py:208} INFO - Processing /home/airflow/.local/lib/python3.12/site-packages/airflow/example_dags/example_trigger_target_dag.py took 0.270 seconds
[2026-06-05T13:53:51.700+0000] {processor.py:186} INFO - Started process (PID=279) to work on /home/airflow/.local/lib/python3.12/site-packages/airflow/example_dags/example_trigger_target_dag.py
[2026-06-05T13:53:51.723+0000] {processor.py:914} INFO - Processing file /home/airflow/.local/lib/python3.12/site-packages/airflow/example_dags/example_trigger_target_dag.py for tasks to queue
[2026-06-05T13:53:51.758+0000] {logging_mixin.py:190} INFO - [2026-06-05T13:53:51.757+0000] {dagbag.py:588} INFO - Filling up the DagBag from /home/airflow/.local/lib/python3.12/site-packages/airflow/example_dags/example_trigger_target_dag.py
[2026-06-05T13:53:51.822+0000] {processor.py:925} INFO - DAG(s) 'example_trigger_target_dag' retrieved from /home/airflow/.local/lib/python3.12/site-packages/airflow/example_dags/example_trigger_target_dag.py
[2026-06-05T13:53:51.905+0000] {logging_mixin.py:190} INFO - [2026-06-05T13:53:51.904+0000] {dag.py:3239} INFO - Sync 1 DAGs
[2026-06-05T13:53:51.944+0000] {logging_mixin.py:190} INFO - [2026-06-05T13:53:51.943+0000] {dag.py:4180} INFO - Setting next_dagrun for example_trigger_target_dag to None, run_after=None
[2026-06-05T13:53:52.008+0000] {processor.py:208} INFO - Processing /home/airflow/.local/lib/python3.12/site-packages/airflow/example_dags/example_trigger_target_dag.py took 0.337 seconds
[2026-06-05T13:54:22.122+0000] {processor.py:186} INFO - Started process (PID=341) to work on /home/airflow/.local/lib/python3.12/site-packages/airflow/example_dags/example_trigger_target_dag.py
[2026-06-05T13:54:22.124+0000] {processor.py:914} INFO - Processing file /home/airflow/.local/lib/python3.12/site-packages/airflow/example_dags/example_trigger_target_dag.py for tasks to queue
[2026-06-05T13:54:22.128+0000] {logging_mixin.py:190} INFO - [2026-06-05T13:54:22.128+0000] {dagbag.py:588} INFO - Filling up the DagBag from /home/airflow/.local/lib/python3.12/site-packages/airflow/example_dags/example_trigger_target_dag.py
[2026-06-05T13:54:22.141+0000] {processor.py:925} INFO - DAG(s) 'example_trigger_target_dag' retrieved from /home/airflow/.local/lib/python3.12/site-packages/airflow/example_dags/example_trigger_target_dag.py
[2026-06-05T13:54:22.180+0000] {logging_mixin.py:190} INFO - [2026-06-05T13:54:22.180+0000] {dag.py:3239} INFO - Sync 1 DAGs
[2026-06-05T13:54:22.202+0000] {logging_mixin.py:190} INFO - [2026-06-05T13:54:22.202+0000] {dag.py:4180} INFO - Setting next_dagrun for example_trigger_target_dag to None, run_after=None
[2026-06-05T13:54:22.240+0000] {processor.py:208} INFO - Processing /home/airflow/.local/lib/python3.12/site-packages/airflow/example_dags/example_trigger_target_dag.py took 0.128 seconds
[2026-06-05T13:54:55.246+0000] {processor.py:186} INFO - Started process (PID=399) to work on /home/airflow/.local/lib/python3.12/site-packages/airflow/example_dags/example_trigger_target_dag.py
[2026-06-05T13:54:55.254+0000] {processor.py:914} INFO - Processing file /home/airflow/.local/lib/python3.12/site-packages/airflow/example_dags/example_trigger_target_dag.py for tasks to queue
[2026-06-05T13:54:55.311+0000] {logging_mixin.py:190} INFO - [2026-06-05T13:54:55.275+0000] {dagbag.py:588} INFO - Filling up the DagBag from /home/airflow/.local/lib/python3.12/site-packages/airflow/example_dags/example_trigger_target_dag.py
[2026-06-05T13:54:55.465+0000] {processor.py:925} INFO - DAG(s) 'example_trigger_target_dag' retrieved from /home/airflow/.local/lib/python3.12/site-packages/airflow/example_dags/example_trigger_target_dag.py
[2026-06-05T13:54:56.129+0000] {logging_mixin.py:190} INFO - [2026-06-05T13:54:56.125+0000] {dag.py:3239} INFO - Sync 1 DAGs
[2026-06-05T13:54:56.474+0000] {logging_mixin.py:190} INFO - [2026-06-05T13:54:56.473+0000] {dag.py:4180} INFO - Setting next_dagrun for example_trigger_target_dag to None, run_after=None
[2026-06-05T13:54:56.693+0000] {processor.py:208} INFO - Processing /home/airflow/.local/lib/python3.12/site-packages/airflow/example_dags/example_trigger_target_dag.py took 1.495 seconds
[2026-06-05T13:55:27.410+0000] {processor.py:186} INFO - Started process (PID=461) to work on /home/airflow/.local/lib/python3.12/site-packages/airflow/example_dags/example_trigger_target_dag.py
[2026-06-05T13:55:27.413+0000] {processor.py:914} INFO - Processing file /home/airflow/.local/lib/python3.12/site-packages/airflow/example_dags/example_trigger_target_dag.py for tasks to queue
[2026-06-05T13:55:27.421+0000] {logging_mixin.py:190} INFO - [2026-06-05T13:55:27.420+0000] {dagbag.py:588} INFO - Filling up the DagBag from /home/airflow/.local/lib/python3.12/site-packages/airflow/example_dags/example_trigger_target_dag.py
[2026-06-05T13:55:27.452+0000] {processor.py:925} INFO - DAG(s) 'example_trigger_target_dag' retrieved from /home/airflow/.local/lib/python3.12/site-packages/airflow/example_dags/example_trigger_target_dag.py
[2026-06-05T13:55:27.513+0000] {logging_mixin.py:190} INFO - [2026-06-05T13:55:27.512+0000] {dag.py:3239} INFO - Sync 1 DAGs
[2026-06-05T13:55:27.560+0000] {logging_mixin.py:190} INFO - [2026-06-05T13:55:27.559+0000] {dag.py:4180} INFO - Setting next_dagrun for example_trigger_target_dag to None, run_after=None
[2026-06-05T13:55:27.615+0000] {processor.py:208} INFO - Processing /home/airflow/.local/lib/python3.12/site-packages/airflow/example_dags/example_trigger_target_dag.py took 0.227 seconds
[2026-06-05T13:55:58.067+0000] {processor.py:186} INFO - Started process (PID=524) to work on /home/airflow/.local/lib/python3.12/site-packages/airflow/example_dags/example_trigger_target_dag.py
[2026-06-05T13:55:58.078+0000] {processor.py:914} INFO - Processing file /home/airflow/.local/lib/python3.12/site-packages/airflow/example_dags/example_trigger_target_dag.py for tasks to queue
[2026-06-05T13:55:58.094+0000] {logging_mixin.py:190} INFO - [2026-06-05T13:55:58.093+0000] {dagbag.py:588} INFO - Filling up the DagBag from /home/airflow/.local/lib/python3.12/site-packages/airflow/example_dags/example_trigger_target_dag.py
[2026-06-05T13:55:58.148+0000] {processor.py:925} INFO - DAG(s) 'example_trigger_target_dag' retrieved from /home/airflow/.local/lib/python3.12/site-packages/airflow/example_dags/example_trigger_target_dag.py
[2026-06-05T13:55:58.256+0000] {logging_mixin.py:190} INFO - [2026-06-05T13:55:58.255+0000] {dag.py:3239} INFO - Sync 1 DAGs
[2026-06-05T13:55:58.346+0000] {logging_mixin.py:190} INFO - [2026-06-05T13:55:58.343+0000] {dag.py:4180} INFO - Setting next_dagrun for example_trigger_target_dag to None, run_after=None
[2026-06-05T13:55:58.459+0000] {processor.py:208} INFO - Processing /home/airflow/.local/lib/python3.12/site-packages/airflow/example_dags/example_trigger_target_dag.py took 0.420 seconds
[2026-06-05T13:56:28.884+0000] {processor.py:186} INFO - Started process (PID=587) to work on /home/airflow/.local/lib/python3.12/site-packages/airflow/example_dags/example_trigger_target_dag.py
[2026-06-05T13:56:28.886+0000] {processor.py:914} INFO - Processing file /home/airflow/.local/lib/python3.12/site-packages/airflow/example_dags/example_trigger_target_dag.py for tasks to queue
[2026-06-05T13:56:28.901+0000] {logging_mixin.py:190} INFO - [2026-06-05T13:56:28.900+0000] {dagbag.py:588} INFO - Filling up the DagBag from /home/airflow/.local/lib/python3.12/site-packages/airflow/example_dags/example_trigger_target_dag.py
[2026-06-05T13:56:28.923+0000] {processor.py:925} INFO - DAG(s) 'example_trigger_target_dag' retrieved from /home/airflow/.local/lib/python3.12/site-packages/airflow/example_dags/example_trigger_target_dag.py
[2026-06-05T13:56:28.965+0000] {logging_mixin.py:190} INFO - [2026-06-05T13:56:28.964+0000] {dag.py:3239} INFO - Sync 1 DAGs
[2026-06-05T13:56:28.998+0000] {logging_mixin.py:190} INFO - [2026-06-05T13:56:28.998+0000] {dag.py:4180} INFO - Setting next_dagrun for example_trigger_target_dag to None, run_after=None
[2026-06-05T13:56:29.067+0000] {processor.py:208} INFO - Processing /home/airflow/.local/lib/python3.12/site-packages/airflow/example_dags/example_trigger_target_dag.py took 0.195 seconds
[2026-06-05T13:56:59.593+0000] {processor.py:186} INFO - Started process (PID=649) to work on /home/airflow/.local/lib/python3.12/site-packages/airflow/example_dags/example_trigger_target_dag.py
[2026-06-05T13:56:59.598+0000] {processor.py:914} INFO - Processing file /home/airflow/.local/lib/python3.12/site-packages/airflow/example_dags/example_trigger_target_dag.py for tasks to queue
[2026-06-05T13:56:59.608+0000] {logging_mixin.py:190} INFO - [2026-06-05T13:56:59.607+0000] {dagbag.py:588} INFO - Filling up the DagBag from /home/airflow/.local/lib/python3.12/site-packages/airflow/example_dags/example_trigger_target_dag.py
[2026-06-05T13:56:59.641+0000] {processor.py:925} INFO - DAG(s) 'example_trigger_target_dag' retrieved from /home/airflow/.local/lib/python3.12/site-packages/airflow/example_dags/example_trigger_target_dag.py
[2026-06-05T13:56:59.724+0000] {logging_mixin.py:190} INFO - [2026-06-05T13:56:59.723+0000] {dag.py:3239} INFO - Sync 1 DAGs
[2026-06-05T13:56:59.793+0000] {logging_mixin.py:190} INFO - [2026-06-05T13:56:59.792+0000] {dag.py:4180} INFO - Setting next_dagrun for example_trigger_target_dag to None, run_after=None
[2026-06-05T13:56:59.851+0000] {processor.py:208} INFO - Processing /home/airflow/.local/lib/python3.12/site-packages/airflow/example_dags/example_trigger_target_dag.py took 0.278 seconds
[2026-06-05T13:57:30.246+0000] {processor.py:186} INFO - Started process (PID=710) to work on /home/airflow/.local/lib/python3.12/site-packages/airflow/example_dags/example_trigger_target_dag.py
[2026-06-05T13:57:30.252+0000] {processor.py:914} INFO - Processing file /home/airflow/.local/lib/python3.12/site-packages/airflow/example_dags/example_trigger_target_dag.py for tasks to queue
[2026-06-05T13:57:30.264+0000] {logging_mixin.py:190} INFO - [2026-06-05T13:57:30.262+0000] {dagbag.py:588} INFO - Filling up the DagBag from /home/airflow/.local/lib/python3.12/site-packages/airflow/example_dags/example_trigger_target_dag.py
[2026-06-05T13:57:30.294+0000] {processor.py:925} INFO - DAG(s) 'example_trigger_target_dag' retrieved from /home/airflow/.local/lib/python3.12/site-packages/airflow/example_dags/example_trigger_target_dag.py
[2026-06-05T13:57:30.379+0000] {logging_mixin.py:190} INFO - [2026-06-05T13:57:30.378+0000] {dag.py:3239} INFO - Sync 1 DAGs
[2026-06-05T13:57:30.447+0000] {logging_mixin.py:190} INFO - [2026-06-05T13:57:30.446+0000] {dag.py:4180} INFO - Setting next_dagrun for example_trigger_target_dag to None, run_after=None
[2026-06-05T13:57:30.556+0000] {processor.py:208} INFO - Processing /home/airflow/.local/lib/python3.12/site-packages/airflow/example_dags/example_trigger_target_dag.py took 0.327 seconds
[2026-06-05T13:58:00.882+0000] {processor.py:186} INFO - Started process (PID=772) to work on /home/airflow/.local/lib/python3.12/site-packages/airflow/example_dags/example_trigger_target_dag.py
[2026-06-05T13:58:00.891+0000] {processor.py:914} INFO - Processing file /home/airflow/.local/lib/python3.12/site-packages/airflow/example_dags/example_trigger_target_dag.py for tasks to queue
[2026-06-05T13:58:00.907+0000] {logging_mixin.py:190} INFO - [2026-06-05T13:58:00.906+0000] {dagbag.py:588} INFO - Filling up the DagBag from /home/airflow/.local/lib/python3.12/site-packages/airflow/example_dags/example_trigger_target_dag.py
[2026-06-05T13:58:00.985+0000] {processor.py:925} INFO - DAG(s) 'example_trigger_target_dag' retrieved from /home/airflow/.local/lib/python3.12/site-packages/airflow/example_dags/example_trigger_target_dag.py
[2026-06-05T13:58:01.118+0000] {logging_mixin.py:190} INFO - [2026-06-05T13:58:01.117+0000] {dag.py:3239} INFO - Sync 1 DAGs
[2026-06-05T13:58:01.187+0000] {logging_mixin.py:190} INFO - [2026-06-05T13:58:01.187+0000] {dag.py:4180} INFO - Setting next_dagrun for example_trigger_target_dag to None, run_after=None
[2026-06-05T13:58:01.287+0000] {processor.py:208} INFO - Processing /home/airflow/.local/lib/python3.12/site-packages/airflow/example_dags/example_trigger_target_dag.py took 0.437 seconds
[2026-06-05T13:58:31.730+0000] {processor.py:186} INFO - Started process (PID=834) to work on /home/airflow/.local/lib/python3.12/site-packages/airflow/example_dags/example_trigger_target_dag.py
[2026-06-05T13:58:31.769+0000] {processor.py:914} INFO - Processing file /home/airflow/.local/lib/python3.12/site-packages/airflow/example_dags/example_trigger_target_dag.py for tasks to queue
[2026-06-05T13:58:31.788+0000] {logging_mixin.py:190} INFO - [2026-06-05T13:58:31.787+0000] {dagbag.py:588} INFO - Filling up the DagBag from /home/airflow/.local/lib/python3.12/site-packages/airflow/example_dags/example_trigger_target_dag.py
[2026-06-05T13:58:31.877+0000] {processor.py:925} INFO - DAG(s) 'example_trigger_target_dag' retrieved from /home/airflow/.local/lib/python3.12/site-packages/airflow/example_dags/example_trigger_target_dag.py
[2026-06-05T13:58:32.020+0000] {logging_mixin.py:190} INFO - [2026-06-05T13:58:32.019+0000] {dag.py:3239} INFO - Sync 1 DAGs
[2026-06-05T13:58:32.131+0000] {logging_mixin.py:190} INFO - [2026-06-05T13:58:32.130+0000] {dag.py:4180} INFO - Setting next_dagrun for example_trigger_target_dag to None, run_after=None
[2026-06-05T13:58:32.327+0000] {processor.py:208} INFO - Processing /home/airflow/.local/lib/python3.12/site-packages/airflow/example_dags/example_trigger_target_dag.py took 0.660 seconds
[2026-06-05T13:59:02.924+0000] {processor.py:186} INFO - Started process (PID=897) to work on /home/airflow/.local/lib/python3.12/site-packages/airflow/example_dags/example_trigger_target_dag.py
[2026-06-05T13:59:02.927+0000] {processor.py:914} INFO - Processing file /home/airflow/.local/lib/python3.12/site-packages/airflow/example_dags/example_trigger_target_dag.py for tasks to queue
[2026-06-05T13:59:02.944+0000] {logging_mixin.py:190} INFO - [2026-06-05T13:59:02.942+0000] {dagbag.py:588} INFO - Filling up the DagBag from /home/airflow/.local/lib/python3.12/site-packages/airflow/example_dags/example_trigger_target_dag.py
[2026-06-05T13:59:03.003+0000] {processor.py:925} INFO - DAG(s) 'example_trigger_target_dag' retrieved from /home/airflow/.local/lib/python3.12/site-packages/airflow/example_dags/example_trigger_target_dag.py
[2026-06-05T13:59:03.100+0000] {logging_mixin.py:190} INFO - [2026-06-05T13:59:03.099+0000] {dag.py:3239} INFO - Sync 1 DAGs
[2026-06-05T13:59:03.188+0000] {logging_mixin.py:190} INFO - [2026-06-05T13:59:03.188+0000] {dag.py:4180} INFO - Setting next_dagrun for example_trigger_target_dag to None, run_after=None
[2026-06-05T13:59:03.292+0000] {processor.py:208} INFO - Processing /home/airflow/.local/lib/python3.12/site-packages/airflow/example_dags/example_trigger_target_dag.py took 0.393 seconds
