[2026-06-05T13:52:33.921+0000] {processor.py:186} INFO - Started process (PID=129) to work on /home/airflow/.local/lib/python3.12/site-packages/airflow/example_dags/example_external_task_marker_dag.py
[2026-06-05T13:52:33.926+0000] {processor.py:914} INFO - Processing file /home/airflow/.local/lib/python3.12/site-packages/airflow/example_dags/example_external_task_marker_dag.py for tasks to queue
[2026-06-05T13:52:33.943+0000] {logging_mixin.py:190} INFO - [2026-06-05T13:52:33.940+0000] {dagbag.py:588} INFO - Filling up the DagBag from /home/airflow/.local/lib/python3.12/site-packages/airflow/example_dags/example_external_task_marker_dag.py
[2026-06-05T13:52:33.979+0000] {processor.py:925} INFO - DAG(s) 'example_external_task_marker_parent', 'example_external_task_marker_child' retrieved from /home/airflow/.local/lib/python3.12/site-packages/airflow/example_dags/example_external_task_marker_dag.py
[2026-06-05T13:52:34.429+0000] {logging_mixin.py:190} INFO - [2026-06-05T13:52:34.428+0000] {override.py:1900} INFO - Created Permission View: can delete on DAG:example_external_task_marker_parent
[2026-06-05T13:52:34.476+0000] {logging_mixin.py:190} INFO - [2026-06-05T13:52:34.475+0000] {override.py:1900} INFO - Created Permission View: can read on DAG:example_external_task_marker_parent
[2026-06-05T13:52:34.505+0000] {logging_mixin.py:190} INFO - [2026-06-05T13:52:34.504+0000] {override.py:1900} INFO - Created Permission View: can edit on DAG:example_external_task_marker_parent
[2026-06-05T13:52:34.531+0000] {logging_mixin.py:190} INFO - [2026-06-05T13:52:34.530+0000] {override.py:1900} INFO - Created Permission View: menu access on DAG Run:example_external_task_marker_parent
[2026-06-05T13:52:34.552+0000] {logging_mixin.py:190} INFO - [2026-06-05T13:52:34.552+0000] {override.py:1900} INFO - Created Permission View: can delete on DAG Run:example_external_task_marker_parent
[2026-06-05T13:52:34.578+0000] {logging_mixin.py:190} INFO - [2026-06-05T13:52:34.576+0000] {override.py:1900} INFO - Created Permission View: can read on DAG Run:example_external_task_marker_parent
[2026-06-05T13:52:34.612+0000] {logging_mixin.py:190} INFO - [2026-06-05T13:52:34.611+0000] {override.py:1900} INFO - Created Permission View: can create on DAG Run:example_external_task_marker_parent
[2026-06-05T13:52:34.682+0000] {logging_mixin.py:190} INFO - [2026-06-05T13:52:34.681+0000] {override.py:1900} INFO - Created Permission View: can delete on DAG:example_external_task_marker_child
[2026-06-05T13:52:34.717+0000] {logging_mixin.py:190} INFO - [2026-06-05T13:52:34.716+0000] {override.py:1900} INFO - Created Permission View: can read on DAG:example_external_task_marker_child
[2026-06-05T13:52:34.751+0000] {logging_mixin.py:190} INFO - [2026-06-05T13:52:34.750+0000] {override.py:1900} INFO - Created Permission View: can edit on DAG:example_external_task_marker_child
[2026-06-05T13:52:34.785+0000] {logging_mixin.py:190} INFO - [2026-06-05T13:52:34.784+0000] {override.py:1900} INFO - Created Permission View: menu access on DAG Run:example_external_task_marker_child
[2026-06-05T13:52:34.817+0000] {logging_mixin.py:190} INFO - [2026-06-05T13:52:34.816+0000] {override.py:1900} INFO - Created Permission View: can delete on DAG Run:example_external_task_marker_child
[2026-06-05T13:52:34.843+0000] {logging_mixin.py:190} INFO - [2026-06-05T13:52:34.842+0000] {override.py:1900} INFO - Created Permission View: can read on DAG Run:example_external_task_marker_child
[2026-06-05T13:52:34.874+0000] {logging_mixin.py:190} INFO - [2026-06-05T13:52:34.873+0000] {override.py:1900} INFO - Created Permission View: can create on DAG Run:example_external_task_marker_child
[2026-06-05T13:52:34.876+0000] {logging_mixin.py:190} INFO - [2026-06-05T13:52:34.875+0000] {dag.py:3239} INFO - Sync 2 DAGs
[2026-06-05T13:52:34.915+0000] {logging_mixin.py:190} INFO - [2026-06-05T13:52:34.914+0000] {dag.py:3262} INFO - Creating ORM DAG for example_external_task_marker_child
[2026-06-05T13:52:34.918+0000] {logging_mixin.py:190} INFO - [2026-06-05T13:52:34.918+0000] {dag.py:3262} INFO - Creating ORM DAG for example_external_task_marker_parent
[2026-06-05T13:52:34.921+0000] {logging_mixin.py:190} INFO - [2026-06-05T13:52:34.921+0000] {dag.py:4180} INFO - Setting next_dagrun for example_external_task_marker_child to None, run_after=None
[2026-06-05T13:52:34.924+0000] {logging_mixin.py:190} INFO - [2026-06-05T13:52:34.923+0000] {dag.py:4180} INFO - Setting next_dagrun for example_external_task_marker_parent to None, run_after=None
[2026-06-05T13:52:34.992+0000] {processor.py:208} INFO - Processing /home/airflow/.local/lib/python3.12/site-packages/airflow/example_dags/example_external_task_marker_dag.py took 1.101 seconds
[2026-06-05T13:53:05.168+0000] {processor.py:186} INFO - Started process (PID=190) to work on /home/airflow/.local/lib/python3.12/site-packages/airflow/example_dags/example_external_task_marker_dag.py
[2026-06-05T13:53:05.170+0000] {processor.py:914} INFO - Processing file /home/airflow/.local/lib/python3.12/site-packages/airflow/example_dags/example_external_task_marker_dag.py for tasks to queue
[2026-06-05T13:53:05.179+0000] {logging_mixin.py:190} INFO - [2026-06-05T13:53:05.179+0000] {dagbag.py:588} INFO - Filling up the DagBag from /home/airflow/.local/lib/python3.12/site-packages/airflow/example_dags/example_external_task_marker_dag.py
[2026-06-05T13:53:05.194+0000] {processor.py:925} INFO - DAG(s) 'example_external_task_marker_child', 'example_external_task_marker_parent' retrieved from /home/airflow/.local/lib/python3.12/site-packages/airflow/example_dags/example_external_task_marker_dag.py
[2026-06-05T13:53:05.251+0000] {logging_mixin.py:190} INFO - [2026-06-05T13:53:05.250+0000] {dag.py:3239} INFO - Sync 2 DAGs
[2026-06-05T13:53:05.308+0000] {logging_mixin.py:190} INFO - [2026-06-05T13:53:05.307+0000] {dag.py:4180} INFO - Setting next_dagrun for example_external_task_marker_child to None, run_after=None
[2026-06-05T13:53:05.319+0000] {logging_mixin.py:190} INFO - [2026-06-05T13:53:05.318+0000] {dag.py:4180} INFO - Setting next_dagrun for example_external_task_marker_parent to None, run_after=None
[2026-06-05T13:53:05.372+0000] {processor.py:208} INFO - Processing /home/airflow/.local/lib/python3.12/site-packages/airflow/example_dags/example_external_task_marker_dag.py took 0.217 seconds
[2026-06-05T13:53:36.444+0000] {processor.py:186} INFO - Started process (PID=252) to work on /home/airflow/.local/lib/python3.12/site-packages/airflow/example_dags/example_external_task_marker_dag.py
[2026-06-05T13:53:36.459+0000] {processor.py:914} INFO - Processing file /home/airflow/.local/lib/python3.12/site-packages/airflow/example_dags/example_external_task_marker_dag.py for tasks to queue
[2026-06-05T13:53:36.490+0000] {logging_mixin.py:190} INFO - [2026-06-05T13:53:36.488+0000] {dagbag.py:588} INFO - Filling up the DagBag from /home/airflow/.local/lib/python3.12/site-packages/airflow/example_dags/example_external_task_marker_dag.py
[2026-06-05T13:53:36.573+0000] {processor.py:925} INFO - DAG(s) 'example_external_task_marker_parent', 'example_external_task_marker_child' retrieved from /home/airflow/.local/lib/python3.12/site-packages/airflow/example_dags/example_external_task_marker_dag.py
[2026-06-05T13:53:36.718+0000] {logging_mixin.py:190} INFO - [2026-06-05T13:53:36.716+0000] {dag.py:3239} INFO - Sync 2 DAGs
[2026-06-05T13:53:36.807+0000] {logging_mixin.py:190} INFO - [2026-06-05T13:53:36.806+0000] {dag.py:4180} INFO - Setting next_dagrun for example_external_task_marker_child to None, run_after=None
[2026-06-05T13:53:36.825+0000] {logging_mixin.py:190} INFO - [2026-06-05T13:53:36.824+0000] {dag.py:4180} INFO - Setting next_dagrun for example_external_task_marker_parent to None, run_after=None
[2026-06-05T13:53:36.936+0000] {processor.py:208} INFO - Processing /home/airflow/.local/lib/python3.12/site-packages/airflow/example_dags/example_external_task_marker_dag.py took 0.546 seconds
[2026-06-05T13:54:07.064+0000] {processor.py:186} INFO - Started process (PID=313) to work on /home/airflow/.local/lib/python3.12/site-packages/airflow/example_dags/example_external_task_marker_dag.py
[2026-06-05T13:54:07.066+0000] {processor.py:914} INFO - Processing file /home/airflow/.local/lib/python3.12/site-packages/airflow/example_dags/example_external_task_marker_dag.py for tasks to queue
[2026-06-05T13:54:07.074+0000] {logging_mixin.py:190} INFO - [2026-06-05T13:54:07.072+0000] {dagbag.py:588} INFO - Filling up the DagBag from /home/airflow/.local/lib/python3.12/site-packages/airflow/example_dags/example_external_task_marker_dag.py
[2026-06-05T13:54:07.094+0000] {processor.py:925} INFO - DAG(s) 'example_external_task_marker_parent', 'example_external_task_marker_child' retrieved from /home/airflow/.local/lib/python3.12/site-packages/airflow/example_dags/example_external_task_marker_dag.py
[2026-06-05T13:54:07.165+0000] {logging_mixin.py:190} INFO - [2026-06-05T13:54:07.164+0000] {dag.py:3239} INFO - Sync 2 DAGs
[2026-06-05T13:54:07.211+0000] {logging_mixin.py:190} INFO - [2026-06-05T13:54:07.211+0000] {dag.py:4180} INFO - Setting next_dagrun for example_external_task_marker_child to None, run_after=None
[2026-06-05T13:54:07.223+0000] {logging_mixin.py:190} INFO - [2026-06-05T13:54:07.223+0000] {dag.py:4180} INFO - Setting next_dagrun for example_external_task_marker_parent to None, run_after=None
[2026-06-05T13:54:07.274+0000] {processor.py:208} INFO - Processing /home/airflow/.local/lib/python3.12/site-packages/airflow/example_dags/example_external_task_marker_dag.py took 0.226 seconds
[2026-06-05T13:54:37.661+0000] {processor.py:186} INFO - Started process (PID=375) to work on /home/airflow/.local/lib/python3.12/site-packages/airflow/example_dags/example_external_task_marker_dag.py
[2026-06-05T13:54:37.664+0000] {processor.py:914} INFO - Processing file /home/airflow/.local/lib/python3.12/site-packages/airflow/example_dags/example_external_task_marker_dag.py for tasks to queue
[2026-06-05T13:54:37.674+0000] {logging_mixin.py:190} INFO - [2026-06-05T13:54:37.673+0000] {dagbag.py:588} INFO - Filling up the DagBag from /home/airflow/.local/lib/python3.12/site-packages/airflow/example_dags/example_external_task_marker_dag.py
[2026-06-05T13:54:37.707+0000] {processor.py:925} INFO - DAG(s) 'example_external_task_marker_child', 'example_external_task_marker_parent' retrieved from /home/airflow/.local/lib/python3.12/site-packages/airflow/example_dags/example_external_task_marker_dag.py
[2026-06-05T13:54:37.769+0000] {logging_mixin.py:190} INFO - [2026-06-05T13:54:37.768+0000] {dag.py:3239} INFO - Sync 2 DAGs
[2026-06-05T13:54:37.802+0000] {logging_mixin.py:190} INFO - [2026-06-05T13:54:37.802+0000] {dag.py:4180} INFO - Setting next_dagrun for example_external_task_marker_child to None, run_after=None
[2026-06-05T13:54:37.810+0000] {logging_mixin.py:190} INFO - [2026-06-05T13:54:37.810+0000] {dag.py:4180} INFO - Setting next_dagrun for example_external_task_marker_parent to None, run_after=None
[2026-06-05T13:54:37.849+0000] {processor.py:208} INFO - Processing /home/airflow/.local/lib/python3.12/site-packages/airflow/example_dags/example_external_task_marker_dag.py took 0.212 seconds
[2026-06-05T13:55:08.649+0000] {processor.py:186} INFO - Started process (PID=437) to work on /home/airflow/.local/lib/python3.12/site-packages/airflow/example_dags/example_external_task_marker_dag.py
[2026-06-05T13:55:08.654+0000] {processor.py:914} INFO - Processing file /home/airflow/.local/lib/python3.12/site-packages/airflow/example_dags/example_external_task_marker_dag.py for tasks to queue
[2026-06-05T13:55:08.663+0000] {logging_mixin.py:190} INFO - [2026-06-05T13:55:08.662+0000] {dagbag.py:588} INFO - Filling up the DagBag from /home/airflow/.local/lib/python3.12/site-packages/airflow/example_dags/example_external_task_marker_dag.py
[2026-06-05T13:55:08.686+0000] {processor.py:925} INFO - DAG(s) 'example_external_task_marker_parent', 'example_external_task_marker_child' retrieved from /home/airflow/.local/lib/python3.12/site-packages/airflow/example_dags/example_external_task_marker_dag.py
[2026-06-05T13:55:08.751+0000] {logging_mixin.py:190} INFO - [2026-06-05T13:55:08.750+0000] {dag.py:3239} INFO - Sync 2 DAGs
[2026-06-05T13:55:08.787+0000] {logging_mixin.py:190} INFO - [2026-06-05T13:55:08.786+0000] {dag.py:4180} INFO - Setting next_dagrun for example_external_task_marker_child to None, run_after=None
[2026-06-05T13:55:08.796+0000] {logging_mixin.py:190} INFO - [2026-06-05T13:55:08.795+0000] {dag.py:4180} INFO - Setting next_dagrun for example_external_task_marker_parent to None, run_after=None
[2026-06-05T13:55:08.842+0000] {processor.py:208} INFO - Processing /home/airflow/.local/lib/python3.12/site-packages/airflow/example_dags/example_external_task_marker_dag.py took 0.205 seconds
[2026-06-05T13:55:39.034+0000] {processor.py:186} INFO - Started process (PID=499) to work on /home/airflow/.local/lib/python3.12/site-packages/airflow/example_dags/example_external_task_marker_dag.py
[2026-06-05T13:55:39.036+0000] {processor.py:914} INFO - Processing file /home/airflow/.local/lib/python3.12/site-packages/airflow/example_dags/example_external_task_marker_dag.py for tasks to queue
[2026-06-05T13:55:39.043+0000] {logging_mixin.py:190} INFO - [2026-06-05T13:55:39.042+0000] {dagbag.py:588} INFO - Filling up the DagBag from /home/airflow/.local/lib/python3.12/site-packages/airflow/example_dags/example_external_task_marker_dag.py
[2026-06-05T13:55:39.066+0000] {processor.py:925} INFO - DAG(s) 'example_external_task_marker_child', 'example_external_task_marker_parent' retrieved from /home/airflow/.local/lib/python3.12/site-packages/airflow/example_dags/example_external_task_marker_dag.py
[2026-06-05T13:55:39.123+0000] {logging_mixin.py:190} INFO - [2026-06-05T13:55:39.122+0000] {dag.py:3239} INFO - Sync 2 DAGs
[2026-06-05T13:55:39.156+0000] {logging_mixin.py:190} INFO - [2026-06-05T13:55:39.155+0000] {dag.py:4180} INFO - Setting next_dagrun for example_external_task_marker_child to None, run_after=None
[2026-06-05T13:55:39.167+0000] {logging_mixin.py:190} INFO - [2026-06-05T13:55:39.167+0000] {dag.py:4180} INFO - Setting next_dagrun for example_external_task_marker_parent to None, run_after=None
[2026-06-05T13:55:39.208+0000] {processor.py:208} INFO - Processing /home/airflow/.local/lib/python3.12/site-packages/airflow/example_dags/example_external_task_marker_dag.py took 0.187 seconds
[2026-06-05T13:56:12.648+0000] {processor.py:186} INFO - Started process (PID=562) to work on /home/airflow/.local/lib/python3.12/site-packages/airflow/example_dags/example_external_task_marker_dag.py
[2026-06-05T13:56:12.652+0000] {processor.py:914} INFO - Processing file /home/airflow/.local/lib/python3.12/site-packages/airflow/example_dags/example_external_task_marker_dag.py for tasks to queue
[2026-06-05T13:56:12.659+0000] {logging_mixin.py:190} INFO - [2026-06-05T13:56:12.658+0000] {dagbag.py:588} INFO - Filling up the DagBag from /home/airflow/.local/lib/python3.12/site-packages/airflow/example_dags/example_external_task_marker_dag.py
[2026-06-05T13:56:12.685+0000] {processor.py:925} INFO - DAG(s) 'example_external_task_marker_child', 'example_external_task_marker_parent' retrieved from /home/airflow/.local/lib/python3.12/site-packages/airflow/example_dags/example_external_task_marker_dag.py
[2026-06-05T13:56:12.746+0000] {logging_mixin.py:190} INFO - [2026-06-05T13:56:12.746+0000] {dag.py:3239} INFO - Sync 2 DAGs
[2026-06-05T13:56:12.810+0000] {logging_mixin.py:190} INFO - [2026-06-05T13:56:12.809+0000] {dag.py:4180} INFO - Setting next_dagrun for example_external_task_marker_child to None, run_after=None
[2026-06-05T13:56:12.821+0000] {logging_mixin.py:190} INFO - [2026-06-05T13:56:12.821+0000] {dag.py:4180} INFO - Setting next_dagrun for example_external_task_marker_parent to None, run_after=None
[2026-06-05T13:56:12.859+0000] {processor.py:208} INFO - Processing /home/airflow/.local/lib/python3.12/site-packages/airflow/example_dags/example_external_task_marker_dag.py took 0.231 seconds
[2026-06-05T13:56:45.585+0000] {processor.py:186} INFO - Started process (PID=625) to work on /home/airflow/.local/lib/python3.12/site-packages/airflow/example_dags/example_external_task_marker_dag.py
[2026-06-05T13:56:45.657+0000] {processor.py:914} INFO - Processing file /home/airflow/.local/lib/python3.12/site-packages/airflow/example_dags/example_external_task_marker_dag.py for tasks to queue
[2026-06-05T13:56:45.678+0000] {logging_mixin.py:190} INFO - [2026-06-05T13:56:45.674+0000] {dagbag.py:588} INFO - Filling up the DagBag from /home/airflow/.local/lib/python3.12/site-packages/airflow/example_dags/example_external_task_marker_dag.py
[2026-06-05T13:56:45.792+0000] {processor.py:925} INFO - DAG(s) 'example_external_task_marker_parent', 'example_external_task_marker_child' retrieved from /home/airflow/.local/lib/python3.12/site-packages/airflow/example_dags/example_external_task_marker_dag.py
[2026-06-05T13:56:45.959+0000] {logging_mixin.py:190} INFO - [2026-06-05T13:56:45.957+0000] {dag.py:3239} INFO - Sync 2 DAGs
[2026-06-05T13:56:46.054+0000] {logging_mixin.py:190} INFO - [2026-06-05T13:56:46.053+0000] {dag.py:4180} INFO - Setting next_dagrun for example_external_task_marker_child to None, run_after=None
[2026-06-05T13:56:46.077+0000] {logging_mixin.py:190} INFO - [2026-06-05T13:56:46.076+0000] {dag.py:4180} INFO - Setting next_dagrun for example_external_task_marker_parent to None, run_after=None
[2026-06-05T13:56:46.196+0000] {processor.py:208} INFO - Processing /home/airflow/.local/lib/python3.12/site-packages/airflow/example_dags/example_external_task_marker_dag.py took 0.700 seconds
[2026-06-05T13:57:16.681+0000] {processor.py:186} INFO - Started process (PID=687) to work on /home/airflow/.local/lib/python3.12/site-packages/airflow/example_dags/example_external_task_marker_dag.py
[2026-06-05T13:57:16.685+0000] {processor.py:914} INFO - Processing file /home/airflow/.local/lib/python3.12/site-packages/airflow/example_dags/example_external_task_marker_dag.py for tasks to queue
[2026-06-05T13:57:16.693+0000] {logging_mixin.py:190} INFO - [2026-06-05T13:57:16.692+0000] {dagbag.py:588} INFO - Filling up the DagBag from /home/airflow/.local/lib/python3.12/site-packages/airflow/example_dags/example_external_task_marker_dag.py
[2026-06-05T13:57:16.720+0000] {processor.py:925} INFO - DAG(s) 'example_external_task_marker_parent', 'example_external_task_marker_child' retrieved from /home/airflow/.local/lib/python3.12/site-packages/airflow/example_dags/example_external_task_marker_dag.py
[2026-06-05T13:57:16.777+0000] {logging_mixin.py:190} INFO - [2026-06-05T13:57:16.777+0000] {dag.py:3239} INFO - Sync 2 DAGs
[2026-06-05T13:57:16.822+0000] {logging_mixin.py:190} INFO - [2026-06-05T13:57:16.821+0000] {dag.py:4180} INFO - Setting next_dagrun for example_external_task_marker_child to None, run_after=None
[2026-06-05T13:57:16.830+0000] {logging_mixin.py:190} INFO - [2026-06-05T13:57:16.829+0000] {dag.py:4180} INFO - Setting next_dagrun for example_external_task_marker_parent to None, run_after=None
[2026-06-05T13:57:16.875+0000] {processor.py:208} INFO - Processing /home/airflow/.local/lib/python3.12/site-packages/airflow/example_dags/example_external_task_marker_dag.py took 0.210 seconds
[2026-06-05T13:57:47.558+0000] {processor.py:186} INFO - Started process (PID=749) to work on /home/airflow/.local/lib/python3.12/site-packages/airflow/example_dags/example_external_task_marker_dag.py
[2026-06-05T13:57:47.604+0000] {processor.py:914} INFO - Processing file /home/airflow/.local/lib/python3.12/site-packages/airflow/example_dags/example_external_task_marker_dag.py for tasks to queue
[2026-06-05T13:57:47.669+0000] {logging_mixin.py:190} INFO - [2026-06-05T13:57:47.667+0000] {dagbag.py:588} INFO - Filling up the DagBag from /home/airflow/.local/lib/python3.12/site-packages/airflow/example_dags/example_external_task_marker_dag.py
[2026-06-05T13:57:47.761+0000] {processor.py:925} INFO - DAG(s) 'example_external_task_marker_parent', 'example_external_task_marker_child' retrieved from /home/airflow/.local/lib/python3.12/site-packages/airflow/example_dags/example_external_task_marker_dag.py
[2026-06-05T13:57:47.942+0000] {logging_mixin.py:190} INFO - [2026-06-05T13:57:47.941+0000] {dag.py:3239} INFO - Sync 2 DAGs
[2026-06-05T13:57:48.129+0000] {logging_mixin.py:190} INFO - [2026-06-05T13:57:48.128+0000] {dag.py:4180} INFO - Setting next_dagrun for example_external_task_marker_child to None, run_after=None
[2026-06-05T13:57:48.172+0000] {logging_mixin.py:190} INFO - [2026-06-05T13:57:48.172+0000] {dag.py:4180} INFO - Setting next_dagrun for example_external_task_marker_parent to None, run_after=None
[2026-06-05T13:57:48.317+0000] {processor.py:208} INFO - Processing /home/airflow/.local/lib/python3.12/site-packages/airflow/example_dags/example_external_task_marker_dag.py took 0.811 seconds
[2026-06-05T13:58:20.271+0000] {processor.py:186} INFO - Started process (PID=818) to work on /home/airflow/.local/lib/python3.12/site-packages/airflow/example_dags/example_external_task_marker_dag.py
[2026-06-05T13:58:20.275+0000] {processor.py:914} INFO - Processing file /home/airflow/.local/lib/python3.12/site-packages/airflow/example_dags/example_external_task_marker_dag.py for tasks to queue
[2026-06-05T13:58:20.281+0000] {logging_mixin.py:190} INFO - [2026-06-05T13:58:20.280+0000] {dagbag.py:588} INFO - Filling up the DagBag from /home/airflow/.local/lib/python3.12/site-packages/airflow/example_dags/example_external_task_marker_dag.py
[2026-06-05T13:58:20.313+0000] {processor.py:925} INFO - DAG(s) 'example_external_task_marker_parent', 'example_external_task_marker_child' retrieved from /home/airflow/.local/lib/python3.12/site-packages/airflow/example_dags/example_external_task_marker_dag.py
[2026-06-05T13:58:20.386+0000] {logging_mixin.py:190} INFO - [2026-06-05T13:58:20.385+0000] {dag.py:3239} INFO - Sync 2 DAGs
[2026-06-05T13:58:20.436+0000] {logging_mixin.py:190} INFO - [2026-06-05T13:58:20.435+0000] {dag.py:4180} INFO - Setting next_dagrun for example_external_task_marker_child to None, run_after=None
[2026-06-05T13:58:20.447+0000] {logging_mixin.py:190} INFO - [2026-06-05T13:58:20.447+0000] {dag.py:4180} INFO - Setting next_dagrun for example_external_task_marker_parent to None, run_after=None
[2026-06-05T13:58:20.500+0000] {processor.py:208} INFO - Processing /home/airflow/.local/lib/python3.12/site-packages/airflow/example_dags/example_external_task_marker_dag.py took 0.252 seconds
[2026-06-05T13:58:54.510+0000] {processor.py:186} INFO - Started process (PID=880) to work on /home/airflow/.local/lib/python3.12/site-packages/airflow/example_dags/example_external_task_marker_dag.py
[2026-06-05T13:58:54.544+0000] {processor.py:914} INFO - Processing file /home/airflow/.local/lib/python3.12/site-packages/airflow/example_dags/example_external_task_marker_dag.py for tasks to queue
[2026-06-05T13:58:54.562+0000] {logging_mixin.py:190} INFO - [2026-06-05T13:58:54.561+0000] {dagbag.py:588} INFO - Filling up the DagBag from /home/airflow/.local/lib/python3.12/site-packages/airflow/example_dags/example_external_task_marker_dag.py
[2026-06-05T13:58:54.653+0000] {processor.py:925} INFO - DAG(s) 'example_external_task_marker_child', 'example_external_task_marker_parent' retrieved from /home/airflow/.local/lib/python3.12/site-packages/airflow/example_dags/example_external_task_marker_dag.py
[2026-06-05T13:58:54.864+0000] {logging_mixin.py:190} INFO - [2026-06-05T13:58:54.863+0000] {dag.py:3239} INFO - Sync 2 DAGs
[2026-06-05T13:58:54.994+0000] {logging_mixin.py:190} INFO - [2026-06-05T13:58:54.994+0000] {dag.py:4180} INFO - Setting next_dagrun for example_external_task_marker_child to None, run_after=None
[2026-06-05T13:58:55.079+0000] {logging_mixin.py:190} INFO - [2026-06-05T13:58:55.078+0000] {dag.py:4180} INFO - Setting next_dagrun for example_external_task_marker_parent to None, run_after=None
[2026-06-05T13:58:55.197+0000] {processor.py:208} INFO - Processing /home/airflow/.local/lib/python3.12/site-packages/airflow/example_dags/example_external_task_marker_dag.py took 0.731 seconds
[2026-06-05T13:59:25.543+0000] {processor.py:186} INFO - Started process (PID=942) to work on /home/airflow/.local/lib/python3.12/site-packages/airflow/example_dags/example_external_task_marker_dag.py
[2026-06-05T13:59:25.546+0000] {processor.py:914} INFO - Processing file /home/airflow/.local/lib/python3.12/site-packages/airflow/example_dags/example_external_task_marker_dag.py for tasks to queue
[2026-06-05T13:59:25.568+0000] {logging_mixin.py:190} INFO - [2026-06-05T13:59:25.560+0000] {dagbag.py:588} INFO - Filling up the DagBag from /home/airflow/.local/lib/python3.12/site-packages/airflow/example_dags/example_external_task_marker_dag.py
[2026-06-05T13:59:25.609+0000] {processor.py:925} INFO - DAG(s) 'example_external_task_marker_child', 'example_external_task_marker_parent' retrieved from /home/airflow/.local/lib/python3.12/site-packages/airflow/example_dags/example_external_task_marker_dag.py
[2026-06-05T13:59:25.717+0000] {logging_mixin.py:190} INFO - [2026-06-05T13:59:25.716+0000] {dag.py:3239} INFO - Sync 2 DAGs
[2026-06-05T13:59:25.778+0000] {logging_mixin.py:190} INFO - [2026-06-05T13:59:25.777+0000] {dag.py:4180} INFO - Setting next_dagrun for example_external_task_marker_child to None, run_after=None
[2026-06-05T13:59:25.795+0000] {logging_mixin.py:190} INFO - [2026-06-05T13:59:25.795+0000] {dag.py:4180} INFO - Setting next_dagrun for example_external_task_marker_parent to None, run_after=None
[2026-06-05T13:59:25.871+0000] {processor.py:208} INFO - Processing /home/airflow/.local/lib/python3.12/site-packages/airflow/example_dags/example_external_task_marker_dag.py took 0.355 seconds
