[2026-06-05T13:52:32.398+0000] {processor.py:186} INFO - Started process (PID=127) to work on /home/airflow/.local/lib/python3.12/site-packages/airflow/example_dags/example_outlet_event_extra.py
[2026-06-05T13:52:32.401+0000] {processor.py:914} INFO - Processing file /home/airflow/.local/lib/python3.12/site-packages/airflow/example_dags/example_outlet_event_extra.py for tasks to queue
[2026-06-05T13:52:32.410+0000] {logging_mixin.py:190} INFO - [2026-06-05T13:52:32.408+0000] {dagbag.py:588} INFO - Filling up the DagBag from /home/airflow/.local/lib/python3.12/site-packages/airflow/example_dags/example_outlet_event_extra.py
[2026-06-05T13:52:33.003+0000] {processor.py:925} INFO - DAG(s) 'dataset_with_extra_by_yield', 'dataset_with_extra_from_classic_operator', 'dataset_with_extra_by_context' retrieved from /home/airflow/.local/lib/python3.12/site-packages/airflow/example_dags/example_outlet_event_extra.py
[2026-06-05T13:52:33.339+0000] {logging_mixin.py:190} INFO - [2026-06-05T13:52:33.337+0000] {override.py:1900} INFO - Created Permission View: can delete on DAG:dataset_with_extra_by_yield
[2026-06-05T13:52:33.371+0000] {logging_mixin.py:190} INFO - [2026-06-05T13:52:33.371+0000] {override.py:1900} INFO - Created Permission View: can read on DAG:dataset_with_extra_by_yield
[2026-06-05T13:52:33.395+0000] {logging_mixin.py:190} INFO - [2026-06-05T13:52:33.394+0000] {override.py:1900} INFO - Created Permission View: can edit on DAG:dataset_with_extra_by_yield
[2026-06-05T13:52:33.423+0000] {logging_mixin.py:190} INFO - [2026-06-05T13:52:33.422+0000] {override.py:1900} INFO - Created Permission View: menu access on DAG Run:dataset_with_extra_by_yield
[2026-06-05T13:52:33.446+0000] {logging_mixin.py:190} INFO - [2026-06-05T13:52:33.445+0000] {override.py:1900} INFO - Created Permission View: can delete on DAG Run:dataset_with_extra_by_yield
[2026-06-05T13:52:33.471+0000] {logging_mixin.py:190} INFO - [2026-06-05T13:52:33.470+0000] {override.py:1900} INFO - Created Permission View: can read on DAG Run:dataset_with_extra_by_yield
[2026-06-05T13:52:33.495+0000] {logging_mixin.py:190} INFO - [2026-06-05T13:52:33.494+0000] {override.py:1900} INFO - Created Permission View: can create on DAG Run:dataset_with_extra_by_yield
[2026-06-05T13:52:33.543+0000] {logging_mixin.py:190} INFO - [2026-06-05T13:52:33.543+0000] {override.py:1900} INFO - Created Permission View: can delete on DAG:dataset_with_extra_from_classic_operator
[2026-06-05T13:52:33.569+0000] {logging_mixin.py:190} INFO - [2026-06-05T13:52:33.568+0000] {override.py:1900} INFO - Created Permission View: can read on DAG:dataset_with_extra_from_classic_operator
[2026-06-05T13:52:33.601+0000] {logging_mixin.py:190} INFO - [2026-06-05T13:52:33.601+0000] {override.py:1900} INFO - Created Permission View: can edit on DAG:dataset_with_extra_from_classic_operator
[2026-06-05T13:52:33.663+0000] {logging_mixin.py:190} INFO - [2026-06-05T13:52:33.662+0000] {override.py:1900} INFO - Created Permission View: menu access on DAG Run:dataset_with_extra_from_classic_operator
[2026-06-05T13:52:33.715+0000] {logging_mixin.py:190} INFO - [2026-06-05T13:52:33.714+0000] {override.py:1900} INFO - Created Permission View: can delete on DAG Run:dataset_with_extra_from_classic_operator
[2026-06-05T13:52:33.742+0000] {logging_mixin.py:190} INFO - [2026-06-05T13:52:33.741+0000] {override.py:1900} INFO - Created Permission View: can read on DAG Run:dataset_with_extra_from_classic_operator
[2026-06-05T13:52:33.784+0000] {logging_mixin.py:190} INFO - [2026-06-05T13:52:33.783+0000] {override.py:1900} INFO - Created Permission View: can create on DAG Run:dataset_with_extra_from_classic_operator
[2026-06-05T13:52:33.845+0000] {logging_mixin.py:190} INFO - [2026-06-05T13:52:33.844+0000] {override.py:1900} INFO - Created Permission View: can delete on DAG:dataset_with_extra_by_context
[2026-06-05T13:52:33.872+0000] {logging_mixin.py:190} INFO - [2026-06-05T13:52:33.871+0000] {override.py:1900} INFO - Created Permission View: can read on DAG:dataset_with_extra_by_context
[2026-06-05T13:52:33.906+0000] {logging_mixin.py:190} INFO - [2026-06-05T13:52:33.904+0000] {override.py:1900} INFO - Created Permission View: can edit on DAG:dataset_with_extra_by_context
[2026-06-05T13:52:33.932+0000] {logging_mixin.py:190} INFO - [2026-06-05T13:52:33.931+0000] {override.py:1900} INFO - Created Permission View: menu access on DAG Run:dataset_with_extra_by_context
[2026-06-05T13:52:33.959+0000] {logging_mixin.py:190} INFO - [2026-06-05T13:52:33.958+0000] {override.py:1900} INFO - Created Permission View: can delete on DAG Run:dataset_with_extra_by_context
[2026-06-05T13:52:33.993+0000] {logging_mixin.py:190} INFO - [2026-06-05T13:52:33.992+0000] {override.py:1900} INFO - Created Permission View: can read on DAG Run:dataset_with_extra_by_context
[2026-06-05T13:52:34.017+0000] {logging_mixin.py:190} INFO - [2026-06-05T13:52:34.016+0000] {override.py:1900} INFO - Created Permission View: can create on DAG Run:dataset_with_extra_by_context
[2026-06-05T13:52:34.019+0000] {logging_mixin.py:190} INFO - [2026-06-05T13:52:34.019+0000] {dag.py:3239} INFO - Sync 3 DAGs
[2026-06-05T13:52:34.079+0000] {logging_mixin.py:190} INFO - [2026-06-05T13:52:34.078+0000] {dag.py:3262} INFO - Creating ORM DAG for dataset_with_extra_by_context
[2026-06-05T13:52:34.082+0000] {logging_mixin.py:190} INFO - [2026-06-05T13:52:34.082+0000] {dag.py:3262} INFO - Creating ORM DAG for dataset_with_extra_from_classic_operator
[2026-06-05T13:52:34.087+0000] {logging_mixin.py:190} INFO - [2026-06-05T13:52:34.086+0000] {dag.py:3262} INFO - Creating ORM DAG for dataset_with_extra_by_yield
[2026-06-05T13:52:34.128+0000] {logging_mixin.py:190} INFO - [2026-06-05T13:52:34.127+0000] {dag.py:4180} INFO - Setting next_dagrun for dataset_with_extra_by_context to 2026-06-04 00:00:00+00:00, run_after=2026-06-05 00:00:00+00:00
[2026-06-05T13:52:34.137+0000] {logging_mixin.py:190} INFO - [2026-06-05T13:52:34.137+0000] {dag.py:4180} INFO - Setting next_dagrun for dataset_with_extra_by_yield to 2026-06-04 00:00:00+00:00, run_after=2026-06-05 00:00:00+00:00
[2026-06-05T13:52:34.146+0000] {logging_mixin.py:190} INFO - [2026-06-05T13:52:34.145+0000] {dag.py:4180} INFO - Setting next_dagrun for dataset_with_extra_from_classic_operator to 2026-06-04 00:00:00+00:00, run_after=2026-06-05 00:00:00+00:00
[2026-06-05T13:52:34.243+0000] {processor.py:208} INFO - Processing /home/airflow/.local/lib/python3.12/site-packages/airflow/example_dags/example_outlet_event_extra.py took 1.873 seconds
[2026-06-05T13:53:04.985+0000] {processor.py:186} INFO - Started process (PID=189) to work on /home/airflow/.local/lib/python3.12/site-packages/airflow/example_dags/example_outlet_event_extra.py
[2026-06-05T13:53:04.986+0000] {processor.py:914} INFO - Processing file /home/airflow/.local/lib/python3.12/site-packages/airflow/example_dags/example_outlet_event_extra.py for tasks to queue
[2026-06-05T13:53:04.992+0000] {logging_mixin.py:190} INFO - [2026-06-05T13:53:04.991+0000] {dagbag.py:588} INFO - Filling up the DagBag from /home/airflow/.local/lib/python3.12/site-packages/airflow/example_dags/example_outlet_event_extra.py
[2026-06-05T13:53:05.266+0000] {processor.py:925} INFO - DAG(s) 'dataset_with_extra_from_classic_operator', 'dataset_with_extra_by_yield', 'dataset_with_extra_by_context' retrieved from /home/airflow/.local/lib/python3.12/site-packages/airflow/example_dags/example_outlet_event_extra.py
[2026-06-05T13:53:05.342+0000] {logging_mixin.py:190} INFO - [2026-06-05T13:53:05.342+0000] {dag.py:3239} INFO - Sync 3 DAGs
[2026-06-05T13:53:05.440+0000] {logging_mixin.py:190} INFO - [2026-06-05T13:53:05.439+0000] {dag.py:4180} INFO - Setting next_dagrun for dataset_with_extra_by_context to 2026-06-04 00:00:00+00:00, run_after=2026-06-05 00:00:00+00:00
[2026-06-05T13:53:05.450+0000] {logging_mixin.py:190} INFO - [2026-06-05T13:53:05.450+0000] {dag.py:4180} INFO - Setting next_dagrun for dataset_with_extra_by_yield to 2026-06-04 00:00:00+00:00, run_after=2026-06-05 00:00:00+00:00
[2026-06-05T13:53:05.457+0000] {logging_mixin.py:190} INFO - [2026-06-05T13:53:05.457+0000] {dag.py:4180} INFO - Setting next_dagrun for dataset_with_extra_from_classic_operator to 2026-06-04 00:00:00+00:00, run_after=2026-06-05 00:00:00+00:00
[2026-06-05T13:53:05.501+0000] {processor.py:208} INFO - Processing /home/airflow/.local/lib/python3.12/site-packages/airflow/example_dags/example_outlet_event_extra.py took 0.525 seconds
[2026-06-05T13:53:35.779+0000] {processor.py:186} INFO - Started process (PID=251) to work on /home/airflow/.local/lib/python3.12/site-packages/airflow/example_dags/example_outlet_event_extra.py
[2026-06-05T13:53:35.803+0000] {processor.py:914} INFO - Processing file /home/airflow/.local/lib/python3.12/site-packages/airflow/example_dags/example_outlet_event_extra.py for tasks to queue
[2026-06-05T13:53:35.825+0000] {logging_mixin.py:190} INFO - [2026-06-05T13:53:35.824+0000] {dagbag.py:588} INFO - Filling up the DagBag from /home/airflow/.local/lib/python3.12/site-packages/airflow/example_dags/example_outlet_event_extra.py
[2026-06-05T13:53:36.821+0000] {processor.py:925} INFO - DAG(s) 'dataset_with_extra_from_classic_operator', 'dataset_with_extra_by_context', 'dataset_with_extra_by_yield' retrieved from /home/airflow/.local/lib/python3.12/site-packages/airflow/example_dags/example_outlet_event_extra.py
[2026-06-05T13:53:36.978+0000] {logging_mixin.py:190} INFO - [2026-06-05T13:53:36.977+0000] {dag.py:3239} INFO - Sync 3 DAGs
[2026-06-05T13:53:37.203+0000] {logging_mixin.py:190} INFO - [2026-06-05T13:53:37.202+0000] {dag.py:4180} INFO - Setting next_dagrun for dataset_with_extra_by_context to 2026-06-04 00:00:00+00:00, run_after=2026-06-05 00:00:00+00:00
[2026-06-05T13:53:37.268+0000] {logging_mixin.py:190} INFO - [2026-06-05T13:53:37.267+0000] {dag.py:4180} INFO - Setting next_dagrun for dataset_with_extra_by_yield to 2026-06-04 00:00:00+00:00, run_after=2026-06-05 00:00:00+00:00
[2026-06-05T13:53:37.305+0000] {logging_mixin.py:190} INFO - [2026-06-05T13:53:37.303+0000] {dag.py:4180} INFO - Setting next_dagrun for dataset_with_extra_from_classic_operator to 2026-06-04 00:00:00+00:00, run_after=2026-06-05 00:00:00+00:00
[2026-06-05T13:53:37.495+0000] {processor.py:208} INFO - Processing /home/airflow/.local/lib/python3.12/site-packages/airflow/example_dags/example_outlet_event_extra.py took 1.749 seconds
[2026-06-05T13:54:08.240+0000] {processor.py:186} INFO - Started process (PID=314) to work on /home/airflow/.local/lib/python3.12/site-packages/airflow/example_dags/example_outlet_event_extra.py
[2026-06-05T13:54:08.244+0000] {processor.py:914} INFO - Processing file /home/airflow/.local/lib/python3.12/site-packages/airflow/example_dags/example_outlet_event_extra.py for tasks to queue
[2026-06-05T13:54:08.252+0000] {logging_mixin.py:190} INFO - [2026-06-05T13:54:08.251+0000] {dagbag.py:588} INFO - Filling up the DagBag from /home/airflow/.local/lib/python3.12/site-packages/airflow/example_dags/example_outlet_event_extra.py
[2026-06-05T13:54:08.782+0000] {processor.py:925} INFO - DAG(s) 'dataset_with_extra_by_yield', 'dataset_with_extra_from_classic_operator', 'dataset_with_extra_by_context' retrieved from /home/airflow/.local/lib/python3.12/site-packages/airflow/example_dags/example_outlet_event_extra.py
[2026-06-05T13:54:08.989+0000] {logging_mixin.py:190} INFO - [2026-06-05T13:54:08.988+0000] {dag.py:3239} INFO - Sync 3 DAGs
[2026-06-05T13:54:09.176+0000] {logging_mixin.py:190} INFO - [2026-06-05T13:54:09.175+0000] {dag.py:4180} INFO - Setting next_dagrun for dataset_with_extra_by_context to 2026-06-04 00:00:00+00:00, run_after=2026-06-05 00:00:00+00:00
[2026-06-05T13:54:09.200+0000] {logging_mixin.py:190} INFO - [2026-06-05T13:54:09.199+0000] {dag.py:4180} INFO - Setting next_dagrun for dataset_with_extra_by_yield to 2026-06-04 00:00:00+00:00, run_after=2026-06-05 00:00:00+00:00
[2026-06-05T13:54:09.210+0000] {logging_mixin.py:190} INFO - [2026-06-05T13:54:09.208+0000] {dag.py:4180} INFO - Setting next_dagrun for dataset_with_extra_from_classic_operator to 2026-06-04 00:00:00+00:00, run_after=2026-06-05 00:00:00+00:00
[2026-06-05T13:54:09.310+0000] {processor.py:208} INFO - Processing /home/airflow/.local/lib/python3.12/site-packages/airflow/example_dags/example_outlet_event_extra.py took 1.086 seconds
[2026-06-05T13:54:40.000+0000] {processor.py:186} INFO - Started process (PID=377) to work on /home/airflow/.local/lib/python3.12/site-packages/airflow/example_dags/example_outlet_event_extra.py
[2026-06-05T13:54:40.012+0000] {processor.py:914} INFO - Processing file /home/airflow/.local/lib/python3.12/site-packages/airflow/example_dags/example_outlet_event_extra.py for tasks to queue
[2026-06-05T13:54:40.022+0000] {logging_mixin.py:190} INFO - [2026-06-05T13:54:40.021+0000] {dagbag.py:588} INFO - Filling up the DagBag from /home/airflow/.local/lib/python3.12/site-packages/airflow/example_dags/example_outlet_event_extra.py
[2026-06-05T13:54:40.636+0000] {processor.py:925} INFO - DAG(s) 'dataset_with_extra_by_context', 'dataset_with_extra_by_yield', 'dataset_with_extra_from_classic_operator' retrieved from /home/airflow/.local/lib/python3.12/site-packages/airflow/example_dags/example_outlet_event_extra.py
[2026-06-05T13:54:40.848+0000] {logging_mixin.py:190} INFO - [2026-06-05T13:54:40.835+0000] {dag.py:3239} INFO - Sync 3 DAGs
[2026-06-05T13:54:41.123+0000] {logging_mixin.py:190} INFO - [2026-06-05T13:54:41.120+0000] {dag.py:4180} INFO - Setting next_dagrun for dataset_with_extra_by_context to 2026-06-04 00:00:00+00:00, run_after=2026-06-05 00:00:00+00:00
[2026-06-05T13:54:41.157+0000] {logging_mixin.py:190} INFO - [2026-06-05T13:54:41.156+0000] {dag.py:4180} INFO - Setting next_dagrun for dataset_with_extra_by_yield to 2026-06-04 00:00:00+00:00, run_after=2026-06-05 00:00:00+00:00
[2026-06-05T13:54:41.168+0000] {logging_mixin.py:190} INFO - [2026-06-05T13:54:41.167+0000] {dag.py:4180} INFO - Setting next_dagrun for dataset_with_extra_from_classic_operator to 2026-06-04 00:00:00+00:00, run_after=2026-06-05 00:00:00+00:00
[2026-06-05T13:54:41.324+0000] {processor.py:208} INFO - Processing /home/airflow/.local/lib/python3.12/site-packages/airflow/example_dags/example_outlet_event_extra.py took 1.343 seconds
[2026-06-05T13:55:11.758+0000] {processor.py:186} INFO - Started process (PID=440) to work on /home/airflow/.local/lib/python3.12/site-packages/airflow/example_dags/example_outlet_event_extra.py
[2026-06-05T13:55:11.762+0000] {processor.py:914} INFO - Processing file /home/airflow/.local/lib/python3.12/site-packages/airflow/example_dags/example_outlet_event_extra.py for tasks to queue
[2026-06-05T13:55:11.770+0000] {logging_mixin.py:190} INFO - [2026-06-05T13:55:11.769+0000] {dagbag.py:588} INFO - Filling up the DagBag from /home/airflow/.local/lib/python3.12/site-packages/airflow/example_dags/example_outlet_event_extra.py
[2026-06-05T13:55:12.350+0000] {processor.py:925} INFO - DAG(s) 'dataset_with_extra_by_context', 'dataset_with_extra_from_classic_operator', 'dataset_with_extra_by_yield' retrieved from /home/airflow/.local/lib/python3.12/site-packages/airflow/example_dags/example_outlet_event_extra.py
[2026-06-05T13:55:12.426+0000] {logging_mixin.py:190} INFO - [2026-06-05T13:55:12.425+0000] {dag.py:3239} INFO - Sync 3 DAGs
[2026-06-05T13:55:12.500+0000] {logging_mixin.py:190} INFO - [2026-06-05T13:55:12.499+0000] {dag.py:4180} INFO - Setting next_dagrun for dataset_with_extra_by_context to 2026-06-04 00:00:00+00:00, run_after=2026-06-05 00:00:00+00:00
[2026-06-05T13:55:12.515+0000] {logging_mixin.py:190} INFO - [2026-06-05T13:55:12.514+0000] {dag.py:4180} INFO - Setting next_dagrun for dataset_with_extra_by_yield to 2026-06-04 00:00:00+00:00, run_after=2026-06-05 00:00:00+00:00
[2026-06-05T13:55:12.525+0000] {logging_mixin.py:190} INFO - [2026-06-05T13:55:12.524+0000] {dag.py:4180} INFO - Setting next_dagrun for dataset_with_extra_from_classic_operator to 2026-06-04 00:00:00+00:00, run_after=2026-06-05 00:00:00+00:00
[2026-06-05T13:55:12.587+0000] {processor.py:208} INFO - Processing /home/airflow/.local/lib/python3.12/site-packages/airflow/example_dags/example_outlet_event_extra.py took 0.842 seconds
[2026-06-05T13:55:42.957+0000] {processor.py:186} INFO - Started process (PID=503) to work on /home/airflow/.local/lib/python3.12/site-packages/airflow/example_dags/example_outlet_event_extra.py
[2026-06-05T13:55:42.960+0000] {processor.py:914} INFO - Processing file /home/airflow/.local/lib/python3.12/site-packages/airflow/example_dags/example_outlet_event_extra.py for tasks to queue
[2026-06-05T13:55:42.975+0000] {logging_mixin.py:190} INFO - [2026-06-05T13:55:42.973+0000] {dagbag.py:588} INFO - Filling up the DagBag from /home/airflow/.local/lib/python3.12/site-packages/airflow/example_dags/example_outlet_event_extra.py
[2026-06-05T13:55:43.510+0000] {processor.py:925} INFO - DAG(s) 'dataset_with_extra_from_classic_operator', 'dataset_with_extra_by_yield', 'dataset_with_extra_by_context' retrieved from /home/airflow/.local/lib/python3.12/site-packages/airflow/example_dags/example_outlet_event_extra.py
[2026-06-05T13:55:43.714+0000] {logging_mixin.py:190} INFO - [2026-06-05T13:55:43.713+0000] {dag.py:3239} INFO - Sync 3 DAGs
[2026-06-05T13:55:43.864+0000] {logging_mixin.py:190} INFO - [2026-06-05T13:55:43.863+0000] {dag.py:4180} INFO - Setting next_dagrun for dataset_with_extra_by_context to 2026-06-04 00:00:00+00:00, run_after=2026-06-05 00:00:00+00:00
[2026-06-05T13:55:43.899+0000] {logging_mixin.py:190} INFO - [2026-06-05T13:55:43.899+0000] {dag.py:4180} INFO - Setting next_dagrun for dataset_with_extra_by_yield to 2026-06-04 00:00:00+00:00, run_after=2026-06-05 00:00:00+00:00
[2026-06-05T13:55:43.919+0000] {logging_mixin.py:190} INFO - [2026-06-05T13:55:43.918+0000] {dag.py:4180} INFO - Setting next_dagrun for dataset_with_extra_from_classic_operator to 2026-06-04 00:00:00+00:00, run_after=2026-06-05 00:00:00+00:00
[2026-06-05T13:55:44.049+0000] {processor.py:208} INFO - Processing /home/airflow/.local/lib/python3.12/site-packages/airflow/example_dags/example_outlet_event_extra.py took 1.109 seconds
[2026-06-05T13:56:14.284+0000] {processor.py:186} INFO - Started process (PID=566) to work on /home/airflow/.local/lib/python3.12/site-packages/airflow/example_dags/example_outlet_event_extra.py
[2026-06-05T13:56:14.287+0000] {processor.py:914} INFO - Processing file /home/airflow/.local/lib/python3.12/site-packages/airflow/example_dags/example_outlet_event_extra.py for tasks to queue
[2026-06-05T13:56:14.293+0000] {logging_mixin.py:190} INFO - [2026-06-05T13:56:14.292+0000] {dagbag.py:588} INFO - Filling up the DagBag from /home/airflow/.local/lib/python3.12/site-packages/airflow/example_dags/example_outlet_event_extra.py
[2026-06-05T13:56:14.607+0000] {processor.py:925} INFO - DAG(s) 'dataset_with_extra_by_yield', 'dataset_with_extra_by_context', 'dataset_with_extra_from_classic_operator' retrieved from /home/airflow/.local/lib/python3.12/site-packages/airflow/example_dags/example_outlet_event_extra.py
[2026-06-05T13:56:14.655+0000] {logging_mixin.py:190} INFO - [2026-06-05T13:56:14.655+0000] {dag.py:3239} INFO - Sync 3 DAGs
[2026-06-05T13:56:14.706+0000] {logging_mixin.py:190} INFO - [2026-06-05T13:56:14.706+0000] {dag.py:4180} INFO - Setting next_dagrun for dataset_with_extra_by_context to 2026-06-04 00:00:00+00:00, run_after=2026-06-05 00:00:00+00:00
[2026-06-05T13:56:14.715+0000] {logging_mixin.py:190} INFO - [2026-06-05T13:56:14.715+0000] {dag.py:4180} INFO - Setting next_dagrun for dataset_with_extra_by_yield to 2026-06-04 00:00:00+00:00, run_after=2026-06-05 00:00:00+00:00
[2026-06-05T13:56:14.720+0000] {logging_mixin.py:190} INFO - [2026-06-05T13:56:14.719+0000] {dag.py:4180} INFO - Setting next_dagrun for dataset_with_extra_from_classic_operator to 2026-06-04 00:00:00+00:00, run_after=2026-06-05 00:00:00+00:00
[2026-06-05T13:56:14.788+0000] {processor.py:208} INFO - Processing /home/airflow/.local/lib/python3.12/site-packages/airflow/example_dags/example_outlet_event_extra.py took 0.518 seconds
[2026-06-05T13:56:47.553+0000] {processor.py:186} INFO - Started process (PID=629) to work on /home/airflow/.local/lib/python3.12/site-packages/airflow/example_dags/example_outlet_event_extra.py
[2026-06-05T13:56:47.567+0000] {processor.py:914} INFO - Processing file /home/airflow/.local/lib/python3.12/site-packages/airflow/example_dags/example_outlet_event_extra.py for tasks to queue
[2026-06-05T13:56:47.597+0000] {logging_mixin.py:190} INFO - [2026-06-05T13:56:47.585+0000] {dagbag.py:588} INFO - Filling up the DagBag from /home/airflow/.local/lib/python3.12/site-packages/airflow/example_dags/example_outlet_event_extra.py
[2026-06-05T13:56:49.137+0000] {processor.py:925} INFO - DAG(s) 'dataset_with_extra_from_classic_operator', 'dataset_with_extra_by_context', 'dataset_with_extra_by_yield' retrieved from /home/airflow/.local/lib/python3.12/site-packages/airflow/example_dags/example_outlet_event_extra.py
[2026-06-05T13:56:49.313+0000] {logging_mixin.py:190} INFO - [2026-06-05T13:56:49.312+0000] {dag.py:3239} INFO - Sync 3 DAGs
[2026-06-05T13:56:49.426+0000] {logging_mixin.py:190} INFO - [2026-06-05T13:56:49.425+0000] {dag.py:4180} INFO - Setting next_dagrun for dataset_with_extra_by_context to 2026-06-04 00:00:00+00:00, run_after=2026-06-05 00:00:00+00:00
[2026-06-05T13:56:49.461+0000] {logging_mixin.py:190} INFO - [2026-06-05T13:56:49.460+0000] {dag.py:4180} INFO - Setting next_dagrun for dataset_with_extra_by_yield to 2026-06-04 00:00:00+00:00, run_after=2026-06-05 00:00:00+00:00
[2026-06-05T13:56:49.480+0000] {logging_mixin.py:190} INFO - [2026-06-05T13:56:49.479+0000] {dag.py:4180} INFO - Setting next_dagrun for dataset_with_extra_from_classic_operator to 2026-06-04 00:00:00+00:00, run_after=2026-06-05 00:00:00+00:00
[2026-06-05T13:56:49.602+0000] {processor.py:208} INFO - Processing /home/airflow/.local/lib/python3.12/site-packages/airflow/example_dags/example_outlet_event_extra.py took 2.102 seconds
[2026-06-05T13:57:20.339+0000] {processor.py:186} INFO - Started process (PID=698) to work on /home/airflow/.local/lib/python3.12/site-packages/airflow/example_dags/example_outlet_event_extra.py
[2026-06-05T13:57:20.343+0000] {processor.py:914} INFO - Processing file /home/airflow/.local/lib/python3.12/site-packages/airflow/example_dags/example_outlet_event_extra.py for tasks to queue
[2026-06-05T13:57:20.352+0000] {logging_mixin.py:190} INFO - [2026-06-05T13:57:20.351+0000] {dagbag.py:588} INFO - Filling up the DagBag from /home/airflow/.local/lib/python3.12/site-packages/airflow/example_dags/example_outlet_event_extra.py
[2026-06-05T13:57:21.308+0000] {processor.py:925} INFO - DAG(s) 'dataset_with_extra_from_classic_operator', 'dataset_with_extra_by_yield', 'dataset_with_extra_by_context' retrieved from /home/airflow/.local/lib/python3.12/site-packages/airflow/example_dags/example_outlet_event_extra.py
[2026-06-05T13:57:21.520+0000] {logging_mixin.py:190} INFO - [2026-06-05T13:57:21.519+0000] {dag.py:3239} INFO - Sync 3 DAGs
[2026-06-05T13:57:21.808+0000] {logging_mixin.py:190} INFO - [2026-06-05T13:57:21.807+0000] {dag.py:4180} INFO - Setting next_dagrun for dataset_with_extra_by_context to 2026-06-04 00:00:00+00:00, run_after=2026-06-05 00:00:00+00:00
[2026-06-05T13:57:21.846+0000] {logging_mixin.py:190} INFO - [2026-06-05T13:57:21.846+0000] {dag.py:4180} INFO - Setting next_dagrun for dataset_with_extra_by_yield to 2026-06-04 00:00:00+00:00, run_after=2026-06-05 00:00:00+00:00
[2026-06-05T13:57:21.873+0000] {logging_mixin.py:190} INFO - [2026-06-05T13:57:21.872+0000] {dag.py:4180} INFO - Setting next_dagrun for dataset_with_extra_from_classic_operator to 2026-06-04 00:00:00+00:00, run_after=2026-06-05 00:00:00+00:00
[2026-06-05T13:57:22.057+0000] {processor.py:208} INFO - Processing /home/airflow/.local/lib/python3.12/site-packages/airflow/example_dags/example_outlet_event_extra.py took 1.742 seconds
[2026-06-05T13:57:52.340+0000] {processor.py:186} INFO - Started process (PID=760) to work on /home/airflow/.local/lib/python3.12/site-packages/airflow/example_dags/example_outlet_event_extra.py
[2026-06-05T13:57:52.344+0000] {processor.py:914} INFO - Processing file /home/airflow/.local/lib/python3.12/site-packages/airflow/example_dags/example_outlet_event_extra.py for tasks to queue
[2026-06-05T13:57:52.353+0000] {logging_mixin.py:190} INFO - [2026-06-05T13:57:52.352+0000] {dagbag.py:588} INFO - Filling up the DagBag from /home/airflow/.local/lib/python3.12/site-packages/airflow/example_dags/example_outlet_event_extra.py
[2026-06-05T13:57:53.113+0000] {processor.py:925} INFO - DAG(s) 'dataset_with_extra_by_context', 'dataset_with_extra_by_yield', 'dataset_with_extra_from_classic_operator' retrieved from /home/airflow/.local/lib/python3.12/site-packages/airflow/example_dags/example_outlet_event_extra.py
[2026-06-05T13:57:53.245+0000] {logging_mixin.py:190} INFO - [2026-06-05T13:57:53.245+0000] {dag.py:3239} INFO - Sync 3 DAGs
[2026-06-05T13:57:53.353+0000] {logging_mixin.py:190} INFO - [2026-06-05T13:57:53.352+0000] {dag.py:4180} INFO - Setting next_dagrun for dataset_with_extra_by_context to 2026-06-04 00:00:00+00:00, run_after=2026-06-05 00:00:00+00:00
[2026-06-05T13:57:53.365+0000] {logging_mixin.py:190} INFO - [2026-06-05T13:57:53.365+0000] {dag.py:4180} INFO - Setting next_dagrun for dataset_with_extra_by_yield to 2026-06-04 00:00:00+00:00, run_after=2026-06-05 00:00:00+00:00
[2026-06-05T13:57:53.372+0000] {logging_mixin.py:190} INFO - [2026-06-05T13:57:53.372+0000] {dag.py:4180} INFO - Setting next_dagrun for dataset_with_extra_from_classic_operator to 2026-06-04 00:00:00+00:00, run_after=2026-06-05 00:00:00+00:00
[2026-06-05T13:57:53.447+0000] {processor.py:208} INFO - Processing /home/airflow/.local/lib/python3.12/site-packages/airflow/example_dags/example_outlet_event_extra.py took 1.141 seconds
[2026-06-05T13:58:23.742+0000] {processor.py:186} INFO - Started process (PID=823) to work on /home/airflow/.local/lib/python3.12/site-packages/airflow/example_dags/example_outlet_event_extra.py
[2026-06-05T13:58:23.745+0000] {processor.py:914} INFO - Processing file /home/airflow/.local/lib/python3.12/site-packages/airflow/example_dags/example_outlet_event_extra.py for tasks to queue
[2026-06-05T13:58:23.752+0000] {logging_mixin.py:190} INFO - [2026-06-05T13:58:23.751+0000] {dagbag.py:588} INFO - Filling up the DagBag from /home/airflow/.local/lib/python3.12/site-packages/airflow/example_dags/example_outlet_event_extra.py
[2026-06-05T13:58:24.566+0000] {processor.py:925} INFO - DAG(s) 'dataset_with_extra_from_classic_operator', 'dataset_with_extra_by_yield', 'dataset_with_extra_by_context' retrieved from /home/airflow/.local/lib/python3.12/site-packages/airflow/example_dags/example_outlet_event_extra.py
[2026-06-05T13:58:24.666+0000] {logging_mixin.py:190} INFO - [2026-06-05T13:58:24.664+0000] {dag.py:3239} INFO - Sync 3 DAGs
[2026-06-05T13:58:24.784+0000] {logging_mixin.py:190} INFO - [2026-06-05T13:58:24.783+0000] {dag.py:4180} INFO - Setting next_dagrun for dataset_with_extra_by_context to 2026-06-04 00:00:00+00:00, run_after=2026-06-05 00:00:00+00:00
[2026-06-05T13:58:24.814+0000] {logging_mixin.py:190} INFO - [2026-06-05T13:58:24.814+0000] {dag.py:4180} INFO - Setting next_dagrun for dataset_with_extra_by_yield to 2026-06-04 00:00:00+00:00, run_after=2026-06-05 00:00:00+00:00
[2026-06-05T13:58:24.832+0000] {logging_mixin.py:190} INFO - [2026-06-05T13:58:24.831+0000] {dag.py:4180} INFO - Setting next_dagrun for dataset_with_extra_from_classic_operator to 2026-06-04 00:00:00+00:00, run_after=2026-06-05 00:00:00+00:00
[2026-06-05T13:58:24.914+0000] {processor.py:208} INFO - Processing /home/airflow/.local/lib/python3.12/site-packages/airflow/example_dags/example_outlet_event_extra.py took 1.186 seconds
[2026-06-05T13:58:56.539+0000] {processor.py:186} INFO - Started process (PID=885) to work on /home/airflow/.local/lib/python3.12/site-packages/airflow/example_dags/example_outlet_event_extra.py
[2026-06-05T13:58:56.542+0000] {processor.py:914} INFO - Processing file /home/airflow/.local/lib/python3.12/site-packages/airflow/example_dags/example_outlet_event_extra.py for tasks to queue
[2026-06-05T13:58:56.566+0000] {logging_mixin.py:190} INFO - [2026-06-05T13:58:56.563+0000] {dagbag.py:588} INFO - Filling up the DagBag from /home/airflow/.local/lib/python3.12/site-packages/airflow/example_dags/example_outlet_event_extra.py
[2026-06-05T13:58:58.077+0000] {processor.py:925} INFO - DAG(s) 'dataset_with_extra_by_context', 'dataset_with_extra_from_classic_operator', 'dataset_with_extra_by_yield' retrieved from /home/airflow/.local/lib/python3.12/site-packages/airflow/example_dags/example_outlet_event_extra.py
[2026-06-05T13:58:58.223+0000] {logging_mixin.py:190} INFO - [2026-06-05T13:58:58.222+0000] {dag.py:3239} INFO - Sync 3 DAGs
[2026-06-05T13:58:58.367+0000] {logging_mixin.py:190} INFO - [2026-06-05T13:58:58.366+0000] {dag.py:4180} INFO - Setting next_dagrun for dataset_with_extra_by_context to 2026-06-04 00:00:00+00:00, run_after=2026-06-05 00:00:00+00:00
[2026-06-05T13:58:58.399+0000] {logging_mixin.py:190} INFO - [2026-06-05T13:58:58.390+0000] {dag.py:4180} INFO - Setting next_dagrun for dataset_with_extra_by_yield to 2026-06-04 00:00:00+00:00, run_after=2026-06-05 00:00:00+00:00
[2026-06-05T13:58:58.409+0000] {logging_mixin.py:190} INFO - [2026-06-05T13:58:58.408+0000] {dag.py:4180} INFO - Setting next_dagrun for dataset_with_extra_from_classic_operator to 2026-06-04 00:00:00+00:00, run_after=2026-06-05 00:00:00+00:00
[2026-06-05T13:58:58.542+0000] {processor.py:208} INFO - Processing /home/airflow/.local/lib/python3.12/site-packages/airflow/example_dags/example_outlet_event_extra.py took 2.054 seconds
