[2026-06-05T13:51:59.519+0000] {processor.py:186} INFO - Started process (PID=90) to work on /home/airflow/.local/lib/python3.12/site-packages/airflow/example_dags/example_bash_decorator.py
[2026-06-05T13:51:59.523+0000] {processor.py:914} INFO - Processing file /home/airflow/.local/lib/python3.12/site-packages/airflow/example_dags/example_bash_decorator.py for tasks to queue
[2026-06-05T13:51:59.531+0000] {logging_mixin.py:190} INFO - [2026-06-05T13:51:59.529+0000] {dagbag.py:588} INFO - Filling up the DagBag from /home/airflow/.local/lib/python3.12/site-packages/airflow/example_dags/example_bash_decorator.py
[2026-06-05T13:51:59.625+0000] {processor.py:925} INFO - DAG(s) 'example_bash_decorator' retrieved from /home/airflow/.local/lib/python3.12/site-packages/airflow/example_dags/example_bash_decorator.py
[2026-06-05T13:52:00.234+0000] {logging_mixin.py:190} INFO - [2026-06-05T13:52:00.232+0000] {override.py:1900} INFO - Created Permission View: can delete on DAG:example_bash_decorator
[2026-06-05T13:52:00.294+0000] {logging_mixin.py:190} INFO - [2026-06-05T13:52:00.293+0000] {override.py:1900} INFO - Created Permission View: can read on DAG:example_bash_decorator
[2026-06-05T13:52:00.329+0000] {logging_mixin.py:190} INFO - [2026-06-05T13:52:00.327+0000] {override.py:1900} INFO - Created Permission View: can edit on DAG:example_bash_decorator
[2026-06-05T13:52:00.377+0000] {logging_mixin.py:190} INFO - [2026-06-05T13:52:00.376+0000] {override.py:1900} INFO - Created Permission View: menu access on DAG Run:example_bash_decorator
[2026-06-05T13:52:00.407+0000] {logging_mixin.py:190} INFO - [2026-06-05T13:52:00.406+0000] {override.py:1900} INFO - Created Permission View: can delete on DAG Run:example_bash_decorator
[2026-06-05T13:52:00.436+0000] {logging_mixin.py:190} INFO - [2026-06-05T13:52:00.435+0000] {override.py:1900} INFO - Created Permission View: can read on DAG Run:example_bash_decorator
[2026-06-05T13:52:00.475+0000] {logging_mixin.py:190} INFO - [2026-06-05T13:52:00.475+0000] {override.py:1900} INFO - Created Permission View: can create on DAG Run:example_bash_decorator
[2026-06-05T13:52:00.478+0000] {logging_mixin.py:190} INFO - [2026-06-05T13:52:00.477+0000] {dag.py:3239} INFO - Sync 1 DAGs
[2026-06-05T13:52:00.538+0000] {logging_mixin.py:190} INFO - [2026-06-05T13:52:00.538+0000] {dag.py:3262} INFO - Creating ORM DAG for example_bash_decorator
[2026-06-05T13:52:00.545+0000] {logging_mixin.py:190} INFO - [2026-06-05T13:52:00.544+0000] {dag.py:4180} INFO - Setting next_dagrun for example_bash_decorator to None, run_after=None
[2026-06-05T13:52:00.631+0000] {processor.py:208} INFO - Processing /home/airflow/.local/lib/python3.12/site-packages/airflow/example_dags/example_bash_decorator.py took 1.134 seconds
[2026-06-05T13:52:49.978+0000] {processor.py:186} INFO - Started process (PID=157) to work on /home/airflow/.local/lib/python3.12/site-packages/airflow/example_dags/example_bash_decorator.py
[2026-06-05T13:52:49.982+0000] {processor.py:914} INFO - Processing file /home/airflow/.local/lib/python3.12/site-packages/airflow/example_dags/example_bash_decorator.py for tasks to queue
[2026-06-05T13:52:49.989+0000] {logging_mixin.py:190} INFO - [2026-06-05T13:52:49.988+0000] {dagbag.py:588} INFO - Filling up the DagBag from /home/airflow/.local/lib/python3.12/site-packages/airflow/example_dags/example_bash_decorator.py
[2026-06-05T13:52:50.050+0000] {processor.py:925} INFO - DAG(s) 'example_bash_decorator' retrieved from /home/airflow/.local/lib/python3.12/site-packages/airflow/example_dags/example_bash_decorator.py
[2026-06-05T13:52:50.179+0000] {logging_mixin.py:190} INFO - [2026-06-05T13:52:50.178+0000] {dag.py:3239} INFO - Sync 1 DAGs
[2026-06-05T13:52:50.247+0000] {logging_mixin.py:190} INFO - [2026-06-05T13:52:50.246+0000] {dag.py:4180} INFO - Setting next_dagrun for example_bash_decorator to None, run_after=None
[2026-06-05T13:52:50.313+0000] {processor.py:208} INFO - Processing /home/airflow/.local/lib/python3.12/site-packages/airflow/example_dags/example_bash_decorator.py took 0.361 seconds
[2026-06-05T13:53:21.223+0000] {processor.py:186} INFO - Started process (PID=219) to work on /home/airflow/.local/lib/python3.12/site-packages/airflow/example_dags/example_bash_decorator.py
[2026-06-05T13:53:21.226+0000] {processor.py:914} INFO - Processing file /home/airflow/.local/lib/python3.12/site-packages/airflow/example_dags/example_bash_decorator.py for tasks to queue
[2026-06-05T13:53:21.239+0000] {logging_mixin.py:190} INFO - [2026-06-05T13:53:21.236+0000] {dagbag.py:588} INFO - Filling up the DagBag from /home/airflow/.local/lib/python3.12/site-packages/airflow/example_dags/example_bash_decorator.py
[2026-06-05T13:53:21.288+0000] {processor.py:925} INFO - DAG(s) 'example_bash_decorator' retrieved from /home/airflow/.local/lib/python3.12/site-packages/airflow/example_dags/example_bash_decorator.py
[2026-06-05T13:53:21.361+0000] {logging_mixin.py:190} INFO - [2026-06-05T13:53:21.360+0000] {dag.py:3239} INFO - Sync 1 DAGs
[2026-06-05T13:53:21.413+0000] {logging_mixin.py:190} INFO - [2026-06-05T13:53:21.412+0000] {dag.py:4180} INFO - Setting next_dagrun for example_bash_decorator to None, run_after=None
[2026-06-05T13:53:21.459+0000] {processor.py:208} INFO - Processing /home/airflow/.local/lib/python3.12/site-packages/airflow/example_dags/example_bash_decorator.py took 0.269 seconds
[2026-06-05T13:53:52.116+0000] {processor.py:186} INFO - Started process (PID=281) to work on /home/airflow/.local/lib/python3.12/site-packages/airflow/example_dags/example_bash_decorator.py
[2026-06-05T13:53:52.119+0000] {processor.py:914} INFO - Processing file /home/airflow/.local/lib/python3.12/site-packages/airflow/example_dags/example_bash_decorator.py for tasks to queue
[2026-06-05T13:53:52.125+0000] {logging_mixin.py:190} INFO - [2026-06-05T13:53:52.124+0000] {dagbag.py:588} INFO - Filling up the DagBag from /home/airflow/.local/lib/python3.12/site-packages/airflow/example_dags/example_bash_decorator.py
[2026-06-05T13:53:52.164+0000] {processor.py:925} INFO - DAG(s) 'example_bash_decorator' retrieved from /home/airflow/.local/lib/python3.12/site-packages/airflow/example_dags/example_bash_decorator.py
[2026-06-05T13:53:52.220+0000] {logging_mixin.py:190} INFO - [2026-06-05T13:53:52.220+0000] {dag.py:3239} INFO - Sync 1 DAGs
[2026-06-05T13:53:52.255+0000] {logging_mixin.py:190} INFO - [2026-06-05T13:53:52.254+0000] {dag.py:4180} INFO - Setting next_dagrun for example_bash_decorator to None, run_after=None
[2026-06-05T13:53:52.326+0000] {processor.py:208} INFO - Processing /home/airflow/.local/lib/python3.12/site-packages/airflow/example_dags/example_bash_decorator.py took 0.223 seconds
[2026-06-05T13:54:22.555+0000] {processor.py:186} INFO - Started process (PID=343) to work on /home/airflow/.local/lib/python3.12/site-packages/airflow/example_dags/example_bash_decorator.py
[2026-06-05T13:54:22.558+0000] {processor.py:914} INFO - Processing file /home/airflow/.local/lib/python3.12/site-packages/airflow/example_dags/example_bash_decorator.py for tasks to queue
[2026-06-05T13:54:22.562+0000] {logging_mixin.py:190} INFO - [2026-06-05T13:54:22.562+0000] {dagbag.py:588} INFO - Filling up the DagBag from /home/airflow/.local/lib/python3.12/site-packages/airflow/example_dags/example_bash_decorator.py
[2026-06-05T13:54:22.587+0000] {processor.py:925} INFO - DAG(s) 'example_bash_decorator' retrieved from /home/airflow/.local/lib/python3.12/site-packages/airflow/example_dags/example_bash_decorator.py
[2026-06-05T13:54:22.630+0000] {logging_mixin.py:190} INFO - [2026-06-05T13:54:22.630+0000] {dag.py:3239} INFO - Sync 1 DAGs
[2026-06-05T13:54:22.653+0000] {logging_mixin.py:190} INFO - [2026-06-05T13:54:22.653+0000] {dag.py:4180} INFO - Setting next_dagrun for example_bash_decorator to None, run_after=None
[2026-06-05T13:54:22.692+0000] {processor.py:208} INFO - Processing /home/airflow/.local/lib/python3.12/site-packages/airflow/example_dags/example_bash_decorator.py took 0.149 seconds
[2026-06-05T13:54:57.149+0000] {processor.py:186} INFO - Started process (PID=401) to work on /home/airflow/.local/lib/python3.12/site-packages/airflow/example_dags/example_bash_decorator.py
[2026-06-05T13:54:57.233+0000] {processor.py:914} INFO - Processing file /home/airflow/.local/lib/python3.12/site-packages/airflow/example_dags/example_bash_decorator.py for tasks to queue
[2026-06-05T13:54:57.424+0000] {logging_mixin.py:190} INFO - [2026-06-05T13:54:57.390+0000] {dagbag.py:588} INFO - Filling up the DagBag from /home/airflow/.local/lib/python3.12/site-packages/airflow/example_dags/example_bash_decorator.py
[2026-06-05T13:54:57.696+0000] {processor.py:925} INFO - DAG(s) 'example_bash_decorator' retrieved from /home/airflow/.local/lib/python3.12/site-packages/airflow/example_dags/example_bash_decorator.py
[2026-06-05T13:54:57.882+0000] {logging_mixin.py:190} INFO - [2026-06-05T13:54:57.881+0000] {dag.py:3239} INFO - Sync 1 DAGs
[2026-06-05T13:54:58.164+0000] {logging_mixin.py:190} INFO - [2026-06-05T13:54:58.162+0000] {dag.py:4180} INFO - Setting next_dagrun for example_bash_decorator to None, run_after=None
[2026-06-05T13:54:58.475+0000] {processor.py:208} INFO - Processing /home/airflow/.local/lib/python3.12/site-packages/airflow/example_dags/example_bash_decorator.py took 1.605 seconds
[2026-06-05T13:55:28.754+0000] {processor.py:186} INFO - Started process (PID=463) to work on /home/airflow/.local/lib/python3.12/site-packages/airflow/example_dags/example_bash_decorator.py
[2026-06-05T13:55:28.757+0000] {processor.py:914} INFO - Processing file /home/airflow/.local/lib/python3.12/site-packages/airflow/example_dags/example_bash_decorator.py for tasks to queue
[2026-06-05T13:55:28.765+0000] {logging_mixin.py:190} INFO - [2026-06-05T13:55:28.764+0000] {dagbag.py:588} INFO - Filling up the DagBag from /home/airflow/.local/lib/python3.12/site-packages/airflow/example_dags/example_bash_decorator.py
[2026-06-05T13:55:28.806+0000] {processor.py:925} INFO - DAG(s) 'example_bash_decorator' retrieved from /home/airflow/.local/lib/python3.12/site-packages/airflow/example_dags/example_bash_decorator.py
[2026-06-05T13:55:28.860+0000] {logging_mixin.py:190} INFO - [2026-06-05T13:55:28.859+0000] {dag.py:3239} INFO - Sync 1 DAGs
[2026-06-05T13:55:28.905+0000] {logging_mixin.py:190} INFO - [2026-06-05T13:55:28.901+0000] {dag.py:4180} INFO - Setting next_dagrun for example_bash_decorator to None, run_after=None
[2026-06-05T13:55:28.961+0000] {processor.py:208} INFO - Processing /home/airflow/.local/lib/python3.12/site-packages/airflow/example_dags/example_bash_decorator.py took 0.231 seconds
[2026-06-05T13:55:59.201+0000] {processor.py:186} INFO - Started process (PID=526) to work on /home/airflow/.local/lib/python3.12/site-packages/airflow/example_dags/example_bash_decorator.py
[2026-06-05T13:55:59.205+0000] {processor.py:914} INFO - Processing file /home/airflow/.local/lib/python3.12/site-packages/airflow/example_dags/example_bash_decorator.py for tasks to queue
[2026-06-05T13:55:59.212+0000] {logging_mixin.py:190} INFO - [2026-06-05T13:55:59.211+0000] {dagbag.py:588} INFO - Filling up the DagBag from /home/airflow/.local/lib/python3.12/site-packages/airflow/example_dags/example_bash_decorator.py
[2026-06-05T13:55:59.282+0000] {processor.py:925} INFO - DAG(s) 'example_bash_decorator' retrieved from /home/airflow/.local/lib/python3.12/site-packages/airflow/example_dags/example_bash_decorator.py
[2026-06-05T13:55:59.377+0000] {logging_mixin.py:190} INFO - [2026-06-05T13:55:59.376+0000] {dag.py:3239} INFO - Sync 1 DAGs
[2026-06-05T13:55:59.474+0000] {logging_mixin.py:190} INFO - [2026-06-05T13:55:59.474+0000] {dag.py:4180} INFO - Setting next_dagrun for example_bash_decorator to None, run_after=None
[2026-06-05T13:55:59.553+0000] {processor.py:208} INFO - Processing /home/airflow/.local/lib/python3.12/site-packages/airflow/example_dags/example_bash_decorator.py took 0.368 seconds
[2026-06-05T13:56:29.899+0000] {processor.py:186} INFO - Started process (PID=589) to work on /home/airflow/.local/lib/python3.12/site-packages/airflow/example_dags/example_bash_decorator.py
[2026-06-05T13:56:29.902+0000] {processor.py:914} INFO - Processing file /home/airflow/.local/lib/python3.12/site-packages/airflow/example_dags/example_bash_decorator.py for tasks to queue
[2026-06-05T13:56:29.909+0000] {logging_mixin.py:190} INFO - [2026-06-05T13:56:29.908+0000] {dagbag.py:588} INFO - Filling up the DagBag from /home/airflow/.local/lib/python3.12/site-packages/airflow/example_dags/example_bash_decorator.py
[2026-06-05T13:56:29.950+0000] {processor.py:925} INFO - DAG(s) 'example_bash_decorator' retrieved from /home/airflow/.local/lib/python3.12/site-packages/airflow/example_dags/example_bash_decorator.py
[2026-06-05T13:56:29.998+0000] {logging_mixin.py:190} INFO - [2026-06-05T13:56:29.997+0000] {dag.py:3239} INFO - Sync 1 DAGs
[2026-06-05T13:56:30.040+0000] {logging_mixin.py:190} INFO - [2026-06-05T13:56:30.039+0000] {dag.py:4180} INFO - Setting next_dagrun for example_bash_decorator to None, run_after=None
[2026-06-05T13:56:30.091+0000] {processor.py:208} INFO - Processing /home/airflow/.local/lib/python3.12/site-packages/airflow/example_dags/example_bash_decorator.py took 0.205 seconds
[2026-06-05T13:57:00.871+0000] {processor.py:186} INFO - Started process (PID=651) to work on /home/airflow/.local/lib/python3.12/site-packages/airflow/example_dags/example_bash_decorator.py
[2026-06-05T13:57:00.873+0000] {processor.py:914} INFO - Processing file /home/airflow/.local/lib/python3.12/site-packages/airflow/example_dags/example_bash_decorator.py for tasks to queue
[2026-06-05T13:57:00.879+0000] {logging_mixin.py:190} INFO - [2026-06-05T13:57:00.878+0000] {dagbag.py:588} INFO - Filling up the DagBag from /home/airflow/.local/lib/python3.12/site-packages/airflow/example_dags/example_bash_decorator.py
[2026-06-05T13:57:00.919+0000] {processor.py:925} INFO - DAG(s) 'example_bash_decorator' retrieved from /home/airflow/.local/lib/python3.12/site-packages/airflow/example_dags/example_bash_decorator.py
[2026-06-05T13:57:00.986+0000] {logging_mixin.py:190} INFO - [2026-06-05T13:57:00.986+0000] {dag.py:3239} INFO - Sync 1 DAGs
[2026-06-05T13:57:01.040+0000] {logging_mixin.py:190} INFO - [2026-06-05T13:57:01.039+0000] {dag.py:4180} INFO - Setting next_dagrun for example_bash_decorator to None, run_after=None
[2026-06-05T13:57:01.126+0000] {processor.py:208} INFO - Processing /home/airflow/.local/lib/python3.12/site-packages/airflow/example_dags/example_bash_decorator.py took 0.264 seconds
[2026-06-05T13:57:31.776+0000] {processor.py:186} INFO - Started process (PID=713) to work on /home/airflow/.local/lib/python3.12/site-packages/airflow/example_dags/example_bash_decorator.py
[2026-06-05T13:57:31.781+0000] {processor.py:914} INFO - Processing file /home/airflow/.local/lib/python3.12/site-packages/airflow/example_dags/example_bash_decorator.py for tasks to queue
[2026-06-05T13:57:31.800+0000] {logging_mixin.py:190} INFO - [2026-06-05T13:57:31.798+0000] {dagbag.py:588} INFO - Filling up the DagBag from /home/airflow/.local/lib/python3.12/site-packages/airflow/example_dags/example_bash_decorator.py
[2026-06-05T13:57:31.869+0000] {processor.py:925} INFO - DAG(s) 'example_bash_decorator' retrieved from /home/airflow/.local/lib/python3.12/site-packages/airflow/example_dags/example_bash_decorator.py
[2026-06-05T13:57:32.005+0000] {logging_mixin.py:190} INFO - [2026-06-05T13:57:32.005+0000] {dag.py:3239} INFO - Sync 1 DAGs
[2026-06-05T13:57:32.058+0000] {logging_mixin.py:190} INFO - [2026-06-05T13:57:32.058+0000] {dag.py:4180} INFO - Setting next_dagrun for example_bash_decorator to None, run_after=None
[2026-06-05T13:57:32.128+0000] {processor.py:208} INFO - Processing /home/airflow/.local/lib/python3.12/site-packages/airflow/example_dags/example_bash_decorator.py took 0.388 seconds
[2026-06-05T13:58:03.042+0000] {processor.py:186} INFO - Started process (PID=775) to work on /home/airflow/.local/lib/python3.12/site-packages/airflow/example_dags/example_bash_decorator.py
[2026-06-05T13:58:03.049+0000] {processor.py:914} INFO - Processing file /home/airflow/.local/lib/python3.12/site-packages/airflow/example_dags/example_bash_decorator.py for tasks to queue
[2026-06-05T13:58:03.061+0000] {logging_mixin.py:190} INFO - [2026-06-05T13:58:03.060+0000] {dagbag.py:588} INFO - Filling up the DagBag from /home/airflow/.local/lib/python3.12/site-packages/airflow/example_dags/example_bash_decorator.py
[2026-06-05T13:58:03.215+0000] {processor.py:925} INFO - DAG(s) 'example_bash_decorator' retrieved from /home/airflow/.local/lib/python3.12/site-packages/airflow/example_dags/example_bash_decorator.py
[2026-06-05T13:58:03.427+0000] {logging_mixin.py:190} INFO - [2026-06-05T13:58:03.426+0000] {dag.py:3239} INFO - Sync 1 DAGs
[2026-06-05T13:58:03.496+0000] {logging_mixin.py:190} INFO - [2026-06-05T13:58:03.495+0000] {dag.py:4180} INFO - Setting next_dagrun for example_bash_decorator to None, run_after=None
[2026-06-05T13:58:03.585+0000] {processor.py:208} INFO - Processing /home/airflow/.local/lib/python3.12/site-packages/airflow/example_dags/example_bash_decorator.py took 0.594 seconds
[2026-06-05T13:58:34.523+0000] {processor.py:186} INFO - Started process (PID=837) to work on /home/airflow/.local/lib/python3.12/site-packages/airflow/example_dags/example_bash_decorator.py
[2026-06-05T13:58:34.526+0000] {processor.py:914} INFO - Processing file /home/airflow/.local/lib/python3.12/site-packages/airflow/example_dags/example_bash_decorator.py for tasks to queue
[2026-06-05T13:58:34.541+0000] {logging_mixin.py:190} INFO - [2026-06-05T13:58:34.540+0000] {dagbag.py:588} INFO - Filling up the DagBag from /home/airflow/.local/lib/python3.12/site-packages/airflow/example_dags/example_bash_decorator.py
[2026-06-05T13:58:34.581+0000] {processor.py:925} INFO - DAG(s) 'example_bash_decorator' retrieved from /home/airflow/.local/lib/python3.12/site-packages/airflow/example_dags/example_bash_decorator.py
[2026-06-05T13:58:34.639+0000] {logging_mixin.py:190} INFO - [2026-06-05T13:58:34.638+0000] {dag.py:3239} INFO - Sync 1 DAGs
[2026-06-05T13:58:34.679+0000] {logging_mixin.py:190} INFO - [2026-06-05T13:58:34.678+0000] {dag.py:4180} INFO - Setting next_dagrun for example_bash_decorator to None, run_after=None
[2026-06-05T13:58:34.732+0000] {processor.py:208} INFO - Processing /home/airflow/.local/lib/python3.12/site-packages/airflow/example_dags/example_bash_decorator.py took 0.229 seconds
[2026-06-05T13:59:05.076+0000] {processor.py:186} INFO - Started process (PID=899) to work on /home/airflow/.local/lib/python3.12/site-packages/airflow/example_dags/example_bash_decorator.py
[2026-06-05T13:59:05.079+0000] {processor.py:914} INFO - Processing file /home/airflow/.local/lib/python3.12/site-packages/airflow/example_dags/example_bash_decorator.py for tasks to queue
[2026-06-05T13:59:05.088+0000] {logging_mixin.py:190} INFO - [2026-06-05T13:59:05.087+0000] {dagbag.py:588} INFO - Filling up the DagBag from /home/airflow/.local/lib/python3.12/site-packages/airflow/example_dags/example_bash_decorator.py
[2026-06-05T13:59:05.131+0000] {processor.py:925} INFO - DAG(s) 'example_bash_decorator' retrieved from /home/airflow/.local/lib/python3.12/site-packages/airflow/example_dags/example_bash_decorator.py
[2026-06-05T13:59:05.214+0000] {logging_mixin.py:190} INFO - [2026-06-05T13:59:05.213+0000] {dag.py:3239} INFO - Sync 1 DAGs
[2026-06-05T13:59:05.254+0000] {logging_mixin.py:190} INFO - [2026-06-05T13:59:05.253+0000] {dag.py:4180} INFO - Setting next_dagrun for example_bash_decorator to None, run_after=None
[2026-06-05T13:59:05.306+0000] {processor.py:208} INFO - Processing /home/airflow/.local/lib/python3.12/site-packages/airflow/example_dags/example_bash_decorator.py took 0.252 seconds
