[2026-06-05T13:52:26.369+0000] {processor.py:186} INFO - Started process (PID=117) to work on /home/airflow/.local/lib/python3.12/site-packages/airflow/example_dags/example_dynamic_task_mapping.py
[2026-06-05T13:52:26.381+0000] {processor.py:914} INFO - Processing file /home/airflow/.local/lib/python3.12/site-packages/airflow/example_dags/example_dynamic_task_mapping.py for tasks to queue
[2026-06-05T13:52:26.390+0000] {logging_mixin.py:190} INFO - [2026-06-05T13:52:26.388+0000] {dagbag.py:588} INFO - Filling up the DagBag from /home/airflow/.local/lib/python3.12/site-packages/airflow/example_dags/example_dynamic_task_mapping.py
[2026-06-05T13:52:26.436+0000] {processor.py:925} INFO - DAG(s) 'example_dynamic_task_mapping' retrieved from /home/airflow/.local/lib/python3.12/site-packages/airflow/example_dags/example_dynamic_task_mapping.py
[2026-06-05T13:52:26.983+0000] {logging_mixin.py:190} INFO - [2026-06-05T13:52:26.981+0000] {override.py:1900} INFO - Created Permission View: can delete on DAG:example_dynamic_task_mapping
[2026-06-05T13:52:27.025+0000] {logging_mixin.py:190} INFO - [2026-06-05T13:52:27.024+0000] {override.py:1900} INFO - Created Permission View: can read on DAG:example_dynamic_task_mapping
[2026-06-05T13:52:27.053+0000] {logging_mixin.py:190} INFO - [2026-06-05T13:52:27.052+0000] {override.py:1900} INFO - Created Permission View: can edit on DAG:example_dynamic_task_mapping
[2026-06-05T13:52:27.085+0000] {logging_mixin.py:190} INFO - [2026-06-05T13:52:27.084+0000] {override.py:1900} INFO - Created Permission View: menu access on DAG Run:example_dynamic_task_mapping
[2026-06-05T13:52:27.111+0000] {logging_mixin.py:190} INFO - [2026-06-05T13:52:27.108+0000] {override.py:1900} INFO - Created Permission View: can delete on DAG Run:example_dynamic_task_mapping
[2026-06-05T13:52:27.137+0000] {logging_mixin.py:190} INFO - [2026-06-05T13:52:27.136+0000] {override.py:1900} INFO - Created Permission View: can read on DAG Run:example_dynamic_task_mapping
[2026-06-05T13:52:27.166+0000] {logging_mixin.py:190} INFO - [2026-06-05T13:52:27.165+0000] {override.py:1900} INFO - Created Permission View: can create on DAG Run:example_dynamic_task_mapping
[2026-06-05T13:52:27.169+0000] {logging_mixin.py:190} INFO - [2026-06-05T13:52:27.168+0000] {dag.py:3239} INFO - Sync 1 DAGs
[2026-06-05T13:52:27.227+0000] {logging_mixin.py:190} INFO - [2026-06-05T13:52:27.226+0000] {dag.py:3262} INFO - Creating ORM DAG for example_dynamic_task_mapping
[2026-06-05T13:52:27.232+0000] {logging_mixin.py:190} INFO - [2026-06-05T13:52:27.231+0000] {dag.py:4180} INFO - Setting next_dagrun for example_dynamic_task_mapping to None, run_after=None
[2026-06-05T13:52:27.299+0000] {processor.py:208} INFO - Processing /home/airflow/.local/lib/python3.12/site-packages/airflow/example_dags/example_dynamic_task_mapping.py took 0.955 seconds
[2026-06-05T13:52:57.883+0000] {processor.py:186} INFO - Started process (PID=178) to work on /home/airflow/.local/lib/python3.12/site-packages/airflow/example_dags/example_dynamic_task_mapping.py
[2026-06-05T13:52:57.885+0000] {processor.py:914} INFO - Processing file /home/airflow/.local/lib/python3.12/site-packages/airflow/example_dags/example_dynamic_task_mapping.py for tasks to queue
[2026-06-05T13:52:57.893+0000] {logging_mixin.py:190} INFO - [2026-06-05T13:52:57.892+0000] {dagbag.py:588} INFO - Filling up the DagBag from /home/airflow/.local/lib/python3.12/site-packages/airflow/example_dags/example_dynamic_task_mapping.py
[2026-06-05T13:52:57.910+0000] {processor.py:925} INFO - DAG(s) 'example_dynamic_task_mapping' retrieved from /home/airflow/.local/lib/python3.12/site-packages/airflow/example_dags/example_dynamic_task_mapping.py
[2026-06-05T13:52:57.951+0000] {logging_mixin.py:190} INFO - [2026-06-05T13:52:57.951+0000] {dag.py:3239} INFO - Sync 1 DAGs
[2026-06-05T13:52:57.984+0000] {logging_mixin.py:190} INFO - [2026-06-05T13:52:57.983+0000] {dag.py:4180} INFO - Setting next_dagrun for example_dynamic_task_mapping to None, run_after=None
[2026-06-05T13:52:58.028+0000] {processor.py:208} INFO - Processing /home/airflow/.local/lib/python3.12/site-packages/airflow/example_dags/example_dynamic_task_mapping.py took 0.155 seconds
[2026-06-05T13:53:29.502+0000] {processor.py:186} INFO - Started process (PID=240) to work on /home/airflow/.local/lib/python3.12/site-packages/airflow/example_dags/example_dynamic_task_mapping.py
[2026-06-05T13:53:29.505+0000] {processor.py:914} INFO - Processing file /home/airflow/.local/lib/python3.12/site-packages/airflow/example_dags/example_dynamic_task_mapping.py for tasks to queue
[2026-06-05T13:53:29.512+0000] {logging_mixin.py:190} INFO - [2026-06-05T13:53:29.511+0000] {dagbag.py:588} INFO - Filling up the DagBag from /home/airflow/.local/lib/python3.12/site-packages/airflow/example_dags/example_dynamic_task_mapping.py
[2026-06-05T13:53:29.552+0000] {processor.py:925} INFO - DAG(s) 'example_dynamic_task_mapping' retrieved from /home/airflow/.local/lib/python3.12/site-packages/airflow/example_dags/example_dynamic_task_mapping.py
[2026-06-05T13:53:29.823+0000] {logging_mixin.py:190} INFO - [2026-06-05T13:53:29.822+0000] {dag.py:3239} INFO - Sync 1 DAGs
[2026-06-05T13:53:30.156+0000] {logging_mixin.py:190} INFO - [2026-06-05T13:53:30.155+0000] {dag.py:4180} INFO - Setting next_dagrun for example_dynamic_task_mapping to None, run_after=None
[2026-06-05T13:53:30.484+0000] {processor.py:208} INFO - Processing /home/airflow/.local/lib/python3.12/site-packages/airflow/example_dags/example_dynamic_task_mapping.py took 1.002 seconds
[2026-06-05T13:54:00.972+0000] {processor.py:186} INFO - Started process (PID=302) to work on /home/airflow/.local/lib/python3.12/site-packages/airflow/example_dags/example_dynamic_task_mapping.py
[2026-06-05T13:54:00.977+0000] {processor.py:914} INFO - Processing file /home/airflow/.local/lib/python3.12/site-packages/airflow/example_dags/example_dynamic_task_mapping.py for tasks to queue
[2026-06-05T13:54:00.992+0000] {logging_mixin.py:190} INFO - [2026-06-05T13:54:00.989+0000] {dagbag.py:588} INFO - Filling up the DagBag from /home/airflow/.local/lib/python3.12/site-packages/airflow/example_dags/example_dynamic_task_mapping.py
[2026-06-05T13:54:01.042+0000] {processor.py:925} INFO - DAG(s) 'example_dynamic_task_mapping' retrieved from /home/airflow/.local/lib/python3.12/site-packages/airflow/example_dags/example_dynamic_task_mapping.py
[2026-06-05T13:54:01.139+0000] {logging_mixin.py:190} INFO - [2026-06-05T13:54:01.138+0000] {dag.py:3239} INFO - Sync 1 DAGs
[2026-06-05T13:54:01.222+0000] {logging_mixin.py:190} INFO - [2026-06-05T13:54:01.214+0000] {dag.py:4180} INFO - Setting next_dagrun for example_dynamic_task_mapping to None, run_after=None
[2026-06-05T13:54:01.298+0000] {processor.py:208} INFO - Processing /home/airflow/.local/lib/python3.12/site-packages/airflow/example_dags/example_dynamic_task_mapping.py took 0.361 seconds
[2026-06-05T13:54:31.806+0000] {processor.py:186} INFO - Started process (PID=364) to work on /home/airflow/.local/lib/python3.12/site-packages/airflow/example_dags/example_dynamic_task_mapping.py
[2026-06-05T13:54:31.810+0000] {processor.py:914} INFO - Processing file /home/airflow/.local/lib/python3.12/site-packages/airflow/example_dags/example_dynamic_task_mapping.py for tasks to queue
[2026-06-05T13:54:31.817+0000] {logging_mixin.py:190} INFO - [2026-06-05T13:54:31.816+0000] {dagbag.py:588} INFO - Filling up the DagBag from /home/airflow/.local/lib/python3.12/site-packages/airflow/example_dags/example_dynamic_task_mapping.py
[2026-06-05T13:54:31.845+0000] {processor.py:925} INFO - DAG(s) 'example_dynamic_task_mapping' retrieved from /home/airflow/.local/lib/python3.12/site-packages/airflow/example_dags/example_dynamic_task_mapping.py
[2026-06-05T13:54:31.933+0000] {logging_mixin.py:190} INFO - [2026-06-05T13:54:31.932+0000] {dag.py:3239} INFO - Sync 1 DAGs
[2026-06-05T13:54:32.008+0000] {logging_mixin.py:190} INFO - [2026-06-05T13:54:32.008+0000] {dag.py:4180} INFO - Setting next_dagrun for example_dynamic_task_mapping to None, run_after=None
[2026-06-05T13:54:32.120+0000] {processor.py:208} INFO - Processing /home/airflow/.local/lib/python3.12/site-packages/airflow/example_dags/example_dynamic_task_mapping.py took 0.336 seconds
[2026-06-05T13:55:05.996+0000] {processor.py:186} INFO - Started process (PID=426) to work on /home/airflow/.local/lib/python3.12/site-packages/airflow/example_dags/example_dynamic_task_mapping.py
[2026-06-05T13:55:06.001+0000] {processor.py:914} INFO - Processing file /home/airflow/.local/lib/python3.12/site-packages/airflow/example_dags/example_dynamic_task_mapping.py for tasks to queue
[2026-06-05T13:55:06.010+0000] {logging_mixin.py:190} INFO - [2026-06-05T13:55:06.009+0000] {dagbag.py:588} INFO - Filling up the DagBag from /home/airflow/.local/lib/python3.12/site-packages/airflow/example_dags/example_dynamic_task_mapping.py
[2026-06-05T13:55:06.047+0000] {processor.py:925} INFO - DAG(s) 'example_dynamic_task_mapping' retrieved from /home/airflow/.local/lib/python3.12/site-packages/airflow/example_dags/example_dynamic_task_mapping.py
[2026-06-05T13:55:06.130+0000] {logging_mixin.py:190} INFO - [2026-06-05T13:55:06.129+0000] {dag.py:3239} INFO - Sync 1 DAGs
[2026-06-05T13:55:06.193+0000] {logging_mixin.py:190} INFO - [2026-06-05T13:55:06.193+0000] {dag.py:4180} INFO - Setting next_dagrun for example_dynamic_task_mapping to None, run_after=None
[2026-06-05T13:55:06.276+0000] {processor.py:208} INFO - Processing /home/airflow/.local/lib/python3.12/site-packages/airflow/example_dags/example_dynamic_task_mapping.py took 0.309 seconds
[2026-06-05T13:55:37.141+0000] {processor.py:186} INFO - Started process (PID=488) to work on /home/airflow/.local/lib/python3.12/site-packages/airflow/example_dags/example_dynamic_task_mapping.py
[2026-06-05T13:55:37.143+0000] {processor.py:914} INFO - Processing file /home/airflow/.local/lib/python3.12/site-packages/airflow/example_dags/example_dynamic_task_mapping.py for tasks to queue
[2026-06-05T13:55:37.149+0000] {logging_mixin.py:190} INFO - [2026-06-05T13:55:37.148+0000] {dagbag.py:588} INFO - Filling up the DagBag from /home/airflow/.local/lib/python3.12/site-packages/airflow/example_dags/example_dynamic_task_mapping.py
[2026-06-05T13:55:37.165+0000] {processor.py:925} INFO - DAG(s) 'example_dynamic_task_mapping' retrieved from /home/airflow/.local/lib/python3.12/site-packages/airflow/example_dags/example_dynamic_task_mapping.py
[2026-06-05T13:55:37.206+0000] {logging_mixin.py:190} INFO - [2026-06-05T13:55:37.205+0000] {dag.py:3239} INFO - Sync 1 DAGs
[2026-06-05T13:55:37.234+0000] {logging_mixin.py:190} INFO - [2026-06-05T13:55:37.233+0000] {dag.py:4180} INFO - Setting next_dagrun for example_dynamic_task_mapping to None, run_after=None
[2026-06-05T13:55:37.277+0000] {processor.py:208} INFO - Processing /home/airflow/.local/lib/python3.12/site-packages/airflow/example_dags/example_dynamic_task_mapping.py took 0.148 seconds
[2026-06-05T13:56:09.306+0000] {processor.py:186} INFO - Started process (PID=551) to work on /home/airflow/.local/lib/python3.12/site-packages/airflow/example_dags/example_dynamic_task_mapping.py
[2026-06-05T13:56:09.312+0000] {processor.py:914} INFO - Processing file /home/airflow/.local/lib/python3.12/site-packages/airflow/example_dags/example_dynamic_task_mapping.py for tasks to queue
[2026-06-05T13:56:09.326+0000] {logging_mixin.py:190} INFO - [2026-06-05T13:56:09.325+0000] {dagbag.py:588} INFO - Filling up the DagBag from /home/airflow/.local/lib/python3.12/site-packages/airflow/example_dags/example_dynamic_task_mapping.py
[2026-06-05T13:56:09.356+0000] {processor.py:925} INFO - DAG(s) 'example_dynamic_task_mapping' retrieved from /home/airflow/.local/lib/python3.12/site-packages/airflow/example_dags/example_dynamic_task_mapping.py
[2026-06-05T13:56:09.429+0000] {logging_mixin.py:190} INFO - [2026-06-05T13:56:09.428+0000] {dag.py:3239} INFO - Sync 1 DAGs
[2026-06-05T13:56:09.517+0000] {logging_mixin.py:190} INFO - [2026-06-05T13:56:09.516+0000] {dag.py:4180} INFO - Setting next_dagrun for example_dynamic_task_mapping to None, run_after=None
[2026-06-05T13:56:09.627+0000] {processor.py:208} INFO - Processing /home/airflow/.local/lib/python3.12/site-packages/airflow/example_dags/example_dynamic_task_mapping.py took 0.353 seconds
[2026-06-05T13:56:39.864+0000] {processor.py:186} INFO - Started process (PID=614) to work on /home/airflow/.local/lib/python3.12/site-packages/airflow/example_dags/example_dynamic_task_mapping.py
[2026-06-05T13:56:39.870+0000] {processor.py:914} INFO - Processing file /home/airflow/.local/lib/python3.12/site-packages/airflow/example_dags/example_dynamic_task_mapping.py for tasks to queue
[2026-06-05T13:56:39.925+0000] {logging_mixin.py:190} INFO - [2026-06-05T13:56:39.924+0000] {dagbag.py:588} INFO - Filling up the DagBag from /home/airflow/.local/lib/python3.12/site-packages/airflow/example_dags/example_dynamic_task_mapping.py
[2026-06-05T13:56:40.021+0000] {processor.py:925} INFO - DAG(s) 'example_dynamic_task_mapping' retrieved from /home/airflow/.local/lib/python3.12/site-packages/airflow/example_dags/example_dynamic_task_mapping.py
[2026-06-05T13:56:40.166+0000] {logging_mixin.py:190} INFO - [2026-06-05T13:56:40.165+0000] {dag.py:3239} INFO - Sync 1 DAGs
[2026-06-05T13:56:40.319+0000] {logging_mixin.py:190} INFO - [2026-06-05T13:56:40.307+0000] {dag.py:4180} INFO - Setting next_dagrun for example_dynamic_task_mapping to None, run_after=None
[2026-06-05T13:56:40.483+0000] {processor.py:208} INFO - Processing /home/airflow/.local/lib/python3.12/site-packages/airflow/example_dags/example_dynamic_task_mapping.py took 0.652 seconds
[2026-06-05T13:57:10.820+0000] {processor.py:186} INFO - Started process (PID=676) to work on /home/airflow/.local/lib/python3.12/site-packages/airflow/example_dags/example_dynamic_task_mapping.py
[2026-06-05T13:57:10.823+0000] {processor.py:914} INFO - Processing file /home/airflow/.local/lib/python3.12/site-packages/airflow/example_dags/example_dynamic_task_mapping.py for tasks to queue
[2026-06-05T13:57:10.832+0000] {logging_mixin.py:190} INFO - [2026-06-05T13:57:10.831+0000] {dagbag.py:588} INFO - Filling up the DagBag from /home/airflow/.local/lib/python3.12/site-packages/airflow/example_dags/example_dynamic_task_mapping.py
[2026-06-05T13:57:10.863+0000] {processor.py:925} INFO - DAG(s) 'example_dynamic_task_mapping' retrieved from /home/airflow/.local/lib/python3.12/site-packages/airflow/example_dags/example_dynamic_task_mapping.py
[2026-06-05T13:57:10.910+0000] {logging_mixin.py:190} INFO - [2026-06-05T13:57:10.910+0000] {dag.py:3239} INFO - Sync 1 DAGs
[2026-06-05T13:57:10.947+0000] {logging_mixin.py:190} INFO - [2026-06-05T13:57:10.946+0000] {dag.py:4180} INFO - Setting next_dagrun for example_dynamic_task_mapping to None, run_after=None
[2026-06-05T13:57:10.997+0000] {processor.py:208} INFO - Processing /home/airflow/.local/lib/python3.12/site-packages/airflow/example_dags/example_dynamic_task_mapping.py took 0.191 seconds
[2026-06-05T13:57:41.613+0000] {processor.py:186} INFO - Started process (PID=738) to work on /home/airflow/.local/lib/python3.12/site-packages/airflow/example_dags/example_dynamic_task_mapping.py
[2026-06-05T13:57:41.626+0000] {processor.py:914} INFO - Processing file /home/airflow/.local/lib/python3.12/site-packages/airflow/example_dags/example_dynamic_task_mapping.py for tasks to queue
[2026-06-05T13:57:41.656+0000] {logging_mixin.py:190} INFO - [2026-06-05T13:57:41.655+0000] {dagbag.py:588} INFO - Filling up the DagBag from /home/airflow/.local/lib/python3.12/site-packages/airflow/example_dags/example_dynamic_task_mapping.py
[2026-06-05T13:57:41.740+0000] {processor.py:925} INFO - DAG(s) 'example_dynamic_task_mapping' retrieved from /home/airflow/.local/lib/python3.12/site-packages/airflow/example_dags/example_dynamic_task_mapping.py
[2026-06-05T13:57:41.909+0000] {logging_mixin.py:190} INFO - [2026-06-05T13:57:41.908+0000] {dag.py:3239} INFO - Sync 1 DAGs
[2026-06-05T13:57:42.056+0000] {logging_mixin.py:190} INFO - [2026-06-05T13:57:42.055+0000] {dag.py:4180} INFO - Setting next_dagrun for example_dynamic_task_mapping to None, run_after=None
[2026-06-05T13:57:42.353+0000] {processor.py:208} INFO - Processing /home/airflow/.local/lib/python3.12/site-packages/airflow/example_dags/example_dynamic_task_mapping.py took 0.781 seconds
[2026-06-05T13:58:16.414+0000] {processor.py:186} INFO - Started process (PID=800) to work on /home/airflow/.local/lib/python3.12/site-packages/airflow/example_dags/example_dynamic_task_mapping.py
[2026-06-05T13:58:16.427+0000] {processor.py:914} INFO - Processing file /home/airflow/.local/lib/python3.12/site-packages/airflow/example_dags/example_dynamic_task_mapping.py for tasks to queue
[2026-06-05T13:58:16.458+0000] {logging_mixin.py:190} INFO - [2026-06-05T13:58:16.457+0000] {dagbag.py:588} INFO - Filling up the DagBag from /home/airflow/.local/lib/python3.12/site-packages/airflow/example_dags/example_dynamic_task_mapping.py
[2026-06-05T13:58:16.528+0000] {processor.py:925} INFO - DAG(s) 'example_dynamic_task_mapping' retrieved from /home/airflow/.local/lib/python3.12/site-packages/airflow/example_dags/example_dynamic_task_mapping.py
[2026-06-05T13:58:16.648+0000] {logging_mixin.py:190} INFO - [2026-06-05T13:58:16.646+0000] {dag.py:3239} INFO - Sync 1 DAGs
[2026-06-05T13:58:16.724+0000] {logging_mixin.py:190} INFO - [2026-06-05T13:58:16.715+0000] {dag.py:4180} INFO - Setting next_dagrun for example_dynamic_task_mapping to None, run_after=None
[2026-06-05T13:58:16.809+0000] {processor.py:208} INFO - Processing /home/airflow/.local/lib/python3.12/site-packages/airflow/example_dags/example_dynamic_task_mapping.py took 0.427 seconds
[2026-06-05T13:58:49.030+0000] {processor.py:186} INFO - Started process (PID=864) to work on /home/airflow/.local/lib/python3.12/site-packages/airflow/example_dags/example_dynamic_task_mapping.py
[2026-06-05T13:58:49.036+0000] {processor.py:914} INFO - Processing file /home/airflow/.local/lib/python3.12/site-packages/airflow/example_dags/example_dynamic_task_mapping.py for tasks to queue
[2026-06-05T13:58:49.043+0000] {logging_mixin.py:190} INFO - [2026-06-05T13:58:49.042+0000] {dagbag.py:588} INFO - Filling up the DagBag from /home/airflow/.local/lib/python3.12/site-packages/airflow/example_dags/example_dynamic_task_mapping.py
[2026-06-05T13:58:49.106+0000] {processor.py:925} INFO - DAG(s) 'example_dynamic_task_mapping' retrieved from /home/airflow/.local/lib/python3.12/site-packages/airflow/example_dags/example_dynamic_task_mapping.py
[2026-06-05T13:58:49.234+0000] {logging_mixin.py:190} INFO - [2026-06-05T13:58:49.233+0000] {dag.py:3239} INFO - Sync 1 DAGs
[2026-06-05T13:58:49.323+0000] {logging_mixin.py:190} INFO - [2026-06-05T13:58:49.323+0000] {dag.py:4180} INFO - Setting next_dagrun for example_dynamic_task_mapping to None, run_after=None
[2026-06-05T13:58:49.485+0000] {processor.py:208} INFO - Processing /home/airflow/.local/lib/python3.12/site-packages/airflow/example_dags/example_dynamic_task_mapping.py took 0.487 seconds
[2026-06-05T13:59:19.827+0000] {processor.py:186} INFO - Started process (PID=931) to work on /home/airflow/.local/lib/python3.12/site-packages/airflow/example_dags/example_dynamic_task_mapping.py
[2026-06-05T13:59:19.834+0000] {processor.py:914} INFO - Processing file /home/airflow/.local/lib/python3.12/site-packages/airflow/example_dags/example_dynamic_task_mapping.py for tasks to queue
[2026-06-05T13:59:19.843+0000] {logging_mixin.py:190} INFO - [2026-06-05T13:59:19.842+0000] {dagbag.py:588} INFO - Filling up the DagBag from /home/airflow/.local/lib/python3.12/site-packages/airflow/example_dags/example_dynamic_task_mapping.py
[2026-06-05T13:59:19.875+0000] {processor.py:925} INFO - DAG(s) 'example_dynamic_task_mapping' retrieved from /home/airflow/.local/lib/python3.12/site-packages/airflow/example_dags/example_dynamic_task_mapping.py
[2026-06-05T13:59:19.941+0000] {logging_mixin.py:190} INFO - [2026-06-05T13:59:19.940+0000] {dag.py:3239} INFO - Sync 1 DAGs
[2026-06-05T13:59:19.993+0000] {logging_mixin.py:190} INFO - [2026-06-05T13:59:19.993+0000] {dag.py:4180} INFO - Setting next_dagrun for example_dynamic_task_mapping to None, run_after=None
[2026-06-05T13:59:20.053+0000] {processor.py:208} INFO - Processing /home/airflow/.local/lib/python3.12/site-packages/airflow/example_dags/example_dynamic_task_mapping.py took 0.249 seconds
