[2026-06-05T13:52:46.909+0000] {processor.py:186} INFO - Started process (PID=148) to work on /home/airflow/.local/lib/python3.12/site-packages/airflow/example_dags/example_complex.py
[2026-06-05T13:52:46.938+0000] {processor.py:914} INFO - Processing file /home/airflow/.local/lib/python3.12/site-packages/airflow/example_dags/example_complex.py for tasks to queue
[2026-06-05T13:52:46.950+0000] {logging_mixin.py:190} INFO - [2026-06-05T13:52:46.949+0000] {dagbag.py:588} INFO - Filling up the DagBag from /home/airflow/.local/lib/python3.12/site-packages/airflow/example_dags/example_complex.py
[2026-06-05T13:52:47.019+0000] {processor.py:925} INFO - DAG(s) 'example_complex' retrieved from /home/airflow/.local/lib/python3.12/site-packages/airflow/example_dags/example_complex.py
[2026-06-05T13:52:47.502+0000] {logging_mixin.py:190} INFO - [2026-06-05T13:52:47.500+0000] {override.py:1900} INFO - Created Permission View: can delete on DAG:example_complex
[2026-06-05T13:52:47.546+0000] {logging_mixin.py:190} INFO - [2026-06-05T13:52:47.545+0000] {override.py:1900} INFO - Created Permission View: can read on DAG:example_complex
[2026-06-05T13:52:47.578+0000] {logging_mixin.py:190} INFO - [2026-06-05T13:52:47.577+0000] {override.py:1900} INFO - Created Permission View: can edit on DAG:example_complex
[2026-06-05T13:52:47.611+0000] {logging_mixin.py:190} INFO - [2026-06-05T13:52:47.610+0000] {override.py:1900} INFO - Created Permission View: menu access on DAG Run:example_complex
[2026-06-05T13:52:47.638+0000] {logging_mixin.py:190} INFO - [2026-06-05T13:52:47.637+0000] {override.py:1900} INFO - Created Permission View: can delete on DAG Run:example_complex
[2026-06-05T13:52:47.663+0000] {logging_mixin.py:190} INFO - [2026-06-05T13:52:47.662+0000] {override.py:1900} INFO - Created Permission View: can read on DAG Run:example_complex
[2026-06-05T13:52:47.687+0000] {logging_mixin.py:190} INFO - [2026-06-05T13:52:47.686+0000] {override.py:1900} INFO - Created Permission View: can create on DAG Run:example_complex
[2026-06-05T13:52:47.689+0000] {logging_mixin.py:190} INFO - [2026-06-05T13:52:47.689+0000] {dag.py:3239} INFO - Sync 1 DAGs
[2026-06-05T13:52:47.744+0000] {logging_mixin.py:190} INFO - [2026-06-05T13:52:47.744+0000] {dag.py:3262} INFO - Creating ORM DAG for example_complex
[2026-06-05T13:52:47.748+0000] {logging_mixin.py:190} INFO - [2026-06-05T13:52:47.747+0000] {dag.py:4180} INFO - Setting next_dagrun for example_complex to None, run_after=None
[2026-06-05T13:52:47.808+0000] {processor.py:208} INFO - Processing /home/airflow/.local/lib/python3.12/site-packages/airflow/example_dags/example_complex.py took 0.926 seconds
[2026-06-05T13:53:18.331+0000] {processor.py:186} INFO - Started process (PID=210) to work on /home/airflow/.local/lib/python3.12/site-packages/airflow/example_dags/example_complex.py
[2026-06-05T13:53:18.333+0000] {processor.py:914} INFO - Processing file /home/airflow/.local/lib/python3.12/site-packages/airflow/example_dags/example_complex.py for tasks to queue
[2026-06-05T13:53:18.340+0000] {logging_mixin.py:190} INFO - [2026-06-05T13:53:18.339+0000] {dagbag.py:588} INFO - Filling up the DagBag from /home/airflow/.local/lib/python3.12/site-packages/airflow/example_dags/example_complex.py
[2026-06-05T13:53:18.363+0000] {processor.py:925} INFO - DAG(s) 'example_complex' retrieved from /home/airflow/.local/lib/python3.12/site-packages/airflow/example_dags/example_complex.py
[2026-06-05T13:53:18.439+0000] {logging_mixin.py:190} INFO - [2026-06-05T13:53:18.439+0000] {dag.py:3239} INFO - Sync 1 DAGs
[2026-06-05T13:53:18.473+0000] {logging_mixin.py:190} INFO - [2026-06-05T13:53:18.473+0000] {dag.py:4180} INFO - Setting next_dagrun for example_complex to None, run_after=None
[2026-06-05T13:53:18.517+0000] {processor.py:208} INFO - Processing /home/airflow/.local/lib/python3.12/site-packages/airflow/example_dags/example_complex.py took 0.198 seconds
[2026-06-05T13:53:48.914+0000] {processor.py:186} INFO - Started process (PID=272) to work on /home/airflow/.local/lib/python3.12/site-packages/airflow/example_dags/example_complex.py
[2026-06-05T13:53:48.917+0000] {processor.py:914} INFO - Processing file /home/airflow/.local/lib/python3.12/site-packages/airflow/example_dags/example_complex.py for tasks to queue
[2026-06-05T13:53:48.923+0000] {logging_mixin.py:190} INFO - [2026-06-05T13:53:48.922+0000] {dagbag.py:588} INFO - Filling up the DagBag from /home/airflow/.local/lib/python3.12/site-packages/airflow/example_dags/example_complex.py
[2026-06-05T13:53:48.954+0000] {processor.py:925} INFO - DAG(s) 'example_complex' retrieved from /home/airflow/.local/lib/python3.12/site-packages/airflow/example_dags/example_complex.py
[2026-06-05T13:53:49.050+0000] {logging_mixin.py:190} INFO - [2026-06-05T13:53:49.049+0000] {dag.py:3239} INFO - Sync 1 DAGs
[2026-06-05T13:53:49.113+0000] {logging_mixin.py:190} INFO - [2026-06-05T13:53:49.112+0000] {dag.py:4180} INFO - Setting next_dagrun for example_complex to None, run_after=None
[2026-06-05T13:53:49.225+0000] {processor.py:208} INFO - Processing /home/airflow/.local/lib/python3.12/site-packages/airflow/example_dags/example_complex.py took 0.321 seconds
[2026-06-05T13:54:19.519+0000] {processor.py:186} INFO - Started process (PID=334) to work on /home/airflow/.local/lib/python3.12/site-packages/airflow/example_dags/example_complex.py
[2026-06-05T13:54:19.522+0000] {processor.py:914} INFO - Processing file /home/airflow/.local/lib/python3.12/site-packages/airflow/example_dags/example_complex.py for tasks to queue
[2026-06-05T13:54:19.526+0000] {logging_mixin.py:190} INFO - [2026-06-05T13:54:19.525+0000] {dagbag.py:588} INFO - Filling up the DagBag from /home/airflow/.local/lib/python3.12/site-packages/airflow/example_dags/example_complex.py
[2026-06-05T13:54:19.549+0000] {processor.py:925} INFO - DAG(s) 'example_complex' retrieved from /home/airflow/.local/lib/python3.12/site-packages/airflow/example_dags/example_complex.py
[2026-06-05T13:54:19.609+0000] {logging_mixin.py:190} INFO - [2026-06-05T13:54:19.609+0000] {dag.py:3239} INFO - Sync 1 DAGs
[2026-06-05T13:54:19.634+0000] {logging_mixin.py:190} INFO - [2026-06-05T13:54:19.634+0000] {dag.py:4180} INFO - Setting next_dagrun for example_complex to None, run_after=None
[2026-06-05T13:54:19.675+0000] {processor.py:208} INFO - Processing /home/airflow/.local/lib/python3.12/site-packages/airflow/example_dags/example_complex.py took 0.168 seconds
[2026-06-05T13:54:54.166+0000] {processor.py:186} INFO - Started process (PID=396) to work on /home/airflow/.local/lib/python3.12/site-packages/airflow/example_dags/example_complex.py
[2026-06-05T13:54:54.173+0000] {processor.py:914} INFO - Processing file /home/airflow/.local/lib/python3.12/site-packages/airflow/example_dags/example_complex.py for tasks to queue
[2026-06-05T13:54:54.192+0000] {logging_mixin.py:190} INFO - [2026-06-05T13:54:54.190+0000] {dagbag.py:588} INFO - Filling up the DagBag from /home/airflow/.local/lib/python3.12/site-packages/airflow/example_dags/example_complex.py
[2026-06-05T13:54:54.308+0000] {processor.py:925} INFO - DAG(s) 'example_complex' retrieved from /home/airflow/.local/lib/python3.12/site-packages/airflow/example_dags/example_complex.py
[2026-06-05T13:54:54.500+0000] {logging_mixin.py:190} INFO - [2026-06-05T13:54:54.498+0000] {dag.py:3239} INFO - Sync 1 DAGs
[2026-06-05T13:54:54.591+0000] {logging_mixin.py:190} INFO - [2026-06-05T13:54:54.590+0000] {dag.py:4180} INFO - Setting next_dagrun for example_complex to None, run_after=None
[2026-06-05T13:54:54.725+0000] {processor.py:208} INFO - Processing /home/airflow/.local/lib/python3.12/site-packages/airflow/example_dags/example_complex.py took 0.587 seconds
[2026-06-05T13:55:24.955+0000] {processor.py:186} INFO - Started process (PID=458) to work on /home/airflow/.local/lib/python3.12/site-packages/airflow/example_dags/example_complex.py
[2026-06-05T13:55:24.958+0000] {processor.py:914} INFO - Processing file /home/airflow/.local/lib/python3.12/site-packages/airflow/example_dags/example_complex.py for tasks to queue
[2026-06-05T13:55:24.965+0000] {logging_mixin.py:190} INFO - [2026-06-05T13:55:24.964+0000] {dagbag.py:588} INFO - Filling up the DagBag from /home/airflow/.local/lib/python3.12/site-packages/airflow/example_dags/example_complex.py
[2026-06-05T13:55:25.000+0000] {processor.py:925} INFO - DAG(s) 'example_complex' retrieved from /home/airflow/.local/lib/python3.12/site-packages/airflow/example_dags/example_complex.py
[2026-06-05T13:55:25.103+0000] {logging_mixin.py:190} INFO - [2026-06-05T13:55:25.103+0000] {dag.py:3239} INFO - Sync 1 DAGs
[2026-06-05T13:55:25.155+0000] {logging_mixin.py:190} INFO - [2026-06-05T13:55:25.154+0000] {dag.py:4180} INFO - Setting next_dagrun for example_complex to None, run_after=None
[2026-06-05T13:55:25.222+0000] {processor.py:208} INFO - Processing /home/airflow/.local/lib/python3.12/site-packages/airflow/example_dags/example_complex.py took 0.284 seconds
[2026-06-05T13:55:56.443+0000] {processor.py:186} INFO - Started process (PID=521) to work on /home/airflow/.local/lib/python3.12/site-packages/airflow/example_dags/example_complex.py
[2026-06-05T13:55:56.445+0000] {processor.py:914} INFO - Processing file /home/airflow/.local/lib/python3.12/site-packages/airflow/example_dags/example_complex.py for tasks to queue
[2026-06-05T13:55:56.454+0000] {logging_mixin.py:190} INFO - [2026-06-05T13:55:56.451+0000] {dagbag.py:588} INFO - Filling up the DagBag from /home/airflow/.local/lib/python3.12/site-packages/airflow/example_dags/example_complex.py
[2026-06-05T13:55:56.489+0000] {processor.py:925} INFO - DAG(s) 'example_complex' retrieved from /home/airflow/.local/lib/python3.12/site-packages/airflow/example_dags/example_complex.py
[2026-06-05T13:55:56.589+0000] {logging_mixin.py:190} INFO - [2026-06-05T13:55:56.588+0000] {dag.py:3239} INFO - Sync 1 DAGs
[2026-06-05T13:55:56.623+0000] {logging_mixin.py:190} INFO - [2026-06-05T13:55:56.623+0000] {dag.py:4180} INFO - Setting next_dagrun for example_complex to None, run_after=None
[2026-06-05T13:55:56.688+0000] {processor.py:208} INFO - Processing /home/airflow/.local/lib/python3.12/site-packages/airflow/example_dags/example_complex.py took 0.277 seconds
[2026-06-05T13:56:26.835+0000] {processor.py:186} INFO - Started process (PID=583) to work on /home/airflow/.local/lib/python3.12/site-packages/airflow/example_dags/example_complex.py
[2026-06-05T13:56:26.837+0000] {processor.py:914} INFO - Processing file /home/airflow/.local/lib/python3.12/site-packages/airflow/example_dags/example_complex.py for tasks to queue
[2026-06-05T13:56:26.842+0000] {logging_mixin.py:190} INFO - [2026-06-05T13:56:26.841+0000] {dagbag.py:588} INFO - Filling up the DagBag from /home/airflow/.local/lib/python3.12/site-packages/airflow/example_dags/example_complex.py
[2026-06-05T13:56:26.866+0000] {processor.py:925} INFO - DAG(s) 'example_complex' retrieved from /home/airflow/.local/lib/python3.12/site-packages/airflow/example_dags/example_complex.py
[2026-06-05T13:56:26.927+0000] {logging_mixin.py:190} INFO - [2026-06-05T13:56:26.926+0000] {dag.py:3239} INFO - Sync 1 DAGs
[2026-06-05T13:56:26.957+0000] {logging_mixin.py:190} INFO - [2026-06-05T13:56:26.957+0000] {dag.py:4180} INFO - Setting next_dagrun for example_complex to None, run_after=None
[2026-06-05T13:56:27.003+0000] {processor.py:208} INFO - Processing /home/airflow/.local/lib/python3.12/site-packages/airflow/example_dags/example_complex.py took 0.181 seconds
[2026-06-05T13:56:57.299+0000] {processor.py:186} INFO - Started process (PID=645) to work on /home/airflow/.local/lib/python3.12/site-packages/airflow/example_dags/example_complex.py
[2026-06-05T13:56:57.301+0000] {processor.py:914} INFO - Processing file /home/airflow/.local/lib/python3.12/site-packages/airflow/example_dags/example_complex.py for tasks to queue
[2026-06-05T13:56:57.305+0000] {logging_mixin.py:190} INFO - [2026-06-05T13:56:57.305+0000] {dagbag.py:588} INFO - Filling up the DagBag from /home/airflow/.local/lib/python3.12/site-packages/airflow/example_dags/example_complex.py
[2026-06-05T13:56:57.329+0000] {processor.py:925} INFO - DAG(s) 'example_complex' retrieved from /home/airflow/.local/lib/python3.12/site-packages/airflow/example_dags/example_complex.py
[2026-06-05T13:56:57.393+0000] {logging_mixin.py:190} INFO - [2026-06-05T13:56:57.393+0000] {dag.py:3239} INFO - Sync 1 DAGs
[2026-06-05T13:56:57.420+0000] {logging_mixin.py:190} INFO - [2026-06-05T13:56:57.419+0000] {dag.py:4180} INFO - Setting next_dagrun for example_complex to None, run_after=None
[2026-06-05T13:56:57.464+0000] {processor.py:208} INFO - Processing /home/airflow/.local/lib/python3.12/site-packages/airflow/example_dags/example_complex.py took 0.178 seconds
[2026-06-05T13:57:28.736+0000] {processor.py:186} INFO - Started process (PID=708) to work on /home/airflow/.local/lib/python3.12/site-packages/airflow/example_dags/example_complex.py
[2026-06-05T13:57:28.742+0000] {processor.py:914} INFO - Processing file /home/airflow/.local/lib/python3.12/site-packages/airflow/example_dags/example_complex.py for tasks to queue
[2026-06-05T13:57:28.757+0000] {logging_mixin.py:190} INFO - [2026-06-05T13:57:28.756+0000] {dagbag.py:588} INFO - Filling up the DagBag from /home/airflow/.local/lib/python3.12/site-packages/airflow/example_dags/example_complex.py
[2026-06-05T13:57:28.863+0000] {processor.py:925} INFO - DAG(s) 'example_complex' retrieved from /home/airflow/.local/lib/python3.12/site-packages/airflow/example_dags/example_complex.py
[2026-06-05T13:57:29.070+0000] {logging_mixin.py:190} INFO - [2026-06-05T13:57:29.066+0000] {dag.py:3239} INFO - Sync 1 DAGs
[2026-06-05T13:57:29.150+0000] {logging_mixin.py:190} INFO - [2026-06-05T13:57:29.148+0000] {dag.py:4180} INFO - Setting next_dagrun for example_complex to None, run_after=None
[2026-06-05T13:57:29.274+0000] {processor.py:208} INFO - Processing /home/airflow/.local/lib/python3.12/site-packages/airflow/example_dags/example_complex.py took 0.603 seconds
[2026-06-05T13:58:00.064+0000] {processor.py:186} INFO - Started process (PID=769) to work on /home/airflow/.local/lib/python3.12/site-packages/airflow/example_dags/example_complex.py
[2026-06-05T13:58:00.072+0000] {processor.py:914} INFO - Processing file /home/airflow/.local/lib/python3.12/site-packages/airflow/example_dags/example_complex.py for tasks to queue
[2026-06-05T13:58:00.095+0000] {logging_mixin.py:190} INFO - [2026-06-05T13:58:00.093+0000] {dagbag.py:588} INFO - Filling up the DagBag from /home/airflow/.local/lib/python3.12/site-packages/airflow/example_dags/example_complex.py
[2026-06-05T13:58:00.187+0000] {processor.py:925} INFO - DAG(s) 'example_complex' retrieved from /home/airflow/.local/lib/python3.12/site-packages/airflow/example_dags/example_complex.py
[2026-06-05T13:58:00.397+0000] {logging_mixin.py:190} INFO - [2026-06-05T13:58:00.395+0000] {dag.py:3239} INFO - Sync 1 DAGs
[2026-06-05T13:58:00.495+0000] {logging_mixin.py:190} INFO - [2026-06-05T13:58:00.494+0000] {dag.py:4180} INFO - Setting next_dagrun for example_complex to None, run_after=None
[2026-06-05T13:58:00.624+0000] {processor.py:208} INFO - Processing /home/airflow/.local/lib/python3.12/site-packages/airflow/example_dags/example_complex.py took 0.616 seconds
[2026-06-05T13:58:30.842+0000] {processor.py:186} INFO - Started process (PID=833) to work on /home/airflow/.local/lib/python3.12/site-packages/airflow/example_dags/example_complex.py
[2026-06-05T13:58:30.845+0000] {processor.py:914} INFO - Processing file /home/airflow/.local/lib/python3.12/site-packages/airflow/example_dags/example_complex.py for tasks to queue
[2026-06-05T13:58:30.853+0000] {logging_mixin.py:190} INFO - [2026-06-05T13:58:30.851+0000] {dagbag.py:588} INFO - Filling up the DagBag from /home/airflow/.local/lib/python3.12/site-packages/airflow/example_dags/example_complex.py
[2026-06-05T13:58:30.917+0000] {processor.py:925} INFO - DAG(s) 'example_complex' retrieved from /home/airflow/.local/lib/python3.12/site-packages/airflow/example_dags/example_complex.py
[2026-06-05T13:58:31.077+0000] {logging_mixin.py:190} INFO - [2026-06-05T13:58:31.076+0000] {dag.py:3239} INFO - Sync 1 DAGs
[2026-06-05T13:58:31.194+0000] {logging_mixin.py:190} INFO - [2026-06-05T13:58:31.194+0000] {dag.py:4180} INFO - Setting next_dagrun for example_complex to None, run_after=None
[2026-06-05T13:58:31.326+0000] {processor.py:208} INFO - Processing /home/airflow/.local/lib/python3.12/site-packages/airflow/example_dags/example_complex.py took 0.505 seconds
[2026-06-05T13:59:02.406+0000] {processor.py:186} INFO - Started process (PID=894) to work on /home/airflow/.local/lib/python3.12/site-packages/airflow/example_dags/example_complex.py
[2026-06-05T13:59:02.409+0000] {processor.py:914} INFO - Processing file /home/airflow/.local/lib/python3.12/site-packages/airflow/example_dags/example_complex.py for tasks to queue
[2026-06-05T13:59:02.425+0000] {logging_mixin.py:190} INFO - [2026-06-05T13:59:02.423+0000] {dagbag.py:588} INFO - Filling up the DagBag from /home/airflow/.local/lib/python3.12/site-packages/airflow/example_dags/example_complex.py
[2026-06-05T13:59:02.460+0000] {processor.py:925} INFO - DAG(s) 'example_complex' retrieved from /home/airflow/.local/lib/python3.12/site-packages/airflow/example_dags/example_complex.py
[2026-06-05T13:59:02.557+0000] {logging_mixin.py:190} INFO - [2026-06-05T13:59:02.557+0000] {dag.py:3239} INFO - Sync 1 DAGs
[2026-06-05T13:59:02.602+0000] {logging_mixin.py:190} INFO - [2026-06-05T13:59:02.601+0000] {dag.py:4180} INFO - Setting next_dagrun for example_complex to None, run_after=None
[2026-06-05T13:59:02.696+0000] {processor.py:208} INFO - Processing /home/airflow/.local/lib/python3.12/site-packages/airflow/example_dags/example_complex.py took 0.317 seconds
