[2026-06-05T13:52:11.785+0000] {processor.py:186} INFO - Started process (PID=102) to work on /home/airflow/.local/lib/python3.12/site-packages/airflow/example_dags/example_inlet_event_extra.py
[2026-06-05T13:52:11.801+0000] {processor.py:914} INFO - Processing file /home/airflow/.local/lib/python3.12/site-packages/airflow/example_dags/example_inlet_event_extra.py for tasks to queue
[2026-06-05T13:52:11.835+0000] {logging_mixin.py:190} INFO - [2026-06-05T13:52:11.833+0000] {dagbag.py:588} INFO - Filling up the DagBag from /home/airflow/.local/lib/python3.12/site-packages/airflow/example_dags/example_inlet_event_extra.py
[2026-06-05T13:52:16.306+0000] {processor.py:925} INFO - DAG(s) 'read_dataset_event', 'read_dataset_event_from_classic' retrieved from /home/airflow/.local/lib/python3.12/site-packages/airflow/example_dags/example_inlet_event_extra.py
[2026-06-05T13:52:17.547+0000] {logging_mixin.py:190} INFO - [2026-06-05T13:52:17.545+0000] {override.py:1900} INFO - Created Permission View: can delete on DAG:read_dataset_event
[2026-06-05T13:52:17.643+0000] {logging_mixin.py:190} INFO - [2026-06-05T13:52:17.642+0000] {override.py:1900} INFO - Created Permission View: can read on DAG:read_dataset_event
[2026-06-05T13:52:17.679+0000] {logging_mixin.py:190} INFO - [2026-06-05T13:52:17.679+0000] {override.py:1900} INFO - Created Permission View: can edit on DAG:read_dataset_event
[2026-06-05T13:52:17.767+0000] {logging_mixin.py:190} INFO - [2026-06-05T13:52:17.766+0000] {override.py:1900} INFO - Created Permission View: menu access on DAG Run:read_dataset_event
[2026-06-05T13:52:17.816+0000] {logging_mixin.py:190} INFO - [2026-06-05T13:52:17.815+0000] {override.py:1900} INFO - Created Permission View: can delete on DAG Run:read_dataset_event
[2026-06-05T13:52:17.878+0000] {logging_mixin.py:190} INFO - [2026-06-05T13:52:17.877+0000] {override.py:1900} INFO - Created Permission View: can read on DAG Run:read_dataset_event
[2026-06-05T13:52:17.937+0000] {logging_mixin.py:190} INFO - [2026-06-05T13:52:17.936+0000] {override.py:1900} INFO - Created Permission View: can create on DAG Run:read_dataset_event
[2026-06-05T13:52:18.075+0000] {logging_mixin.py:190} INFO - [2026-06-05T13:52:18.074+0000] {override.py:1900} INFO - Created Permission View: can delete on DAG:read_dataset_event_from_classic
[2026-06-05T13:52:18.120+0000] {logging_mixin.py:190} INFO - [2026-06-05T13:52:18.119+0000] {override.py:1900} INFO - Created Permission View: can read on DAG:read_dataset_event_from_classic
[2026-06-05T13:52:18.173+0000] {logging_mixin.py:190} INFO - [2026-06-05T13:52:18.173+0000] {override.py:1900} INFO - Created Permission View: can edit on DAG:read_dataset_event_from_classic
[2026-06-05T13:52:18.242+0000] {logging_mixin.py:190} INFO - [2026-06-05T13:52:18.242+0000] {override.py:1900} INFO - Created Permission View: menu access on DAG Run:read_dataset_event_from_classic
[2026-06-05T13:52:18.294+0000] {logging_mixin.py:190} INFO - [2026-06-05T13:52:18.293+0000] {override.py:1900} INFO - Created Permission View: can delete on DAG Run:read_dataset_event_from_classic
[2026-06-05T13:52:18.325+0000] {logging_mixin.py:190} INFO - [2026-06-05T13:52:18.324+0000] {override.py:1900} INFO - Created Permission View: can read on DAG Run:read_dataset_event_from_classic
[2026-06-05T13:52:18.385+0000] {logging_mixin.py:190} INFO - [2026-06-05T13:52:18.385+0000] {override.py:1900} INFO - Created Permission View: can create on DAG Run:read_dataset_event_from_classic
[2026-06-05T13:52:18.392+0000] {logging_mixin.py:190} INFO - [2026-06-05T13:52:18.391+0000] {dag.py:3239} INFO - Sync 2 DAGs
[2026-06-05T13:52:18.580+0000] {logging_mixin.py:190} INFO - [2026-06-05T13:52:18.579+0000] {dag.py:3262} INFO - Creating ORM DAG for read_dataset_event
[2026-06-05T13:52:18.597+0000] {logging_mixin.py:190} INFO - [2026-06-05T13:52:18.596+0000] {dag.py:3262} INFO - Creating ORM DAG for read_dataset_event_from_classic
[2026-06-05T13:52:18.702+0000] {logging_mixin.py:190} INFO - [2026-06-05T13:52:18.701+0000] {dag.py:4180} INFO - Setting next_dagrun for read_dataset_event to 2026-06-04 00:00:00+00:00, run_after=2026-06-05 00:00:00+00:00
[2026-06-05T13:52:18.733+0000] {logging_mixin.py:190} INFO - [2026-06-05T13:52:18.732+0000] {dag.py:4180} INFO - Setting next_dagrun for read_dataset_event_from_classic to 2026-06-04 00:00:00+00:00, run_after=2026-06-05 00:00:00+00:00
[2026-06-05T13:52:18.891+0000] {processor.py:208} INFO - Processing /home/airflow/.local/lib/python3.12/site-packages/airflow/example_dags/example_inlet_event_extra.py took 7.186 seconds
[2026-06-05T13:52:54.138+0000] {processor.py:186} INFO - Started process (PID=169) to work on /home/airflow/.local/lib/python3.12/site-packages/airflow/example_dags/example_inlet_event_extra.py
[2026-06-05T13:52:54.141+0000] {processor.py:914} INFO - Processing file /home/airflow/.local/lib/python3.12/site-packages/airflow/example_dags/example_inlet_event_extra.py for tasks to queue
[2026-06-05T13:52:54.173+0000] {logging_mixin.py:190} INFO - [2026-06-05T13:52:54.172+0000] {dagbag.py:588} INFO - Filling up the DagBag from /home/airflow/.local/lib/python3.12/site-packages/airflow/example_dags/example_inlet_event_extra.py
[2026-06-05T13:52:55.097+0000] {processor.py:925} INFO - DAG(s) 'read_dataset_event_from_classic', 'read_dataset_event' retrieved from /home/airflow/.local/lib/python3.12/site-packages/airflow/example_dags/example_inlet_event_extra.py
[2026-06-05T13:52:55.213+0000] {logging_mixin.py:190} INFO - [2026-06-05T13:52:55.213+0000] {dag.py:3239} INFO - Sync 2 DAGs
[2026-06-05T13:52:55.303+0000] {logging_mixin.py:190} INFO - [2026-06-05T13:52:55.302+0000] {dag.py:4180} INFO - Setting next_dagrun for read_dataset_event to 2026-06-04 00:00:00+00:00, run_after=2026-06-05 00:00:00+00:00
[2026-06-05T13:52:55.328+0000] {logging_mixin.py:190} INFO - [2026-06-05T13:52:55.327+0000] {dag.py:4180} INFO - Setting next_dagrun for read_dataset_event_from_classic to 2026-06-04 00:00:00+00:00, run_after=2026-06-05 00:00:00+00:00
[2026-06-05T13:52:55.407+0000] {processor.py:208} INFO - Processing /home/airflow/.local/lib/python3.12/site-packages/airflow/example_dags/example_inlet_event_extra.py took 1.291 seconds
[2026-06-05T13:53:25.560+0000] {processor.py:186} INFO - Started process (PID=231) to work on /home/airflow/.local/lib/python3.12/site-packages/airflow/example_dags/example_inlet_event_extra.py
[2026-06-05T13:53:25.563+0000] {processor.py:914} INFO - Processing file /home/airflow/.local/lib/python3.12/site-packages/airflow/example_dags/example_inlet_event_extra.py for tasks to queue
[2026-06-05T13:53:25.571+0000] {logging_mixin.py:190} INFO - [2026-06-05T13:53:25.569+0000] {dagbag.py:588} INFO - Filling up the DagBag from /home/airflow/.local/lib/python3.12/site-packages/airflow/example_dags/example_inlet_event_extra.py
[2026-06-05T13:53:26.069+0000] {processor.py:925} INFO - DAG(s) 'read_dataset_event', 'read_dataset_event_from_classic' retrieved from /home/airflow/.local/lib/python3.12/site-packages/airflow/example_dags/example_inlet_event_extra.py
[2026-06-05T13:53:26.151+0000] {logging_mixin.py:190} INFO - [2026-06-05T13:53:26.150+0000] {dag.py:3239} INFO - Sync 2 DAGs
[2026-06-05T13:53:26.296+0000] {logging_mixin.py:190} INFO - [2026-06-05T13:53:26.295+0000] {dag.py:4180} INFO - Setting next_dagrun for read_dataset_event to 2026-06-04 00:00:00+00:00, run_after=2026-06-05 00:00:00+00:00
[2026-06-05T13:53:26.312+0000] {logging_mixin.py:190} INFO - [2026-06-05T13:53:26.311+0000] {dag.py:4180} INFO - Setting next_dagrun for read_dataset_event_from_classic to 2026-06-04 00:00:00+00:00, run_after=2026-06-05 00:00:00+00:00
[2026-06-05T13:53:26.378+0000] {processor.py:208} INFO - Processing /home/airflow/.local/lib/python3.12/site-packages/airflow/example_dags/example_inlet_event_extra.py took 0.830 seconds
[2026-06-05T13:53:56.502+0000] {processor.py:186} INFO - Started process (PID=294) to work on /home/airflow/.local/lib/python3.12/site-packages/airflow/example_dags/example_inlet_event_extra.py
[2026-06-05T13:53:56.504+0000] {processor.py:914} INFO - Processing file /home/airflow/.local/lib/python3.12/site-packages/airflow/example_dags/example_inlet_event_extra.py for tasks to queue
[2026-06-05T13:53:56.509+0000] {logging_mixin.py:190} INFO - [2026-06-05T13:53:56.508+0000] {dagbag.py:588} INFO - Filling up the DagBag from /home/airflow/.local/lib/python3.12/site-packages/airflow/example_dags/example_inlet_event_extra.py
[2026-06-05T13:53:56.777+0000] {processor.py:925} INFO - DAG(s) 'read_dataset_event', 'read_dataset_event_from_classic' retrieved from /home/airflow/.local/lib/python3.12/site-packages/airflow/example_dags/example_inlet_event_extra.py
[2026-06-05T13:53:56.827+0000] {logging_mixin.py:190} INFO - [2026-06-05T13:53:56.827+0000] {dag.py:3239} INFO - Sync 2 DAGs
[2026-06-05T13:53:56.871+0000] {logging_mixin.py:190} INFO - [2026-06-05T13:53:56.870+0000] {dag.py:4180} INFO - Setting next_dagrun for read_dataset_event to 2026-06-04 00:00:00+00:00, run_after=2026-06-05 00:00:00+00:00
[2026-06-05T13:53:56.879+0000] {logging_mixin.py:190} INFO - [2026-06-05T13:53:56.879+0000] {dag.py:4180} INFO - Setting next_dagrun for read_dataset_event_from_classic to 2026-06-04 00:00:00+00:00, run_after=2026-06-05 00:00:00+00:00
[2026-06-05T13:53:56.911+0000] {processor.py:208} INFO - Processing /home/airflow/.local/lib/python3.12/site-packages/airflow/example_dags/example_inlet_event_extra.py took 0.419 seconds
[2026-06-05T13:54:27.364+0000] {processor.py:186} INFO - Started process (PID=356) to work on /home/airflow/.local/lib/python3.12/site-packages/airflow/example_dags/example_inlet_event_extra.py
[2026-06-05T13:54:27.366+0000] {processor.py:914} INFO - Processing file /home/airflow/.local/lib/python3.12/site-packages/airflow/example_dags/example_inlet_event_extra.py for tasks to queue
[2026-06-05T13:54:27.376+0000] {logging_mixin.py:190} INFO - [2026-06-05T13:54:27.374+0000] {dagbag.py:588} INFO - Filling up the DagBag from /home/airflow/.local/lib/python3.12/site-packages/airflow/example_dags/example_inlet_event_extra.py
[2026-06-05T13:54:27.769+0000] {processor.py:925} INFO - DAG(s) 'read_dataset_event', 'read_dataset_event_from_classic' retrieved from /home/airflow/.local/lib/python3.12/site-packages/airflow/example_dags/example_inlet_event_extra.py
[2026-06-05T13:54:27.826+0000] {logging_mixin.py:190} INFO - [2026-06-05T13:54:27.825+0000] {dag.py:3239} INFO - Sync 2 DAGs
[2026-06-05T13:54:27.900+0000] {logging_mixin.py:190} INFO - [2026-06-05T13:54:27.899+0000] {dag.py:4180} INFO - Setting next_dagrun for read_dataset_event to 2026-06-04 00:00:00+00:00, run_after=2026-06-05 00:00:00+00:00
[2026-06-05T13:54:27.915+0000] {logging_mixin.py:190} INFO - [2026-06-05T13:54:27.914+0000] {dag.py:4180} INFO - Setting next_dagrun for read_dataset_event_from_classic to 2026-06-04 00:00:00+00:00, run_after=2026-06-05 00:00:00+00:00
[2026-06-05T13:54:27.968+0000] {processor.py:208} INFO - Processing /home/airflow/.local/lib/python3.12/site-packages/airflow/example_dags/example_inlet_event_extra.py took 0.618 seconds
[2026-06-05T13:55:04.023+0000] {processor.py:186} INFO - Started process (PID=417) to work on /home/airflow/.local/lib/python3.12/site-packages/airflow/example_dags/example_inlet_event_extra.py
[2026-06-05T13:55:04.029+0000] {processor.py:914} INFO - Processing file /home/airflow/.local/lib/python3.12/site-packages/airflow/example_dags/example_inlet_event_extra.py for tasks to queue
[2026-06-05T13:55:04.048+0000] {logging_mixin.py:190} INFO - [2026-06-05T13:55:04.043+0000] {dagbag.py:588} INFO - Filling up the DagBag from /home/airflow/.local/lib/python3.12/site-packages/airflow/example_dags/example_inlet_event_extra.py
[2026-06-05T13:55:04.597+0000] {processor.py:925} INFO - DAG(s) 'read_dataset_event', 'read_dataset_event_from_classic' retrieved from /home/airflow/.local/lib/python3.12/site-packages/airflow/example_dags/example_inlet_event_extra.py
[2026-06-05T13:55:04.667+0000] {logging_mixin.py:190} INFO - [2026-06-05T13:55:04.666+0000] {dag.py:3239} INFO - Sync 2 DAGs
[2026-06-05T13:55:04.766+0000] {logging_mixin.py:190} INFO - [2026-06-05T13:55:04.765+0000] {dag.py:4180} INFO - Setting next_dagrun for read_dataset_event to 2026-06-04 00:00:00+00:00, run_after=2026-06-05 00:00:00+00:00
[2026-06-05T13:55:04.792+0000] {logging_mixin.py:190} INFO - [2026-06-05T13:55:04.791+0000] {dag.py:4180} INFO - Setting next_dagrun for read_dataset_event_from_classic to 2026-06-04 00:00:00+00:00, run_after=2026-06-05 00:00:00+00:00
[2026-06-05T13:55:04.866+0000] {processor.py:208} INFO - Processing /home/airflow/.local/lib/python3.12/site-packages/airflow/example_dags/example_inlet_event_extra.py took 0.875 seconds
[2026-06-05T13:55:35.262+0000] {processor.py:186} INFO - Started process (PID=479) to work on /home/airflow/.local/lib/python3.12/site-packages/airflow/example_dags/example_inlet_event_extra.py
[2026-06-05T13:55:35.264+0000] {processor.py:914} INFO - Processing file /home/airflow/.local/lib/python3.12/site-packages/airflow/example_dags/example_inlet_event_extra.py for tasks to queue
[2026-06-05T13:55:35.270+0000] {logging_mixin.py:190} INFO - [2026-06-05T13:55:35.270+0000] {dagbag.py:588} INFO - Filling up the DagBag from /home/airflow/.local/lib/python3.12/site-packages/airflow/example_dags/example_inlet_event_extra.py
[2026-06-05T13:55:35.538+0000] {processor.py:925} INFO - DAG(s) 'read_dataset_event', 'read_dataset_event_from_classic' retrieved from /home/airflow/.local/lib/python3.12/site-packages/airflow/example_dags/example_inlet_event_extra.py
[2026-06-05T13:55:35.573+0000] {logging_mixin.py:190} INFO - [2026-06-05T13:55:35.572+0000] {dag.py:3239} INFO - Sync 2 DAGs
[2026-06-05T13:55:35.614+0000] {logging_mixin.py:190} INFO - [2026-06-05T13:55:35.614+0000] {dag.py:4180} INFO - Setting next_dagrun for read_dataset_event to 2026-06-04 00:00:00+00:00, run_after=2026-06-05 00:00:00+00:00
[2026-06-05T13:55:35.623+0000] {logging_mixin.py:190} INFO - [2026-06-05T13:55:35.623+0000] {dag.py:4180} INFO - Setting next_dagrun for read_dataset_event_from_classic to 2026-06-04 00:00:00+00:00, run_after=2026-06-05 00:00:00+00:00
[2026-06-05T13:55:35.651+0000] {processor.py:208} INFO - Processing /home/airflow/.local/lib/python3.12/site-packages/airflow/example_dags/example_inlet_event_extra.py took 0.402 seconds
[2026-06-05T13:56:06.029+0000] {processor.py:186} INFO - Started process (PID=542) to work on /home/airflow/.local/lib/python3.12/site-packages/airflow/example_dags/example_inlet_event_extra.py
[2026-06-05T13:56:06.035+0000] {processor.py:914} INFO - Processing file /home/airflow/.local/lib/python3.12/site-packages/airflow/example_dags/example_inlet_event_extra.py for tasks to queue
[2026-06-05T13:56:06.062+0000] {logging_mixin.py:190} INFO - [2026-06-05T13:56:06.061+0000] {dagbag.py:588} INFO - Filling up the DagBag from /home/airflow/.local/lib/python3.12/site-packages/airflow/example_dags/example_inlet_event_extra.py
[2026-06-05T13:56:06.844+0000] {processor.py:925} INFO - DAG(s) 'read_dataset_event_from_classic', 'read_dataset_event' retrieved from /home/airflow/.local/lib/python3.12/site-packages/airflow/example_dags/example_inlet_event_extra.py
[2026-06-05T13:56:06.908+0000] {logging_mixin.py:190} INFO - [2026-06-05T13:56:06.908+0000] {dag.py:3239} INFO - Sync 2 DAGs
[2026-06-05T13:56:06.980+0000] {logging_mixin.py:190} INFO - [2026-06-05T13:56:06.980+0000] {dag.py:4180} INFO - Setting next_dagrun for read_dataset_event to 2026-06-04 00:00:00+00:00, run_after=2026-06-05 00:00:00+00:00
[2026-06-05T13:56:06.993+0000] {logging_mixin.py:190} INFO - [2026-06-05T13:56:06.993+0000] {dag.py:4180} INFO - Setting next_dagrun for read_dataset_event_from_classic to 2026-06-04 00:00:00+00:00, run_after=2026-06-05 00:00:00+00:00
[2026-06-05T13:56:07.042+0000] {processor.py:208} INFO - Processing /home/airflow/.local/lib/python3.12/site-packages/airflow/example_dags/example_inlet_event_extra.py took 1.066 seconds
[2026-06-05T13:56:37.261+0000] {processor.py:186} INFO - Started process (PID=606) to work on /home/airflow/.local/lib/python3.12/site-packages/airflow/example_dags/example_inlet_event_extra.py
[2026-06-05T13:56:37.266+0000] {processor.py:914} INFO - Processing file /home/airflow/.local/lib/python3.12/site-packages/airflow/example_dags/example_inlet_event_extra.py for tasks to queue
[2026-06-05T13:56:37.277+0000] {logging_mixin.py:190} INFO - [2026-06-05T13:56:37.276+0000] {dagbag.py:588} INFO - Filling up the DagBag from /home/airflow/.local/lib/python3.12/site-packages/airflow/example_dags/example_inlet_event_extra.py
[2026-06-05T13:56:37.612+0000] {processor.py:925} INFO - DAG(s) 'read_dataset_event', 'read_dataset_event_from_classic' retrieved from /home/airflow/.local/lib/python3.12/site-packages/airflow/example_dags/example_inlet_event_extra.py
[2026-06-05T13:56:37.673+0000] {logging_mixin.py:190} INFO - [2026-06-05T13:56:37.673+0000] {dag.py:3239} INFO - Sync 2 DAGs
[2026-06-05T13:56:37.722+0000] {logging_mixin.py:190} INFO - [2026-06-05T13:56:37.722+0000] {dag.py:4180} INFO - Setting next_dagrun for read_dataset_event to 2026-06-04 00:00:00+00:00, run_after=2026-06-05 00:00:00+00:00
[2026-06-05T13:56:37.735+0000] {logging_mixin.py:190} INFO - [2026-06-05T13:56:37.734+0000] {dag.py:4180} INFO - Setting next_dagrun for read_dataset_event_from_classic to 2026-06-04 00:00:00+00:00, run_after=2026-06-05 00:00:00+00:00
[2026-06-05T13:56:37.770+0000] {processor.py:208} INFO - Processing /home/airflow/.local/lib/python3.12/site-packages/airflow/example_dags/example_inlet_event_extra.py took 0.533 seconds
[2026-06-05T13:57:07.901+0000] {processor.py:186} INFO - Started process (PID=668) to work on /home/airflow/.local/lib/python3.12/site-packages/airflow/example_dags/example_inlet_event_extra.py
[2026-06-05T13:57:07.905+0000] {processor.py:914} INFO - Processing file /home/airflow/.local/lib/python3.12/site-packages/airflow/example_dags/example_inlet_event_extra.py for tasks to queue
[2026-06-05T13:57:07.913+0000] {logging_mixin.py:190} INFO - [2026-06-05T13:57:07.912+0000] {dagbag.py:588} INFO - Filling up the DagBag from /home/airflow/.local/lib/python3.12/site-packages/airflow/example_dags/example_inlet_event_extra.py
[2026-06-05T13:57:08.267+0000] {processor.py:925} INFO - DAG(s) 'read_dataset_event_from_classic', 'read_dataset_event' retrieved from /home/airflow/.local/lib/python3.12/site-packages/airflow/example_dags/example_inlet_event_extra.py
[2026-06-05T13:57:08.317+0000] {logging_mixin.py:190} INFO - [2026-06-05T13:57:08.316+0000] {dag.py:3239} INFO - Sync 2 DAGs
[2026-06-05T13:57:08.375+0000] {logging_mixin.py:190} INFO - [2026-06-05T13:57:08.375+0000] {dag.py:4180} INFO - Setting next_dagrun for read_dataset_event to 2026-06-04 00:00:00+00:00, run_after=2026-06-05 00:00:00+00:00
[2026-06-05T13:57:08.400+0000] {logging_mixin.py:190} INFO - [2026-06-05T13:57:08.399+0000] {dag.py:4180} INFO - Setting next_dagrun for read_dataset_event_from_classic to 2026-06-04 00:00:00+00:00, run_after=2026-06-05 00:00:00+00:00
[2026-06-05T13:57:08.435+0000] {processor.py:208} INFO - Processing /home/airflow/.local/lib/python3.12/site-packages/airflow/example_dags/example_inlet_event_extra.py took 0.549 seconds
[2026-06-05T13:57:39.394+0000] {processor.py:186} INFO - Started process (PID=731) to work on /home/airflow/.local/lib/python3.12/site-packages/airflow/example_dags/example_inlet_event_extra.py
[2026-06-05T13:57:39.401+0000] {processor.py:914} INFO - Processing file /home/airflow/.local/lib/python3.12/site-packages/airflow/example_dags/example_inlet_event_extra.py for tasks to queue
[2026-06-05T13:57:39.411+0000] {logging_mixin.py:190} INFO - [2026-06-05T13:57:39.410+0000] {dagbag.py:588} INFO - Filling up the DagBag from /home/airflow/.local/lib/python3.12/site-packages/airflow/example_dags/example_inlet_event_extra.py
[2026-06-05T13:57:39.930+0000] {processor.py:925} INFO - DAG(s) 'read_dataset_event_from_classic', 'read_dataset_event' retrieved from /home/airflow/.local/lib/python3.12/site-packages/airflow/example_dags/example_inlet_event_extra.py
[2026-06-05T13:57:40.009+0000] {logging_mixin.py:190} INFO - [2026-06-05T13:57:40.008+0000] {dag.py:3239} INFO - Sync 2 DAGs
[2026-06-05T13:57:40.097+0000] {logging_mixin.py:190} INFO - [2026-06-05T13:57:40.094+0000] {dag.py:4180} INFO - Setting next_dagrun for read_dataset_event to 2026-06-04 00:00:00+00:00, run_after=2026-06-05 00:00:00+00:00
[2026-06-05T13:57:40.114+0000] {logging_mixin.py:190} INFO - [2026-06-05T13:57:40.114+0000] {dag.py:4180} INFO - Setting next_dagrun for read_dataset_event_from_classic to 2026-06-04 00:00:00+00:00, run_after=2026-06-05 00:00:00+00:00
[2026-06-05T13:57:40.193+0000] {processor.py:208} INFO - Processing /home/airflow/.local/lib/python3.12/site-packages/airflow/example_dags/example_inlet_event_extra.py took 0.816 seconds
[2026-06-05T13:58:13.296+0000] {processor.py:186} INFO - Started process (PID=794) to work on /home/airflow/.local/lib/python3.12/site-packages/airflow/example_dags/example_inlet_event_extra.py
[2026-06-05T13:58:13.309+0000] {processor.py:914} INFO - Processing file /home/airflow/.local/lib/python3.12/site-packages/airflow/example_dags/example_inlet_event_extra.py for tasks to queue
[2026-06-05T13:58:13.318+0000] {logging_mixin.py:190} INFO - [2026-06-05T13:58:13.317+0000] {dagbag.py:588} INFO - Filling up the DagBag from /home/airflow/.local/lib/python3.12/site-packages/airflow/example_dags/example_inlet_event_extra.py
[2026-06-05T13:58:14.220+0000] {processor.py:925} INFO - DAG(s) 'read_dataset_event_from_classic', 'read_dataset_event' retrieved from /home/airflow/.local/lib/python3.12/site-packages/airflow/example_dags/example_inlet_event_extra.py
[2026-06-05T13:58:14.329+0000] {logging_mixin.py:190} INFO - [2026-06-05T13:58:14.328+0000] {dag.py:3239} INFO - Sync 2 DAGs
[2026-06-05T13:58:14.610+0000] {logging_mixin.py:190} INFO - [2026-06-05T13:58:14.608+0000] {dag.py:4180} INFO - Setting next_dagrun for read_dataset_event to 2026-06-04 00:00:00+00:00, run_after=2026-06-05 00:00:00+00:00
[2026-06-05T13:58:14.662+0000] {logging_mixin.py:190} INFO - [2026-06-05T13:58:14.661+0000] {dag.py:4180} INFO - Setting next_dagrun for read_dataset_event_from_classic to 2026-06-04 00:00:00+00:00, run_after=2026-06-05 00:00:00+00:00
[2026-06-05T13:58:14.809+0000] {processor.py:208} INFO - Processing /home/airflow/.local/lib/python3.12/site-packages/airflow/example_dags/example_inlet_event_extra.py took 1.539 seconds
[2026-06-05T13:58:45.939+0000] {processor.py:186} INFO - Started process (PID=857) to work on /home/airflow/.local/lib/python3.12/site-packages/airflow/example_dags/example_inlet_event_extra.py
[2026-06-05T13:58:45.971+0000] {processor.py:914} INFO - Processing file /home/airflow/.local/lib/python3.12/site-packages/airflow/example_dags/example_inlet_event_extra.py for tasks to queue
[2026-06-05T13:58:46.076+0000] {logging_mixin.py:190} INFO - [2026-06-05T13:58:46.075+0000] {dagbag.py:588} INFO - Filling up the DagBag from /home/airflow/.local/lib/python3.12/site-packages/airflow/example_dags/example_inlet_event_extra.py
[2026-06-05T13:58:47.391+0000] {processor.py:925} INFO - DAG(s) 'read_dataset_event_from_classic', 'read_dataset_event' retrieved from /home/airflow/.local/lib/python3.12/site-packages/airflow/example_dags/example_inlet_event_extra.py
[2026-06-05T13:58:47.579+0000] {logging_mixin.py:190} INFO - [2026-06-05T13:58:47.579+0000] {dag.py:3239} INFO - Sync 2 DAGs
[2026-06-05T13:58:47.800+0000] {logging_mixin.py:190} INFO - [2026-06-05T13:58:47.800+0000] {dag.py:4180} INFO - Setting next_dagrun for read_dataset_event to 2026-06-04 00:00:00+00:00, run_after=2026-06-05 00:00:00+00:00
[2026-06-05T13:58:47.831+0000] {logging_mixin.py:190} INFO - [2026-06-05T13:58:47.830+0000] {dag.py:4180} INFO - Setting next_dagrun for read_dataset_event_from_classic to 2026-06-04 00:00:00+00:00, run_after=2026-06-05 00:00:00+00:00
[2026-06-05T13:58:47.943+0000] {processor.py:208} INFO - Processing /home/airflow/.local/lib/python3.12/site-packages/airflow/example_dags/example_inlet_event_extra.py took 2.103 seconds
[2026-06-05T13:59:18.173+0000] {processor.py:186} INFO - Started process (PID=920) to work on /home/airflow/.local/lib/python3.12/site-packages/airflow/example_dags/example_inlet_event_extra.py
[2026-06-05T13:59:18.176+0000] {processor.py:914} INFO - Processing file /home/airflow/.local/lib/python3.12/site-packages/airflow/example_dags/example_inlet_event_extra.py for tasks to queue
[2026-06-05T13:59:18.182+0000] {logging_mixin.py:190} INFO - [2026-06-05T13:59:18.181+0000] {dagbag.py:588} INFO - Filling up the DagBag from /home/airflow/.local/lib/python3.12/site-packages/airflow/example_dags/example_inlet_event_extra.py
[2026-06-05T13:59:18.615+0000] {processor.py:925} INFO - DAG(s) 'read_dataset_event_from_classic', 'read_dataset_event' retrieved from /home/airflow/.local/lib/python3.12/site-packages/airflow/example_dags/example_inlet_event_extra.py
[2026-06-05T13:59:18.667+0000] {logging_mixin.py:190} INFO - [2026-06-05T13:59:18.667+0000] {dag.py:3239} INFO - Sync 2 DAGs
[2026-06-05T13:59:18.721+0000] {logging_mixin.py:190} INFO - [2026-06-05T13:59:18.720+0000] {dag.py:4180} INFO - Setting next_dagrun for read_dataset_event to 2026-06-04 00:00:00+00:00, run_after=2026-06-05 00:00:00+00:00
[2026-06-05T13:59:18.732+0000] {logging_mixin.py:190} INFO - [2026-06-05T13:59:18.732+0000] {dag.py:4180} INFO - Setting next_dagrun for read_dataset_event_from_classic to 2026-06-04 00:00:00+00:00, run_after=2026-06-05 00:00:00+00:00
[2026-06-05T13:59:18.768+0000] {processor.py:208} INFO - Processing /home/airflow/.local/lib/python3.12/site-packages/airflow/example_dags/example_inlet_event_extra.py took 0.613 seconds
