[2026-06-05T13:52:09.793+0000] {processor.py:186} INFO - Started process (PID=100) to work on /home/airflow/.local/lib/python3.12/site-packages/airflow/example_dags/example_setup_teardown_taskflow.py
[2026-06-05T13:52:09.806+0000] {processor.py:914} INFO - Processing file /home/airflow/.local/lib/python3.12/site-packages/airflow/example_dags/example_setup_teardown_taskflow.py for tasks to queue
[2026-06-05T13:52:09.816+0000] {logging_mixin.py:190} INFO - [2026-06-05T13:52:09.815+0000] {dagbag.py:588} INFO - Filling up the DagBag from /home/airflow/.local/lib/python3.12/site-packages/airflow/example_dags/example_setup_teardown_taskflow.py
[2026-06-05T13:52:09.894+0000] {processor.py:925} INFO - DAG(s) 'example_setup_teardown_taskflow' retrieved from /home/airflow/.local/lib/python3.12/site-packages/airflow/example_dags/example_setup_teardown_taskflow.py
[2026-06-05T13:52:10.630+0000] {logging_mixin.py:190} INFO - [2026-06-05T13:52:10.628+0000] {override.py:1900} INFO - Created Permission View: can delete on DAG:example_setup_teardown_taskflow
[2026-06-05T13:52:10.709+0000] {logging_mixin.py:190} INFO - [2026-06-05T13:52:10.708+0000] {override.py:1900} INFO - Created Permission View: can read on DAG:example_setup_teardown_taskflow
[2026-06-05T13:52:10.757+0000] {logging_mixin.py:190} INFO - [2026-06-05T13:52:10.756+0000] {override.py:1900} INFO - Created Permission View: can edit on DAG:example_setup_teardown_taskflow
[2026-06-05T13:52:10.831+0000] {logging_mixin.py:190} INFO - [2026-06-05T13:52:10.830+0000] {override.py:1900} INFO - Created Permission View: menu access on DAG Run:example_setup_teardown_taskflow
[2026-06-05T13:52:10.888+0000] {logging_mixin.py:190} INFO - [2026-06-05T13:52:10.887+0000] {override.py:1900} INFO - Created Permission View: can delete on DAG Run:example_setup_teardown_taskflow
[2026-06-05T13:52:10.969+0000] {logging_mixin.py:190} INFO - [2026-06-05T13:52:10.968+0000] {override.py:1900} INFO - Created Permission View: can read on DAG Run:example_setup_teardown_taskflow
[2026-06-05T13:52:11.028+0000] {logging_mixin.py:190} INFO - [2026-06-05T13:52:11.027+0000] {override.py:1900} INFO - Created Permission View: can create on DAG Run:example_setup_teardown_taskflow
[2026-06-05T13:52:11.038+0000] {logging_mixin.py:190} INFO - [2026-06-05T13:52:11.037+0000] {dag.py:3239} INFO - Sync 1 DAGs
[2026-06-05T13:52:11.131+0000] {logging_mixin.py:190} INFO - [2026-06-05T13:52:11.129+0000] {dag.py:3262} INFO - Creating ORM DAG for example_setup_teardown_taskflow
[2026-06-05T13:52:11.154+0000] {logging_mixin.py:190} INFO - [2026-06-05T13:52:11.153+0000] {dag.py:4180} INFO - Setting next_dagrun for example_setup_teardown_taskflow to None, run_after=None
[2026-06-05T13:52:11.358+0000] {processor.py:208} INFO - Processing /home/airflow/.local/lib/python3.12/site-packages/airflow/example_dags/example_setup_teardown_taskflow.py took 1.591 seconds
[2026-06-05T13:52:53.615+0000] {processor.py:186} INFO - Started process (PID=167) to work on /home/airflow/.local/lib/python3.12/site-packages/airflow/example_dags/example_setup_teardown_taskflow.py
[2026-06-05T13:52:53.618+0000] {processor.py:914} INFO - Processing file /home/airflow/.local/lib/python3.12/site-packages/airflow/example_dags/example_setup_teardown_taskflow.py for tasks to queue
[2026-06-05T13:52:53.635+0000] {logging_mixin.py:190} INFO - [2026-06-05T13:52:53.634+0000] {dagbag.py:588} INFO - Filling up the DagBag from /home/airflow/.local/lib/python3.12/site-packages/airflow/example_dags/example_setup_teardown_taskflow.py
[2026-06-05T13:52:53.684+0000] {processor.py:925} INFO - DAG(s) 'example_setup_teardown_taskflow' retrieved from /home/airflow/.local/lib/python3.12/site-packages/airflow/example_dags/example_setup_teardown_taskflow.py
[2026-06-05T13:52:53.779+0000] {logging_mixin.py:190} INFO - [2026-06-05T13:52:53.778+0000] {dag.py:3239} INFO - Sync 1 DAGs
[2026-06-05T13:52:53.887+0000] {logging_mixin.py:190} INFO - [2026-06-05T13:52:53.886+0000] {dag.py:4180} INFO - Setting next_dagrun for example_setup_teardown_taskflow to None, run_after=None
[2026-06-05T13:52:53.999+0000] {processor.py:208} INFO - Processing /home/airflow/.local/lib/python3.12/site-packages/airflow/example_dags/example_setup_teardown_taskflow.py took 0.414 seconds
[2026-06-05T13:53:24.217+0000] {processor.py:186} INFO - Started process (PID=229) to work on /home/airflow/.local/lib/python3.12/site-packages/airflow/example_dags/example_setup_teardown_taskflow.py
[2026-06-05T13:53:24.219+0000] {processor.py:914} INFO - Processing file /home/airflow/.local/lib/python3.12/site-packages/airflow/example_dags/example_setup_teardown_taskflow.py for tasks to queue
[2026-06-05T13:53:24.225+0000] {logging_mixin.py:190} INFO - [2026-06-05T13:53:24.225+0000] {dagbag.py:588} INFO - Filling up the DagBag from /home/airflow/.local/lib/python3.12/site-packages/airflow/example_dags/example_setup_teardown_taskflow.py
[2026-06-05T13:53:24.253+0000] {processor.py:925} INFO - DAG(s) 'example_setup_teardown_taskflow' retrieved from /home/airflow/.local/lib/python3.12/site-packages/airflow/example_dags/example_setup_teardown_taskflow.py
[2026-06-05T13:53:24.320+0000] {logging_mixin.py:190} INFO - [2026-06-05T13:53:24.319+0000] {dag.py:3239} INFO - Sync 1 DAGs
[2026-06-05T13:53:24.358+0000] {logging_mixin.py:190} INFO - [2026-06-05T13:53:24.357+0000] {dag.py:4180} INFO - Setting next_dagrun for example_setup_teardown_taskflow to None, run_after=None
[2026-06-05T13:53:24.421+0000] {processor.py:208} INFO - Processing /home/airflow/.local/lib/python3.12/site-packages/airflow/example_dags/example_setup_teardown_taskflow.py took 0.224 seconds
[2026-06-05T13:53:54.956+0000] {processor.py:186} INFO - Started process (PID=291) to work on /home/airflow/.local/lib/python3.12/site-packages/airflow/example_dags/example_setup_teardown_taskflow.py
[2026-06-05T13:53:54.958+0000] {processor.py:914} INFO - Processing file /home/airflow/.local/lib/python3.12/site-packages/airflow/example_dags/example_setup_teardown_taskflow.py for tasks to queue
[2026-06-05T13:53:54.963+0000] {logging_mixin.py:190} INFO - [2026-06-05T13:53:54.962+0000] {dagbag.py:588} INFO - Filling up the DagBag from /home/airflow/.local/lib/python3.12/site-packages/airflow/example_dags/example_setup_teardown_taskflow.py
[2026-06-05T13:53:54.985+0000] {processor.py:925} INFO - DAG(s) 'example_setup_teardown_taskflow' retrieved from /home/airflow/.local/lib/python3.12/site-packages/airflow/example_dags/example_setup_teardown_taskflow.py
[2026-06-05T13:53:55.035+0000] {logging_mixin.py:190} INFO - [2026-06-05T13:53:55.034+0000] {dag.py:3239} INFO - Sync 1 DAGs
[2026-06-05T13:53:55.068+0000] {logging_mixin.py:190} INFO - [2026-06-05T13:53:55.068+0000] {dag.py:4180} INFO - Setting next_dagrun for example_setup_teardown_taskflow to None, run_after=None
[2026-06-05T13:53:55.118+0000] {processor.py:208} INFO - Processing /home/airflow/.local/lib/python3.12/site-packages/airflow/example_dags/example_setup_teardown_taskflow.py took 0.174 seconds
[2026-06-05T13:54:25.525+0000] {processor.py:186} INFO - Started process (PID=353) to work on /home/airflow/.local/lib/python3.12/site-packages/airflow/example_dags/example_setup_teardown_taskflow.py
[2026-06-05T13:54:25.527+0000] {processor.py:914} INFO - Processing file /home/airflow/.local/lib/python3.12/site-packages/airflow/example_dags/example_setup_teardown_taskflow.py for tasks to queue
[2026-06-05T13:54:25.534+0000] {logging_mixin.py:190} INFO - [2026-06-05T13:54:25.532+0000] {dagbag.py:588} INFO - Filling up the DagBag from /home/airflow/.local/lib/python3.12/site-packages/airflow/example_dags/example_setup_teardown_taskflow.py
[2026-06-05T13:54:25.564+0000] {processor.py:925} INFO - DAG(s) 'example_setup_teardown_taskflow' retrieved from /home/airflow/.local/lib/python3.12/site-packages/airflow/example_dags/example_setup_teardown_taskflow.py
[2026-06-05T13:54:25.614+0000] {logging_mixin.py:190} INFO - [2026-06-05T13:54:25.614+0000] {dag.py:3239} INFO - Sync 1 DAGs
[2026-06-05T13:54:25.647+0000] {logging_mixin.py:190} INFO - [2026-06-05T13:54:25.647+0000] {dag.py:4180} INFO - Setting next_dagrun for example_setup_teardown_taskflow to None, run_after=None
[2026-06-05T13:54:25.709+0000] {processor.py:208} INFO - Processing /home/airflow/.local/lib/python3.12/site-packages/airflow/example_dags/example_setup_teardown_taskflow.py took 0.199 seconds
[2026-06-05T13:55:03.588+0000] {processor.py:186} INFO - Started process (PID=415) to work on /home/airflow/.local/lib/python3.12/site-packages/airflow/example_dags/example_setup_teardown_taskflow.py
[2026-06-05T13:55:03.592+0000] {processor.py:914} INFO - Processing file /home/airflow/.local/lib/python3.12/site-packages/airflow/example_dags/example_setup_teardown_taskflow.py for tasks to queue
[2026-06-05T13:55:03.622+0000] {logging_mixin.py:190} INFO - [2026-06-05T13:55:03.619+0000] {dagbag.py:588} INFO - Filling up the DagBag from /home/airflow/.local/lib/python3.12/site-packages/airflow/example_dags/example_setup_teardown_taskflow.py
[2026-06-05T13:55:03.673+0000] {processor.py:925} INFO - DAG(s) 'example_setup_teardown_taskflow' retrieved from /home/airflow/.local/lib/python3.12/site-packages/airflow/example_dags/example_setup_teardown_taskflow.py
[2026-06-05T13:55:03.771+0000] {logging_mixin.py:190} INFO - [2026-06-05T13:55:03.770+0000] {dag.py:3239} INFO - Sync 1 DAGs
[2026-06-05T13:55:03.809+0000] {logging_mixin.py:190} INFO - [2026-06-05T13:55:03.809+0000] {dag.py:4180} INFO - Setting next_dagrun for example_setup_teardown_taskflow to None, run_after=None
[2026-06-05T13:55:03.874+0000] {processor.py:208} INFO - Processing /home/airflow/.local/lib/python3.12/site-packages/airflow/example_dags/example_setup_teardown_taskflow.py took 0.308 seconds
[2026-06-05T13:55:34.002+0000] {processor.py:186} INFO - Started process (PID=477) to work on /home/airflow/.local/lib/python3.12/site-packages/airflow/example_dags/example_setup_teardown_taskflow.py
[2026-06-05T13:55:34.004+0000] {processor.py:914} INFO - Processing file /home/airflow/.local/lib/python3.12/site-packages/airflow/example_dags/example_setup_teardown_taskflow.py for tasks to queue
[2026-06-05T13:55:34.011+0000] {logging_mixin.py:190} INFO - [2026-06-05T13:55:34.010+0000] {dagbag.py:588} INFO - Filling up the DagBag from /home/airflow/.local/lib/python3.12/site-packages/airflow/example_dags/example_setup_teardown_taskflow.py
[2026-06-05T13:55:34.040+0000] {processor.py:925} INFO - DAG(s) 'example_setup_teardown_taskflow' retrieved from /home/airflow/.local/lib/python3.12/site-packages/airflow/example_dags/example_setup_teardown_taskflow.py
[2026-06-05T13:55:34.090+0000] {logging_mixin.py:190} INFO - [2026-06-05T13:55:34.089+0000] {dag.py:3239} INFO - Sync 1 DAGs
[2026-06-05T13:55:34.119+0000] {logging_mixin.py:190} INFO - [2026-06-05T13:55:34.118+0000] {dag.py:4180} INFO - Setting next_dagrun for example_setup_teardown_taskflow to None, run_after=None
[2026-06-05T13:55:34.155+0000] {processor.py:208} INFO - Processing /home/airflow/.local/lib/python3.12/site-packages/airflow/example_dags/example_setup_teardown_taskflow.py took 0.170 seconds
[2026-06-05T13:56:05.479+0000] {processor.py:186} INFO - Started process (PID=539) to work on /home/airflow/.local/lib/python3.12/site-packages/airflow/example_dags/example_setup_teardown_taskflow.py
[2026-06-05T13:56:05.482+0000] {processor.py:914} INFO - Processing file /home/airflow/.local/lib/python3.12/site-packages/airflow/example_dags/example_setup_teardown_taskflow.py for tasks to queue
[2026-06-05T13:56:05.490+0000] {logging_mixin.py:190} INFO - [2026-06-05T13:56:05.488+0000] {dagbag.py:588} INFO - Filling up the DagBag from /home/airflow/.local/lib/python3.12/site-packages/airflow/example_dags/example_setup_teardown_taskflow.py
[2026-06-05T13:56:05.516+0000] {processor.py:925} INFO - DAG(s) 'example_setup_teardown_taskflow' retrieved from /home/airflow/.local/lib/python3.12/site-packages/airflow/example_dags/example_setup_teardown_taskflow.py
[2026-06-05T13:56:05.578+0000] {logging_mixin.py:190} INFO - [2026-06-05T13:56:05.577+0000] {dag.py:3239} INFO - Sync 1 DAGs
[2026-06-05T13:56:05.627+0000] {logging_mixin.py:190} INFO - [2026-06-05T13:56:05.626+0000] {dag.py:4180} INFO - Setting next_dagrun for example_setup_teardown_taskflow to None, run_after=None
[2026-06-05T13:56:05.700+0000] {processor.py:208} INFO - Processing /home/airflow/.local/lib/python3.12/site-packages/airflow/example_dags/example_setup_teardown_taskflow.py took 0.236 seconds
[2026-06-05T13:56:36.440+0000] {processor.py:186} INFO - Started process (PID=602) to work on /home/airflow/.local/lib/python3.12/site-packages/airflow/example_dags/example_setup_teardown_taskflow.py
[2026-06-05T13:56:36.442+0000] {processor.py:914} INFO - Processing file /home/airflow/.local/lib/python3.12/site-packages/airflow/example_dags/example_setup_teardown_taskflow.py for tasks to queue
[2026-06-05T13:56:36.448+0000] {logging_mixin.py:190} INFO - [2026-06-05T13:56:36.448+0000] {dagbag.py:588} INFO - Filling up the DagBag from /home/airflow/.local/lib/python3.12/site-packages/airflow/example_dags/example_setup_teardown_taskflow.py
[2026-06-05T13:56:36.482+0000] {processor.py:925} INFO - DAG(s) 'example_setup_teardown_taskflow' retrieved from /home/airflow/.local/lib/python3.12/site-packages/airflow/example_dags/example_setup_teardown_taskflow.py
[2026-06-05T13:56:36.547+0000] {logging_mixin.py:190} INFO - [2026-06-05T13:56:36.547+0000] {dag.py:3239} INFO - Sync 1 DAGs
[2026-06-05T13:56:36.591+0000] {logging_mixin.py:190} INFO - [2026-06-05T13:56:36.590+0000] {dag.py:4180} INFO - Setting next_dagrun for example_setup_teardown_taskflow to None, run_after=None
[2026-06-05T13:56:36.642+0000] {processor.py:208} INFO - Processing /home/airflow/.local/lib/python3.12/site-packages/airflow/example_dags/example_setup_teardown_taskflow.py took 0.216 seconds
[2026-06-05T13:57:06.890+0000] {processor.py:186} INFO - Started process (PID=664) to work on /home/airflow/.local/lib/python3.12/site-packages/airflow/example_dags/example_setup_teardown_taskflow.py
[2026-06-05T13:57:06.894+0000] {processor.py:914} INFO - Processing file /home/airflow/.local/lib/python3.12/site-packages/airflow/example_dags/example_setup_teardown_taskflow.py for tasks to queue
[2026-06-05T13:57:06.901+0000] {logging_mixin.py:190} INFO - [2026-06-05T13:57:06.900+0000] {dagbag.py:588} INFO - Filling up the DagBag from /home/airflow/.local/lib/python3.12/site-packages/airflow/example_dags/example_setup_teardown_taskflow.py
[2026-06-05T13:57:06.926+0000] {processor.py:925} INFO - DAG(s) 'example_setup_teardown_taskflow' retrieved from /home/airflow/.local/lib/python3.12/site-packages/airflow/example_dags/example_setup_teardown_taskflow.py
[2026-06-05T13:57:06.994+0000] {logging_mixin.py:190} INFO - [2026-06-05T13:57:06.992+0000] {dag.py:3239} INFO - Sync 1 DAGs
[2026-06-05T13:57:07.044+0000] {logging_mixin.py:190} INFO - [2026-06-05T13:57:07.043+0000] {dag.py:4180} INFO - Setting next_dagrun for example_setup_teardown_taskflow to None, run_after=None
[2026-06-05T13:57:07.128+0000] {processor.py:208} INFO - Processing /home/airflow/.local/lib/python3.12/site-packages/airflow/example_dags/example_setup_teardown_taskflow.py took 0.250 seconds
[2026-06-05T13:57:38.282+0000] {processor.py:186} INFO - Started process (PID=726) to work on /home/airflow/.local/lib/python3.12/site-packages/airflow/example_dags/example_setup_teardown_taskflow.py
[2026-06-05T13:57:38.285+0000] {processor.py:914} INFO - Processing file /home/airflow/.local/lib/python3.12/site-packages/airflow/example_dags/example_setup_teardown_taskflow.py for tasks to queue
[2026-06-05T13:57:38.298+0000] {logging_mixin.py:190} INFO - [2026-06-05T13:57:38.296+0000] {dagbag.py:588} INFO - Filling up the DagBag from /home/airflow/.local/lib/python3.12/site-packages/airflow/example_dags/example_setup_teardown_taskflow.py
[2026-06-05T13:57:38.346+0000] {processor.py:925} INFO - DAG(s) 'example_setup_teardown_taskflow' retrieved from /home/airflow/.local/lib/python3.12/site-packages/airflow/example_dags/example_setup_teardown_taskflow.py
[2026-06-05T13:57:38.419+0000] {logging_mixin.py:190} INFO - [2026-06-05T13:57:38.418+0000] {dag.py:3239} INFO - Sync 1 DAGs
[2026-06-05T13:57:38.468+0000] {logging_mixin.py:190} INFO - [2026-06-05T13:57:38.468+0000] {dag.py:4180} INFO - Setting next_dagrun for example_setup_teardown_taskflow to None, run_after=None
[2026-06-05T13:57:38.551+0000] {processor.py:208} INFO - Processing /home/airflow/.local/lib/python3.12/site-packages/airflow/example_dags/example_setup_teardown_taskflow.py took 0.293 seconds
[2026-06-05T13:58:10.357+0000] {processor.py:186} INFO - Started process (PID=788) to work on /home/airflow/.local/lib/python3.12/site-packages/airflow/example_dags/example_setup_teardown_taskflow.py
[2026-06-05T13:58:10.363+0000] {processor.py:914} INFO - Processing file /home/airflow/.local/lib/python3.12/site-packages/airflow/example_dags/example_setup_teardown_taskflow.py for tasks to queue
[2026-06-05T13:58:10.374+0000] {logging_mixin.py:190} INFO - [2026-06-05T13:58:10.372+0000] {dagbag.py:588} INFO - Filling up the DagBag from /home/airflow/.local/lib/python3.12/site-packages/airflow/example_dags/example_setup_teardown_taskflow.py
[2026-06-05T13:58:10.458+0000] {processor.py:925} INFO - DAG(s) 'example_setup_teardown_taskflow' retrieved from /home/airflow/.local/lib/python3.12/site-packages/airflow/example_dags/example_setup_teardown_taskflow.py
[2026-06-05T13:58:10.595+0000] {logging_mixin.py:190} INFO - [2026-06-05T13:58:10.593+0000] {dag.py:3239} INFO - Sync 1 DAGs
[2026-06-05T13:58:10.698+0000] {logging_mixin.py:190} INFO - [2026-06-05T13:58:10.694+0000] {dag.py:4180} INFO - Setting next_dagrun for example_setup_teardown_taskflow to None, run_after=None
[2026-06-05T13:58:10.823+0000] {processor.py:208} INFO - Processing /home/airflow/.local/lib/python3.12/site-packages/airflow/example_dags/example_setup_teardown_taskflow.py took 0.499 seconds
[2026-06-05T13:58:41.486+0000] {processor.py:186} INFO - Started process (PID=850) to work on /home/airflow/.local/lib/python3.12/site-packages/airflow/example_dags/example_setup_teardown_taskflow.py
[2026-06-05T13:58:41.510+0000] {processor.py:914} INFO - Processing file /home/airflow/.local/lib/python3.12/site-packages/airflow/example_dags/example_setup_teardown_taskflow.py for tasks to queue
[2026-06-05T13:58:41.526+0000] {logging_mixin.py:190} INFO - [2026-06-05T13:58:41.525+0000] {dagbag.py:588} INFO - Filling up the DagBag from /home/airflow/.local/lib/python3.12/site-packages/airflow/example_dags/example_setup_teardown_taskflow.py
[2026-06-05T13:58:41.583+0000] {processor.py:925} INFO - DAG(s) 'example_setup_teardown_taskflow' retrieved from /home/airflow/.local/lib/python3.12/site-packages/airflow/example_dags/example_setup_teardown_taskflow.py
[2026-06-05T13:58:41.792+0000] {logging_mixin.py:190} INFO - [2026-06-05T13:58:41.781+0000] {dag.py:3239} INFO - Sync 1 DAGs
[2026-06-05T13:58:41.984+0000] {logging_mixin.py:190} INFO - [2026-06-05T13:58:41.983+0000] {dag.py:4180} INFO - Setting next_dagrun for example_setup_teardown_taskflow to None, run_after=None
[2026-06-05T13:58:42.144+0000] {processor.py:208} INFO - Processing /home/airflow/.local/lib/python3.12/site-packages/airflow/example_dags/example_setup_teardown_taskflow.py took 0.693 seconds
[2026-06-05T13:59:12.281+0000] {processor.py:186} INFO - Started process (PID=912) to work on /home/airflow/.local/lib/python3.12/site-packages/airflow/example_dags/example_setup_teardown_taskflow.py
[2026-06-05T13:59:12.283+0000] {processor.py:914} INFO - Processing file /home/airflow/.local/lib/python3.12/site-packages/airflow/example_dags/example_setup_teardown_taskflow.py for tasks to queue
[2026-06-05T13:59:12.288+0000] {logging_mixin.py:190} INFO - [2026-06-05T13:59:12.288+0000] {dagbag.py:588} INFO - Filling up the DagBag from /home/airflow/.local/lib/python3.12/site-packages/airflow/example_dags/example_setup_teardown_taskflow.py
[2026-06-05T13:59:12.313+0000] {processor.py:925} INFO - DAG(s) 'example_setup_teardown_taskflow' retrieved from /home/airflow/.local/lib/python3.12/site-packages/airflow/example_dags/example_setup_teardown_taskflow.py
[2026-06-05T13:59:12.386+0000] {logging_mixin.py:190} INFO - [2026-06-05T13:59:12.385+0000] {dag.py:3239} INFO - Sync 1 DAGs
[2026-06-05T13:59:12.438+0000] {logging_mixin.py:190} INFO - [2026-06-05T13:59:12.437+0000] {dag.py:4180} INFO - Setting next_dagrun for example_setup_teardown_taskflow to None, run_after=None
[2026-06-05T13:59:12.491+0000] {processor.py:208} INFO - Processing /home/airflow/.local/lib/python3.12/site-packages/airflow/example_dags/example_setup_teardown_taskflow.py took 0.223 seconds
