[2026-06-05T13:52:00.798+0000] {processor.py:186} INFO - Started process (PID=92) to work on /home/airflow/.local/lib/python3.12/site-packages/airflow/example_dags/example_display_name.py
[2026-06-05T13:52:00.804+0000] {processor.py:914} INFO - Processing file /home/airflow/.local/lib/python3.12/site-packages/airflow/example_dags/example_display_name.py for tasks to queue
[2026-06-05T13:52:00.812+0000] {logging_mixin.py:190} INFO - [2026-06-05T13:52:00.811+0000] {dagbag.py:588} INFO - Filling up the DagBag from /home/airflow/.local/lib/python3.12/site-packages/airflow/example_dags/example_display_name.py
[2026-06-05T13:52:00.896+0000] {processor.py:925} INFO - DAG(s) 'example_display_name' retrieved from /home/airflow/.local/lib/python3.12/site-packages/airflow/example_dags/example_display_name.py
[2026-06-05T13:52:01.830+0000] {logging_mixin.py:190} INFO - [2026-06-05T13:52:01.828+0000] {override.py:1900} INFO - Created Permission View: can delete on DAG:example_display_name
[2026-06-05T13:52:01.952+0000] {logging_mixin.py:190} INFO - [2026-06-05T13:52:01.951+0000] {override.py:1900} INFO - Created Permission View: can read on DAG:example_display_name
[2026-06-05T13:52:02.025+0000] {logging_mixin.py:190} INFO - [2026-06-05T13:52:02.024+0000] {override.py:1900} INFO - Created Permission View: can edit on DAG:example_display_name
[2026-06-05T13:52:02.094+0000] {logging_mixin.py:190} INFO - [2026-06-05T13:52:02.093+0000] {override.py:1900} INFO - Created Permission View: menu access on DAG Run:example_display_name
[2026-06-05T13:52:02.162+0000] {logging_mixin.py:190} INFO - [2026-06-05T13:52:02.161+0000] {override.py:1900} INFO - Created Permission View: can delete on DAG Run:example_display_name
[2026-06-05T13:52:02.206+0000] {logging_mixin.py:190} INFO - [2026-06-05T13:52:02.203+0000] {override.py:1900} INFO - Created Permission View: can read on DAG Run:example_display_name
[2026-06-05T13:52:02.314+0000] {logging_mixin.py:190} INFO - [2026-06-05T13:52:02.313+0000] {override.py:1900} INFO - Created Permission View: can create on DAG Run:example_display_name
[2026-06-05T13:52:02.317+0000] {logging_mixin.py:190} INFO - [2026-06-05T13:52:02.316+0000] {dag.py:3239} INFO - Sync 1 DAGs
[2026-06-05T13:52:02.464+0000] {logging_mixin.py:190} INFO - [2026-06-05T13:52:02.464+0000] {dag.py:3262} INFO - Creating ORM DAG for example_display_name
[2026-06-05T13:52:02.480+0000] {logging_mixin.py:190} INFO - [2026-06-05T13:52:02.479+0000] {dag.py:4180} INFO - Setting next_dagrun for example_display_name to None, run_after=None
[2026-06-05T13:52:02.585+0000] {processor.py:208} INFO - Processing /home/airflow/.local/lib/python3.12/site-packages/airflow/example_dags/example_display_name.py took 1.817 seconds
[2026-06-05T13:52:50.478+0000] {processor.py:186} INFO - Started process (PID=159) to work on /home/airflow/.local/lib/python3.12/site-packages/airflow/example_dags/example_display_name.py
[2026-06-05T13:52:50.481+0000] {processor.py:914} INFO - Processing file /home/airflow/.local/lib/python3.12/site-packages/airflow/example_dags/example_display_name.py for tasks to queue
[2026-06-05T13:52:50.491+0000] {logging_mixin.py:190} INFO - [2026-06-05T13:52:50.490+0000] {dagbag.py:588} INFO - Filling up the DagBag from /home/airflow/.local/lib/python3.12/site-packages/airflow/example_dags/example_display_name.py
[2026-06-05T13:52:50.519+0000] {processor.py:925} INFO - DAG(s) 'example_display_name' retrieved from /home/airflow/.local/lib/python3.12/site-packages/airflow/example_dags/example_display_name.py
[2026-06-05T13:52:50.613+0000] {logging_mixin.py:190} INFO - [2026-06-05T13:52:50.612+0000] {dag.py:3239} INFO - Sync 1 DAGs
[2026-06-05T13:52:50.682+0000] {logging_mixin.py:190} INFO - [2026-06-05T13:52:50.681+0000] {dag.py:4180} INFO - Setting next_dagrun for example_display_name to None, run_after=None
[2026-06-05T13:52:50.830+0000] {processor.py:208} INFO - Processing /home/airflow/.local/lib/python3.12/site-packages/airflow/example_dags/example_display_name.py took 0.378 seconds
[2026-06-05T13:53:21.799+0000] {processor.py:186} INFO - Started process (PID=221) to work on /home/airflow/.local/lib/python3.12/site-packages/airflow/example_dags/example_display_name.py
[2026-06-05T13:53:21.801+0000] {processor.py:914} INFO - Processing file /home/airflow/.local/lib/python3.12/site-packages/airflow/example_dags/example_display_name.py for tasks to queue
[2026-06-05T13:53:21.808+0000] {logging_mixin.py:190} INFO - [2026-06-05T13:53:21.807+0000] {dagbag.py:588} INFO - Filling up the DagBag from /home/airflow/.local/lib/python3.12/site-packages/airflow/example_dags/example_display_name.py
[2026-06-05T13:53:21.825+0000] {processor.py:925} INFO - DAG(s) 'example_display_name' retrieved from /home/airflow/.local/lib/python3.12/site-packages/airflow/example_dags/example_display_name.py
[2026-06-05T13:53:21.864+0000] {logging_mixin.py:190} INFO - [2026-06-05T13:53:21.864+0000] {dag.py:3239} INFO - Sync 1 DAGs
[2026-06-05T13:53:21.897+0000] {logging_mixin.py:190} INFO - [2026-06-05T13:53:21.896+0000] {dag.py:4180} INFO - Setting next_dagrun for example_display_name to None, run_after=None
[2026-06-05T13:53:21.954+0000] {processor.py:208} INFO - Processing /home/airflow/.local/lib/python3.12/site-packages/airflow/example_dags/example_display_name.py took 0.167 seconds
[2026-06-05T13:53:52.454+0000] {processor.py:186} INFO - Started process (PID=283) to work on /home/airflow/.local/lib/python3.12/site-packages/airflow/example_dags/example_display_name.py
[2026-06-05T13:53:52.457+0000] {processor.py:914} INFO - Processing file /home/airflow/.local/lib/python3.12/site-packages/airflow/example_dags/example_display_name.py for tasks to queue
[2026-06-05T13:53:52.464+0000] {logging_mixin.py:190} INFO - [2026-06-05T13:53:52.463+0000] {dagbag.py:588} INFO - Filling up the DagBag from /home/airflow/.local/lib/python3.12/site-packages/airflow/example_dags/example_display_name.py
[2026-06-05T13:53:52.483+0000] {processor.py:925} INFO - DAG(s) 'example_display_name' retrieved from /home/airflow/.local/lib/python3.12/site-packages/airflow/example_dags/example_display_name.py
[2026-06-05T13:53:52.524+0000] {logging_mixin.py:190} INFO - [2026-06-05T13:53:52.524+0000] {dag.py:3239} INFO - Sync 1 DAGs
[2026-06-05T13:53:52.558+0000] {logging_mixin.py:190} INFO - [2026-06-05T13:53:52.557+0000] {dag.py:4180} INFO - Setting next_dagrun for example_display_name to None, run_after=None
[2026-06-05T13:53:52.605+0000] {processor.py:208} INFO - Processing /home/airflow/.local/lib/python3.12/site-packages/airflow/example_dags/example_display_name.py took 0.169 seconds
[2026-06-05T13:54:22.775+0000] {processor.py:186} INFO - Started process (PID=345) to work on /home/airflow/.local/lib/python3.12/site-packages/airflow/example_dags/example_display_name.py
[2026-06-05T13:54:22.777+0000] {processor.py:914} INFO - Processing file /home/airflow/.local/lib/python3.12/site-packages/airflow/example_dags/example_display_name.py for tasks to queue
[2026-06-05T13:54:22.782+0000] {logging_mixin.py:190} INFO - [2026-06-05T13:54:22.781+0000] {dagbag.py:588} INFO - Filling up the DagBag from /home/airflow/.local/lib/python3.12/site-packages/airflow/example_dags/example_display_name.py
[2026-06-05T13:54:22.797+0000] {processor.py:925} INFO - DAG(s) 'example_display_name' retrieved from /home/airflow/.local/lib/python3.12/site-packages/airflow/example_dags/example_display_name.py
[2026-06-05T13:54:22.843+0000] {logging_mixin.py:190} INFO - [2026-06-05T13:54:22.842+0000] {dag.py:3239} INFO - Sync 1 DAGs
[2026-06-05T13:54:22.870+0000] {logging_mixin.py:190} INFO - [2026-06-05T13:54:22.870+0000] {dag.py:4180} INFO - Setting next_dagrun for example_display_name to None, run_after=None
[2026-06-05T13:54:22.912+0000] {processor.py:208} INFO - Processing /home/airflow/.local/lib/python3.12/site-packages/airflow/example_dags/example_display_name.py took 0.148 seconds
[2026-06-05T13:54:58.843+0000] {processor.py:186} INFO - Started process (PID=403) to work on /home/airflow/.local/lib/python3.12/site-packages/airflow/example_dags/example_display_name.py
[2026-06-05T13:54:58.861+0000] {processor.py:914} INFO - Processing file /home/airflow/.local/lib/python3.12/site-packages/airflow/example_dags/example_display_name.py for tasks to queue
[2026-06-05T13:54:58.917+0000] {logging_mixin.py:190} INFO - [2026-06-05T13:54:58.916+0000] {dagbag.py:588} INFO - Filling up the DagBag from /home/airflow/.local/lib/python3.12/site-packages/airflow/example_dags/example_display_name.py
[2026-06-05T13:54:59.178+0000] {processor.py:925} INFO - DAG(s) 'example_display_name' retrieved from /home/airflow/.local/lib/python3.12/site-packages/airflow/example_dags/example_display_name.py
[2026-06-05T13:54:59.400+0000] {logging_mixin.py:190} INFO - [2026-06-05T13:54:59.399+0000] {dag.py:3239} INFO - Sync 1 DAGs
[2026-06-05T13:54:59.518+0000] {logging_mixin.py:190} INFO - [2026-06-05T13:54:59.518+0000] {dag.py:4180} INFO - Setting next_dagrun for example_display_name to None, run_after=None
[2026-06-05T13:54:59.687+0000] {processor.py:208} INFO - Processing /home/airflow/.local/lib/python3.12/site-packages/airflow/example_dags/example_display_name.py took 1.011 seconds
[2026-06-05T13:55:29.873+0000] {processor.py:186} INFO - Started process (PID=465) to work on /home/airflow/.local/lib/python3.12/site-packages/airflow/example_dags/example_display_name.py
[2026-06-05T13:55:29.878+0000] {processor.py:914} INFO - Processing file /home/airflow/.local/lib/python3.12/site-packages/airflow/example_dags/example_display_name.py for tasks to queue
[2026-06-05T13:55:29.884+0000] {logging_mixin.py:190} INFO - [2026-06-05T13:55:29.883+0000] {dagbag.py:588} INFO - Filling up the DagBag from /home/airflow/.local/lib/python3.12/site-packages/airflow/example_dags/example_display_name.py
[2026-06-05T13:55:29.903+0000] {processor.py:925} INFO - DAG(s) 'example_display_name' retrieved from /home/airflow/.local/lib/python3.12/site-packages/airflow/example_dags/example_display_name.py
[2026-06-05T13:55:29.948+0000] {logging_mixin.py:190} INFO - [2026-06-05T13:55:29.947+0000] {dag.py:3239} INFO - Sync 1 DAGs
[2026-06-05T13:55:29.976+0000] {logging_mixin.py:190} INFO - [2026-06-05T13:55:29.976+0000] {dag.py:4180} INFO - Setting next_dagrun for example_display_name to None, run_after=None
[2026-06-05T13:55:30.024+0000] {processor.py:208} INFO - Processing /home/airflow/.local/lib/python3.12/site-packages/airflow/example_dags/example_display_name.py took 0.168 seconds
[2026-06-05T13:56:00.648+0000] {processor.py:186} INFO - Started process (PID=528) to work on /home/airflow/.local/lib/python3.12/site-packages/airflow/example_dags/example_display_name.py
[2026-06-05T13:56:00.652+0000] {processor.py:914} INFO - Processing file /home/airflow/.local/lib/python3.12/site-packages/airflow/example_dags/example_display_name.py for tasks to queue
[2026-06-05T13:56:00.665+0000] {logging_mixin.py:190} INFO - [2026-06-05T13:56:00.664+0000] {dagbag.py:588} INFO - Filling up the DagBag from /home/airflow/.local/lib/python3.12/site-packages/airflow/example_dags/example_display_name.py
[2026-06-05T13:56:00.702+0000] {processor.py:925} INFO - DAG(s) 'example_display_name' retrieved from /home/airflow/.local/lib/python3.12/site-packages/airflow/example_dags/example_display_name.py
[2026-06-05T13:56:00.800+0000] {logging_mixin.py:190} INFO - [2026-06-05T13:56:00.799+0000] {dag.py:3239} INFO - Sync 1 DAGs
[2026-06-05T13:56:00.891+0000] {logging_mixin.py:190} INFO - [2026-06-05T13:56:00.890+0000] {dag.py:4180} INFO - Setting next_dagrun for example_display_name to None, run_after=None
[2026-06-05T13:56:01.004+0000] {processor.py:208} INFO - Processing /home/airflow/.local/lib/python3.12/site-packages/airflow/example_dags/example_display_name.py took 0.375 seconds
[2026-06-05T13:56:31.631+0000] {processor.py:186} INFO - Started process (PID=590) to work on /home/airflow/.local/lib/python3.12/site-packages/airflow/example_dags/example_display_name.py
[2026-06-05T13:56:31.641+0000] {processor.py:914} INFO - Processing file /home/airflow/.local/lib/python3.12/site-packages/airflow/example_dags/example_display_name.py for tasks to queue
[2026-06-05T13:56:31.659+0000] {logging_mixin.py:190} INFO - [2026-06-05T13:56:31.657+0000] {dagbag.py:588} INFO - Filling up the DagBag from /home/airflow/.local/lib/python3.12/site-packages/airflow/example_dags/example_display_name.py
[2026-06-05T13:56:31.733+0000] {processor.py:925} INFO - DAG(s) 'example_display_name' retrieved from /home/airflow/.local/lib/python3.12/site-packages/airflow/example_dags/example_display_name.py
[2026-06-05T13:56:31.825+0000] {logging_mixin.py:190} INFO - [2026-06-05T13:56:31.824+0000] {dag.py:3239} INFO - Sync 1 DAGs
[2026-06-05T13:56:31.931+0000] {logging_mixin.py:190} INFO - [2026-06-05T13:56:31.930+0000] {dag.py:4180} INFO - Setting next_dagrun for example_display_name to None, run_after=None
[2026-06-05T13:56:32.064+0000] {processor.py:208} INFO - Processing /home/airflow/.local/lib/python3.12/site-packages/airflow/example_dags/example_display_name.py took 0.488 seconds
[2026-06-05T13:57:02.304+0000] {processor.py:186} INFO - Started process (PID=652) to work on /home/airflow/.local/lib/python3.12/site-packages/airflow/example_dags/example_display_name.py
[2026-06-05T13:57:02.307+0000] {processor.py:914} INFO - Processing file /home/airflow/.local/lib/python3.12/site-packages/airflow/example_dags/example_display_name.py for tasks to queue
[2026-06-05T13:57:02.319+0000] {logging_mixin.py:190} INFO - [2026-06-05T13:57:02.318+0000] {dagbag.py:588} INFO - Filling up the DagBag from /home/airflow/.local/lib/python3.12/site-packages/airflow/example_dags/example_display_name.py
[2026-06-05T13:57:02.359+0000] {processor.py:925} INFO - DAG(s) 'example_display_name' retrieved from /home/airflow/.local/lib/python3.12/site-packages/airflow/example_dags/example_display_name.py
[2026-06-05T13:57:02.466+0000] {logging_mixin.py:190} INFO - [2026-06-05T13:57:02.465+0000] {dag.py:3239} INFO - Sync 1 DAGs
[2026-06-05T13:57:02.561+0000] {logging_mixin.py:190} INFO - [2026-06-05T13:57:02.557+0000] {dag.py:4180} INFO - Setting next_dagrun for example_display_name to None, run_after=None
[2026-06-05T13:57:02.637+0000] {processor.py:208} INFO - Processing /home/airflow/.local/lib/python3.12/site-packages/airflow/example_dags/example_display_name.py took 0.355 seconds
[2026-06-05T13:57:33.021+0000] {processor.py:186} INFO - Started process (PID=714) to work on /home/airflow/.local/lib/python3.12/site-packages/airflow/example_dags/example_display_name.py
[2026-06-05T13:57:33.023+0000] {processor.py:914} INFO - Processing file /home/airflow/.local/lib/python3.12/site-packages/airflow/example_dags/example_display_name.py for tasks to queue
[2026-06-05T13:57:33.029+0000] {logging_mixin.py:190} INFO - [2026-06-05T13:57:33.029+0000] {dagbag.py:588} INFO - Filling up the DagBag from /home/airflow/.local/lib/python3.12/site-packages/airflow/example_dags/example_display_name.py
[2026-06-05T13:57:33.051+0000] {processor.py:925} INFO - DAG(s) 'example_display_name' retrieved from /home/airflow/.local/lib/python3.12/site-packages/airflow/example_dags/example_display_name.py
[2026-06-05T13:57:33.104+0000] {logging_mixin.py:190} INFO - [2026-06-05T13:57:33.103+0000] {dag.py:3239} INFO - Sync 1 DAGs
[2026-06-05T13:57:33.145+0000] {logging_mixin.py:190} INFO - [2026-06-05T13:57:33.144+0000] {dag.py:4180} INFO - Setting next_dagrun for example_display_name to None, run_after=None
[2026-06-05T13:57:33.211+0000] {processor.py:208} INFO - Processing /home/airflow/.local/lib/python3.12/site-packages/airflow/example_dags/example_display_name.py took 0.203 seconds
[2026-06-05T13:58:03.774+0000] {processor.py:186} INFO - Started process (PID=776) to work on /home/airflow/.local/lib/python3.12/site-packages/airflow/example_dags/example_display_name.py
[2026-06-05T13:58:03.777+0000] {processor.py:914} INFO - Processing file /home/airflow/.local/lib/python3.12/site-packages/airflow/example_dags/example_display_name.py for tasks to queue
[2026-06-05T13:58:03.802+0000] {logging_mixin.py:190} INFO - [2026-06-05T13:58:03.800+0000] {dagbag.py:588} INFO - Filling up the DagBag from /home/airflow/.local/lib/python3.12/site-packages/airflow/example_dags/example_display_name.py
[2026-06-05T13:58:03.852+0000] {processor.py:925} INFO - DAG(s) 'example_display_name' retrieved from /home/airflow/.local/lib/python3.12/site-packages/airflow/example_dags/example_display_name.py
[2026-06-05T13:58:03.941+0000] {logging_mixin.py:190} INFO - [2026-06-05T13:58:03.940+0000] {dag.py:3239} INFO - Sync 1 DAGs
[2026-06-05T13:58:03.998+0000] {logging_mixin.py:190} INFO - [2026-06-05T13:58:03.997+0000] {dag.py:4180} INFO - Setting next_dagrun for example_display_name to None, run_after=None
[2026-06-05T13:58:04.075+0000] {processor.py:208} INFO - Processing /home/airflow/.local/lib/python3.12/site-packages/airflow/example_dags/example_display_name.py took 0.341 seconds
[2026-06-05T13:58:34.523+0000] {processor.py:186} INFO - Started process (PID=838) to work on /home/airflow/.local/lib/python3.12/site-packages/airflow/example_dags/example_display_name.py
[2026-06-05T13:58:34.526+0000] {processor.py:914} INFO - Processing file /home/airflow/.local/lib/python3.12/site-packages/airflow/example_dags/example_display_name.py for tasks to queue
[2026-06-05T13:58:34.541+0000] {logging_mixin.py:190} INFO - [2026-06-05T13:58:34.540+0000] {dagbag.py:588} INFO - Filling up the DagBag from /home/airflow/.local/lib/python3.12/site-packages/airflow/example_dags/example_display_name.py
[2026-06-05T13:58:34.561+0000] {processor.py:925} INFO - DAG(s) 'example_display_name' retrieved from /home/airflow/.local/lib/python3.12/site-packages/airflow/example_dags/example_display_name.py
[2026-06-05T13:58:34.610+0000] {logging_mixin.py:190} INFO - [2026-06-05T13:58:34.610+0000] {dag.py:3239} INFO - Sync 1 DAGs
[2026-06-05T13:58:34.649+0000] {logging_mixin.py:190} INFO - [2026-06-05T13:58:34.649+0000] {dag.py:4180} INFO - Setting next_dagrun for example_display_name to None, run_after=None
[2026-06-05T13:58:34.708+0000] {processor.py:208} INFO - Processing /home/airflow/.local/lib/python3.12/site-packages/airflow/example_dags/example_display_name.py took 0.205 seconds
[2026-06-05T13:59:05.077+0000] {processor.py:186} INFO - Started process (PID=900) to work on /home/airflow/.local/lib/python3.12/site-packages/airflow/example_dags/example_display_name.py
[2026-06-05T13:59:05.080+0000] {processor.py:914} INFO - Processing file /home/airflow/.local/lib/python3.12/site-packages/airflow/example_dags/example_display_name.py for tasks to queue
[2026-06-05T13:59:05.088+0000] {logging_mixin.py:190} INFO - [2026-06-05T13:59:05.087+0000] {dagbag.py:588} INFO - Filling up the DagBag from /home/airflow/.local/lib/python3.12/site-packages/airflow/example_dags/example_display_name.py
[2026-06-05T13:59:05.109+0000] {processor.py:925} INFO - DAG(s) 'example_display_name' retrieved from /home/airflow/.local/lib/python3.12/site-packages/airflow/example_dags/example_display_name.py
[2026-06-05T13:59:05.165+0000] {logging_mixin.py:190} INFO - [2026-06-05T13:59:05.164+0000] {dag.py:3239} INFO - Sync 1 DAGs
[2026-06-05T13:59:05.223+0000] {logging_mixin.py:190} INFO - [2026-06-05T13:59:05.222+0000] {dag.py:4180} INFO - Setting next_dagrun for example_display_name to None, run_after=None
[2026-06-05T13:59:05.272+0000] {processor.py:208} INFO - Processing /home/airflow/.local/lib/python3.12/site-packages/airflow/example_dags/example_display_name.py took 0.217 seconds
