[2026-06-05T13:52:46.050+0000] {processor.py:186} INFO - Started process (PID=147) to work on /home/airflow/.local/lib/python3.12/site-packages/airflow/example_dags/example_short_circuit_operator.py
[2026-06-05T13:52:46.053+0000] {processor.py:914} INFO - Processing file /home/airflow/.local/lib/python3.12/site-packages/airflow/example_dags/example_short_circuit_operator.py for tasks to queue
[2026-06-05T13:52:46.064+0000] {logging_mixin.py:190} INFO - [2026-06-05T13:52:46.062+0000] {dagbag.py:588} INFO - Filling up the DagBag from /home/airflow/.local/lib/python3.12/site-packages/airflow/example_dags/example_short_circuit_operator.py
[2026-06-05T13:52:46.146+0000] {processor.py:925} INFO - DAG(s) 'example_short_circuit_operator' retrieved from /home/airflow/.local/lib/python3.12/site-packages/airflow/example_dags/example_short_circuit_operator.py
[2026-06-05T13:52:46.829+0000] {logging_mixin.py:190} INFO - [2026-06-05T13:52:46.805+0000] {override.py:1900} INFO - Created Permission View: can delete on DAG:example_short_circuit_operator
[2026-06-05T13:52:46.877+0000] {logging_mixin.py:190} INFO - [2026-06-05T13:52:46.876+0000] {override.py:1900} INFO - Created Permission View: can read on DAG:example_short_circuit_operator
[2026-06-05T13:52:46.902+0000] {logging_mixin.py:190} INFO - [2026-06-05T13:52:46.902+0000] {override.py:1900} INFO - Created Permission View: can edit on DAG:example_short_circuit_operator
[2026-06-05T13:52:46.950+0000] {logging_mixin.py:190} INFO - [2026-06-05T13:52:46.948+0000] {override.py:1900} INFO - Created Permission View: menu access on DAG Run:example_short_circuit_operator
[2026-06-05T13:52:46.988+0000] {logging_mixin.py:190} INFO - [2026-06-05T13:52:46.987+0000] {override.py:1900} INFO - Created Permission View: can delete on DAG Run:example_short_circuit_operator
[2026-06-05T13:52:47.021+0000] {logging_mixin.py:190} INFO - [2026-06-05T13:52:47.019+0000] {override.py:1900} INFO - Created Permission View: can read on DAG Run:example_short_circuit_operator
[2026-06-05T13:52:47.051+0000] {logging_mixin.py:190} INFO - [2026-06-05T13:52:47.049+0000] {override.py:1900} INFO - Created Permission View: can create on DAG Run:example_short_circuit_operator
[2026-06-05T13:52:47.054+0000] {logging_mixin.py:190} INFO - [2026-06-05T13:52:47.053+0000] {dag.py:3239} INFO - Sync 1 DAGs
[2026-06-05T13:52:47.107+0000] {logging_mixin.py:190} INFO - [2026-06-05T13:52:47.106+0000] {dag.py:3262} INFO - Creating ORM DAG for example_short_circuit_operator
[2026-06-05T13:52:47.111+0000] {logging_mixin.py:190} INFO - [2026-06-05T13:52:47.110+0000] {dag.py:4180} INFO - Setting next_dagrun for example_short_circuit_operator to None, run_after=None
[2026-06-05T13:52:47.173+0000] {processor.py:208} INFO - Processing /home/airflow/.local/lib/python3.12/site-packages/airflow/example_dags/example_short_circuit_operator.py took 1.150 seconds
[2026-06-05T13:53:17.339+0000] {processor.py:186} INFO - Started process (PID=209) to work on /home/airflow/.local/lib/python3.12/site-packages/airflow/example_dags/example_short_circuit_operator.py
[2026-06-05T13:53:17.341+0000] {processor.py:914} INFO - Processing file /home/airflow/.local/lib/python3.12/site-packages/airflow/example_dags/example_short_circuit_operator.py for tasks to queue
[2026-06-05T13:53:17.346+0000] {logging_mixin.py:190} INFO - [2026-06-05T13:53:17.345+0000] {dagbag.py:588} INFO - Filling up the DagBag from /home/airflow/.local/lib/python3.12/site-packages/airflow/example_dags/example_short_circuit_operator.py
[2026-06-05T13:53:17.363+0000] {processor.py:925} INFO - DAG(s) 'example_short_circuit_operator' retrieved from /home/airflow/.local/lib/python3.12/site-packages/airflow/example_dags/example_short_circuit_operator.py
[2026-06-05T13:53:17.415+0000] {logging_mixin.py:190} INFO - [2026-06-05T13:53:17.414+0000] {dag.py:3239} INFO - Sync 1 DAGs
[2026-06-05T13:53:17.463+0000] {logging_mixin.py:190} INFO - [2026-06-05T13:53:17.463+0000] {dag.py:4180} INFO - Setting next_dagrun for example_short_circuit_operator to None, run_after=None
[2026-06-05T13:53:17.508+0000] {processor.py:208} INFO - Processing /home/airflow/.local/lib/python3.12/site-packages/airflow/example_dags/example_short_circuit_operator.py took 0.182 seconds
[2026-06-05T13:53:47.662+0000] {processor.py:186} INFO - Started process (PID=271) to work on /home/airflow/.local/lib/python3.12/site-packages/airflow/example_dags/example_short_circuit_operator.py
[2026-06-05T13:53:47.664+0000] {processor.py:914} INFO - Processing file /home/airflow/.local/lib/python3.12/site-packages/airflow/example_dags/example_short_circuit_operator.py for tasks to queue
[2026-06-05T13:53:47.670+0000] {logging_mixin.py:190} INFO - [2026-06-05T13:53:47.669+0000] {dagbag.py:588} INFO - Filling up the DagBag from /home/airflow/.local/lib/python3.12/site-packages/airflow/example_dags/example_short_circuit_operator.py
[2026-06-05T13:53:47.690+0000] {processor.py:925} INFO - DAG(s) 'example_short_circuit_operator' retrieved from /home/airflow/.local/lib/python3.12/site-packages/airflow/example_dags/example_short_circuit_operator.py
[2026-06-05T13:53:47.743+0000] {logging_mixin.py:190} INFO - [2026-06-05T13:53:47.742+0000] {dag.py:3239} INFO - Sync 1 DAGs
[2026-06-05T13:53:47.786+0000] {logging_mixin.py:190} INFO - [2026-06-05T13:53:47.785+0000] {dag.py:4180} INFO - Setting next_dagrun for example_short_circuit_operator to None, run_after=None
[2026-06-05T13:53:47.832+0000] {processor.py:208} INFO - Processing /home/airflow/.local/lib/python3.12/site-packages/airflow/example_dags/example_short_circuit_operator.py took 0.183 seconds
[2026-06-05T13:54:18.277+0000] {processor.py:186} INFO - Started process (PID=333) to work on /home/airflow/.local/lib/python3.12/site-packages/airflow/example_dags/example_short_circuit_operator.py
[2026-06-05T13:54:18.279+0000] {processor.py:914} INFO - Processing file /home/airflow/.local/lib/python3.12/site-packages/airflow/example_dags/example_short_circuit_operator.py for tasks to queue
[2026-06-05T13:54:18.284+0000] {logging_mixin.py:190} INFO - [2026-06-05T13:54:18.283+0000] {dagbag.py:588} INFO - Filling up the DagBag from /home/airflow/.local/lib/python3.12/site-packages/airflow/example_dags/example_short_circuit_operator.py
[2026-06-05T13:54:18.301+0000] {processor.py:925} INFO - DAG(s) 'example_short_circuit_operator' retrieved from /home/airflow/.local/lib/python3.12/site-packages/airflow/example_dags/example_short_circuit_operator.py
[2026-06-05T13:54:18.348+0000] {logging_mixin.py:190} INFO - [2026-06-05T13:54:18.347+0000] {dag.py:3239} INFO - Sync 1 DAGs
[2026-06-05T13:54:18.387+0000] {logging_mixin.py:190} INFO - [2026-06-05T13:54:18.387+0000] {dag.py:4180} INFO - Setting next_dagrun for example_short_circuit_operator to None, run_after=None
[2026-06-05T13:54:18.426+0000] {processor.py:208} INFO - Processing /home/airflow/.local/lib/python3.12/site-packages/airflow/example_dags/example_short_circuit_operator.py took 0.163 seconds
[2026-06-05T13:54:52.623+0000] {processor.py:186} INFO - Started process (PID=395) to work on /home/airflow/.local/lib/python3.12/site-packages/airflow/example_dags/example_short_circuit_operator.py
[2026-06-05T13:54:52.654+0000] {processor.py:914} INFO - Processing file /home/airflow/.local/lib/python3.12/site-packages/airflow/example_dags/example_short_circuit_operator.py for tasks to queue
[2026-06-05T13:54:52.706+0000] {logging_mixin.py:190} INFO - [2026-06-05T13:54:52.704+0000] {dagbag.py:588} INFO - Filling up the DagBag from /home/airflow/.local/lib/python3.12/site-packages/airflow/example_dags/example_short_circuit_operator.py
[2026-06-05T13:54:53.229+0000] {processor.py:925} INFO - DAG(s) 'example_short_circuit_operator' retrieved from /home/airflow/.local/lib/python3.12/site-packages/airflow/example_dags/example_short_circuit_operator.py
[2026-06-05T13:54:53.550+0000] {logging_mixin.py:190} INFO - [2026-06-05T13:54:53.549+0000] {dag.py:3239} INFO - Sync 1 DAGs
[2026-06-05T13:54:53.891+0000] {logging_mixin.py:190} INFO - [2026-06-05T13:54:53.890+0000] {dag.py:4180} INFO - Setting next_dagrun for example_short_circuit_operator to None, run_after=None
[2026-06-05T13:54:54.074+0000] {processor.py:208} INFO - Processing /home/airflow/.local/lib/python3.12/site-packages/airflow/example_dags/example_short_circuit_operator.py took 1.601 seconds
[2026-06-05T13:55:24.954+0000] {processor.py:186} INFO - Started process (PID=457) to work on /home/airflow/.local/lib/python3.12/site-packages/airflow/example_dags/example_short_circuit_operator.py
[2026-06-05T13:55:24.957+0000] {processor.py:914} INFO - Processing file /home/airflow/.local/lib/python3.12/site-packages/airflow/example_dags/example_short_circuit_operator.py for tasks to queue
[2026-06-05T13:55:24.965+0000] {logging_mixin.py:190} INFO - [2026-06-05T13:55:24.964+0000] {dagbag.py:588} INFO - Filling up the DagBag from /home/airflow/.local/lib/python3.12/site-packages/airflow/example_dags/example_short_circuit_operator.py
[2026-06-05T13:55:24.991+0000] {processor.py:925} INFO - DAG(s) 'example_short_circuit_operator' retrieved from /home/airflow/.local/lib/python3.12/site-packages/airflow/example_dags/example_short_circuit_operator.py
[2026-06-05T13:55:25.074+0000] {logging_mixin.py:190} INFO - [2026-06-05T13:55:25.074+0000] {dag.py:3239} INFO - Sync 1 DAGs
[2026-06-05T13:55:25.118+0000] {logging_mixin.py:190} INFO - [2026-06-05T13:55:25.117+0000] {dag.py:4180} INFO - Setting next_dagrun for example_short_circuit_operator to None, run_after=None
[2026-06-05T13:55:25.178+0000] {processor.py:208} INFO - Processing /home/airflow/.local/lib/python3.12/site-packages/airflow/example_dags/example_short_circuit_operator.py took 0.240 seconds
[2026-06-05T13:55:55.928+0000] {processor.py:186} INFO - Started process (PID=520) to work on /home/airflow/.local/lib/python3.12/site-packages/airflow/example_dags/example_short_circuit_operator.py
[2026-06-05T13:55:55.931+0000] {processor.py:914} INFO - Processing file /home/airflow/.local/lib/python3.12/site-packages/airflow/example_dags/example_short_circuit_operator.py for tasks to queue
[2026-06-05T13:55:55.944+0000] {logging_mixin.py:190} INFO - [2026-06-05T13:55:55.942+0000] {dagbag.py:588} INFO - Filling up the DagBag from /home/airflow/.local/lib/python3.12/site-packages/airflow/example_dags/example_short_circuit_operator.py
[2026-06-05T13:55:55.978+0000] {processor.py:925} INFO - DAG(s) 'example_short_circuit_operator' retrieved from /home/airflow/.local/lib/python3.12/site-packages/airflow/example_dags/example_short_circuit_operator.py
[2026-06-05T13:55:56.097+0000] {logging_mixin.py:190} INFO - [2026-06-05T13:55:56.094+0000] {dag.py:3239} INFO - Sync 1 DAGs
[2026-06-05T13:55:56.193+0000] {logging_mixin.py:190} INFO - [2026-06-05T13:55:56.192+0000] {dag.py:4180} INFO - Setting next_dagrun for example_short_circuit_operator to None, run_after=None
[2026-06-05T13:55:56.268+0000] {processor.py:208} INFO - Processing /home/airflow/.local/lib/python3.12/site-packages/airflow/example_dags/example_short_circuit_operator.py took 0.376 seconds
[2026-06-05T13:56:26.560+0000] {processor.py:186} INFO - Started process (PID=582) to work on /home/airflow/.local/lib/python3.12/site-packages/airflow/example_dags/example_short_circuit_operator.py
[2026-06-05T13:56:26.563+0000] {processor.py:914} INFO - Processing file /home/airflow/.local/lib/python3.12/site-packages/airflow/example_dags/example_short_circuit_operator.py for tasks to queue
[2026-06-05T13:56:26.571+0000] {logging_mixin.py:190} INFO - [2026-06-05T13:56:26.570+0000] {dagbag.py:588} INFO - Filling up the DagBag from /home/airflow/.local/lib/python3.12/site-packages/airflow/example_dags/example_short_circuit_operator.py
[2026-06-05T13:56:26.596+0000] {processor.py:925} INFO - DAG(s) 'example_short_circuit_operator' retrieved from /home/airflow/.local/lib/python3.12/site-packages/airflow/example_dags/example_short_circuit_operator.py
[2026-06-05T13:56:26.657+0000] {logging_mixin.py:190} INFO - [2026-06-05T13:56:26.657+0000] {dag.py:3239} INFO - Sync 1 DAGs
[2026-06-05T13:56:26.696+0000] {logging_mixin.py:190} INFO - [2026-06-05T13:56:26.695+0000] {dag.py:4180} INFO - Setting next_dagrun for example_short_circuit_operator to None, run_after=None
[2026-06-05T13:56:26.736+0000] {processor.py:208} INFO - Processing /home/airflow/.local/lib/python3.12/site-packages/airflow/example_dags/example_short_circuit_operator.py took 0.196 seconds
[2026-06-05T13:56:57.046+0000] {processor.py:186} INFO - Started process (PID=644) to work on /home/airflow/.local/lib/python3.12/site-packages/airflow/example_dags/example_short_circuit_operator.py
[2026-06-05T13:56:57.049+0000] {processor.py:914} INFO - Processing file /home/airflow/.local/lib/python3.12/site-packages/airflow/example_dags/example_short_circuit_operator.py for tasks to queue
[2026-06-05T13:56:57.054+0000] {logging_mixin.py:190} INFO - [2026-06-05T13:56:57.053+0000] {dagbag.py:588} INFO - Filling up the DagBag from /home/airflow/.local/lib/python3.12/site-packages/airflow/example_dags/example_short_circuit_operator.py
[2026-06-05T13:56:57.071+0000] {processor.py:925} INFO - DAG(s) 'example_short_circuit_operator' retrieved from /home/airflow/.local/lib/python3.12/site-packages/airflow/example_dags/example_short_circuit_operator.py
[2026-06-05T13:56:57.114+0000] {logging_mixin.py:190} INFO - [2026-06-05T13:56:57.114+0000] {dag.py:3239} INFO - Sync 1 DAGs
[2026-06-05T13:56:57.140+0000] {logging_mixin.py:190} INFO - [2026-06-05T13:56:57.140+0000] {dag.py:4180} INFO - Setting next_dagrun for example_short_circuit_operator to None, run_after=None
[2026-06-05T13:56:57.189+0000] {processor.py:208} INFO - Processing /home/airflow/.local/lib/python3.12/site-packages/airflow/example_dags/example_short_circuit_operator.py took 0.155 seconds
[2026-06-05T13:57:27.624+0000] {processor.py:186} INFO - Started process (PID=706) to work on /home/airflow/.local/lib/python3.12/site-packages/airflow/example_dags/example_short_circuit_operator.py
[2026-06-05T13:57:27.628+0000] {processor.py:914} INFO - Processing file /home/airflow/.local/lib/python3.12/site-packages/airflow/example_dags/example_short_circuit_operator.py for tasks to queue
[2026-06-05T13:57:27.637+0000] {logging_mixin.py:190} INFO - [2026-06-05T13:57:27.634+0000] {dagbag.py:588} INFO - Filling up the DagBag from /home/airflow/.local/lib/python3.12/site-packages/airflow/example_dags/example_short_circuit_operator.py
[2026-06-05T13:57:27.679+0000] {processor.py:925} INFO - DAG(s) 'example_short_circuit_operator' retrieved from /home/airflow/.local/lib/python3.12/site-packages/airflow/example_dags/example_short_circuit_operator.py
[2026-06-05T13:57:27.803+0000] {logging_mixin.py:190} INFO - [2026-06-05T13:57:27.802+0000] {dag.py:3239} INFO - Sync 1 DAGs
[2026-06-05T13:57:27.879+0000] {logging_mixin.py:190} INFO - [2026-06-05T13:57:27.879+0000] {dag.py:4180} INFO - Setting next_dagrun for example_short_circuit_operator to None, run_after=None
[2026-06-05T13:57:27.979+0000] {processor.py:208} INFO - Processing /home/airflow/.local/lib/python3.12/site-packages/airflow/example_dags/example_short_circuit_operator.py took 0.387 seconds
[2026-06-05T13:57:59.299+0000] {processor.py:186} INFO - Started process (PID=768) to work on /home/airflow/.local/lib/python3.12/site-packages/airflow/example_dags/example_short_circuit_operator.py
[2026-06-05T13:57:59.304+0000] {processor.py:914} INFO - Processing file /home/airflow/.local/lib/python3.12/site-packages/airflow/example_dags/example_short_circuit_operator.py for tasks to queue
[2026-06-05T13:57:59.315+0000] {logging_mixin.py:190} INFO - [2026-06-05T13:57:59.313+0000] {dagbag.py:588} INFO - Filling up the DagBag from /home/airflow/.local/lib/python3.12/site-packages/airflow/example_dags/example_short_circuit_operator.py
[2026-06-05T13:57:59.360+0000] {processor.py:925} INFO - DAG(s) 'example_short_circuit_operator' retrieved from /home/airflow/.local/lib/python3.12/site-packages/airflow/example_dags/example_short_circuit_operator.py
[2026-06-05T13:57:59.473+0000] {logging_mixin.py:190} INFO - [2026-06-05T13:57:59.473+0000] {dag.py:3239} INFO - Sync 1 DAGs
[2026-06-05T13:57:59.522+0000] {logging_mixin.py:190} INFO - [2026-06-05T13:57:59.521+0000] {dag.py:4180} INFO - Setting next_dagrun for example_short_circuit_operator to None, run_after=None
[2026-06-05T13:57:59.926+0000] {processor.py:208} INFO - Processing /home/airflow/.local/lib/python3.12/site-packages/airflow/example_dags/example_short_circuit_operator.py took 0.661 seconds
[2026-06-05T13:58:30.318+0000] {processor.py:186} INFO - Started process (PID=831) to work on /home/airflow/.local/lib/python3.12/site-packages/airflow/example_dags/example_short_circuit_operator.py
[2026-06-05T13:58:30.323+0000] {processor.py:914} INFO - Processing file /home/airflow/.local/lib/python3.12/site-packages/airflow/example_dags/example_short_circuit_operator.py for tasks to queue
[2026-06-05T13:58:30.332+0000] {logging_mixin.py:190} INFO - [2026-06-05T13:58:30.331+0000] {dagbag.py:588} INFO - Filling up the DagBag from /home/airflow/.local/lib/python3.12/site-packages/airflow/example_dags/example_short_circuit_operator.py
[2026-06-05T13:58:30.364+0000] {processor.py:925} INFO - DAG(s) 'example_short_circuit_operator' retrieved from /home/airflow/.local/lib/python3.12/site-packages/airflow/example_dags/example_short_circuit_operator.py
[2026-06-05T13:58:30.473+0000] {logging_mixin.py:190} INFO - [2026-06-05T13:58:30.471+0000] {dag.py:3239} INFO - Sync 1 DAGs
[2026-06-05T13:58:30.545+0000] {logging_mixin.py:190} INFO - [2026-06-05T13:58:30.545+0000] {dag.py:4180} INFO - Setting next_dagrun for example_short_circuit_operator to None, run_after=None
[2026-06-05T13:58:30.640+0000] {processor.py:208} INFO - Processing /home/airflow/.local/lib/python3.12/site-packages/airflow/example_dags/example_short_circuit_operator.py took 0.347 seconds
[2026-06-05T13:59:02.362+0000] {processor.py:186} INFO - Started process (PID=893) to work on /home/airflow/.local/lib/python3.12/site-packages/airflow/example_dags/example_short_circuit_operator.py
[2026-06-05T13:59:02.365+0000] {processor.py:914} INFO - Processing file /home/airflow/.local/lib/python3.12/site-packages/airflow/example_dags/example_short_circuit_operator.py for tasks to queue
[2026-06-05T13:59:02.373+0000] {logging_mixin.py:190} INFO - [2026-06-05T13:59:02.372+0000] {dagbag.py:588} INFO - Filling up the DagBag from /home/airflow/.local/lib/python3.12/site-packages/airflow/example_dags/example_short_circuit_operator.py
[2026-06-05T13:59:02.410+0000] {processor.py:925} INFO - DAG(s) 'example_short_circuit_operator' retrieved from /home/airflow/.local/lib/python3.12/site-packages/airflow/example_dags/example_short_circuit_operator.py
[2026-06-05T13:59:02.482+0000] {logging_mixin.py:190} INFO - [2026-06-05T13:59:02.481+0000] {dag.py:3239} INFO - Sync 1 DAGs
[2026-06-05T13:59:02.524+0000] {logging_mixin.py:190} INFO - [2026-06-05T13:59:02.523+0000] {dag.py:4180} INFO - Setting next_dagrun for example_short_circuit_operator to None, run_after=None
[2026-06-05T13:59:02.588+0000] {processor.py:208} INFO - Processing /home/airflow/.local/lib/python3.12/site-packages/airflow/example_dags/example_short_circuit_operator.py took 0.247 seconds
