[2026-06-05T13:52:36.263+0000] {processor.py:186} INFO - Started process (PID=133) to work on /home/airflow/.local/lib/python3.12/site-packages/airflow/example_dags/example_dataset_alias.py
[2026-06-05T13:52:36.286+0000] {processor.py:914} INFO - Processing file /home/airflow/.local/lib/python3.12/site-packages/airflow/example_dags/example_dataset_alias.py for tasks to queue
[2026-06-05T13:52:36.313+0000] {logging_mixin.py:190} INFO - [2026-06-05T13:52:36.311+0000] {dagbag.py:588} INFO - Filling up the DagBag from /home/airflow/.local/lib/python3.12/site-packages/airflow/example_dags/example_dataset_alias.py
[2026-06-05T13:52:37.058+0000] {processor.py:925} INFO - DAG(s) 'dataset_s3_bucket_producer', 'dataset_s3_bucket_consumer', 'dataset_alias_example_alias_producer', 'dataset_alias_example_alias_consumer' retrieved from /home/airflow/.local/lib/python3.12/site-packages/airflow/example_dags/example_dataset_alias.py
[2026-06-05T13:52:37.508+0000] {logging_mixin.py:190} INFO - [2026-06-05T13:52:37.504+0000] {override.py:1900} INFO - Created Permission View: can delete on DAG:dataset_s3_bucket_producer
[2026-06-05T13:52:37.553+0000] {logging_mixin.py:190} INFO - [2026-06-05T13:52:37.552+0000] {override.py:1900} INFO - Created Permission View: can read on DAG:dataset_s3_bucket_producer
[2026-06-05T13:52:37.579+0000] {logging_mixin.py:190} INFO - [2026-06-05T13:52:37.578+0000] {override.py:1900} INFO - Created Permission View: can edit on DAG:dataset_s3_bucket_producer
[2026-06-05T13:52:37.622+0000] {logging_mixin.py:190} INFO - [2026-06-05T13:52:37.621+0000] {override.py:1900} INFO - Created Permission View: menu access on DAG Run:dataset_s3_bucket_producer
[2026-06-05T13:52:37.656+0000] {logging_mixin.py:190} INFO - [2026-06-05T13:52:37.655+0000] {override.py:1900} INFO - Created Permission View: can delete on DAG Run:dataset_s3_bucket_producer
[2026-06-05T13:52:37.689+0000] {logging_mixin.py:190} INFO - [2026-06-05T13:52:37.688+0000] {override.py:1900} INFO - Created Permission View: can read on DAG Run:dataset_s3_bucket_producer
[2026-06-05T13:52:37.714+0000] {logging_mixin.py:190} INFO - [2026-06-05T13:52:37.713+0000] {override.py:1900} INFO - Created Permission View: can create on DAG Run:dataset_s3_bucket_producer
[2026-06-05T13:52:37.783+0000] {logging_mixin.py:190} INFO - [2026-06-05T13:52:37.782+0000] {override.py:1900} INFO - Created Permission View: can delete on DAG:dataset_s3_bucket_consumer
[2026-06-05T13:52:37.810+0000] {logging_mixin.py:190} INFO - [2026-06-05T13:52:37.808+0000] {override.py:1900} INFO - Created Permission View: can read on DAG:dataset_s3_bucket_consumer
[2026-06-05T13:52:37.841+0000] {logging_mixin.py:190} INFO - [2026-06-05T13:52:37.840+0000] {override.py:1900} INFO - Created Permission View: can edit on DAG:dataset_s3_bucket_consumer
[2026-06-05T13:52:37.883+0000] {logging_mixin.py:190} INFO - [2026-06-05T13:52:37.883+0000] {override.py:1900} INFO - Created Permission View: menu access on DAG Run:dataset_s3_bucket_consumer
[2026-06-05T13:52:37.912+0000] {logging_mixin.py:190} INFO - [2026-06-05T13:52:37.911+0000] {override.py:1900} INFO - Created Permission View: can delete on DAG Run:dataset_s3_bucket_consumer
[2026-06-05T13:52:37.940+0000] {logging_mixin.py:190} INFO - [2026-06-05T13:52:37.939+0000] {override.py:1900} INFO - Created Permission View: can read on DAG Run:dataset_s3_bucket_consumer
[2026-06-05T13:52:37.969+0000] {logging_mixin.py:190} INFO - [2026-06-05T13:52:37.967+0000] {override.py:1900} INFO - Created Permission View: can create on DAG Run:dataset_s3_bucket_consumer
[2026-06-05T13:52:38.041+0000] {logging_mixin.py:190} INFO - [2026-06-05T13:52:38.041+0000] {override.py:1900} INFO - Created Permission View: can delete on DAG:dataset_alias_example_alias_producer
[2026-06-05T13:52:38.072+0000] {logging_mixin.py:190} INFO - [2026-06-05T13:52:38.072+0000] {override.py:1900} INFO - Created Permission View: can read on DAG:dataset_alias_example_alias_producer
[2026-06-05T13:52:38.122+0000] {logging_mixin.py:190} INFO - [2026-06-05T13:52:38.121+0000] {override.py:1900} INFO - Created Permission View: can edit on DAG:dataset_alias_example_alias_producer
[2026-06-05T13:52:38.171+0000] {logging_mixin.py:190} INFO - [2026-06-05T13:52:38.170+0000] {override.py:1900} INFO - Created Permission View: menu access on DAG Run:dataset_alias_example_alias_producer
[2026-06-05T13:52:38.193+0000] {logging_mixin.py:190} INFO - [2026-06-05T13:52:38.193+0000] {override.py:1900} INFO - Created Permission View: can delete on DAG Run:dataset_alias_example_alias_producer
[2026-06-05T13:52:38.226+0000] {logging_mixin.py:190} INFO - [2026-06-05T13:52:38.225+0000] {override.py:1900} INFO - Created Permission View: can read on DAG Run:dataset_alias_example_alias_producer
[2026-06-05T13:52:38.257+0000] {logging_mixin.py:190} INFO - [2026-06-05T13:52:38.256+0000] {override.py:1900} INFO - Created Permission View: can create on DAG Run:dataset_alias_example_alias_producer
[2026-06-05T13:52:38.325+0000] {logging_mixin.py:190} INFO - [2026-06-05T13:52:38.324+0000] {override.py:1900} INFO - Created Permission View: can delete on DAG:dataset_alias_example_alias_consumer
[2026-06-05T13:52:38.355+0000] {logging_mixin.py:190} INFO - [2026-06-05T13:52:38.355+0000] {override.py:1900} INFO - Created Permission View: can read on DAG:dataset_alias_example_alias_consumer
[2026-06-05T13:52:38.378+0000] {logging_mixin.py:190} INFO - [2026-06-05T13:52:38.377+0000] {override.py:1900} INFO - Created Permission View: can edit on DAG:dataset_alias_example_alias_consumer
[2026-06-05T13:52:38.413+0000] {logging_mixin.py:190} INFO - [2026-06-05T13:52:38.412+0000] {override.py:1900} INFO - Created Permission View: menu access on DAG Run:dataset_alias_example_alias_consumer
[2026-06-05T13:52:38.448+0000] {logging_mixin.py:190} INFO - [2026-06-05T13:52:38.447+0000] {override.py:1900} INFO - Created Permission View: can delete on DAG Run:dataset_alias_example_alias_consumer
[2026-06-05T13:52:38.487+0000] {logging_mixin.py:190} INFO - [2026-06-05T13:52:38.486+0000] {override.py:1900} INFO - Created Permission View: can read on DAG Run:dataset_alias_example_alias_consumer
[2026-06-05T13:52:38.524+0000] {logging_mixin.py:190} INFO - [2026-06-05T13:52:38.523+0000] {override.py:1900} INFO - Created Permission View: can create on DAG Run:dataset_alias_example_alias_consumer
[2026-06-05T13:52:38.526+0000] {logging_mixin.py:190} INFO - [2026-06-05T13:52:38.525+0000] {dag.py:3239} INFO - Sync 4 DAGs
[2026-06-05T13:52:38.582+0000] {logging_mixin.py:190} INFO - [2026-06-05T13:52:38.581+0000] {dag.py:3262} INFO - Creating ORM DAG for dataset_alias_example_alias_consumer
[2026-06-05T13:52:38.585+0000] {logging_mixin.py:190} INFO - [2026-06-05T13:52:38.584+0000] {dag.py:3262} INFO - Creating ORM DAG for dataset_s3_bucket_consumer
[2026-06-05T13:52:38.588+0000] {logging_mixin.py:190} INFO - [2026-06-05T13:52:38.588+0000] {dag.py:3262} INFO - Creating ORM DAG for dataset_s3_bucket_producer
[2026-06-05T13:52:38.591+0000] {logging_mixin.py:190} INFO - [2026-06-05T13:52:38.590+0000] {dag.py:3262} INFO - Creating ORM DAG for dataset_alias_example_alias_producer
[2026-06-05T13:52:38.626+0000] {logging_mixin.py:190} INFO - [2026-06-05T13:52:38.626+0000] {dag.py:4180} INFO - Setting next_dagrun for dataset_alias_example_alias_consumer to None, run_after=None
[2026-06-05T13:52:38.634+0000] {logging_mixin.py:190} INFO - [2026-06-05T13:52:38.634+0000] {dag.py:4180} INFO - Setting next_dagrun for dataset_alias_example_alias_producer to None, run_after=None
[2026-06-05T13:52:38.637+0000] {logging_mixin.py:190} INFO - [2026-06-05T13:52:38.637+0000] {dag.py:4180} INFO - Setting next_dagrun for dataset_s3_bucket_consumer to None, run_after=None
[2026-06-05T13:52:38.640+0000] {logging_mixin.py:190} INFO - [2026-06-05T13:52:38.640+0000] {dag.py:4180} INFO - Setting next_dagrun for dataset_s3_bucket_producer to None, run_after=None
[2026-06-05T13:52:38.784+0000] {processor.py:208} INFO - Processing /home/airflow/.local/lib/python3.12/site-packages/airflow/example_dags/example_dataset_alias.py took 2.567 seconds
[2026-06-05T13:53:08.935+0000] {processor.py:186} INFO - Started process (PID=194) to work on /home/airflow/.local/lib/python3.12/site-packages/airflow/example_dags/example_dataset_alias.py
[2026-06-05T13:53:08.936+0000] {processor.py:914} INFO - Processing file /home/airflow/.local/lib/python3.12/site-packages/airflow/example_dags/example_dataset_alias.py for tasks to queue
[2026-06-05T13:53:08.940+0000] {logging_mixin.py:190} INFO - [2026-06-05T13:53:08.939+0000] {dagbag.py:588} INFO - Filling up the DagBag from /home/airflow/.local/lib/python3.12/site-packages/airflow/example_dags/example_dataset_alias.py
[2026-06-05T13:53:09.114+0000] {processor.py:925} INFO - DAG(s) 'dataset_alias_example_alias_producer', 'dataset_s3_bucket_producer', 'dataset_s3_bucket_consumer', 'dataset_alias_example_alias_consumer' retrieved from /home/airflow/.local/lib/python3.12/site-packages/airflow/example_dags/example_dataset_alias.py
[2026-06-05T13:53:09.141+0000] {logging_mixin.py:190} INFO - [2026-06-05T13:53:09.140+0000] {dag.py:3239} INFO - Sync 4 DAGs
[2026-06-05T13:53:09.166+0000] {logging_mixin.py:190} INFO - [2026-06-05T13:53:09.166+0000] {dag.py:4180} INFO - Setting next_dagrun for dataset_alias_example_alias_consumer to None, run_after=None
[2026-06-05T13:53:09.170+0000] {logging_mixin.py:190} INFO - [2026-06-05T13:53:09.170+0000] {dag.py:4180} INFO - Setting next_dagrun for dataset_alias_example_alias_producer to None, run_after=None
[2026-06-05T13:53:09.173+0000] {logging_mixin.py:190} INFO - [2026-06-05T13:53:09.173+0000] {dag.py:4180} INFO - Setting next_dagrun for dataset_s3_bucket_consumer to None, run_after=None
[2026-06-05T13:53:09.175+0000] {logging_mixin.py:190} INFO - [2026-06-05T13:53:09.175+0000] {dag.py:4180} INFO - Setting next_dagrun for dataset_s3_bucket_producer to None, run_after=None
[2026-06-05T13:53:09.203+0000] {processor.py:208} INFO - Processing /home/airflow/.local/lib/python3.12/site-packages/airflow/example_dags/example_dataset_alias.py took 0.275 seconds
[2026-06-05T13:53:39.481+0000] {processor.py:186} INFO - Started process (PID=256) to work on /home/airflow/.local/lib/python3.12/site-packages/airflow/example_dags/example_dataset_alias.py
[2026-06-05T13:53:39.497+0000] {processor.py:914} INFO - Processing file /home/airflow/.local/lib/python3.12/site-packages/airflow/example_dags/example_dataset_alias.py for tasks to queue
[2026-06-05T13:53:39.510+0000] {logging_mixin.py:190} INFO - [2026-06-05T13:53:39.508+0000] {dagbag.py:588} INFO - Filling up the DagBag from /home/airflow/.local/lib/python3.12/site-packages/airflow/example_dags/example_dataset_alias.py
[2026-06-05T13:53:40.378+0000] {processor.py:925} INFO - DAG(s) 'dataset_alias_example_alias_producer', 'dataset_s3_bucket_consumer', 'dataset_s3_bucket_producer', 'dataset_alias_example_alias_consumer' retrieved from /home/airflow/.local/lib/python3.12/site-packages/airflow/example_dags/example_dataset_alias.py
[2026-06-05T13:53:40.493+0000] {logging_mixin.py:190} INFO - [2026-06-05T13:53:40.493+0000] {dag.py:3239} INFO - Sync 4 DAGs
[2026-06-05T13:53:40.598+0000] {logging_mixin.py:190} INFO - [2026-06-05T13:53:40.597+0000] {dag.py:4180} INFO - Setting next_dagrun for dataset_alias_example_alias_consumer to None, run_after=None
[2026-06-05T13:53:40.626+0000] {logging_mixin.py:190} INFO - [2026-06-05T13:53:40.625+0000] {dag.py:4180} INFO - Setting next_dagrun for dataset_alias_example_alias_producer to None, run_after=None
[2026-06-05T13:53:40.631+0000] {logging_mixin.py:190} INFO - [2026-06-05T13:53:40.630+0000] {dag.py:4180} INFO - Setting next_dagrun for dataset_s3_bucket_consumer to None, run_after=None
[2026-06-05T13:53:40.644+0000] {logging_mixin.py:190} INFO - [2026-06-05T13:53:40.644+0000] {dag.py:4180} INFO - Setting next_dagrun for dataset_s3_bucket_producer to None, run_after=None
[2026-06-05T13:53:40.757+0000] {processor.py:208} INFO - Processing /home/airflow/.local/lib/python3.12/site-packages/airflow/example_dags/example_dataset_alias.py took 1.313 seconds
[2026-06-05T13:54:11.514+0000] {processor.py:186} INFO - Started process (PID=318) to work on /home/airflow/.local/lib/python3.12/site-packages/airflow/example_dags/example_dataset_alias.py
[2026-06-05T13:54:11.516+0000] {processor.py:914} INFO - Processing file /home/airflow/.local/lib/python3.12/site-packages/airflow/example_dags/example_dataset_alias.py for tasks to queue
[2026-06-05T13:54:11.523+0000] {logging_mixin.py:190} INFO - [2026-06-05T13:54:11.522+0000] {dagbag.py:588} INFO - Filling up the DagBag from /home/airflow/.local/lib/python3.12/site-packages/airflow/example_dags/example_dataset_alias.py
[2026-06-05T13:54:11.860+0000] {processor.py:925} INFO - DAG(s) 'dataset_alias_example_alias_producer', 'dataset_s3_bucket_consumer', 'dataset_s3_bucket_producer', 'dataset_alias_example_alias_consumer' retrieved from /home/airflow/.local/lib/python3.12/site-packages/airflow/example_dags/example_dataset_alias.py
[2026-06-05T13:54:11.913+0000] {logging_mixin.py:190} INFO - [2026-06-05T13:54:11.913+0000] {dag.py:3239} INFO - Sync 4 DAGs
[2026-06-05T13:54:11.972+0000] {logging_mixin.py:190} INFO - [2026-06-05T13:54:11.971+0000] {dag.py:4180} INFO - Setting next_dagrun for dataset_alias_example_alias_consumer to None, run_after=None
[2026-06-05T13:54:11.982+0000] {logging_mixin.py:190} INFO - [2026-06-05T13:54:11.979+0000] {dag.py:4180} INFO - Setting next_dagrun for dataset_alias_example_alias_producer to None, run_after=None
[2026-06-05T13:54:11.987+0000] {logging_mixin.py:190} INFO - [2026-06-05T13:54:11.987+0000] {dag.py:4180} INFO - Setting next_dagrun for dataset_s3_bucket_consumer to None, run_after=None
[2026-06-05T13:54:11.992+0000] {logging_mixin.py:190} INFO - [2026-06-05T13:54:11.991+0000] {dag.py:4180} INFO - Setting next_dagrun for dataset_s3_bucket_producer to None, run_after=None
[2026-06-05T13:54:12.062+0000] {processor.py:208} INFO - Processing /home/airflow/.local/lib/python3.12/site-packages/airflow/example_dags/example_dataset_alias.py took 0.567 seconds
[2026-06-05T13:54:42.481+0000] {processor.py:186} INFO - Started process (PID=381) to work on /home/airflow/.local/lib/python3.12/site-packages/airflow/example_dags/example_dataset_alias.py
[2026-06-05T13:54:42.488+0000] {processor.py:914} INFO - Processing file /home/airflow/.local/lib/python3.12/site-packages/airflow/example_dags/example_dataset_alias.py for tasks to queue
[2026-06-05T13:54:42.499+0000] {logging_mixin.py:190} INFO - [2026-06-05T13:54:42.498+0000] {dagbag.py:588} INFO - Filling up the DagBag from /home/airflow/.local/lib/python3.12/site-packages/airflow/example_dags/example_dataset_alias.py
[2026-06-05T13:54:44.386+0000] {processor.py:925} INFO - DAG(s) 'dataset_alias_example_alias_consumer', 'dataset_alias_example_alias_producer', 'dataset_s3_bucket_consumer', 'dataset_s3_bucket_producer' retrieved from /home/airflow/.local/lib/python3.12/site-packages/airflow/example_dags/example_dataset_alias.py
[2026-06-05T13:54:44.970+0000] {logging_mixin.py:190} INFO - [2026-06-05T13:54:44.968+0000] {dag.py:3239} INFO - Sync 4 DAGs
[2026-06-05T13:54:45.585+0000] {logging_mixin.py:190} INFO - [2026-06-05T13:54:45.584+0000] {dag.py:4180} INFO - Setting next_dagrun for dataset_alias_example_alias_consumer to None, run_after=None
[2026-06-05T13:54:45.656+0000] {logging_mixin.py:190} INFO - [2026-06-05T13:54:45.656+0000] {dag.py:4180} INFO - Setting next_dagrun for dataset_alias_example_alias_producer to None, run_after=None
[2026-06-05T13:54:45.669+0000] {logging_mixin.py:190} INFO - [2026-06-05T13:54:45.665+0000] {dag.py:4180} INFO - Setting next_dagrun for dataset_s3_bucket_consumer to None, run_after=None
[2026-06-05T13:54:45.718+0000] {logging_mixin.py:190} INFO - [2026-06-05T13:54:45.717+0000] {dag.py:4180} INFO - Setting next_dagrun for dataset_s3_bucket_producer to None, run_after=None
[2026-06-05T13:54:46.254+0000] {processor.py:208} INFO - Processing /home/airflow/.local/lib/python3.12/site-packages/airflow/example_dags/example_dataset_alias.py took 3.797 seconds
[2026-06-05T13:55:16.802+0000] {processor.py:186} INFO - Started process (PID=443) to work on /home/airflow/.local/lib/python3.12/site-packages/airflow/example_dags/example_dataset_alias.py
[2026-06-05T13:55:16.806+0000] {processor.py:914} INFO - Processing file /home/airflow/.local/lib/python3.12/site-packages/airflow/example_dags/example_dataset_alias.py for tasks to queue
[2026-06-05T13:55:16.816+0000] {logging_mixin.py:190} INFO - [2026-06-05T13:55:16.814+0000] {dagbag.py:588} INFO - Filling up the DagBag from /home/airflow/.local/lib/python3.12/site-packages/airflow/example_dags/example_dataset_alias.py
[2026-06-05T13:55:17.383+0000] {processor.py:925} INFO - DAG(s) 'dataset_alias_example_alias_consumer', 'dataset_alias_example_alias_producer', 'dataset_s3_bucket_consumer', 'dataset_s3_bucket_producer' retrieved from /home/airflow/.local/lib/python3.12/site-packages/airflow/example_dags/example_dataset_alias.py
[2026-06-05T13:55:17.537+0000] {logging_mixin.py:190} INFO - [2026-06-05T13:55:17.536+0000] {dag.py:3239} INFO - Sync 4 DAGs
[2026-06-05T13:55:18.031+0000] {logging_mixin.py:190} INFO - [2026-06-05T13:55:18.030+0000] {dag.py:4180} INFO - Setting next_dagrun for dataset_alias_example_alias_consumer to None, run_after=None
[2026-06-05T13:55:18.064+0000] {logging_mixin.py:190} INFO - [2026-06-05T13:55:18.064+0000] {dag.py:4180} INFO - Setting next_dagrun for dataset_alias_example_alias_producer to None, run_after=None
[2026-06-05T13:55:18.079+0000] {logging_mixin.py:190} INFO - [2026-06-05T13:55:18.078+0000] {dag.py:4180} INFO - Setting next_dagrun for dataset_s3_bucket_consumer to None, run_after=None
[2026-06-05T13:55:18.098+0000] {logging_mixin.py:190} INFO - [2026-06-05T13:55:18.097+0000] {dag.py:4180} INFO - Setting next_dagrun for dataset_s3_bucket_producer to None, run_after=None
[2026-06-05T13:55:18.182+0000] {processor.py:208} INFO - Processing /home/airflow/.local/lib/python3.12/site-packages/airflow/example_dags/example_dataset_alias.py took 1.413 seconds
[2026-06-05T13:55:48.537+0000] {processor.py:186} INFO - Started process (PID=512) to work on /home/airflow/.local/lib/python3.12/site-packages/airflow/example_dags/example_dataset_alias.py
[2026-06-05T13:55:48.547+0000] {processor.py:914} INFO - Processing file /home/airflow/.local/lib/python3.12/site-packages/airflow/example_dags/example_dataset_alias.py for tasks to queue
[2026-06-05T13:55:48.561+0000] {logging_mixin.py:190} INFO - [2026-06-05T13:55:48.559+0000] {dagbag.py:588} INFO - Filling up the DagBag from /home/airflow/.local/lib/python3.12/site-packages/airflow/example_dags/example_dataset_alias.py
[2026-06-05T13:55:49.371+0000] {processor.py:925} INFO - DAG(s) 'dataset_s3_bucket_producer', 'dataset_alias_example_alias_consumer', 'dataset_alias_example_alias_producer', 'dataset_s3_bucket_consumer' retrieved from /home/airflow/.local/lib/python3.12/site-packages/airflow/example_dags/example_dataset_alias.py
[2026-06-05T13:55:49.466+0000] {logging_mixin.py:190} INFO - [2026-06-05T13:55:49.465+0000] {dag.py:3239} INFO - Sync 4 DAGs
[2026-06-05T13:55:49.711+0000] {logging_mixin.py:190} INFO - [2026-06-05T13:55:49.702+0000] {dag.py:4180} INFO - Setting next_dagrun for dataset_alias_example_alias_consumer to None, run_after=None
[2026-06-05T13:55:49.749+0000] {logging_mixin.py:190} INFO - [2026-06-05T13:55:49.748+0000] {dag.py:4180} INFO - Setting next_dagrun for dataset_alias_example_alias_producer to None, run_after=None
[2026-06-05T13:55:49.808+0000] {logging_mixin.py:190} INFO - [2026-06-05T13:55:49.808+0000] {dag.py:4180} INFO - Setting next_dagrun for dataset_s3_bucket_consumer to None, run_after=None
[2026-06-05T13:55:49.841+0000] {logging_mixin.py:190} INFO - [2026-06-05T13:55:49.840+0000] {dag.py:4180} INFO - Setting next_dagrun for dataset_s3_bucket_producer to None, run_after=None
[2026-06-05T13:55:50.100+0000] {processor.py:208} INFO - Processing /home/airflow/.local/lib/python3.12/site-packages/airflow/example_dags/example_dataset_alias.py took 1.592 seconds
[2026-06-05T13:56:20.615+0000] {processor.py:186} INFO - Started process (PID=575) to work on /home/airflow/.local/lib/python3.12/site-packages/airflow/example_dags/example_dataset_alias.py
[2026-06-05T13:56:20.618+0000] {processor.py:914} INFO - Processing file /home/airflow/.local/lib/python3.12/site-packages/airflow/example_dags/example_dataset_alias.py for tasks to queue
[2026-06-05T13:56:20.624+0000] {logging_mixin.py:190} INFO - [2026-06-05T13:56:20.623+0000] {dagbag.py:588} INFO - Filling up the DagBag from /home/airflow/.local/lib/python3.12/site-packages/airflow/example_dags/example_dataset_alias.py
[2026-06-05T13:56:21.301+0000] {processor.py:925} INFO - DAG(s) 'dataset_alias_example_alias_producer', 'dataset_s3_bucket_consumer', 'dataset_alias_example_alias_consumer', 'dataset_s3_bucket_producer' retrieved from /home/airflow/.local/lib/python3.12/site-packages/airflow/example_dags/example_dataset_alias.py
[2026-06-05T13:56:21.416+0000] {logging_mixin.py:190} INFO - [2026-06-05T13:56:21.415+0000] {dag.py:3239} INFO - Sync 4 DAGs
[2026-06-05T13:56:21.547+0000] {logging_mixin.py:190} INFO - [2026-06-05T13:56:21.546+0000] {dag.py:4180} INFO - Setting next_dagrun for dataset_alias_example_alias_consumer to None, run_after=None
[2026-06-05T13:56:21.560+0000] {logging_mixin.py:190} INFO - [2026-06-05T13:56:21.560+0000] {dag.py:4180} INFO - Setting next_dagrun for dataset_alias_example_alias_producer to None, run_after=None
[2026-06-05T13:56:21.565+0000] {logging_mixin.py:190} INFO - [2026-06-05T13:56:21.565+0000] {dag.py:4180} INFO - Setting next_dagrun for dataset_s3_bucket_consumer to None, run_after=None
[2026-06-05T13:56:21.572+0000] {logging_mixin.py:190} INFO - [2026-06-05T13:56:21.572+0000] {dag.py:4180} INFO - Setting next_dagrun for dataset_s3_bucket_producer to None, run_after=None
[2026-06-05T13:56:21.664+0000] {processor.py:208} INFO - Processing /home/airflow/.local/lib/python3.12/site-packages/airflow/example_dags/example_dataset_alias.py took 1.069 seconds
[2026-06-05T13:56:51.997+0000] {processor.py:186} INFO - Started process (PID=637) to work on /home/airflow/.local/lib/python3.12/site-packages/airflow/example_dags/example_dataset_alias.py
[2026-06-05T13:56:52.013+0000] {processor.py:914} INFO - Processing file /home/airflow/.local/lib/python3.12/site-packages/airflow/example_dags/example_dataset_alias.py for tasks to queue
[2026-06-05T13:56:52.034+0000] {logging_mixin.py:190} INFO - [2026-06-05T13:56:52.033+0000] {dagbag.py:588} INFO - Filling up the DagBag from /home/airflow/.local/lib/python3.12/site-packages/airflow/example_dags/example_dataset_alias.py
[2026-06-05T13:56:52.637+0000] {processor.py:925} INFO - DAG(s) 'dataset_s3_bucket_consumer', 'dataset_s3_bucket_producer', 'dataset_alias_example_alias_producer', 'dataset_alias_example_alias_consumer' retrieved from /home/airflow/.local/lib/python3.12/site-packages/airflow/example_dags/example_dataset_alias.py
[2026-06-05T13:56:52.730+0000] {logging_mixin.py:190} INFO - [2026-06-05T13:56:52.730+0000] {dag.py:3239} INFO - Sync 4 DAGs
[2026-06-05T13:56:52.840+0000] {logging_mixin.py:190} INFO - [2026-06-05T13:56:52.839+0000] {dag.py:4180} INFO - Setting next_dagrun for dataset_alias_example_alias_consumer to None, run_after=None
[2026-06-05T13:56:52.867+0000] {logging_mixin.py:190} INFO - [2026-06-05T13:56:52.867+0000] {dag.py:4180} INFO - Setting next_dagrun for dataset_alias_example_alias_producer to None, run_after=None
[2026-06-05T13:56:52.882+0000] {logging_mixin.py:190} INFO - [2026-06-05T13:56:52.881+0000] {dag.py:4180} INFO - Setting next_dagrun for dataset_s3_bucket_consumer to None, run_after=None
[2026-06-05T13:56:52.895+0000] {logging_mixin.py:190} INFO - [2026-06-05T13:56:52.887+0000] {dag.py:4180} INFO - Setting next_dagrun for dataset_s3_bucket_producer to None, run_after=None
[2026-06-05T13:56:53.162+0000] {processor.py:208} INFO - Processing /home/airflow/.local/lib/python3.12/site-packages/airflow/example_dags/example_dataset_alias.py took 1.212 seconds
[2026-06-05T13:57:23.813+0000] {processor.py:186} INFO - Started process (PID=699) to work on /home/airflow/.local/lib/python3.12/site-packages/airflow/example_dags/example_dataset_alias.py
[2026-06-05T13:57:23.824+0000] {processor.py:914} INFO - Processing file /home/airflow/.local/lib/python3.12/site-packages/airflow/example_dags/example_dataset_alias.py for tasks to queue
[2026-06-05T13:57:23.837+0000] {logging_mixin.py:190} INFO - [2026-06-05T13:57:23.836+0000] {dagbag.py:588} INFO - Filling up the DagBag from /home/airflow/.local/lib/python3.12/site-packages/airflow/example_dags/example_dataset_alias.py
[2026-06-05T13:57:24.706+0000] {processor.py:925} INFO - DAG(s) 'dataset_alias_example_alias_consumer', 'dataset_s3_bucket_consumer', 'dataset_s3_bucket_producer', 'dataset_alias_example_alias_producer' retrieved from /home/airflow/.local/lib/python3.12/site-packages/airflow/example_dags/example_dataset_alias.py
[2026-06-05T13:57:24.846+0000] {logging_mixin.py:190} INFO - [2026-06-05T13:57:24.845+0000] {dag.py:3239} INFO - Sync 4 DAGs
[2026-06-05T13:57:24.994+0000] {logging_mixin.py:190} INFO - [2026-06-05T13:57:24.993+0000] {dag.py:4180} INFO - Setting next_dagrun for dataset_alias_example_alias_consumer to None, run_after=None
[2026-06-05T13:57:25.011+0000] {logging_mixin.py:190} INFO - [2026-06-05T13:57:25.010+0000] {dag.py:4180} INFO - Setting next_dagrun for dataset_alias_example_alias_producer to None, run_after=None
[2026-06-05T13:57:25.019+0000] {logging_mixin.py:190} INFO - [2026-06-05T13:57:25.018+0000] {dag.py:4180} INFO - Setting next_dagrun for dataset_s3_bucket_consumer to None, run_after=None
[2026-06-05T13:57:25.026+0000] {logging_mixin.py:190} INFO - [2026-06-05T13:57:25.025+0000] {dag.py:4180} INFO - Setting next_dagrun for dataset_s3_bucket_producer to None, run_after=None
[2026-06-05T13:57:25.150+0000] {processor.py:208} INFO - Processing /home/airflow/.local/lib/python3.12/site-packages/airflow/example_dags/example_dataset_alias.py took 1.366 seconds
[2026-06-05T13:57:55.369+0000] {processor.py:186} INFO - Started process (PID=761) to work on /home/airflow/.local/lib/python3.12/site-packages/airflow/example_dags/example_dataset_alias.py
[2026-06-05T13:57:55.373+0000] {processor.py:914} INFO - Processing file /home/airflow/.local/lib/python3.12/site-packages/airflow/example_dags/example_dataset_alias.py for tasks to queue
[2026-06-05T13:57:55.382+0000] {logging_mixin.py:190} INFO - [2026-06-05T13:57:55.381+0000] {dagbag.py:588} INFO - Filling up the DagBag from /home/airflow/.local/lib/python3.12/site-packages/airflow/example_dags/example_dataset_alias.py
[2026-06-05T13:57:55.932+0000] {processor.py:925} INFO - DAG(s) 'dataset_alias_example_alias_producer', 'dataset_alias_example_alias_consumer', 'dataset_s3_bucket_consumer', 'dataset_s3_bucket_producer' retrieved from /home/airflow/.local/lib/python3.12/site-packages/airflow/example_dags/example_dataset_alias.py
[2026-06-05T13:57:56.020+0000] {logging_mixin.py:190} INFO - [2026-06-05T13:57:56.020+0000] {dag.py:3239} INFO - Sync 4 DAGs
[2026-06-05T13:57:56.144+0000] {logging_mixin.py:190} INFO - [2026-06-05T13:57:56.144+0000] {dag.py:4180} INFO - Setting next_dagrun for dataset_alias_example_alias_consumer to None, run_after=None
[2026-06-05T13:57:56.160+0000] {logging_mixin.py:190} INFO - [2026-06-05T13:57:56.157+0000] {dag.py:4180} INFO - Setting next_dagrun for dataset_alias_example_alias_producer to None, run_after=None
[2026-06-05T13:57:56.166+0000] {logging_mixin.py:190} INFO - [2026-06-05T13:57:56.165+0000] {dag.py:4180} INFO - Setting next_dagrun for dataset_s3_bucket_consumer to None, run_after=None
[2026-06-05T13:57:56.171+0000] {logging_mixin.py:190} INFO - [2026-06-05T13:57:56.170+0000] {dag.py:4180} INFO - Setting next_dagrun for dataset_s3_bucket_producer to None, run_after=None
[2026-06-05T13:57:56.308+0000] {processor.py:208} INFO - Processing /home/airflow/.local/lib/python3.12/site-packages/airflow/example_dags/example_dataset_alias.py took 0.956 seconds
[2026-06-05T13:58:26.785+0000] {processor.py:186} INFO - Started process (PID=824) to work on /home/airflow/.local/lib/python3.12/site-packages/airflow/example_dags/example_dataset_alias.py
[2026-06-05T13:58:26.788+0000] {processor.py:914} INFO - Processing file /home/airflow/.local/lib/python3.12/site-packages/airflow/example_dags/example_dataset_alias.py for tasks to queue
[2026-06-05T13:58:26.796+0000] {logging_mixin.py:190} INFO - [2026-06-05T13:58:26.795+0000] {dagbag.py:588} INFO - Filling up the DagBag from /home/airflow/.local/lib/python3.12/site-packages/airflow/example_dags/example_dataset_alias.py
[2026-06-05T13:58:27.476+0000] {processor.py:925} INFO - DAG(s) 'dataset_alias_example_alias_producer', 'dataset_alias_example_alias_consumer', 'dataset_s3_bucket_producer', 'dataset_s3_bucket_consumer' retrieved from /home/airflow/.local/lib/python3.12/site-packages/airflow/example_dags/example_dataset_alias.py
[2026-06-05T13:58:27.621+0000] {logging_mixin.py:190} INFO - [2026-06-05T13:58:27.620+0000] {dag.py:3239} INFO - Sync 4 DAGs
[2026-06-05T13:58:27.730+0000] {logging_mixin.py:190} INFO - [2026-06-05T13:58:27.730+0000] {dag.py:4180} INFO - Setting next_dagrun for dataset_alias_example_alias_consumer to None, run_after=None
[2026-06-05T13:58:27.742+0000] {logging_mixin.py:190} INFO - [2026-06-05T13:58:27.741+0000] {dag.py:4180} INFO - Setting next_dagrun for dataset_alias_example_alias_producer to None, run_after=None
[2026-06-05T13:58:27.748+0000] {logging_mixin.py:190} INFO - [2026-06-05T13:58:27.747+0000] {dag.py:4180} INFO - Setting next_dagrun for dataset_s3_bucket_consumer to None, run_after=None
[2026-06-05T13:58:27.759+0000] {logging_mixin.py:190} INFO - [2026-06-05T13:58:27.759+0000] {dag.py:4180} INFO - Setting next_dagrun for dataset_s3_bucket_producer to None, run_after=None
[2026-06-05T13:58:27.858+0000] {processor.py:208} INFO - Processing /home/airflow/.local/lib/python3.12/site-packages/airflow/example_dags/example_dataset_alias.py took 1.085 seconds
[2026-06-05T13:58:58.268+0000] {processor.py:186} INFO - Started process (PID=886) to work on /home/airflow/.local/lib/python3.12/site-packages/airflow/example_dags/example_dataset_alias.py
[2026-06-05T13:58:58.282+0000] {processor.py:914} INFO - Processing file /home/airflow/.local/lib/python3.12/site-packages/airflow/example_dags/example_dataset_alias.py for tasks to queue
[2026-06-05T13:58:58.313+0000] {logging_mixin.py:190} INFO - [2026-06-05T13:58:58.312+0000] {dagbag.py:588} INFO - Filling up the DagBag from /home/airflow/.local/lib/python3.12/site-packages/airflow/example_dags/example_dataset_alias.py
[2026-06-05T13:58:59.680+0000] {processor.py:925} INFO - DAG(s) 'dataset_s3_bucket_producer', 'dataset_alias_example_alias_producer', 'dataset_s3_bucket_consumer', 'dataset_alias_example_alias_consumer' retrieved from /home/airflow/.local/lib/python3.12/site-packages/airflow/example_dags/example_dataset_alias.py
[2026-06-05T13:58:59.806+0000] {logging_mixin.py:190} INFO - [2026-06-05T13:58:59.805+0000] {dag.py:3239} INFO - Sync 4 DAGs
[2026-06-05T13:58:59.956+0000] {logging_mixin.py:190} INFO - [2026-06-05T13:58:59.956+0000] {dag.py:4180} INFO - Setting next_dagrun for dataset_alias_example_alias_consumer to None, run_after=None
[2026-06-05T13:58:59.974+0000] {logging_mixin.py:190} INFO - [2026-06-05T13:58:59.973+0000] {dag.py:4180} INFO - Setting next_dagrun for dataset_alias_example_alias_producer to None, run_after=None
[2026-06-05T13:58:59.988+0000] {logging_mixin.py:190} INFO - [2026-06-05T13:58:59.980+0000] {dag.py:4180} INFO - Setting next_dagrun for dataset_s3_bucket_consumer to None, run_after=None
[2026-06-05T13:59:00.008+0000] {logging_mixin.py:190} INFO - [2026-06-05T13:59:00.008+0000] {dag.py:4180} INFO - Setting next_dagrun for dataset_s3_bucket_producer to None, run_after=None
[2026-06-05T13:59:00.256+0000] {processor.py:208} INFO - Processing /home/airflow/.local/lib/python3.12/site-packages/airflow/example_dags/example_dataset_alias.py took 2.040 seconds
