[2026-06-05T13:52:42.045+0000] {processor.py:186} INFO - Started process (PID=138) to work on /home/airflow/.local/lib/python3.12/site-packages/airflow/example_dags/example_local_kubernetes_executor.py
[2026-06-05T13:52:42.048+0000] {processor.py:914} INFO - Processing file /home/airflow/.local/lib/python3.12/site-packages/airflow/example_dags/example_local_kubernetes_executor.py for tasks to queue
[2026-06-05T13:52:42.055+0000] {logging_mixin.py:190} INFO - [2026-06-05T13:52:42.054+0000] {dagbag.py:588} INFO - Filling up the DagBag from /home/airflow/.local/lib/python3.12/site-packages/airflow/example_dags/example_local_kubernetes_executor.py
[2026-06-05T13:52:42.165+0000] {processor.py:925} INFO - DAG(s) 'example_local_kubernetes_executor' retrieved from /home/airflow/.local/lib/python3.12/site-packages/airflow/example_dags/example_local_kubernetes_executor.py
[2026-06-05T13:52:42.626+0000] {logging_mixin.py:190} INFO - [2026-06-05T13:52:42.624+0000] {override.py:1900} INFO - Created Permission View: can delete on DAG:example_local_kubernetes_executor
[2026-06-05T13:52:42.687+0000] {logging_mixin.py:190} INFO - [2026-06-05T13:52:42.686+0000] {override.py:1900} INFO - Created Permission View: can read on DAG:example_local_kubernetes_executor
[2026-06-05T13:52:42.719+0000] {logging_mixin.py:190} INFO - [2026-06-05T13:52:42.718+0000] {override.py:1900} INFO - Created Permission View: can edit on DAG:example_local_kubernetes_executor
[2026-06-05T13:52:42.754+0000] {logging_mixin.py:190} INFO - [2026-06-05T13:52:42.752+0000] {override.py:1900} INFO - Created Permission View: menu access on DAG Run:example_local_kubernetes_executor
[2026-06-05T13:52:42.780+0000] {logging_mixin.py:190} INFO - [2026-06-05T13:52:42.780+0000] {override.py:1900} INFO - Created Permission View: can delete on DAG Run:example_local_kubernetes_executor
[2026-06-05T13:52:42.807+0000] {logging_mixin.py:190} INFO - [2026-06-05T13:52:42.806+0000] {override.py:1900} INFO - Created Permission View: can read on DAG Run:example_local_kubernetes_executor
[2026-06-05T13:52:42.837+0000] {logging_mixin.py:190} INFO - [2026-06-05T13:52:42.836+0000] {override.py:1900} INFO - Created Permission View: can create on DAG Run:example_local_kubernetes_executor
[2026-06-05T13:52:42.840+0000] {logging_mixin.py:190} INFO - [2026-06-05T13:52:42.839+0000] {dag.py:3239} INFO - Sync 1 DAGs
[2026-06-05T13:52:42.892+0000] {logging_mixin.py:190} INFO - [2026-06-05T13:52:42.891+0000] {dag.py:3262} INFO - Creating ORM DAG for example_local_kubernetes_executor
[2026-06-05T13:52:42.895+0000] {logging_mixin.py:190} INFO - [2026-06-05T13:52:42.894+0000] {dag.py:4180} INFO - Setting next_dagrun for example_local_kubernetes_executor to None, run_after=None
[2026-06-05T13:52:42.968+0000] {processor.py:208} INFO - Processing /home/airflow/.local/lib/python3.12/site-packages/airflow/example_dags/example_local_kubernetes_executor.py took 0.944 seconds
[2026-06-05T13:53:13.523+0000] {processor.py:186} INFO - Started process (PID=198) to work on /home/airflow/.local/lib/python3.12/site-packages/airflow/example_dags/example_local_kubernetes_executor.py
[2026-06-05T13:53:13.525+0000] {processor.py:914} INFO - Processing file /home/airflow/.local/lib/python3.12/site-packages/airflow/example_dags/example_local_kubernetes_executor.py for tasks to queue
[2026-06-05T13:53:13.528+0000] {logging_mixin.py:190} INFO - [2026-06-05T13:53:13.528+0000] {dagbag.py:588} INFO - Filling up the DagBag from /home/airflow/.local/lib/python3.12/site-packages/airflow/example_dags/example_local_kubernetes_executor.py
[2026-06-05T13:53:13.544+0000] {processor.py:925} INFO - DAG(s) 'example_local_kubernetes_executor' retrieved from /home/airflow/.local/lib/python3.12/site-packages/airflow/example_dags/example_local_kubernetes_executor.py
[2026-06-05T13:53:13.603+0000] {logging_mixin.py:190} INFO - [2026-06-05T13:53:13.602+0000] {dag.py:3239} INFO - Sync 1 DAGs
[2026-06-05T13:53:13.631+0000] {logging_mixin.py:190} INFO - [2026-06-05T13:53:13.631+0000] {dag.py:4180} INFO - Setting next_dagrun for example_local_kubernetes_executor to None, run_after=None
[2026-06-05T13:53:13.672+0000] {processor.py:208} INFO - Processing /home/airflow/.local/lib/python3.12/site-packages/airflow/example_dags/example_local_kubernetes_executor.py took 0.158 seconds
[2026-06-05T13:53:43.987+0000] {processor.py:186} INFO - Started process (PID=260) to work on /home/airflow/.local/lib/python3.12/site-packages/airflow/example_dags/example_local_kubernetes_executor.py
[2026-06-05T13:53:43.991+0000] {processor.py:914} INFO - Processing file /home/airflow/.local/lib/python3.12/site-packages/airflow/example_dags/example_local_kubernetes_executor.py for tasks to queue
[2026-06-05T13:53:43.996+0000] {logging_mixin.py:190} INFO - [2026-06-05T13:53:43.996+0000] {dagbag.py:588} INFO - Filling up the DagBag from /home/airflow/.local/lib/python3.12/site-packages/airflow/example_dags/example_local_kubernetes_executor.py
[2026-06-05T13:53:44.022+0000] {processor.py:925} INFO - DAG(s) 'example_local_kubernetes_executor' retrieved from /home/airflow/.local/lib/python3.12/site-packages/airflow/example_dags/example_local_kubernetes_executor.py
[2026-06-05T13:53:44.103+0000] {logging_mixin.py:190} INFO - [2026-06-05T13:53:44.102+0000] {dag.py:3239} INFO - Sync 1 DAGs
[2026-06-05T13:53:44.134+0000] {logging_mixin.py:190} INFO - [2026-06-05T13:53:44.133+0000] {dag.py:4180} INFO - Setting next_dagrun for example_local_kubernetes_executor to None, run_after=None
[2026-06-05T13:53:44.188+0000] {processor.py:208} INFO - Processing /home/airflow/.local/lib/python3.12/site-packages/airflow/example_dags/example_local_kubernetes_executor.py took 0.214 seconds
[2026-06-05T13:54:14.418+0000] {processor.py:186} INFO - Started process (PID=322) to work on /home/airflow/.local/lib/python3.12/site-packages/airflow/example_dags/example_local_kubernetes_executor.py
[2026-06-05T13:54:14.420+0000] {processor.py:914} INFO - Processing file /home/airflow/.local/lib/python3.12/site-packages/airflow/example_dags/example_local_kubernetes_executor.py for tasks to queue
[2026-06-05T13:54:14.425+0000] {logging_mixin.py:190} INFO - [2026-06-05T13:54:14.424+0000] {dagbag.py:588} INFO - Filling up the DagBag from /home/airflow/.local/lib/python3.12/site-packages/airflow/example_dags/example_local_kubernetes_executor.py
[2026-06-05T13:54:14.438+0000] {processor.py:925} INFO - DAG(s) 'example_local_kubernetes_executor' retrieved from /home/airflow/.local/lib/python3.12/site-packages/airflow/example_dags/example_local_kubernetes_executor.py
[2026-06-05T13:54:14.485+0000] {logging_mixin.py:190} INFO - [2026-06-05T13:54:14.484+0000] {dag.py:3239} INFO - Sync 1 DAGs
[2026-06-05T13:54:14.504+0000] {logging_mixin.py:190} INFO - [2026-06-05T13:54:14.504+0000] {dag.py:4180} INFO - Setting next_dagrun for example_local_kubernetes_executor to None, run_after=None
[2026-06-05T13:54:14.536+0000] {processor.py:208} INFO - Processing /home/airflow/.local/lib/python3.12/site-packages/airflow/example_dags/example_local_kubernetes_executor.py took 0.131 seconds
[2026-06-05T13:54:47.138+0000] {processor.py:186} INFO - Started process (PID=390) to work on /home/airflow/.local/lib/python3.12/site-packages/airflow/example_dags/example_local_kubernetes_executor.py
[2026-06-05T13:54:47.175+0000] {processor.py:914} INFO - Processing file /home/airflow/.local/lib/python3.12/site-packages/airflow/example_dags/example_local_kubernetes_executor.py for tasks to queue
[2026-06-05T13:54:47.257+0000] {logging_mixin.py:190} INFO - [2026-06-05T13:54:47.254+0000] {dagbag.py:588} INFO - Filling up the DagBag from /home/airflow/.local/lib/python3.12/site-packages/airflow/example_dags/example_local_kubernetes_executor.py
[2026-06-05T13:54:47.604+0000] {processor.py:925} INFO - DAG(s) 'example_local_kubernetes_executor' retrieved from /home/airflow/.local/lib/python3.12/site-packages/airflow/example_dags/example_local_kubernetes_executor.py
[2026-06-05T13:54:48.315+0000] {logging_mixin.py:190} INFO - [2026-06-05T13:54:48.314+0000] {dag.py:3239} INFO - Sync 1 DAGs
[2026-06-05T13:54:48.702+0000] {logging_mixin.py:190} INFO - [2026-06-05T13:54:48.701+0000] {dag.py:4180} INFO - Setting next_dagrun for example_local_kubernetes_executor to None, run_after=None
[2026-06-05T13:54:48.895+0000] {processor.py:208} INFO - Processing /home/airflow/.local/lib/python3.12/site-packages/airflow/example_dags/example_local_kubernetes_executor.py took 1.959 seconds
[2026-06-05T13:55:19.250+0000] {processor.py:186} INFO - Started process (PID=452) to work on /home/airflow/.local/lib/python3.12/site-packages/airflow/example_dags/example_local_kubernetes_executor.py
[2026-06-05T13:55:19.253+0000] {processor.py:914} INFO - Processing file /home/airflow/.local/lib/python3.12/site-packages/airflow/example_dags/example_local_kubernetes_executor.py for tasks to queue
[2026-06-05T13:55:19.258+0000] {logging_mixin.py:190} INFO - [2026-06-05T13:55:19.257+0000] {dagbag.py:588} INFO - Filling up the DagBag from /home/airflow/.local/lib/python3.12/site-packages/airflow/example_dags/example_local_kubernetes_executor.py
[2026-06-05T13:55:19.279+0000] {processor.py:925} INFO - DAG(s) 'example_local_kubernetes_executor' retrieved from /home/airflow/.local/lib/python3.12/site-packages/airflow/example_dags/example_local_kubernetes_executor.py
[2026-06-05T13:55:19.346+0000] {logging_mixin.py:190} INFO - [2026-06-05T13:55:19.345+0000] {dag.py:3239} INFO - Sync 1 DAGs
[2026-06-05T13:55:19.375+0000] {logging_mixin.py:190} INFO - [2026-06-05T13:55:19.375+0000] {dag.py:4180} INFO - Setting next_dagrun for example_local_kubernetes_executor to None, run_after=None
[2026-06-05T13:55:19.419+0000] {processor.py:208} INFO - Processing /home/airflow/.local/lib/python3.12/site-packages/airflow/example_dags/example_local_kubernetes_executor.py took 0.181 seconds
[2026-06-05T13:55:50.496+0000] {processor.py:186} INFO - Started process (PID=515) to work on /home/airflow/.local/lib/python3.12/site-packages/airflow/example_dags/example_local_kubernetes_executor.py
[2026-06-05T13:55:50.500+0000] {processor.py:914} INFO - Processing file /home/airflow/.local/lib/python3.12/site-packages/airflow/example_dags/example_local_kubernetes_executor.py for tasks to queue
[2026-06-05T13:55:50.508+0000] {logging_mixin.py:190} INFO - [2026-06-05T13:55:50.507+0000] {dagbag.py:588} INFO - Filling up the DagBag from /home/airflow/.local/lib/python3.12/site-packages/airflow/example_dags/example_local_kubernetes_executor.py
[2026-06-05T13:55:50.548+0000] {processor.py:925} INFO - DAG(s) 'example_local_kubernetes_executor' retrieved from /home/airflow/.local/lib/python3.12/site-packages/airflow/example_dags/example_local_kubernetes_executor.py
[2026-06-05T13:55:50.664+0000] {logging_mixin.py:190} INFO - [2026-06-05T13:55:50.663+0000] {dag.py:3239} INFO - Sync 1 DAGs
[2026-06-05T13:55:50.725+0000] {logging_mixin.py:190} INFO - [2026-06-05T13:55:50.724+0000] {dag.py:4180} INFO - Setting next_dagrun for example_local_kubernetes_executor to None, run_after=None
[2026-06-05T13:55:50.871+0000] {processor.py:208} INFO - Processing /home/airflow/.local/lib/python3.12/site-packages/airflow/example_dags/example_local_kubernetes_executor.py took 0.401 seconds
[2026-06-05T13:56:21.851+0000] {processor.py:186} INFO - Started process (PID=578) to work on /home/airflow/.local/lib/python3.12/site-packages/airflow/example_dags/example_local_kubernetes_executor.py
[2026-06-05T13:56:21.854+0000] {processor.py:914} INFO - Processing file /home/airflow/.local/lib/python3.12/site-packages/airflow/example_dags/example_local_kubernetes_executor.py for tasks to queue
[2026-06-05T13:56:21.860+0000] {logging_mixin.py:190} INFO - [2026-06-05T13:56:21.859+0000] {dagbag.py:588} INFO - Filling up the DagBag from /home/airflow/.local/lib/python3.12/site-packages/airflow/example_dags/example_local_kubernetes_executor.py
[2026-06-05T13:56:21.885+0000] {processor.py:925} INFO - DAG(s) 'example_local_kubernetes_executor' retrieved from /home/airflow/.local/lib/python3.12/site-packages/airflow/example_dags/example_local_kubernetes_executor.py
[2026-06-05T13:56:21.967+0000] {logging_mixin.py:190} INFO - [2026-06-05T13:56:21.966+0000] {dag.py:3239} INFO - Sync 1 DAGs
[2026-06-05T13:56:22.014+0000] {logging_mixin.py:190} INFO - [2026-06-05T13:56:22.013+0000] {dag.py:4180} INFO - Setting next_dagrun for example_local_kubernetes_executor to None, run_after=None
[2026-06-05T13:56:22.098+0000] {processor.py:208} INFO - Processing /home/airflow/.local/lib/python3.12/site-packages/airflow/example_dags/example_local_kubernetes_executor.py took 0.261 seconds
[2026-06-05T13:56:54.065+0000] {processor.py:186} INFO - Started process (PID=640) to work on /home/airflow/.local/lib/python3.12/site-packages/airflow/example_dags/example_local_kubernetes_executor.py
[2026-06-05T13:56:54.068+0000] {processor.py:914} INFO - Processing file /home/airflow/.local/lib/python3.12/site-packages/airflow/example_dags/example_local_kubernetes_executor.py for tasks to queue
[2026-06-05T13:56:54.078+0000] {logging_mixin.py:190} INFO - [2026-06-05T13:56:54.077+0000] {dagbag.py:588} INFO - Filling up the DagBag from /home/airflow/.local/lib/python3.12/site-packages/airflow/example_dags/example_local_kubernetes_executor.py
[2026-06-05T13:56:54.121+0000] {processor.py:925} INFO - DAG(s) 'example_local_kubernetes_executor' retrieved from /home/airflow/.local/lib/python3.12/site-packages/airflow/example_dags/example_local_kubernetes_executor.py
[2026-06-05T13:56:54.236+0000] {logging_mixin.py:190} INFO - [2026-06-05T13:56:54.235+0000] {dag.py:3239} INFO - Sync 1 DAGs
[2026-06-05T13:56:54.296+0000] {logging_mixin.py:190} INFO - [2026-06-05T13:56:54.296+0000] {dag.py:4180} INFO - Setting next_dagrun for example_local_kubernetes_executor to None, run_after=None
[2026-06-05T13:56:54.398+0000] {processor.py:208} INFO - Processing /home/airflow/.local/lib/python3.12/site-packages/airflow/example_dags/example_local_kubernetes_executor.py took 0.356 seconds
[2026-06-05T13:57:26.053+0000] {processor.py:186} INFO - Started process (PID=702) to work on /home/airflow/.local/lib/python3.12/site-packages/airflow/example_dags/example_local_kubernetes_executor.py
[2026-06-05T13:57:26.063+0000] {processor.py:914} INFO - Processing file /home/airflow/.local/lib/python3.12/site-packages/airflow/example_dags/example_local_kubernetes_executor.py for tasks to queue
[2026-06-05T13:57:26.088+0000] {logging_mixin.py:190} INFO - [2026-06-05T13:57:26.087+0000] {dagbag.py:588} INFO - Filling up the DagBag from /home/airflow/.local/lib/python3.12/site-packages/airflow/example_dags/example_local_kubernetes_executor.py
[2026-06-05T13:57:26.162+0000] {processor.py:925} INFO - DAG(s) 'example_local_kubernetes_executor' retrieved from /home/airflow/.local/lib/python3.12/site-packages/airflow/example_dags/example_local_kubernetes_executor.py
[2026-06-05T13:57:26.443+0000] {logging_mixin.py:190} INFO - [2026-06-05T13:57:26.442+0000] {dag.py:3239} INFO - Sync 1 DAGs
[2026-06-05T13:57:26.538+0000] {logging_mixin.py:190} INFO - [2026-06-05T13:57:26.537+0000] {dag.py:4180} INFO - Setting next_dagrun for example_local_kubernetes_executor to None, run_after=None
[2026-06-05T13:57:26.676+0000] {processor.py:208} INFO - Processing /home/airflow/.local/lib/python3.12/site-packages/airflow/example_dags/example_local_kubernetes_executor.py took 0.687 seconds
[2026-06-05T13:57:57.275+0000] {processor.py:186} INFO - Started process (PID=764) to work on /home/airflow/.local/lib/python3.12/site-packages/airflow/example_dags/example_local_kubernetes_executor.py
[2026-06-05T13:57:57.279+0000] {processor.py:914} INFO - Processing file /home/airflow/.local/lib/python3.12/site-packages/airflow/example_dags/example_local_kubernetes_executor.py for tasks to queue
[2026-06-05T13:57:57.287+0000] {logging_mixin.py:190} INFO - [2026-06-05T13:57:57.286+0000] {dagbag.py:588} INFO - Filling up the DagBag from /home/airflow/.local/lib/python3.12/site-packages/airflow/example_dags/example_local_kubernetes_executor.py
[2026-06-05T13:57:57.316+0000] {processor.py:925} INFO - DAG(s) 'example_local_kubernetes_executor' retrieved from /home/airflow/.local/lib/python3.12/site-packages/airflow/example_dags/example_local_kubernetes_executor.py
[2026-06-05T13:57:57.406+0000] {logging_mixin.py:190} INFO - [2026-06-05T13:57:57.406+0000] {dag.py:3239} INFO - Sync 1 DAGs
[2026-06-05T13:57:57.510+0000] {logging_mixin.py:190} INFO - [2026-06-05T13:57:57.509+0000] {dag.py:4180} INFO - Setting next_dagrun for example_local_kubernetes_executor to None, run_after=None
[2026-06-05T13:57:57.957+0000] {processor.py:208} INFO - Processing /home/airflow/.local/lib/python3.12/site-packages/airflow/example_dags/example_local_kubernetes_executor.py took 0.695 seconds
[2026-06-05T13:58:28.329+0000] {processor.py:186} INFO - Started process (PID=827) to work on /home/airflow/.local/lib/python3.12/site-packages/airflow/example_dags/example_local_kubernetes_executor.py
[2026-06-05T13:58:28.333+0000] {processor.py:914} INFO - Processing file /home/airflow/.local/lib/python3.12/site-packages/airflow/example_dags/example_local_kubernetes_executor.py for tasks to queue
[2026-06-05T13:58:28.373+0000] {logging_mixin.py:190} INFO - [2026-06-05T13:58:28.372+0000] {dagbag.py:588} INFO - Filling up the DagBag from /home/airflow/.local/lib/python3.12/site-packages/airflow/example_dags/example_local_kubernetes_executor.py
[2026-06-05T13:58:28.448+0000] {processor.py:925} INFO - DAG(s) 'example_local_kubernetes_executor' retrieved from /home/airflow/.local/lib/python3.12/site-packages/airflow/example_dags/example_local_kubernetes_executor.py
[2026-06-05T13:58:28.609+0000] {logging_mixin.py:190} INFO - [2026-06-05T13:58:28.608+0000] {dag.py:3239} INFO - Sync 1 DAGs
[2026-06-05T13:58:28.705+0000] {logging_mixin.py:190} INFO - [2026-06-05T13:58:28.705+0000] {dag.py:4180} INFO - Setting next_dagrun for example_local_kubernetes_executor to None, run_after=None
[2026-06-05T13:58:28.809+0000] {processor.py:208} INFO - Processing /home/airflow/.local/lib/python3.12/site-packages/airflow/example_dags/example_local_kubernetes_executor.py took 0.508 seconds
[2026-06-05T13:58:59.472+0000] {processor.py:186} INFO - Started process (PID=888) to work on /home/airflow/.local/lib/python3.12/site-packages/airflow/example_dags/example_local_kubernetes_executor.py
[2026-06-05T13:58:59.485+0000] {processor.py:914} INFO - Processing file /home/airflow/.local/lib/python3.12/site-packages/airflow/example_dags/example_local_kubernetes_executor.py for tasks to queue
[2026-06-05T13:58:59.504+0000] {logging_mixin.py:190} INFO - [2026-06-05T13:58:59.503+0000] {dagbag.py:588} INFO - Filling up the DagBag from /home/airflow/.local/lib/python3.12/site-packages/airflow/example_dags/example_local_kubernetes_executor.py
[2026-06-05T13:58:59.575+0000] {processor.py:925} INFO - DAG(s) 'example_local_kubernetes_executor' retrieved from /home/airflow/.local/lib/python3.12/site-packages/airflow/example_dags/example_local_kubernetes_executor.py
[2026-06-05T13:58:59.805+0000] {logging_mixin.py:190} INFO - [2026-06-05T13:58:59.802+0000] {dag.py:3239} INFO - Sync 1 DAGs
[2026-06-05T13:58:59.900+0000] {logging_mixin.py:190} INFO - [2026-06-05T13:58:59.899+0000] {dag.py:4180} INFO - Setting next_dagrun for example_local_kubernetes_executor to None, run_after=None
[2026-06-05T13:59:00.050+0000] {processor.py:208} INFO - Processing /home/airflow/.local/lib/python3.12/site-packages/airflow/example_dags/example_local_kubernetes_executor.py took 0.609 seconds
