[2026-06-05T13:52:00.521+0000] {processor.py:186} INFO - Started process (PID=91) to work on /home/airflow/.local/lib/python3.12/site-packages/airflow/example_dags/example_sensors.py
[2026-06-05T13:52:00.530+0000] {processor.py:914} INFO - Processing file /home/airflow/.local/lib/python3.12/site-packages/airflow/example_dags/example_sensors.py for tasks to queue
[2026-06-05T13:52:00.539+0000] {logging_mixin.py:190} INFO - [2026-06-05T13:52:00.538+0000] {dagbag.py:588} INFO - Filling up the DagBag from /home/airflow/.local/lib/python3.12/site-packages/airflow/example_dags/example_sensors.py
[2026-06-05T13:52:00.635+0000] {processor.py:925} INFO - DAG(s) 'example_sensors' retrieved from /home/airflow/.local/lib/python3.12/site-packages/airflow/example_dags/example_sensors.py
[2026-06-05T13:52:01.457+0000] {logging_mixin.py:190} INFO - [2026-06-05T13:52:01.453+0000] {override.py:1900} INFO - Created Permission View: can delete on DAG:example_sensors
[2026-06-05T13:52:01.543+0000] {logging_mixin.py:190} INFO - [2026-06-05T13:52:01.542+0000] {override.py:1900} INFO - Created Permission View: can read on DAG:example_sensors
[2026-06-05T13:52:01.618+0000] {logging_mixin.py:190} INFO - [2026-06-05T13:52:01.617+0000] {override.py:1900} INFO - Created Permission View: can edit on DAG:example_sensors
[2026-06-05T13:52:01.707+0000] {logging_mixin.py:190} INFO - [2026-06-05T13:52:01.706+0000] {override.py:1900} INFO - Created Permission View: menu access on DAG Run:example_sensors
[2026-06-05T13:52:01.908+0000] {logging_mixin.py:190} INFO - [2026-06-05T13:52:01.907+0000] {override.py:1900} INFO - Created Permission View: can delete on DAG Run:example_sensors
[2026-06-05T13:52:01.982+0000] {logging_mixin.py:190} INFO - [2026-06-05T13:52:01.981+0000] {override.py:1900} INFO - Created Permission View: can read on DAG Run:example_sensors
[2026-06-05T13:52:02.035+0000] {logging_mixin.py:190} INFO - [2026-06-05T13:52:02.034+0000] {override.py:1900} INFO - Created Permission View: can create on DAG Run:example_sensors
[2026-06-05T13:52:02.056+0000] {logging_mixin.py:190} INFO - [2026-06-05T13:52:02.055+0000] {dag.py:3239} INFO - Sync 1 DAGs
[2026-06-05T13:52:02.146+0000] {logging_mixin.py:190} INFO - [2026-06-05T13:52:02.140+0000] {dag.py:3262} INFO - Creating ORM DAG for example_sensors
[2026-06-05T13:52:02.151+0000] {logging_mixin.py:190} INFO - [2026-06-05T13:52:02.151+0000] {dag.py:4180} INFO - Setting next_dagrun for example_sensors to None, run_after=None
[2026-06-05T13:52:02.321+0000] {processor.py:208} INFO - Processing /home/airflow/.local/lib/python3.12/site-packages/airflow/example_dags/example_sensors.py took 1.823 seconds
[2026-06-05T13:52:50.124+0000] {processor.py:186} INFO - Started process (PID=158) to work on /home/airflow/.local/lib/python3.12/site-packages/airflow/example_dags/example_sensors.py
[2026-06-05T13:52:50.132+0000] {processor.py:914} INFO - Processing file /home/airflow/.local/lib/python3.12/site-packages/airflow/example_dags/example_sensors.py for tasks to queue
[2026-06-05T13:52:50.151+0000] {logging_mixin.py:190} INFO - [2026-06-05T13:52:50.150+0000] {dagbag.py:588} INFO - Filling up the DagBag from /home/airflow/.local/lib/python3.12/site-packages/airflow/example_dags/example_sensors.py
[2026-06-05T13:52:50.229+0000] {processor.py:925} INFO - DAG(s) 'example_sensors' retrieved from /home/airflow/.local/lib/python3.12/site-packages/airflow/example_dags/example_sensors.py
[2026-06-05T13:52:50.327+0000] {logging_mixin.py:190} INFO - [2026-06-05T13:52:50.326+0000] {dag.py:3239} INFO - Sync 1 DAGs
[2026-06-05T13:52:50.396+0000] {logging_mixin.py:190} INFO - [2026-06-05T13:52:50.395+0000] {dag.py:4180} INFO - Setting next_dagrun for example_sensors to None, run_after=None
[2026-06-05T13:52:50.482+0000] {processor.py:208} INFO - Processing /home/airflow/.local/lib/python3.12/site-packages/airflow/example_dags/example_sensors.py took 0.388 seconds
[2026-06-05T13:53:21.563+0000] {processor.py:186} INFO - Started process (PID=220) to work on /home/airflow/.local/lib/python3.12/site-packages/airflow/example_dags/example_sensors.py
[2026-06-05T13:53:21.565+0000] {processor.py:914} INFO - Processing file /home/airflow/.local/lib/python3.12/site-packages/airflow/example_dags/example_sensors.py for tasks to queue
[2026-06-05T13:53:21.570+0000] {logging_mixin.py:190} INFO - [2026-06-05T13:53:21.570+0000] {dagbag.py:588} INFO - Filling up the DagBag from /home/airflow/.local/lib/python3.12/site-packages/airflow/example_dags/example_sensors.py
[2026-06-05T13:53:21.591+0000] {processor.py:925} INFO - DAG(s) 'example_sensors' retrieved from /home/airflow/.local/lib/python3.12/site-packages/airflow/example_dags/example_sensors.py
[2026-06-05T13:53:21.642+0000] {logging_mixin.py:190} INFO - [2026-06-05T13:53:21.641+0000] {dag.py:3239} INFO - Sync 1 DAGs
[2026-06-05T13:53:21.669+0000] {logging_mixin.py:190} INFO - [2026-06-05T13:53:21.668+0000] {dag.py:4180} INFO - Setting next_dagrun for example_sensors to None, run_after=None
[2026-06-05T13:53:21.711+0000] {processor.py:208} INFO - Processing /home/airflow/.local/lib/python3.12/site-packages/airflow/example_dags/example_sensors.py took 0.160 seconds
[2026-06-05T13:53:52.451+0000] {processor.py:186} INFO - Started process (PID=282) to work on /home/airflow/.local/lib/python3.12/site-packages/airflow/example_dags/example_sensors.py
[2026-06-05T13:53:52.454+0000] {processor.py:914} INFO - Processing file /home/airflow/.local/lib/python3.12/site-packages/airflow/example_dags/example_sensors.py for tasks to queue
[2026-06-05T13:53:52.459+0000] {logging_mixin.py:190} INFO - [2026-06-05T13:53:52.459+0000] {dagbag.py:588} INFO - Filling up the DagBag from /home/airflow/.local/lib/python3.12/site-packages/airflow/example_dags/example_sensors.py
[2026-06-05T13:53:52.485+0000] {processor.py:925} INFO - DAG(s) 'example_sensors' retrieved from /home/airflow/.local/lib/python3.12/site-packages/airflow/example_dags/example_sensors.py
[2026-06-05T13:53:52.539+0000] {logging_mixin.py:190} INFO - [2026-06-05T13:53:52.538+0000] {dag.py:3239} INFO - Sync 1 DAGs
[2026-06-05T13:53:52.568+0000] {logging_mixin.py:190} INFO - [2026-06-05T13:53:52.568+0000] {dag.py:4180} INFO - Setting next_dagrun for example_sensors to None, run_after=None
[2026-06-05T13:53:52.614+0000] {processor.py:208} INFO - Processing /home/airflow/.local/lib/python3.12/site-packages/airflow/example_dags/example_sensors.py took 0.178 seconds
[2026-06-05T13:54:22.774+0000] {processor.py:186} INFO - Started process (PID=344) to work on /home/airflow/.local/lib/python3.12/site-packages/airflow/example_dags/example_sensors.py
[2026-06-05T13:54:22.776+0000] {processor.py:914} INFO - Processing file /home/airflow/.local/lib/python3.12/site-packages/airflow/example_dags/example_sensors.py for tasks to queue
[2026-06-05T13:54:22.782+0000] {logging_mixin.py:190} INFO - [2026-06-05T13:54:22.781+0000] {dagbag.py:588} INFO - Filling up the DagBag from /home/airflow/.local/lib/python3.12/site-packages/airflow/example_dags/example_sensors.py
[2026-06-05T13:54:22.802+0000] {processor.py:925} INFO - DAG(s) 'example_sensors' retrieved from /home/airflow/.local/lib/python3.12/site-packages/airflow/example_dags/example_sensors.py
[2026-06-05T13:54:22.863+0000] {logging_mixin.py:190} INFO - [2026-06-05T13:54:22.862+0000] {dag.py:3239} INFO - Sync 1 DAGs
[2026-06-05T13:54:22.889+0000] {logging_mixin.py:190} INFO - [2026-06-05T13:54:22.889+0000] {dag.py:4180} INFO - Setting next_dagrun for example_sensors to None, run_after=None
[2026-06-05T13:54:22.929+0000] {processor.py:208} INFO - Processing /home/airflow/.local/lib/python3.12/site-packages/airflow/example_dags/example_sensors.py took 0.166 seconds
[2026-06-05T13:54:57.922+0000] {processor.py:186} INFO - Started process (PID=402) to work on /home/airflow/.local/lib/python3.12/site-packages/airflow/example_dags/example_sensors.py
[2026-06-05T13:54:57.936+0000] {processor.py:914} INFO - Processing file /home/airflow/.local/lib/python3.12/site-packages/airflow/example_dags/example_sensors.py for tasks to queue
[2026-06-05T13:54:57.990+0000] {logging_mixin.py:190} INFO - [2026-06-05T13:54:57.984+0000] {dagbag.py:588} INFO - Filling up the DagBag from /home/airflow/.local/lib/python3.12/site-packages/airflow/example_dags/example_sensors.py
[2026-06-05T13:54:58.327+0000] {processor.py:925} INFO - DAG(s) 'example_sensors' retrieved from /home/airflow/.local/lib/python3.12/site-packages/airflow/example_dags/example_sensors.py
[2026-06-05T13:54:58.799+0000] {logging_mixin.py:190} INFO - [2026-06-05T13:54:58.796+0000] {dag.py:3239} INFO - Sync 1 DAGs
[2026-06-05T13:54:59.037+0000] {logging_mixin.py:190} INFO - [2026-06-05T13:54:59.036+0000] {dag.py:4180} INFO - Setting next_dagrun for example_sensors to None, run_after=None
[2026-06-05T13:54:59.276+0000] {processor.py:208} INFO - Processing /home/airflow/.local/lib/python3.12/site-packages/airflow/example_dags/example_sensors.py took 1.472 seconds
[2026-06-05T13:55:29.870+0000] {processor.py:186} INFO - Started process (PID=464) to work on /home/airflow/.local/lib/python3.12/site-packages/airflow/example_dags/example_sensors.py
[2026-06-05T13:55:29.872+0000] {processor.py:914} INFO - Processing file /home/airflow/.local/lib/python3.12/site-packages/airflow/example_dags/example_sensors.py for tasks to queue
[2026-06-05T13:55:29.879+0000] {logging_mixin.py:190} INFO - [2026-06-05T13:55:29.878+0000] {dagbag.py:588} INFO - Filling up the DagBag from /home/airflow/.local/lib/python3.12/site-packages/airflow/example_dags/example_sensors.py
[2026-06-05T13:55:29.902+0000] {processor.py:925} INFO - DAG(s) 'example_sensors' retrieved from /home/airflow/.local/lib/python3.12/site-packages/airflow/example_dags/example_sensors.py
[2026-06-05T13:55:29.962+0000] {logging_mixin.py:190} INFO - [2026-06-05T13:55:29.961+0000] {dag.py:3239} INFO - Sync 1 DAGs
[2026-06-05T13:55:29.998+0000] {logging_mixin.py:190} INFO - [2026-06-05T13:55:29.997+0000] {dag.py:4180} INFO - Setting next_dagrun for example_sensors to None, run_after=None
[2026-06-05T13:55:30.054+0000] {processor.py:208} INFO - Processing /home/airflow/.local/lib/python3.12/site-packages/airflow/example_dags/example_sensors.py took 0.198 seconds
[2026-06-05T13:56:00.648+0000] {processor.py:186} INFO - Started process (PID=527) to work on /home/airflow/.local/lib/python3.12/site-packages/airflow/example_dags/example_sensors.py
[2026-06-05T13:56:00.652+0000] {processor.py:914} INFO - Processing file /home/airflow/.local/lib/python3.12/site-packages/airflow/example_dags/example_sensors.py for tasks to queue
[2026-06-05T13:56:00.663+0000] {logging_mixin.py:190} INFO - [2026-06-05T13:56:00.662+0000] {dagbag.py:588} INFO - Filling up the DagBag from /home/airflow/.local/lib/python3.12/site-packages/airflow/example_dags/example_sensors.py
[2026-06-05T13:56:00.718+0000] {processor.py:925} INFO - DAG(s) 'example_sensors' retrieved from /home/airflow/.local/lib/python3.12/site-packages/airflow/example_dags/example_sensors.py
[2026-06-05T13:56:00.882+0000] {logging_mixin.py:190} INFO - [2026-06-05T13:56:00.881+0000] {dag.py:3239} INFO - Sync 1 DAGs
[2026-06-05T13:56:01.026+0000] {logging_mixin.py:190} INFO - [2026-06-05T13:56:01.014+0000] {dag.py:4180} INFO - Setting next_dagrun for example_sensors to None, run_after=None
[2026-06-05T13:56:01.139+0000] {processor.py:208} INFO - Processing /home/airflow/.local/lib/python3.12/site-packages/airflow/example_dags/example_sensors.py took 0.511 seconds
[2026-06-05T13:56:32.394+0000] {processor.py:186} INFO - Started process (PID=591) to work on /home/airflow/.local/lib/python3.12/site-packages/airflow/example_dags/example_sensors.py
[2026-06-05T13:56:32.401+0000] {processor.py:914} INFO - Processing file /home/airflow/.local/lib/python3.12/site-packages/airflow/example_dags/example_sensors.py for tasks to queue
[2026-06-05T13:56:32.410+0000] {logging_mixin.py:190} INFO - [2026-06-05T13:56:32.409+0000] {dagbag.py:588} INFO - Filling up the DagBag from /home/airflow/.local/lib/python3.12/site-packages/airflow/example_dags/example_sensors.py
[2026-06-05T13:56:32.460+0000] {processor.py:925} INFO - DAG(s) 'example_sensors' retrieved from /home/airflow/.local/lib/python3.12/site-packages/airflow/example_dags/example_sensors.py
[2026-06-05T13:56:32.572+0000] {logging_mixin.py:190} INFO - [2026-06-05T13:56:32.571+0000] {dag.py:3239} INFO - Sync 1 DAGs
[2026-06-05T13:56:32.617+0000] {logging_mixin.py:190} INFO - [2026-06-05T13:56:32.616+0000] {dag.py:4180} INFO - Setting next_dagrun for example_sensors to None, run_after=None
[2026-06-05T13:56:32.675+0000] {processor.py:208} INFO - Processing /home/airflow/.local/lib/python3.12/site-packages/airflow/example_dags/example_sensors.py took 0.311 seconds
[2026-06-05T13:57:03.356+0000] {processor.py:186} INFO - Started process (PID=653) to work on /home/airflow/.local/lib/python3.12/site-packages/airflow/example_dags/example_sensors.py
[2026-06-05T13:57:03.360+0000] {processor.py:914} INFO - Processing file /home/airflow/.local/lib/python3.12/site-packages/airflow/example_dags/example_sensors.py for tasks to queue
[2026-06-05T13:57:03.367+0000] {logging_mixin.py:190} INFO - [2026-06-05T13:57:03.366+0000] {dagbag.py:588} INFO - Filling up the DagBag from /home/airflow/.local/lib/python3.12/site-packages/airflow/example_dags/example_sensors.py
[2026-06-05T13:57:03.405+0000] {processor.py:925} INFO - DAG(s) 'example_sensors' retrieved from /home/airflow/.local/lib/python3.12/site-packages/airflow/example_dags/example_sensors.py
[2026-06-05T13:57:03.498+0000] {logging_mixin.py:190} INFO - [2026-06-05T13:57:03.498+0000] {dag.py:3239} INFO - Sync 1 DAGs
[2026-06-05T13:57:03.531+0000] {logging_mixin.py:190} INFO - [2026-06-05T13:57:03.530+0000] {dag.py:4180} INFO - Setting next_dagrun for example_sensors to None, run_after=None
[2026-06-05T13:57:03.584+0000] {processor.py:208} INFO - Processing /home/airflow/.local/lib/python3.12/site-packages/airflow/example_dags/example_sensors.py took 0.253 seconds
[2026-06-05T13:57:34.314+0000] {processor.py:186} INFO - Started process (PID=715) to work on /home/airflow/.local/lib/python3.12/site-packages/airflow/example_dags/example_sensors.py
[2026-06-05T13:57:34.319+0000] {processor.py:914} INFO - Processing file /home/airflow/.local/lib/python3.12/site-packages/airflow/example_dags/example_sensors.py for tasks to queue
[2026-06-05T13:57:34.326+0000] {logging_mixin.py:190} INFO - [2026-06-05T13:57:34.325+0000] {dagbag.py:588} INFO - Filling up the DagBag from /home/airflow/.local/lib/python3.12/site-packages/airflow/example_dags/example_sensors.py
[2026-06-05T13:57:34.365+0000] {processor.py:925} INFO - DAG(s) 'example_sensors' retrieved from /home/airflow/.local/lib/python3.12/site-packages/airflow/example_dags/example_sensors.py
[2026-06-05T13:57:34.474+0000] {logging_mixin.py:190} INFO - [2026-06-05T13:57:34.473+0000] {dag.py:3239} INFO - Sync 1 DAGs
[2026-06-05T13:57:34.533+0000] {logging_mixin.py:190} INFO - [2026-06-05T13:57:34.532+0000] {dag.py:4180} INFO - Setting next_dagrun for example_sensors to None, run_after=None
[2026-06-05T13:57:34.597+0000] {processor.py:208} INFO - Processing /home/airflow/.local/lib/python3.12/site-packages/airflow/example_dags/example_sensors.py took 0.305 seconds
[2026-06-05T13:58:05.030+0000] {processor.py:186} INFO - Started process (PID=777) to work on /home/airflow/.local/lib/python3.12/site-packages/airflow/example_dags/example_sensors.py
[2026-06-05T13:58:05.033+0000] {processor.py:914} INFO - Processing file /home/airflow/.local/lib/python3.12/site-packages/airflow/example_dags/example_sensors.py for tasks to queue
[2026-06-05T13:58:05.042+0000] {logging_mixin.py:190} INFO - [2026-06-05T13:58:05.041+0000] {dagbag.py:588} INFO - Filling up the DagBag from /home/airflow/.local/lib/python3.12/site-packages/airflow/example_dags/example_sensors.py
[2026-06-05T13:58:05.096+0000] {processor.py:925} INFO - DAG(s) 'example_sensors' retrieved from /home/airflow/.local/lib/python3.12/site-packages/airflow/example_dags/example_sensors.py
[2026-06-05T13:58:05.235+0000] {logging_mixin.py:190} INFO - [2026-06-05T13:58:05.234+0000] {dag.py:3239} INFO - Sync 1 DAGs
[2026-06-05T13:58:05.337+0000] {logging_mixin.py:190} INFO - [2026-06-05T13:58:05.337+0000] {dag.py:4180} INFO - Setting next_dagrun for example_sensors to None, run_after=None
[2026-06-05T13:58:05.484+0000] {processor.py:208} INFO - Processing /home/airflow/.local/lib/python3.12/site-packages/airflow/example_dags/example_sensors.py took 0.476 seconds
[2026-06-05T13:58:35.849+0000] {processor.py:186} INFO - Started process (PID=840) to work on /home/airflow/.local/lib/python3.12/site-packages/airflow/example_dags/example_sensors.py
[2026-06-05T13:58:35.855+0000] {processor.py:914} INFO - Processing file /home/airflow/.local/lib/python3.12/site-packages/airflow/example_dags/example_sensors.py for tasks to queue
[2026-06-05T13:58:35.862+0000] {logging_mixin.py:190} INFO - [2026-06-05T13:58:35.861+0000] {dagbag.py:588} INFO - Filling up the DagBag from /home/airflow/.local/lib/python3.12/site-packages/airflow/example_dags/example_sensors.py
[2026-06-05T13:58:35.897+0000] {processor.py:925} INFO - DAG(s) 'example_sensors' retrieved from /home/airflow/.local/lib/python3.12/site-packages/airflow/example_dags/example_sensors.py
[2026-06-05T13:58:36.018+0000] {logging_mixin.py:190} INFO - [2026-06-05T13:58:36.015+0000] {dag.py:3239} INFO - Sync 1 DAGs
[2026-06-05T13:58:36.091+0000] {logging_mixin.py:190} INFO - [2026-06-05T13:58:36.090+0000] {dag.py:4180} INFO - Setting next_dagrun for example_sensors to None, run_after=None
[2026-06-05T13:58:36.164+0000] {processor.py:208} INFO - Processing /home/airflow/.local/lib/python3.12/site-packages/airflow/example_dags/example_sensors.py took 0.338 seconds
[2026-06-05T13:59:06.402+0000] {processor.py:186} INFO - Started process (PID=901) to work on /home/airflow/.local/lib/python3.12/site-packages/airflow/example_dags/example_sensors.py
[2026-06-05T13:59:06.404+0000] {processor.py:914} INFO - Processing file /home/airflow/.local/lib/python3.12/site-packages/airflow/example_dags/example_sensors.py for tasks to queue
[2026-06-05T13:59:06.409+0000] {logging_mixin.py:190} INFO - [2026-06-05T13:59:06.408+0000] {dagbag.py:588} INFO - Filling up the DagBag from /home/airflow/.local/lib/python3.12/site-packages/airflow/example_dags/example_sensors.py
[2026-06-05T13:59:06.450+0000] {processor.py:925} INFO - DAG(s) 'example_sensors' retrieved from /home/airflow/.local/lib/python3.12/site-packages/airflow/example_dags/example_sensors.py
[2026-06-05T13:59:06.548+0000] {logging_mixin.py:190} INFO - [2026-06-05T13:59:06.544+0000] {dag.py:3239} INFO - Sync 1 DAGs
[2026-06-05T13:59:06.593+0000] {logging_mixin.py:190} INFO - [2026-06-05T13:59:06.593+0000] {dag.py:4180} INFO - Setting next_dagrun for example_sensors to None, run_after=None
[2026-06-05T13:59:06.654+0000] {processor.py:208} INFO - Processing /home/airflow/.local/lib/python3.12/site-packages/airflow/example_dags/example_sensors.py took 0.267 seconds
