[2026-06-05T13:52:23.100+0000] {processor.py:186} INFO - Started process (PID=114) to work on /home/airflow/.local/lib/python3.12/site-packages/airflow/example_dags/example_kubernetes_executor.py
[2026-06-05T13:52:23.116+0000] {processor.py:914} INFO - Processing file /home/airflow/.local/lib/python3.12/site-packages/airflow/example_dags/example_kubernetes_executor.py for tasks to queue
[2026-06-05T13:52:23.137+0000] {logging_mixin.py:190} INFO - [2026-06-05T13:52:23.136+0000] {dagbag.py:588} INFO - Filling up the DagBag from /home/airflow/.local/lib/python3.12/site-packages/airflow/example_dags/example_kubernetes_executor.py
[2026-06-05T13:52:23.287+0000] {processor.py:925} INFO - DAG(s) 'example_kubernetes_executor' retrieved from /home/airflow/.local/lib/python3.12/site-packages/airflow/example_dags/example_kubernetes_executor.py
[2026-06-05T13:52:24.716+0000] {logging_mixin.py:190} INFO - [2026-06-05T13:52:24.653+0000] {override.py:1900} INFO - Created Permission View: can delete on DAG:example_kubernetes_executor
[2026-06-05T13:52:24.781+0000] {logging_mixin.py:190} INFO - [2026-06-05T13:52:24.780+0000] {override.py:1900} INFO - Created Permission View: can read on DAG:example_kubernetes_executor
[2026-06-05T13:52:24.882+0000] {logging_mixin.py:190} INFO - [2026-06-05T13:52:24.868+0000] {override.py:1900} INFO - Created Permission View: can edit on DAG:example_kubernetes_executor
[2026-06-05T13:52:24.937+0000] {logging_mixin.py:190} INFO - [2026-06-05T13:52:24.931+0000] {override.py:1900} INFO - Created Permission View: menu access on DAG Run:example_kubernetes_executor
[2026-06-05T13:52:24.994+0000] {logging_mixin.py:190} INFO - [2026-06-05T13:52:24.993+0000] {override.py:1900} INFO - Created Permission View: can delete on DAG Run:example_kubernetes_executor
[2026-06-05T13:52:25.070+0000] {logging_mixin.py:190} INFO - [2026-06-05T13:52:25.070+0000] {override.py:1900} INFO - Created Permission View: can read on DAG Run:example_kubernetes_executor
[2026-06-05T13:52:25.115+0000] {logging_mixin.py:190} INFO - [2026-06-05T13:52:25.115+0000] {override.py:1900} INFO - Created Permission View: can create on DAG Run:example_kubernetes_executor
[2026-06-05T13:52:25.120+0000] {logging_mixin.py:190} INFO - [2026-06-05T13:52:25.119+0000] {dag.py:3239} INFO - Sync 1 DAGs
[2026-06-05T13:52:25.296+0000] {logging_mixin.py:190} INFO - [2026-06-05T13:52:25.291+0000] {dag.py:3262} INFO - Creating ORM DAG for example_kubernetes_executor
[2026-06-05T13:52:25.307+0000] {logging_mixin.py:190} INFO - [2026-06-05T13:52:25.306+0000] {dag.py:4180} INFO - Setting next_dagrun for example_kubernetes_executor to None, run_after=None
[2026-06-05T13:52:25.520+0000] {processor.py:208} INFO - Processing /home/airflow/.local/lib/python3.12/site-packages/airflow/example_dags/example_kubernetes_executor.py took 2.473 seconds
[2026-06-05T13:52:56.477+0000] {processor.py:186} INFO - Started process (PID=175) to work on /home/airflow/.local/lib/python3.12/site-packages/airflow/example_dags/example_kubernetes_executor.py
[2026-06-05T13:52:56.483+0000] {processor.py:914} INFO - Processing file /home/airflow/.local/lib/python3.12/site-packages/airflow/example_dags/example_kubernetes_executor.py for tasks to queue
[2026-06-05T13:52:56.492+0000] {logging_mixin.py:190} INFO - [2026-06-05T13:52:56.491+0000] {dagbag.py:588} INFO - Filling up the DagBag from /home/airflow/.local/lib/python3.12/site-packages/airflow/example_dags/example_kubernetes_executor.py
[2026-06-05T13:52:56.549+0000] {processor.py:925} INFO - DAG(s) 'example_kubernetes_executor' retrieved from /home/airflow/.local/lib/python3.12/site-packages/airflow/example_dags/example_kubernetes_executor.py
[2026-06-05T13:52:56.679+0000] {logging_mixin.py:190} INFO - [2026-06-05T13:52:56.678+0000] {dag.py:3239} INFO - Sync 1 DAGs
[2026-06-05T13:52:56.716+0000] {logging_mixin.py:190} INFO - [2026-06-05T13:52:56.716+0000] {dag.py:4180} INFO - Setting next_dagrun for example_kubernetes_executor to None, run_after=None
[2026-06-05T13:52:56.766+0000] {processor.py:208} INFO - Processing /home/airflow/.local/lib/python3.12/site-packages/airflow/example_dags/example_kubernetes_executor.py took 0.311 seconds
[2026-06-05T13:53:27.989+0000] {processor.py:186} INFO - Started process (PID=237) to work on /home/airflow/.local/lib/python3.12/site-packages/airflow/example_dags/example_kubernetes_executor.py
[2026-06-05T13:53:28.003+0000] {processor.py:914} INFO - Processing file /home/airflow/.local/lib/python3.12/site-packages/airflow/example_dags/example_kubernetes_executor.py for tasks to queue
[2026-06-05T13:53:28.019+0000] {logging_mixin.py:190} INFO - [2026-06-05T13:53:28.017+0000] {dagbag.py:588} INFO - Filling up the DagBag from /home/airflow/.local/lib/python3.12/site-packages/airflow/example_dags/example_kubernetes_executor.py
[2026-06-05T13:53:28.193+0000] {processor.py:925} INFO - DAG(s) 'example_kubernetes_executor' retrieved from /home/airflow/.local/lib/python3.12/site-packages/airflow/example_dags/example_kubernetes_executor.py
[2026-06-05T13:53:28.657+0000] {logging_mixin.py:190} INFO - [2026-06-05T13:53:28.656+0000] {dag.py:3239} INFO - Sync 1 DAGs
[2026-06-05T13:53:28.840+0000] {logging_mixin.py:190} INFO - [2026-06-05T13:53:28.832+0000] {dag.py:4180} INFO - Setting next_dagrun for example_kubernetes_executor to None, run_after=None
[2026-06-05T13:53:28.983+0000] {processor.py:208} INFO - Processing /home/airflow/.local/lib/python3.12/site-packages/airflow/example_dags/example_kubernetes_executor.py took 1.049 seconds
[2026-06-05T13:53:59.554+0000] {processor.py:186} INFO - Started process (PID=299) to work on /home/airflow/.local/lib/python3.12/site-packages/airflow/example_dags/example_kubernetes_executor.py
[2026-06-05T13:53:59.556+0000] {processor.py:914} INFO - Processing file /home/airflow/.local/lib/python3.12/site-packages/airflow/example_dags/example_kubernetes_executor.py for tasks to queue
[2026-06-05T13:53:59.561+0000] {logging_mixin.py:190} INFO - [2026-06-05T13:53:59.560+0000] {dagbag.py:588} INFO - Filling up the DagBag from /home/airflow/.local/lib/python3.12/site-packages/airflow/example_dags/example_kubernetes_executor.py
[2026-06-05T13:53:59.590+0000] {processor.py:925} INFO - DAG(s) 'example_kubernetes_executor' retrieved from /home/airflow/.local/lib/python3.12/site-packages/airflow/example_dags/example_kubernetes_executor.py
[2026-06-05T13:53:59.660+0000] {logging_mixin.py:190} INFO - [2026-06-05T13:53:59.660+0000] {dag.py:3239} INFO - Sync 1 DAGs
[2026-06-05T13:53:59.687+0000] {logging_mixin.py:190} INFO - [2026-06-05T13:53:59.687+0000] {dag.py:4180} INFO - Setting next_dagrun for example_kubernetes_executor to None, run_after=None
[2026-06-05T13:53:59.727+0000] {processor.py:208} INFO - Processing /home/airflow/.local/lib/python3.12/site-packages/airflow/example_dags/example_kubernetes_executor.py took 0.184 seconds
[2026-06-05T13:54:30.192+0000] {processor.py:186} INFO - Started process (PID=361) to work on /home/airflow/.local/lib/python3.12/site-packages/airflow/example_dags/example_kubernetes_executor.py
[2026-06-05T13:54:30.195+0000] {processor.py:914} INFO - Processing file /home/airflow/.local/lib/python3.12/site-packages/airflow/example_dags/example_kubernetes_executor.py for tasks to queue
[2026-06-05T13:54:30.200+0000] {logging_mixin.py:190} INFO - [2026-06-05T13:54:30.199+0000] {dagbag.py:588} INFO - Filling up the DagBag from /home/airflow/.local/lib/python3.12/site-packages/airflow/example_dags/example_kubernetes_executor.py
[2026-06-05T13:54:30.236+0000] {processor.py:925} INFO - DAG(s) 'example_kubernetes_executor' retrieved from /home/airflow/.local/lib/python3.12/site-packages/airflow/example_dags/example_kubernetes_executor.py
[2026-06-05T13:54:30.354+0000] {logging_mixin.py:190} INFO - [2026-06-05T13:54:30.353+0000] {dag.py:3239} INFO - Sync 1 DAGs
[2026-06-05T13:54:30.394+0000] {logging_mixin.py:190} INFO - [2026-06-05T13:54:30.394+0000] {dag.py:4180} INFO - Setting next_dagrun for example_kubernetes_executor to None, run_after=None
[2026-06-05T13:54:30.538+0000] {processor.py:208} INFO - Processing /home/airflow/.local/lib/python3.12/site-packages/airflow/example_dags/example_kubernetes_executor.py took 0.358 seconds
[2026-06-05T13:55:05.547+0000] {processor.py:186} INFO - Started process (PID=423) to work on /home/airflow/.local/lib/python3.12/site-packages/airflow/example_dags/example_kubernetes_executor.py
[2026-06-05T13:55:05.549+0000] {processor.py:914} INFO - Processing file /home/airflow/.local/lib/python3.12/site-packages/airflow/example_dags/example_kubernetes_executor.py for tasks to queue
[2026-06-05T13:55:05.555+0000] {logging_mixin.py:190} INFO - [2026-06-05T13:55:05.554+0000] {dagbag.py:588} INFO - Filling up the DagBag from /home/airflow/.local/lib/python3.12/site-packages/airflow/example_dags/example_kubernetes_executor.py
[2026-06-05T13:55:05.592+0000] {processor.py:925} INFO - DAG(s) 'example_kubernetes_executor' retrieved from /home/airflow/.local/lib/python3.12/site-packages/airflow/example_dags/example_kubernetes_executor.py
[2026-06-05T13:55:05.678+0000] {logging_mixin.py:190} INFO - [2026-06-05T13:55:05.678+0000] {dag.py:3239} INFO - Sync 1 DAGs
[2026-06-05T13:55:05.712+0000] {logging_mixin.py:190} INFO - [2026-06-05T13:55:05.711+0000] {dag.py:4180} INFO - Setting next_dagrun for example_kubernetes_executor to None, run_after=None
[2026-06-05T13:55:05.772+0000] {processor.py:208} INFO - Processing /home/airflow/.local/lib/python3.12/site-packages/airflow/example_dags/example_kubernetes_executor.py took 0.239 seconds
[2026-06-05T13:55:36.584+0000] {processor.py:186} INFO - Started process (PID=485) to work on /home/airflow/.local/lib/python3.12/site-packages/airflow/example_dags/example_kubernetes_executor.py
[2026-06-05T13:55:36.586+0000] {processor.py:914} INFO - Processing file /home/airflow/.local/lib/python3.12/site-packages/airflow/example_dags/example_kubernetes_executor.py for tasks to queue
[2026-06-05T13:55:36.592+0000] {logging_mixin.py:190} INFO - [2026-06-05T13:55:36.592+0000] {dagbag.py:588} INFO - Filling up the DagBag from /home/airflow/.local/lib/python3.12/site-packages/airflow/example_dags/example_kubernetes_executor.py
[2026-06-05T13:55:36.639+0000] {processor.py:925} INFO - DAG(s) 'example_kubernetes_executor' retrieved from /home/airflow/.local/lib/python3.12/site-packages/airflow/example_dags/example_kubernetes_executor.py
[2026-06-05T13:55:36.725+0000] {logging_mixin.py:190} INFO - [2026-06-05T13:55:36.724+0000] {dag.py:3239} INFO - Sync 1 DAGs
[2026-06-05T13:55:36.752+0000] {logging_mixin.py:190} INFO - [2026-06-05T13:55:36.752+0000] {dag.py:4180} INFO - Setting next_dagrun for example_kubernetes_executor to None, run_after=None
[2026-06-05T13:55:36.799+0000] {processor.py:208} INFO - Processing /home/airflow/.local/lib/python3.12/site-packages/airflow/example_dags/example_kubernetes_executor.py took 0.229 seconds
[2026-06-05T13:56:08.282+0000] {processor.py:186} INFO - Started process (PID=548) to work on /home/airflow/.local/lib/python3.12/site-packages/airflow/example_dags/example_kubernetes_executor.py
[2026-06-05T13:56:08.286+0000] {processor.py:914} INFO - Processing file /home/airflow/.local/lib/python3.12/site-packages/airflow/example_dags/example_kubernetes_executor.py for tasks to queue
[2026-06-05T13:56:08.294+0000] {logging_mixin.py:190} INFO - [2026-06-05T13:56:08.293+0000] {dagbag.py:588} INFO - Filling up the DagBag from /home/airflow/.local/lib/python3.12/site-packages/airflow/example_dags/example_kubernetes_executor.py
[2026-06-05T13:56:08.339+0000] {processor.py:925} INFO - DAG(s) 'example_kubernetes_executor' retrieved from /home/airflow/.local/lib/python3.12/site-packages/airflow/example_dags/example_kubernetes_executor.py
[2026-06-05T13:56:08.486+0000] {logging_mixin.py:190} INFO - [2026-06-05T13:56:08.486+0000] {dag.py:3239} INFO - Sync 1 DAGs
[2026-06-05T13:56:08.567+0000] {logging_mixin.py:190} INFO - [2026-06-05T13:56:08.566+0000] {dag.py:4180} INFO - Setting next_dagrun for example_kubernetes_executor to None, run_after=None
[2026-06-05T13:56:08.643+0000] {processor.py:208} INFO - Processing /home/airflow/.local/lib/python3.12/site-packages/airflow/example_dags/example_kubernetes_executor.py took 0.382 seconds
[2026-06-05T13:56:39.446+0000] {processor.py:186} INFO - Started process (PID=611) to work on /home/airflow/.local/lib/python3.12/site-packages/airflow/example_dags/example_kubernetes_executor.py
[2026-06-05T13:56:39.449+0000] {processor.py:914} INFO - Processing file /home/airflow/.local/lib/python3.12/site-packages/airflow/example_dags/example_kubernetes_executor.py for tasks to queue
[2026-06-05T13:56:39.456+0000] {logging_mixin.py:190} INFO - [2026-06-05T13:56:39.455+0000] {dagbag.py:588} INFO - Filling up the DagBag from /home/airflow/.local/lib/python3.12/site-packages/airflow/example_dags/example_kubernetes_executor.py
[2026-06-05T13:56:39.501+0000] {processor.py:925} INFO - DAG(s) 'example_kubernetes_executor' retrieved from /home/airflow/.local/lib/python3.12/site-packages/airflow/example_dags/example_kubernetes_executor.py
[2026-06-05T13:56:39.615+0000] {logging_mixin.py:190} INFO - [2026-06-05T13:56:39.614+0000] {dag.py:3239} INFO - Sync 1 DAGs
[2026-06-05T13:56:39.670+0000] {logging_mixin.py:190} INFO - [2026-06-05T13:56:39.662+0000] {dag.py:4180} INFO - Setting next_dagrun for example_kubernetes_executor to None, run_after=None
[2026-06-05T13:56:39.737+0000] {processor.py:208} INFO - Processing /home/airflow/.local/lib/python3.12/site-packages/airflow/example_dags/example_kubernetes_executor.py took 0.309 seconds
[2026-06-05T13:57:10.107+0000] {processor.py:186} INFO - Started process (PID=673) to work on /home/airflow/.local/lib/python3.12/site-packages/airflow/example_dags/example_kubernetes_executor.py
[2026-06-05T13:57:10.110+0000] {processor.py:914} INFO - Processing file /home/airflow/.local/lib/python3.12/site-packages/airflow/example_dags/example_kubernetes_executor.py for tasks to queue
[2026-06-05T13:57:10.125+0000] {logging_mixin.py:190} INFO - [2026-06-05T13:57:10.123+0000] {dagbag.py:588} INFO - Filling up the DagBag from /home/airflow/.local/lib/python3.12/site-packages/airflow/example_dags/example_kubernetes_executor.py
[2026-06-05T13:57:10.178+0000] {processor.py:925} INFO - DAG(s) 'example_kubernetes_executor' retrieved from /home/airflow/.local/lib/python3.12/site-packages/airflow/example_dags/example_kubernetes_executor.py
[2026-06-05T13:57:10.293+0000] {logging_mixin.py:190} INFO - [2026-06-05T13:57:10.288+0000] {dag.py:3239} INFO - Sync 1 DAGs
[2026-06-05T13:57:10.344+0000] {logging_mixin.py:190} INFO - [2026-06-05T13:57:10.343+0000] {dag.py:4180} INFO - Setting next_dagrun for example_kubernetes_executor to None, run_after=None
[2026-06-05T13:57:10.457+0000] {processor.py:208} INFO - Processing /home/airflow/.local/lib/python3.12/site-packages/airflow/example_dags/example_kubernetes_executor.py took 0.373 seconds
[2026-06-05T13:57:40.632+0000] {processor.py:186} INFO - Started process (PID=735) to work on /home/airflow/.local/lib/python3.12/site-packages/airflow/example_dags/example_kubernetes_executor.py
[2026-06-05T13:57:40.636+0000] {processor.py:914} INFO - Processing file /home/airflow/.local/lib/python3.12/site-packages/airflow/example_dags/example_kubernetes_executor.py for tasks to queue
[2026-06-05T13:57:40.643+0000] {logging_mixin.py:190} INFO - [2026-06-05T13:57:40.642+0000] {dagbag.py:588} INFO - Filling up the DagBag from /home/airflow/.local/lib/python3.12/site-packages/airflow/example_dags/example_kubernetes_executor.py
[2026-06-05T13:57:40.736+0000] {processor.py:925} INFO - DAG(s) 'example_kubernetes_executor' retrieved from /home/airflow/.local/lib/python3.12/site-packages/airflow/example_dags/example_kubernetes_executor.py
[2026-06-05T13:57:41.056+0000] {logging_mixin.py:190} INFO - [2026-06-05T13:57:41.055+0000] {dag.py:3239} INFO - Sync 1 DAGs
[2026-06-05T13:57:41.182+0000] {logging_mixin.py:190} INFO - [2026-06-05T13:57:41.173+0000] {dag.py:4180} INFO - Setting next_dagrun for example_kubernetes_executor to None, run_after=None
[2026-06-05T13:57:41.357+0000] {processor.py:208} INFO - Processing /home/airflow/.local/lib/python3.12/site-packages/airflow/example_dags/example_kubernetes_executor.py took 0.747 seconds
[2026-06-05T13:58:15.072+0000] {processor.py:186} INFO - Started process (PID=797) to work on /home/airflow/.local/lib/python3.12/site-packages/airflow/example_dags/example_kubernetes_executor.py
[2026-06-05T13:58:15.078+0000] {processor.py:914} INFO - Processing file /home/airflow/.local/lib/python3.12/site-packages/airflow/example_dags/example_kubernetes_executor.py for tasks to queue
[2026-06-05T13:58:15.086+0000] {logging_mixin.py:190} INFO - [2026-06-05T13:58:15.084+0000] {dagbag.py:588} INFO - Filling up the DagBag from /home/airflow/.local/lib/python3.12/site-packages/airflow/example_dags/example_kubernetes_executor.py
[2026-06-05T13:58:15.238+0000] {processor.py:925} INFO - DAG(s) 'example_kubernetes_executor' retrieved from /home/airflow/.local/lib/python3.12/site-packages/airflow/example_dags/example_kubernetes_executor.py
[2026-06-05T13:58:15.528+0000] {logging_mixin.py:190} INFO - [2026-06-05T13:58:15.528+0000] {dag.py:3239} INFO - Sync 1 DAGs
[2026-06-05T13:58:15.623+0000] {logging_mixin.py:190} INFO - [2026-06-05T13:58:15.623+0000] {dag.py:4180} INFO - Setting next_dagrun for example_kubernetes_executor to None, run_after=None
[2026-06-05T13:58:15.742+0000] {processor.py:208} INFO - Processing /home/airflow/.local/lib/python3.12/site-packages/airflow/example_dags/example_kubernetes_executor.py took 0.736 seconds
[2026-06-05T13:58:48.148+0000] {processor.py:186} INFO - Started process (PID=860) to work on /home/airflow/.local/lib/python3.12/site-packages/airflow/example_dags/example_kubernetes_executor.py
[2026-06-05T13:58:48.153+0000] {processor.py:914} INFO - Processing file /home/airflow/.local/lib/python3.12/site-packages/airflow/example_dags/example_kubernetes_executor.py for tasks to queue
[2026-06-05T13:58:48.162+0000] {logging_mixin.py:190} INFO - [2026-06-05T13:58:48.161+0000] {dagbag.py:588} INFO - Filling up the DagBag from /home/airflow/.local/lib/python3.12/site-packages/airflow/example_dags/example_kubernetes_executor.py
[2026-06-05T13:58:48.237+0000] {processor.py:925} INFO - DAG(s) 'example_kubernetes_executor' retrieved from /home/airflow/.local/lib/python3.12/site-packages/airflow/example_dags/example_kubernetes_executor.py
[2026-06-05T13:58:48.411+0000] {logging_mixin.py:190} INFO - [2026-06-05T13:58:48.410+0000] {dag.py:3239} INFO - Sync 1 DAGs
[2026-06-05T13:58:48.519+0000] {logging_mixin.py:190} INFO - [2026-06-05T13:58:48.519+0000] {dag.py:4180} INFO - Setting next_dagrun for example_kubernetes_executor to None, run_after=None
[2026-06-05T13:58:48.642+0000] {processor.py:208} INFO - Processing /home/airflow/.local/lib/python3.12/site-packages/airflow/example_dags/example_kubernetes_executor.py took 0.519 seconds
[2026-06-05T13:59:18.886+0000] {processor.py:186} INFO - Started process (PID=922) to work on /home/airflow/.local/lib/python3.12/site-packages/airflow/example_dags/example_kubernetes_executor.py
[2026-06-05T13:59:18.889+0000] {processor.py:914} INFO - Processing file /home/airflow/.local/lib/python3.12/site-packages/airflow/example_dags/example_kubernetes_executor.py for tasks to queue
[2026-06-05T13:59:18.897+0000] {logging_mixin.py:190} INFO - [2026-06-05T13:59:18.896+0000] {dagbag.py:588} INFO - Filling up the DagBag from /home/airflow/.local/lib/python3.12/site-packages/airflow/example_dags/example_kubernetes_executor.py
[2026-06-05T13:59:18.970+0000] {processor.py:925} INFO - DAG(s) 'example_kubernetes_executor' retrieved from /home/airflow/.local/lib/python3.12/site-packages/airflow/example_dags/example_kubernetes_executor.py
[2026-06-05T13:59:19.119+0000] {logging_mixin.py:190} INFO - [2026-06-05T13:59:19.118+0000] {dag.py:3239} INFO - Sync 1 DAGs
[2026-06-05T13:59:19.185+0000] {logging_mixin.py:190} INFO - [2026-06-05T13:59:19.185+0000] {dag.py:4180} INFO - Setting next_dagrun for example_kubernetes_executor to None, run_after=None
[2026-06-05T13:59:19.288+0000] {processor.py:208} INFO - Processing /home/airflow/.local/lib/python3.12/site-packages/airflow/example_dags/example_kubernetes_executor.py took 0.418 seconds
