[2026-06-05T13:52:22.137+0000] {processor.py:186} INFO - Started process (PID=113) to work on /home/airflow/.local/lib/python3.12/site-packages/airflow/example_dags/example_branch_day_of_week_operator.py
[2026-06-05T13:52:22.169+0000] {processor.py:914} INFO - Processing file /home/airflow/.local/lib/python3.12/site-packages/airflow/example_dags/example_branch_day_of_week_operator.py for tasks to queue
[2026-06-05T13:52:22.320+0000] {logging_mixin.py:190} INFO - [2026-06-05T13:52:22.300+0000] {dagbag.py:588} INFO - Filling up the DagBag from /home/airflow/.local/lib/python3.12/site-packages/airflow/example_dags/example_branch_day_of_week_operator.py
[2026-06-05T13:52:22.455+0000] {processor.py:925} INFO - DAG(s) 'example_weekday_branch_operator' retrieved from /home/airflow/.local/lib/python3.12/site-packages/airflow/example_dags/example_branch_day_of_week_operator.py
[2026-06-05T13:52:23.589+0000] {logging_mixin.py:190} INFO - [2026-06-05T13:52:23.587+0000] {override.py:1900} INFO - Created Permission View: can delete on DAG:example_weekday_branch_operator
[2026-06-05T13:52:23.644+0000] {logging_mixin.py:190} INFO - [2026-06-05T13:52:23.643+0000] {override.py:1900} INFO - Created Permission View: can read on DAG:example_weekday_branch_operator
[2026-06-05T13:52:23.687+0000] {logging_mixin.py:190} INFO - [2026-06-05T13:52:23.686+0000] {override.py:1900} INFO - Created Permission View: can edit on DAG:example_weekday_branch_operator
[2026-06-05T13:52:23.746+0000] {logging_mixin.py:190} INFO - [2026-06-05T13:52:23.742+0000] {override.py:1900} INFO - Created Permission View: menu access on DAG Run:example_weekday_branch_operator
[2026-06-05T13:52:23.792+0000] {logging_mixin.py:190} INFO - [2026-06-05T13:52:23.791+0000] {override.py:1900} INFO - Created Permission View: can delete on DAG Run:example_weekday_branch_operator
[2026-06-05T13:52:23.819+0000] {logging_mixin.py:190} INFO - [2026-06-05T13:52:23.818+0000] {override.py:1900} INFO - Created Permission View: can read on DAG Run:example_weekday_branch_operator
[2026-06-05T13:52:23.846+0000] {logging_mixin.py:190} INFO - [2026-06-05T13:52:23.845+0000] {override.py:1900} INFO - Created Permission View: can create on DAG Run:example_weekday_branch_operator
[2026-06-05T13:52:23.849+0000] {logging_mixin.py:190} INFO - [2026-06-05T13:52:23.848+0000] {dag.py:3239} INFO - Sync 1 DAGs
[2026-06-05T13:52:23.967+0000] {logging_mixin.py:190} INFO - [2026-06-05T13:52:23.967+0000] {dag.py:3262} INFO - Creating ORM DAG for example_weekday_branch_operator
[2026-06-05T13:52:24.046+0000] {logging_mixin.py:190} INFO - [2026-06-05T13:52:24.045+0000] {dag.py:4180} INFO - Setting next_dagrun for example_weekday_branch_operator to 2026-06-04 00:00:00+00:00, run_after=2026-06-05 00:00:00+00:00
[2026-06-05T13:52:24.145+0000] {processor.py:208} INFO - Processing /home/airflow/.local/lib/python3.12/site-packages/airflow/example_dags/example_branch_day_of_week_operator.py took 2.176 seconds
[2026-06-05T13:52:56.213+0000] {processor.py:186} INFO - Started process (PID=174) to work on /home/airflow/.local/lib/python3.12/site-packages/airflow/example_dags/example_branch_day_of_week_operator.py
[2026-06-05T13:52:56.217+0000] {processor.py:914} INFO - Processing file /home/airflow/.local/lib/python3.12/site-packages/airflow/example_dags/example_branch_day_of_week_operator.py for tasks to queue
[2026-06-05T13:52:56.231+0000] {logging_mixin.py:190} INFO - [2026-06-05T13:52:56.229+0000] {dagbag.py:588} INFO - Filling up the DagBag from /home/airflow/.local/lib/python3.12/site-packages/airflow/example_dags/example_branch_day_of_week_operator.py
[2026-06-05T13:52:56.274+0000] {processor.py:925} INFO - DAG(s) 'example_weekday_branch_operator' retrieved from /home/airflow/.local/lib/python3.12/site-packages/airflow/example_dags/example_branch_day_of_week_operator.py
[2026-06-05T13:52:56.374+0000] {logging_mixin.py:190} INFO - [2026-06-05T13:52:56.373+0000] {dag.py:3239} INFO - Sync 1 DAGs
[2026-06-05T13:52:56.465+0000] {logging_mixin.py:190} INFO - [2026-06-05T13:52:56.464+0000] {dag.py:4180} INFO - Setting next_dagrun for example_weekday_branch_operator to 2026-06-04 00:00:00+00:00, run_after=2026-06-05 00:00:00+00:00
[2026-06-05T13:52:56.533+0000] {processor.py:208} INFO - Processing /home/airflow/.local/lib/python3.12/site-packages/airflow/example_dags/example_branch_day_of_week_operator.py took 0.342 seconds
[2026-06-05T13:53:26.993+0000] {processor.py:186} INFO - Started process (PID=236) to work on /home/airflow/.local/lib/python3.12/site-packages/airflow/example_dags/example_branch_day_of_week_operator.py
[2026-06-05T13:53:27.005+0000] {processor.py:914} INFO - Processing file /home/airflow/.local/lib/python3.12/site-packages/airflow/example_dags/example_branch_day_of_week_operator.py for tasks to queue
[2026-06-05T13:53:27.025+0000] {logging_mixin.py:190} INFO - [2026-06-05T13:53:27.024+0000] {dagbag.py:588} INFO - Filling up the DagBag from /home/airflow/.local/lib/python3.12/site-packages/airflow/example_dags/example_branch_day_of_week_operator.py
[2026-06-05T13:53:27.109+0000] {processor.py:925} INFO - DAG(s) 'example_weekday_branch_operator' retrieved from /home/airflow/.local/lib/python3.12/site-packages/airflow/example_dags/example_branch_day_of_week_operator.py
[2026-06-05T13:53:27.294+0000] {logging_mixin.py:190} INFO - [2026-06-05T13:53:27.293+0000] {dag.py:3239} INFO - Sync 1 DAGs
[2026-06-05T13:53:27.487+0000] {logging_mixin.py:190} INFO - [2026-06-05T13:53:27.487+0000] {dag.py:4180} INFO - Setting next_dagrun for example_weekday_branch_operator to 2026-06-04 00:00:00+00:00, run_after=2026-06-05 00:00:00+00:00
[2026-06-05T13:53:27.712+0000] {processor.py:208} INFO - Processing /home/airflow/.local/lib/python3.12/site-packages/airflow/example_dags/example_branch_day_of_week_operator.py took 0.740 seconds
[2026-06-05T13:53:58.270+0000] {processor.py:186} INFO - Started process (PID=298) to work on /home/airflow/.local/lib/python3.12/site-packages/airflow/example_dags/example_branch_day_of_week_operator.py
[2026-06-05T13:53:58.272+0000] {processor.py:914} INFO - Processing file /home/airflow/.local/lib/python3.12/site-packages/airflow/example_dags/example_branch_day_of_week_operator.py for tasks to queue
[2026-06-05T13:53:58.276+0000] {logging_mixin.py:190} INFO - [2026-06-05T13:53:58.276+0000] {dagbag.py:588} INFO - Filling up the DagBag from /home/airflow/.local/lib/python3.12/site-packages/airflow/example_dags/example_branch_day_of_week_operator.py
[2026-06-05T13:53:58.291+0000] {processor.py:925} INFO - DAG(s) 'example_weekday_branch_operator' retrieved from /home/airflow/.local/lib/python3.12/site-packages/airflow/example_dags/example_branch_day_of_week_operator.py
[2026-06-05T13:53:58.329+0000] {logging_mixin.py:190} INFO - [2026-06-05T13:53:58.329+0000] {dag.py:3239} INFO - Sync 1 DAGs
[2026-06-05T13:53:58.387+0000] {logging_mixin.py:190} INFO - [2026-06-05T13:53:58.386+0000] {dag.py:4180} INFO - Setting next_dagrun for example_weekday_branch_operator to 2026-06-04 00:00:00+00:00, run_after=2026-06-05 00:00:00+00:00
[2026-06-05T13:53:58.461+0000] {processor.py:208} INFO - Processing /home/airflow/.local/lib/python3.12/site-packages/airflow/example_dags/example_branch_day_of_week_operator.py took 0.201 seconds
[2026-06-05T13:54:28.939+0000] {processor.py:186} INFO - Started process (PID=360) to work on /home/airflow/.local/lib/python3.12/site-packages/airflow/example_dags/example_branch_day_of_week_operator.py
[2026-06-05T13:54:28.941+0000] {processor.py:914} INFO - Processing file /home/airflow/.local/lib/python3.12/site-packages/airflow/example_dags/example_branch_day_of_week_operator.py for tasks to queue
[2026-06-05T13:54:28.946+0000] {logging_mixin.py:190} INFO - [2026-06-05T13:54:28.946+0000] {dagbag.py:588} INFO - Filling up the DagBag from /home/airflow/.local/lib/python3.12/site-packages/airflow/example_dags/example_branch_day_of_week_operator.py
[2026-06-05T13:54:28.962+0000] {processor.py:925} INFO - DAG(s) 'example_weekday_branch_operator' retrieved from /home/airflow/.local/lib/python3.12/site-packages/airflow/example_dags/example_branch_day_of_week_operator.py
[2026-06-05T13:54:28.999+0000] {logging_mixin.py:190} INFO - [2026-06-05T13:54:28.999+0000] {dag.py:3239} INFO - Sync 1 DAGs
[2026-06-05T13:54:29.046+0000] {logging_mixin.py:190} INFO - [2026-06-05T13:54:29.046+0000] {dag.py:4180} INFO - Setting next_dagrun for example_weekday_branch_operator to 2026-06-04 00:00:00+00:00, run_after=2026-06-05 00:00:00+00:00
[2026-06-05T13:54:29.091+0000] {processor.py:208} INFO - Processing /home/airflow/.local/lib/python3.12/site-packages/airflow/example_dags/example_branch_day_of_week_operator.py took 0.164 seconds
[2026-06-05T13:55:05.368+0000] {processor.py:186} INFO - Started process (PID=422) to work on /home/airflow/.local/lib/python3.12/site-packages/airflow/example_dags/example_branch_day_of_week_operator.py
[2026-06-05T13:55:05.371+0000] {processor.py:914} INFO - Processing file /home/airflow/.local/lib/python3.12/site-packages/airflow/example_dags/example_branch_day_of_week_operator.py for tasks to queue
[2026-06-05T13:55:05.379+0000] {logging_mixin.py:190} INFO - [2026-06-05T13:55:05.378+0000] {dagbag.py:588} INFO - Filling up the DagBag from /home/airflow/.local/lib/python3.12/site-packages/airflow/example_dags/example_branch_day_of_week_operator.py
[2026-06-05T13:55:05.402+0000] {processor.py:925} INFO - DAG(s) 'example_weekday_branch_operator' retrieved from /home/airflow/.local/lib/python3.12/site-packages/airflow/example_dags/example_branch_day_of_week_operator.py
[2026-06-05T13:55:05.454+0000] {logging_mixin.py:190} INFO - [2026-06-05T13:55:05.454+0000] {dag.py:3239} INFO - Sync 1 DAGs
[2026-06-05T13:55:05.509+0000] {logging_mixin.py:190} INFO - [2026-06-05T13:55:05.509+0000] {dag.py:4180} INFO - Setting next_dagrun for example_weekday_branch_operator to 2026-06-04 00:00:00+00:00, run_after=2026-06-05 00:00:00+00:00
[2026-06-05T13:55:05.557+0000] {processor.py:208} INFO - Processing /home/airflow/.local/lib/python3.12/site-packages/airflow/example_dags/example_branch_day_of_week_operator.py took 0.206 seconds
[2026-06-05T13:55:36.360+0000] {processor.py:186} INFO - Started process (PID=484) to work on /home/airflow/.local/lib/python3.12/site-packages/airflow/example_dags/example_branch_day_of_week_operator.py
[2026-06-05T13:55:36.363+0000] {processor.py:914} INFO - Processing file /home/airflow/.local/lib/python3.12/site-packages/airflow/example_dags/example_branch_day_of_week_operator.py for tasks to queue
[2026-06-05T13:55:36.370+0000] {logging_mixin.py:190} INFO - [2026-06-05T13:55:36.369+0000] {dagbag.py:588} INFO - Filling up the DagBag from /home/airflow/.local/lib/python3.12/site-packages/airflow/example_dags/example_branch_day_of_week_operator.py
[2026-06-05T13:55:36.395+0000] {processor.py:925} INFO - DAG(s) 'example_weekday_branch_operator' retrieved from /home/airflow/.local/lib/python3.12/site-packages/airflow/example_dags/example_branch_day_of_week_operator.py
[2026-06-05T13:55:36.446+0000] {logging_mixin.py:190} INFO - [2026-06-05T13:55:36.446+0000] {dag.py:3239} INFO - Sync 1 DAGs
[2026-06-05T13:55:36.507+0000] {logging_mixin.py:190} INFO - [2026-06-05T13:55:36.506+0000] {dag.py:4180} INFO - Setting next_dagrun for example_weekday_branch_operator to 2026-06-04 00:00:00+00:00, run_after=2026-06-05 00:00:00+00:00
[2026-06-05T13:55:36.555+0000] {processor.py:208} INFO - Processing /home/airflow/.local/lib/python3.12/site-packages/airflow/example_dags/example_branch_day_of_week_operator.py took 0.209 seconds
[2026-06-05T13:56:07.826+0000] {processor.py:186} INFO - Started process (PID=547) to work on /home/airflow/.local/lib/python3.12/site-packages/airflow/example_dags/example_branch_day_of_week_operator.py
[2026-06-05T13:56:07.830+0000] {processor.py:914} INFO - Processing file /home/airflow/.local/lib/python3.12/site-packages/airflow/example_dags/example_branch_day_of_week_operator.py for tasks to queue
[2026-06-05T13:56:07.838+0000] {logging_mixin.py:190} INFO - [2026-06-05T13:56:07.837+0000] {dagbag.py:588} INFO - Filling up the DagBag from /home/airflow/.local/lib/python3.12/site-packages/airflow/example_dags/example_branch_day_of_week_operator.py
[2026-06-05T13:56:07.862+0000] {processor.py:925} INFO - DAG(s) 'example_weekday_branch_operator' retrieved from /home/airflow/.local/lib/python3.12/site-packages/airflow/example_dags/example_branch_day_of_week_operator.py
[2026-06-05T13:56:07.955+0000] {logging_mixin.py:190} INFO - [2026-06-05T13:56:07.955+0000] {dag.py:3239} INFO - Sync 1 DAGs
[2026-06-05T13:56:08.066+0000] {logging_mixin.py:190} INFO - [2026-06-05T13:56:08.066+0000] {dag.py:4180} INFO - Setting next_dagrun for example_weekday_branch_operator to 2026-06-04 00:00:00+00:00, run_after=2026-06-05 00:00:00+00:00
[2026-06-05T13:56:08.126+0000] {processor.py:208} INFO - Processing /home/airflow/.local/lib/python3.12/site-packages/airflow/example_dags/example_branch_day_of_week_operator.py took 0.316 seconds
[2026-06-05T13:56:38.403+0000] {processor.py:186} INFO - Started process (PID=610) to work on /home/airflow/.local/lib/python3.12/site-packages/airflow/example_dags/example_branch_day_of_week_operator.py
[2026-06-05T13:56:38.406+0000] {processor.py:914} INFO - Processing file /home/airflow/.local/lib/python3.12/site-packages/airflow/example_dags/example_branch_day_of_week_operator.py for tasks to queue
[2026-06-05T13:56:38.415+0000] {logging_mixin.py:190} INFO - [2026-06-05T13:56:38.414+0000] {dagbag.py:588} INFO - Filling up the DagBag from /home/airflow/.local/lib/python3.12/site-packages/airflow/example_dags/example_branch_day_of_week_operator.py
[2026-06-05T13:56:38.450+0000] {processor.py:925} INFO - DAG(s) 'example_weekday_branch_operator' retrieved from /home/airflow/.local/lib/python3.12/site-packages/airflow/example_dags/example_branch_day_of_week_operator.py
[2026-06-05T13:56:38.517+0000] {logging_mixin.py:190} INFO - [2026-06-05T13:56:38.517+0000] {dag.py:3239} INFO - Sync 1 DAGs
[2026-06-05T13:56:38.581+0000] {logging_mixin.py:190} INFO - [2026-06-05T13:56:38.580+0000] {dag.py:4180} INFO - Setting next_dagrun for example_weekday_branch_operator to 2026-06-04 00:00:00+00:00, run_after=2026-06-05 00:00:00+00:00
[2026-06-05T13:56:38.634+0000] {processor.py:208} INFO - Processing /home/airflow/.local/lib/python3.12/site-packages/airflow/example_dags/example_branch_day_of_week_operator.py took 0.248 seconds
[2026-06-05T13:57:09.014+0000] {processor.py:186} INFO - Started process (PID=672) to work on /home/airflow/.local/lib/python3.12/site-packages/airflow/example_dags/example_branch_day_of_week_operator.py
[2026-06-05T13:57:09.016+0000] {processor.py:914} INFO - Processing file /home/airflow/.local/lib/python3.12/site-packages/airflow/example_dags/example_branch_day_of_week_operator.py for tasks to queue
[2026-06-05T13:57:09.025+0000] {logging_mixin.py:190} INFO - [2026-06-05T13:57:09.024+0000] {dagbag.py:588} INFO - Filling up the DagBag from /home/airflow/.local/lib/python3.12/site-packages/airflow/example_dags/example_branch_day_of_week_operator.py
[2026-06-05T13:57:09.056+0000] {processor.py:925} INFO - DAG(s) 'example_weekday_branch_operator' retrieved from /home/airflow/.local/lib/python3.12/site-packages/airflow/example_dags/example_branch_day_of_week_operator.py
[2026-06-05T13:57:09.115+0000] {logging_mixin.py:190} INFO - [2026-06-05T13:57:09.115+0000] {dag.py:3239} INFO - Sync 1 DAGs
[2026-06-05T13:57:09.168+0000] {logging_mixin.py:190} INFO - [2026-06-05T13:57:09.167+0000] {dag.py:4180} INFO - Setting next_dagrun for example_weekday_branch_operator to 2026-06-04 00:00:00+00:00, run_after=2026-06-05 00:00:00+00:00
[2026-06-05T13:57:09.209+0000] {processor.py:208} INFO - Processing /home/airflow/.local/lib/python3.12/site-packages/airflow/example_dags/example_branch_day_of_week_operator.py took 0.208 seconds
[2026-06-05T13:57:40.307+0000] {processor.py:186} INFO - Started process (PID=734) to work on /home/airflow/.local/lib/python3.12/site-packages/airflow/example_dags/example_branch_day_of_week_operator.py
[2026-06-05T13:57:40.310+0000] {processor.py:914} INFO - Processing file /home/airflow/.local/lib/python3.12/site-packages/airflow/example_dags/example_branch_day_of_week_operator.py for tasks to queue
[2026-06-05T13:57:40.319+0000] {logging_mixin.py:190} INFO - [2026-06-05T13:57:40.318+0000] {dagbag.py:588} INFO - Filling up the DagBag from /home/airflow/.local/lib/python3.12/site-packages/airflow/example_dags/example_branch_day_of_week_operator.py
[2026-06-05T13:57:40.343+0000] {processor.py:925} INFO - DAG(s) 'example_weekday_branch_operator' retrieved from /home/airflow/.local/lib/python3.12/site-packages/airflow/example_dags/example_branch_day_of_week_operator.py
[2026-06-05T13:57:40.420+0000] {logging_mixin.py:190} INFO - [2026-06-05T13:57:40.419+0000] {dag.py:3239} INFO - Sync 1 DAGs
[2026-06-05T13:57:40.523+0000] {logging_mixin.py:190} INFO - [2026-06-05T13:57:40.522+0000] {dag.py:4180} INFO - Setting next_dagrun for example_weekday_branch_operator to 2026-06-04 00:00:00+00:00, run_after=2026-06-05 00:00:00+00:00
[2026-06-05T13:57:40.605+0000] {processor.py:208} INFO - Processing /home/airflow/.local/lib/python3.12/site-packages/airflow/example_dags/example_branch_day_of_week_operator.py took 0.313 seconds
[2026-06-05T13:58:14.896+0000] {processor.py:186} INFO - Started process (PID=796) to work on /home/airflow/.local/lib/python3.12/site-packages/airflow/example_dags/example_branch_day_of_week_operator.py
[2026-06-05T13:58:14.901+0000] {processor.py:914} INFO - Processing file /home/airflow/.local/lib/python3.12/site-packages/airflow/example_dags/example_branch_day_of_week_operator.py for tasks to queue
[2026-06-05T13:58:14.919+0000] {logging_mixin.py:190} INFO - [2026-06-05T13:58:14.918+0000] {dagbag.py:588} INFO - Filling up the DagBag from /home/airflow/.local/lib/python3.12/site-packages/airflow/example_dags/example_branch_day_of_week_operator.py
[2026-06-05T13:58:15.002+0000] {processor.py:925} INFO - DAG(s) 'example_weekday_branch_operator' retrieved from /home/airflow/.local/lib/python3.12/site-packages/airflow/example_dags/example_branch_day_of_week_operator.py
[2026-06-05T13:58:15.139+0000] {logging_mixin.py:190} INFO - [2026-06-05T13:58:15.138+0000] {dag.py:3239} INFO - Sync 1 DAGs
[2026-06-05T13:58:15.360+0000] {logging_mixin.py:190} INFO - [2026-06-05T13:58:15.360+0000] {dag.py:4180} INFO - Setting next_dagrun for example_weekday_branch_operator to 2026-06-04 00:00:00+00:00, run_after=2026-06-05 00:00:00+00:00
[2026-06-05T13:58:15.477+0000] {processor.py:208} INFO - Processing /home/airflow/.local/lib/python3.12/site-packages/airflow/example_dags/example_branch_day_of_week_operator.py took 0.619 seconds
[2026-06-05T13:58:47.500+0000] {processor.py:186} INFO - Started process (PID=859) to work on /home/airflow/.local/lib/python3.12/site-packages/airflow/example_dags/example_branch_day_of_week_operator.py
[2026-06-05T13:58:47.539+0000] {processor.py:914} INFO - Processing file /home/airflow/.local/lib/python3.12/site-packages/airflow/example_dags/example_branch_day_of_week_operator.py for tasks to queue
[2026-06-05T13:58:47.557+0000] {logging_mixin.py:190} INFO - [2026-06-05T13:58:47.556+0000] {dagbag.py:588} INFO - Filling up the DagBag from /home/airflow/.local/lib/python3.12/site-packages/airflow/example_dags/example_branch_day_of_week_operator.py
[2026-06-05T13:58:47.666+0000] {processor.py:925} INFO - DAG(s) 'example_weekday_branch_operator' retrieved from /home/airflow/.local/lib/python3.12/site-packages/airflow/example_dags/example_branch_day_of_week_operator.py
[2026-06-05T13:58:47.829+0000] {logging_mixin.py:190} INFO - [2026-06-05T13:58:47.818+0000] {dag.py:3239} INFO - Sync 1 DAGs
[2026-06-05T13:58:48.018+0000] {logging_mixin.py:190} INFO - [2026-06-05T13:58:48.018+0000] {dag.py:4180} INFO - Setting next_dagrun for example_weekday_branch_operator to 2026-06-04 00:00:00+00:00, run_after=2026-06-05 00:00:00+00:00
[2026-06-05T13:58:48.151+0000] {processor.py:208} INFO - Processing /home/airflow/.local/lib/python3.12/site-packages/airflow/example_dags/example_branch_day_of_week_operator.py took 0.701 seconds
[2026-06-05T13:59:18.882+0000] {processor.py:186} INFO - Started process (PID=921) to work on /home/airflow/.local/lib/python3.12/site-packages/airflow/example_dags/example_branch_day_of_week_operator.py
[2026-06-05T13:59:18.884+0000] {processor.py:914} INFO - Processing file /home/airflow/.local/lib/python3.12/site-packages/airflow/example_dags/example_branch_day_of_week_operator.py for tasks to queue
[2026-06-05T13:59:18.890+0000] {logging_mixin.py:190} INFO - [2026-06-05T13:59:18.889+0000] {dagbag.py:588} INFO - Filling up the DagBag from /home/airflow/.local/lib/python3.12/site-packages/airflow/example_dags/example_branch_day_of_week_operator.py
[2026-06-05T13:59:18.932+0000] {processor.py:925} INFO - DAG(s) 'example_weekday_branch_operator' retrieved from /home/airflow/.local/lib/python3.12/site-packages/airflow/example_dags/example_branch_day_of_week_operator.py
[2026-06-05T13:59:19.019+0000] {logging_mixin.py:190} INFO - [2026-06-05T13:59:19.018+0000] {dag.py:3239} INFO - Sync 1 DAGs
[2026-06-05T13:59:19.126+0000] {logging_mixin.py:190} INFO - [2026-06-05T13:59:19.125+0000] {dag.py:4180} INFO - Setting next_dagrun for example_weekday_branch_operator to 2026-06-04 00:00:00+00:00, run_after=2026-06-05 00:00:00+00:00
[2026-06-05T13:59:19.215+0000] {processor.py:208} INFO - Processing /home/airflow/.local/lib/python3.12/site-packages/airflow/example_dags/example_branch_day_of_week_operator.py took 0.346 seconds
