[2026-06-05T13:52:47.353+0000] {processor.py:186} INFO - Started process (PID=149) to work on /home/airflow/.local/lib/python3.12/site-packages/airflow/example_dags/example_branch_datetime_operator.py
[2026-06-05T13:52:47.357+0000] {processor.py:914} INFO - Processing file /home/airflow/.local/lib/python3.12/site-packages/airflow/example_dags/example_branch_datetime_operator.py for tasks to queue
[2026-06-05T13:52:47.366+0000] {logging_mixin.py:190} INFO - [2026-06-05T13:52:47.364+0000] {dagbag.py:588} INFO - Filling up the DagBag from /home/airflow/.local/lib/python3.12/site-packages/airflow/example_dags/example_branch_datetime_operator.py
[2026-06-05T13:52:47.415+0000] {processor.py:925} INFO - DAG(s) 'example_branch_datetime_operator_2', 'example_branch_datetime_operator', 'example_branch_datetime_operator_3' retrieved from /home/airflow/.local/lib/python3.12/site-packages/airflow/example_dags/example_branch_datetime_operator.py
[2026-06-05T13:52:47.860+0000] {logging_mixin.py:190} INFO - [2026-06-05T13:52:47.858+0000] {override.py:1900} INFO - Created Permission View: can delete on DAG:example_branch_datetime_operator_2
[2026-06-05T13:52:47.902+0000] {logging_mixin.py:190} INFO - [2026-06-05T13:52:47.901+0000] {override.py:1900} INFO - Created Permission View: can read on DAG:example_branch_datetime_operator_2
[2026-06-05T13:52:47.939+0000] {logging_mixin.py:190} INFO - [2026-06-05T13:52:47.938+0000] {override.py:1900} INFO - Created Permission View: can edit on DAG:example_branch_datetime_operator_2
[2026-06-05T13:52:47.971+0000] {logging_mixin.py:190} INFO - [2026-06-05T13:52:47.970+0000] {override.py:1900} INFO - Created Permission View: menu access on DAG Run:example_branch_datetime_operator_2
[2026-06-05T13:52:48.005+0000] {logging_mixin.py:190} INFO - [2026-06-05T13:52:48.004+0000] {override.py:1900} INFO - Created Permission View: can delete on DAG Run:example_branch_datetime_operator_2
[2026-06-05T13:52:48.041+0000] {logging_mixin.py:190} INFO - [2026-06-05T13:52:48.040+0000] {override.py:1900} INFO - Created Permission View: can read on DAG Run:example_branch_datetime_operator_2
[2026-06-05T13:52:48.065+0000] {logging_mixin.py:190} INFO - [2026-06-05T13:52:48.064+0000] {override.py:1900} INFO - Created Permission View: can create on DAG Run:example_branch_datetime_operator_2
[2026-06-05T13:52:48.120+0000] {logging_mixin.py:190} INFO - [2026-06-05T13:52:48.118+0000] {override.py:1900} INFO - Created Permission View: can delete on DAG:example_branch_datetime_operator
[2026-06-05T13:52:48.177+0000] {logging_mixin.py:190} INFO - [2026-06-05T13:52:48.175+0000] {override.py:1900} INFO - Created Permission View: can read on DAG:example_branch_datetime_operator
[2026-06-05T13:52:48.206+0000] {logging_mixin.py:190} INFO - [2026-06-05T13:52:48.205+0000] {override.py:1900} INFO - Created Permission View: can edit on DAG:example_branch_datetime_operator
[2026-06-05T13:52:48.242+0000] {logging_mixin.py:190} INFO - [2026-06-05T13:52:48.241+0000] {override.py:1900} INFO - Created Permission View: menu access on DAG Run:example_branch_datetime_operator
[2026-06-05T13:52:48.279+0000] {logging_mixin.py:190} INFO - [2026-06-05T13:52:48.278+0000] {override.py:1900} INFO - Created Permission View: can delete on DAG Run:example_branch_datetime_operator
[2026-06-05T13:52:48.304+0000] {logging_mixin.py:190} INFO - [2026-06-05T13:52:48.303+0000] {override.py:1900} INFO - Created Permission View: can read on DAG Run:example_branch_datetime_operator
[2026-06-05T13:52:48.329+0000] {logging_mixin.py:190} INFO - [2026-06-05T13:52:48.329+0000] {override.py:1900} INFO - Created Permission View: can create on DAG Run:example_branch_datetime_operator
[2026-06-05T13:52:48.387+0000] {logging_mixin.py:190} INFO - [2026-06-05T13:52:48.386+0000] {override.py:1900} INFO - Created Permission View: can delete on DAG:example_branch_datetime_operator_3
[2026-06-05T13:52:48.682+0000] {logging_mixin.py:190} INFO - [2026-06-05T13:52:48.681+0000] {override.py:1900} INFO - Created Permission View: can read on DAG:example_branch_datetime_operator_3
[2026-06-05T13:52:48.738+0000] {logging_mixin.py:190} INFO - [2026-06-05T13:52:48.737+0000] {override.py:1900} INFO - Created Permission View: can edit on DAG:example_branch_datetime_operator_3
[2026-06-05T13:52:48.784+0000] {logging_mixin.py:190} INFO - [2026-06-05T13:52:48.783+0000] {override.py:1900} INFO - Created Permission View: menu access on DAG Run:example_branch_datetime_operator_3
[2026-06-05T13:52:48.885+0000] {logging_mixin.py:190} INFO - [2026-06-05T13:52:48.884+0000] {override.py:1900} INFO - Created Permission View: can delete on DAG Run:example_branch_datetime_operator_3
[2026-06-05T13:52:48.943+0000] {logging_mixin.py:190} INFO - [2026-06-05T13:52:48.942+0000] {override.py:1900} INFO - Created Permission View: can read on DAG Run:example_branch_datetime_operator_3
[2026-06-05T13:52:48.977+0000] {logging_mixin.py:190} INFO - [2026-06-05T13:52:48.976+0000] {override.py:1900} INFO - Created Permission View: can create on DAG Run:example_branch_datetime_operator_3
[2026-06-05T13:52:48.981+0000] {logging_mixin.py:190} INFO - [2026-06-05T13:52:48.980+0000] {dag.py:3239} INFO - Sync 3 DAGs
[2026-06-05T13:52:49.060+0000] {logging_mixin.py:190} INFO - [2026-06-05T13:52:49.060+0000] {dag.py:3262} INFO - Creating ORM DAG for example_branch_datetime_operator
[2026-06-05T13:52:49.074+0000] {logging_mixin.py:190} INFO - [2026-06-05T13:52:49.073+0000] {dag.py:3262} INFO - Creating ORM DAG for example_branch_datetime_operator_3
[2026-06-05T13:52:49.077+0000] {logging_mixin.py:190} INFO - [2026-06-05T13:52:49.076+0000] {dag.py:3262} INFO - Creating ORM DAG for example_branch_datetime_operator_2
[2026-06-05T13:52:49.163+0000] {logging_mixin.py:190} INFO - [2026-06-05T13:52:49.162+0000] {dag.py:4180} INFO - Setting next_dagrun for example_branch_datetime_operator to 2026-06-04 00:00:00+00:00, run_after=2026-06-05 00:00:00+00:00
[2026-06-05T13:52:49.181+0000] {logging_mixin.py:190} INFO - [2026-06-05T13:52:49.180+0000] {dag.py:4180} INFO - Setting next_dagrun for example_branch_datetime_operator_2 to 2026-06-04 00:00:00+00:00, run_after=2026-06-05 00:00:00+00:00
[2026-06-05T13:52:49.195+0000] {logging_mixin.py:190} INFO - [2026-06-05T13:52:49.195+0000] {dag.py:4180} INFO - Setting next_dagrun for example_branch_datetime_operator_3 to 2026-06-04 00:00:00+00:00, run_after=2026-06-05 00:00:00+00:00
[2026-06-05T13:52:49.260+0000] {processor.py:208} INFO - Processing /home/airflow/.local/lib/python3.12/site-packages/airflow/example_dags/example_branch_datetime_operator.py took 1.928 seconds
[2026-06-05T13:53:19.473+0000] {processor.py:186} INFO - Started process (PID=213) to work on /home/airflow/.local/lib/python3.12/site-packages/airflow/example_dags/example_branch_datetime_operator.py
[2026-06-05T13:53:19.475+0000] {processor.py:914} INFO - Processing file /home/airflow/.local/lib/python3.12/site-packages/airflow/example_dags/example_branch_datetime_operator.py for tasks to queue
[2026-06-05T13:53:19.479+0000] {logging_mixin.py:190} INFO - [2026-06-05T13:53:19.478+0000] {dagbag.py:588} INFO - Filling up the DagBag from /home/airflow/.local/lib/python3.12/site-packages/airflow/example_dags/example_branch_datetime_operator.py
[2026-06-05T13:53:19.497+0000] {processor.py:925} INFO - DAG(s) 'example_branch_datetime_operator_3', 'example_branch_datetime_operator', 'example_branch_datetime_operator_2' retrieved from /home/airflow/.local/lib/python3.12/site-packages/airflow/example_dags/example_branch_datetime_operator.py
[2026-06-05T13:53:19.547+0000] {logging_mixin.py:190} INFO - [2026-06-05T13:53:19.547+0000] {dag.py:3239} INFO - Sync 3 DAGs
[2026-06-05T13:53:19.587+0000] {logging_mixin.py:190} INFO - [2026-06-05T13:53:19.587+0000] {dag.py:4180} INFO - Setting next_dagrun for example_branch_datetime_operator to 2026-06-04 00:00:00+00:00, run_after=2026-06-05 00:00:00+00:00
[2026-06-05T13:53:19.595+0000] {logging_mixin.py:190} INFO - [2026-06-05T13:53:19.594+0000] {dag.py:4180} INFO - Setting next_dagrun for example_branch_datetime_operator_2 to 2026-06-04 00:00:00+00:00, run_after=2026-06-05 00:00:00+00:00
[2026-06-05T13:53:19.598+0000] {logging_mixin.py:190} INFO - [2026-06-05T13:53:19.598+0000] {dag.py:4180} INFO - Setting next_dagrun for example_branch_datetime_operator_3 to 2026-06-04 00:00:00+00:00, run_after=2026-06-05 00:00:00+00:00
[2026-06-05T13:53:19.637+0000] {processor.py:208} INFO - Processing /home/airflow/.local/lib/python3.12/site-packages/airflow/example_dags/example_branch_datetime_operator.py took 0.172 seconds
[2026-06-05T13:53:50.282+0000] {processor.py:186} INFO - Started process (PID=275) to work on /home/airflow/.local/lib/python3.12/site-packages/airflow/example_dags/example_branch_datetime_operator.py
[2026-06-05T13:53:50.284+0000] {processor.py:914} INFO - Processing file /home/airflow/.local/lib/python3.12/site-packages/airflow/example_dags/example_branch_datetime_operator.py for tasks to queue
[2026-06-05T13:53:50.288+0000] {logging_mixin.py:190} INFO - [2026-06-05T13:53:50.287+0000] {dagbag.py:588} INFO - Filling up the DagBag from /home/airflow/.local/lib/python3.12/site-packages/airflow/example_dags/example_branch_datetime_operator.py
[2026-06-05T13:53:50.308+0000] {processor.py:925} INFO - DAG(s) 'example_branch_datetime_operator_3', 'example_branch_datetime_operator_2', 'example_branch_datetime_operator' retrieved from /home/airflow/.local/lib/python3.12/site-packages/airflow/example_dags/example_branch_datetime_operator.py
[2026-06-05T13:53:50.355+0000] {logging_mixin.py:190} INFO - [2026-06-05T13:53:50.354+0000] {dag.py:3239} INFO - Sync 3 DAGs
[2026-06-05T13:53:50.397+0000] {logging_mixin.py:190} INFO - [2026-06-05T13:53:50.397+0000] {dag.py:4180} INFO - Setting next_dagrun for example_branch_datetime_operator to 2026-06-04 00:00:00+00:00, run_after=2026-06-05 00:00:00+00:00
[2026-06-05T13:53:50.405+0000] {logging_mixin.py:190} INFO - [2026-06-05T13:53:50.404+0000] {dag.py:4180} INFO - Setting next_dagrun for example_branch_datetime_operator_2 to 2026-06-04 00:00:00+00:00, run_after=2026-06-05 00:00:00+00:00
[2026-06-05T13:53:50.411+0000] {logging_mixin.py:190} INFO - [2026-06-05T13:53:50.411+0000] {dag.py:4180} INFO - Setting next_dagrun for example_branch_datetime_operator_3 to 2026-06-04 00:00:00+00:00, run_after=2026-06-05 00:00:00+00:00
[2026-06-05T13:53:50.448+0000] {processor.py:208} INFO - Processing /home/airflow/.local/lib/python3.12/site-packages/airflow/example_dags/example_branch_datetime_operator.py took 0.174 seconds
[2026-06-05T13:54:20.653+0000] {processor.py:186} INFO - Started process (PID=337) to work on /home/airflow/.local/lib/python3.12/site-packages/airflow/example_dags/example_branch_datetime_operator.py
[2026-06-05T13:54:20.656+0000] {processor.py:914} INFO - Processing file /home/airflow/.local/lib/python3.12/site-packages/airflow/example_dags/example_branch_datetime_operator.py for tasks to queue
[2026-06-05T13:54:20.661+0000] {logging_mixin.py:190} INFO - [2026-06-05T13:54:20.661+0000] {dagbag.py:588} INFO - Filling up the DagBag from /home/airflow/.local/lib/python3.12/site-packages/airflow/example_dags/example_branch_datetime_operator.py
[2026-06-05T13:54:20.686+0000] {processor.py:925} INFO - DAG(s) 'example_branch_datetime_operator', 'example_branch_datetime_operator_3', 'example_branch_datetime_operator_2' retrieved from /home/airflow/.local/lib/python3.12/site-packages/airflow/example_dags/example_branch_datetime_operator.py
[2026-06-05T13:54:20.747+0000] {logging_mixin.py:190} INFO - [2026-06-05T13:54:20.747+0000] {dag.py:3239} INFO - Sync 3 DAGs
[2026-06-05T13:54:20.851+0000] {logging_mixin.py:190} INFO - [2026-06-05T13:54:20.851+0000] {dag.py:4180} INFO - Setting next_dagrun for example_branch_datetime_operator to 2026-06-04 00:00:00+00:00, run_after=2026-06-05 00:00:00+00:00
[2026-06-05T13:54:20.875+0000] {logging_mixin.py:190} INFO - [2026-06-05T13:54:20.875+0000] {dag.py:4180} INFO - Setting next_dagrun for example_branch_datetime_operator_2 to 2026-06-04 00:00:00+00:00, run_after=2026-06-05 00:00:00+00:00
[2026-06-05T13:54:20.897+0000] {logging_mixin.py:190} INFO - [2026-06-05T13:54:20.889+0000] {dag.py:4180} INFO - Setting next_dagrun for example_branch_datetime_operator_3 to 2026-06-04 00:00:00+00:00, run_after=2026-06-05 00:00:00+00:00
[2026-06-05T13:54:20.967+0000] {processor.py:208} INFO - Processing /home/airflow/.local/lib/python3.12/site-packages/airflow/example_dags/example_branch_datetime_operator.py took 0.323 seconds
[2026-06-05T13:55:01.483+0000] {processor.py:186} INFO - Started process (PID=407) to work on /home/airflow/.local/lib/python3.12/site-packages/airflow/example_dags/example_branch_datetime_operator.py
[2026-06-05T13:55:01.513+0000] {processor.py:914} INFO - Processing file /home/airflow/.local/lib/python3.12/site-packages/airflow/example_dags/example_branch_datetime_operator.py for tasks to queue
[2026-06-05T13:55:01.543+0000] {logging_mixin.py:190} INFO - [2026-06-05T13:55:01.533+0000] {dagbag.py:588} INFO - Filling up the DagBag from /home/airflow/.local/lib/python3.12/site-packages/airflow/example_dags/example_branch_datetime_operator.py
[2026-06-05T13:55:01.738+0000] {processor.py:925} INFO - DAG(s) 'example_branch_datetime_operator_2', 'example_branch_datetime_operator_3', 'example_branch_datetime_operator' retrieved from /home/airflow/.local/lib/python3.12/site-packages/airflow/example_dags/example_branch_datetime_operator.py
[2026-06-05T13:55:01.928+0000] {logging_mixin.py:190} INFO - [2026-06-05T13:55:01.928+0000] {dag.py:3239} INFO - Sync 3 DAGs
[2026-06-05T13:55:02.091+0000] {logging_mixin.py:190} INFO - [2026-06-05T13:55:02.090+0000] {dag.py:4180} INFO - Setting next_dagrun for example_branch_datetime_operator to 2026-06-04 00:00:00+00:00, run_after=2026-06-05 00:00:00+00:00
[2026-06-05T13:55:02.117+0000] {logging_mixin.py:190} INFO - [2026-06-05T13:55:02.116+0000] {dag.py:4180} INFO - Setting next_dagrun for example_branch_datetime_operator_2 to 2026-06-04 00:00:00+00:00, run_after=2026-06-05 00:00:00+00:00
[2026-06-05T13:55:02.134+0000] {logging_mixin.py:190} INFO - [2026-06-05T13:55:02.133+0000] {dag.py:4180} INFO - Setting next_dagrun for example_branch_datetime_operator_3 to 2026-06-04 00:00:00+00:00, run_after=2026-06-05 00:00:00+00:00
[2026-06-05T13:55:02.237+0000] {processor.py:208} INFO - Processing /home/airflow/.local/lib/python3.12/site-packages/airflow/example_dags/example_branch_datetime_operator.py took 0.816 seconds
[2026-06-05T13:55:32.665+0000] {processor.py:186} INFO - Started process (PID=469) to work on /home/airflow/.local/lib/python3.12/site-packages/airflow/example_dags/example_branch_datetime_operator.py
[2026-06-05T13:55:32.667+0000] {processor.py:914} INFO - Processing file /home/airflow/.local/lib/python3.12/site-packages/airflow/example_dags/example_branch_datetime_operator.py for tasks to queue
[2026-06-05T13:55:32.673+0000] {logging_mixin.py:190} INFO - [2026-06-05T13:55:32.672+0000] {dagbag.py:588} INFO - Filling up the DagBag from /home/airflow/.local/lib/python3.12/site-packages/airflow/example_dags/example_branch_datetime_operator.py
[2026-06-05T13:55:32.695+0000] {processor.py:925} INFO - DAG(s) 'example_branch_datetime_operator', 'example_branch_datetime_operator_2', 'example_branch_datetime_operator_3' retrieved from /home/airflow/.local/lib/python3.12/site-packages/airflow/example_dags/example_branch_datetime_operator.py
[2026-06-05T13:55:32.749+0000] {logging_mixin.py:190} INFO - [2026-06-05T13:55:32.748+0000] {dag.py:3239} INFO - Sync 3 DAGs
[2026-06-05T13:55:32.803+0000] {logging_mixin.py:190} INFO - [2026-06-05T13:55:32.803+0000] {dag.py:4180} INFO - Setting next_dagrun for example_branch_datetime_operator to 2026-06-04 00:00:00+00:00, run_after=2026-06-05 00:00:00+00:00
[2026-06-05T13:55:32.812+0000] {logging_mixin.py:190} INFO - [2026-06-05T13:55:32.812+0000] {dag.py:4180} INFO - Setting next_dagrun for example_branch_datetime_operator_2 to 2026-06-04 00:00:00+00:00, run_after=2026-06-05 00:00:00+00:00
[2026-06-05T13:55:32.817+0000] {logging_mixin.py:190} INFO - [2026-06-05T13:55:32.817+0000] {dag.py:4180} INFO - Setting next_dagrun for example_branch_datetime_operator_3 to 2026-06-04 00:00:00+00:00, run_after=2026-06-05 00:00:00+00:00
[2026-06-05T13:55:32.859+0000] {processor.py:208} INFO - Processing /home/airflow/.local/lib/python3.12/site-packages/airflow/example_dags/example_branch_datetime_operator.py took 0.206 seconds
[2026-06-05T13:56:03.672+0000] {processor.py:186} INFO - Started process (PID=532) to work on /home/airflow/.local/lib/python3.12/site-packages/airflow/example_dags/example_branch_datetime_operator.py
[2026-06-05T13:56:03.680+0000] {processor.py:914} INFO - Processing file /home/airflow/.local/lib/python3.12/site-packages/airflow/example_dags/example_branch_datetime_operator.py for tasks to queue
[2026-06-05T13:56:03.699+0000] {logging_mixin.py:190} INFO - [2026-06-05T13:56:03.698+0000] {dagbag.py:588} INFO - Filling up the DagBag from /home/airflow/.local/lib/python3.12/site-packages/airflow/example_dags/example_branch_datetime_operator.py
[2026-06-05T13:56:03.773+0000] {processor.py:925} INFO - DAG(s) 'example_branch_datetime_operator_3', 'example_branch_datetime_operator_2', 'example_branch_datetime_operator' retrieved from /home/airflow/.local/lib/python3.12/site-packages/airflow/example_dags/example_branch_datetime_operator.py
[2026-06-05T13:56:03.897+0000] {logging_mixin.py:190} INFO - [2026-06-05T13:56:03.895+0000] {dag.py:3239} INFO - Sync 3 DAGs
[2026-06-05T13:56:04.036+0000] {logging_mixin.py:190} INFO - [2026-06-05T13:56:04.036+0000] {dag.py:4180} INFO - Setting next_dagrun for example_branch_datetime_operator to 2026-06-04 00:00:00+00:00, run_after=2026-06-05 00:00:00+00:00
[2026-06-05T13:56:04.057+0000] {logging_mixin.py:190} INFO - [2026-06-05T13:56:04.057+0000] {dag.py:4180} INFO - Setting next_dagrun for example_branch_datetime_operator_2 to 2026-06-04 00:00:00+00:00, run_after=2026-06-05 00:00:00+00:00
[2026-06-05T13:56:04.065+0000] {logging_mixin.py:190} INFO - [2026-06-05T13:56:04.064+0000] {dag.py:4180} INFO - Setting next_dagrun for example_branch_datetime_operator_3 to 2026-06-04 00:00:00+00:00, run_after=2026-06-05 00:00:00+00:00
[2026-06-05T13:56:04.120+0000] {processor.py:208} INFO - Processing /home/airflow/.local/lib/python3.12/site-packages/airflow/example_dags/example_branch_datetime_operator.py took 0.479 seconds
[2026-06-05T13:56:34.421+0000] {processor.py:186} INFO - Started process (PID=595) to work on /home/airflow/.local/lib/python3.12/site-packages/airflow/example_dags/example_branch_datetime_operator.py
[2026-06-05T13:56:34.424+0000] {processor.py:914} INFO - Processing file /home/airflow/.local/lib/python3.12/site-packages/airflow/example_dags/example_branch_datetime_operator.py for tasks to queue
[2026-06-05T13:56:34.434+0000] {logging_mixin.py:190} INFO - [2026-06-05T13:56:34.432+0000] {dagbag.py:588} INFO - Filling up the DagBag from /home/airflow/.local/lib/python3.12/site-packages/airflow/example_dags/example_branch_datetime_operator.py
[2026-06-05T13:56:34.471+0000] {processor.py:925} INFO - DAG(s) 'example_branch_datetime_operator_2', 'example_branch_datetime_operator_3', 'example_branch_datetime_operator' retrieved from /home/airflow/.local/lib/python3.12/site-packages/airflow/example_dags/example_branch_datetime_operator.py
[2026-06-05T13:56:34.546+0000] {logging_mixin.py:190} INFO - [2026-06-05T13:56:34.545+0000] {dag.py:3239} INFO - Sync 3 DAGs
[2026-06-05T13:56:34.616+0000] {logging_mixin.py:190} INFO - [2026-06-05T13:56:34.616+0000] {dag.py:4180} INFO - Setting next_dagrun for example_branch_datetime_operator to 2026-06-04 00:00:00+00:00, run_after=2026-06-05 00:00:00+00:00
[2026-06-05T13:56:34.631+0000] {logging_mixin.py:190} INFO - [2026-06-05T13:56:34.630+0000] {dag.py:4180} INFO - Setting next_dagrun for example_branch_datetime_operator_2 to 2026-06-04 00:00:00+00:00, run_after=2026-06-05 00:00:00+00:00
[2026-06-05T13:56:34.639+0000] {logging_mixin.py:190} INFO - [2026-06-05T13:56:34.638+0000] {dag.py:4180} INFO - Setting next_dagrun for example_branch_datetime_operator_3 to 2026-06-04 00:00:00+00:00, run_after=2026-06-05 00:00:00+00:00
[2026-06-05T13:56:34.695+0000] {processor.py:208} INFO - Processing /home/airflow/.local/lib/python3.12/site-packages/airflow/example_dags/example_branch_datetime_operator.py took 0.294 seconds
[2026-06-05T13:57:05.112+0000] {processor.py:186} INFO - Started process (PID=657) to work on /home/airflow/.local/lib/python3.12/site-packages/airflow/example_dags/example_branch_datetime_operator.py
[2026-06-05T13:57:05.116+0000] {processor.py:914} INFO - Processing file /home/airflow/.local/lib/python3.12/site-packages/airflow/example_dags/example_branch_datetime_operator.py for tasks to queue
[2026-06-05T13:57:05.128+0000] {logging_mixin.py:190} INFO - [2026-06-05T13:57:05.127+0000] {dagbag.py:588} INFO - Filling up the DagBag from /home/airflow/.local/lib/python3.12/site-packages/airflow/example_dags/example_branch_datetime_operator.py
[2026-06-05T13:57:05.172+0000] {processor.py:925} INFO - DAG(s) 'example_branch_datetime_operator_2', 'example_branch_datetime_operator_3', 'example_branch_datetime_operator' retrieved from /home/airflow/.local/lib/python3.12/site-packages/airflow/example_dags/example_branch_datetime_operator.py
[2026-06-05T13:57:05.273+0000] {logging_mixin.py:190} INFO - [2026-06-05T13:57:05.273+0000] {dag.py:3239} INFO - Sync 3 DAGs
[2026-06-05T13:57:05.347+0000] {logging_mixin.py:190} INFO - [2026-06-05T13:57:05.346+0000] {dag.py:4180} INFO - Setting next_dagrun for example_branch_datetime_operator to 2026-06-04 00:00:00+00:00, run_after=2026-06-05 00:00:00+00:00
[2026-06-05T13:57:05.364+0000] {logging_mixin.py:190} INFO - [2026-06-05T13:57:05.364+0000] {dag.py:4180} INFO - Setting next_dagrun for example_branch_datetime_operator_2 to 2026-06-04 00:00:00+00:00, run_after=2026-06-05 00:00:00+00:00
[2026-06-05T13:57:05.376+0000] {logging_mixin.py:190} INFO - [2026-06-05T13:57:05.375+0000] {dag.py:4180} INFO - Setting next_dagrun for example_branch_datetime_operator_3 to 2026-06-04 00:00:00+00:00, run_after=2026-06-05 00:00:00+00:00
[2026-06-05T13:57:05.433+0000] {processor.py:208} INFO - Processing /home/airflow/.local/lib/python3.12/site-packages/airflow/example_dags/example_branch_datetime_operator.py took 0.344 seconds
[2026-06-05T13:57:35.990+0000] {processor.py:186} INFO - Started process (PID=719) to work on /home/airflow/.local/lib/python3.12/site-packages/airflow/example_dags/example_branch_datetime_operator.py
[2026-06-05T13:57:36.005+0000] {processor.py:914} INFO - Processing file /home/airflow/.local/lib/python3.12/site-packages/airflow/example_dags/example_branch_datetime_operator.py for tasks to queue
[2026-06-05T13:57:36.014+0000] {logging_mixin.py:190} INFO - [2026-06-05T13:57:36.013+0000] {dagbag.py:588} INFO - Filling up the DagBag from /home/airflow/.local/lib/python3.12/site-packages/airflow/example_dags/example_branch_datetime_operator.py
[2026-06-05T13:57:36.145+0000] {processor.py:925} INFO - DAG(s) 'example_branch_datetime_operator_3', 'example_branch_datetime_operator', 'example_branch_datetime_operator_2' retrieved from /home/airflow/.local/lib/python3.12/site-packages/airflow/example_dags/example_branch_datetime_operator.py
[2026-06-05T13:57:36.419+0000] {logging_mixin.py:190} INFO - [2026-06-05T13:57:36.417+0000] {dag.py:3239} INFO - Sync 3 DAGs
[2026-06-05T13:57:36.630+0000] {logging_mixin.py:190} INFO - [2026-06-05T13:57:36.629+0000] {dag.py:4180} INFO - Setting next_dagrun for example_branch_datetime_operator to 2026-06-04 00:00:00+00:00, run_after=2026-06-05 00:00:00+00:00
[2026-06-05T13:57:36.678+0000] {logging_mixin.py:190} INFO - [2026-06-05T13:57:36.677+0000] {dag.py:4180} INFO - Setting next_dagrun for example_branch_datetime_operator_2 to 2026-06-04 00:00:00+00:00, run_after=2026-06-05 00:00:00+00:00
[2026-06-05T13:57:36.708+0000] {logging_mixin.py:190} INFO - [2026-06-05T13:57:36.707+0000] {dag.py:4180} INFO - Setting next_dagrun for example_branch_datetime_operator_3 to 2026-06-04 00:00:00+00:00, run_after=2026-06-05 00:00:00+00:00
[2026-06-05T13:57:36.825+0000] {processor.py:208} INFO - Processing /home/airflow/.local/lib/python3.12/site-packages/airflow/example_dags/example_branch_datetime_operator.py took 0.885 seconds
[2026-06-05T13:58:07.420+0000] {processor.py:186} INFO - Started process (PID=781) to work on /home/airflow/.local/lib/python3.12/site-packages/airflow/example_dags/example_branch_datetime_operator.py
[2026-06-05T13:58:07.423+0000] {processor.py:914} INFO - Processing file /home/airflow/.local/lib/python3.12/site-packages/airflow/example_dags/example_branch_datetime_operator.py for tasks to queue
[2026-06-05T13:58:07.435+0000] {logging_mixin.py:190} INFO - [2026-06-05T13:58:07.433+0000] {dagbag.py:588} INFO - Filling up the DagBag from /home/airflow/.local/lib/python3.12/site-packages/airflow/example_dags/example_branch_datetime_operator.py
[2026-06-05T13:58:07.481+0000] {processor.py:925} INFO - DAG(s) 'example_branch_datetime_operator', 'example_branch_datetime_operator_3', 'example_branch_datetime_operator_2' retrieved from /home/airflow/.local/lib/python3.12/site-packages/airflow/example_dags/example_branch_datetime_operator.py
[2026-06-05T13:58:07.611+0000] {logging_mixin.py:190} INFO - [2026-06-05T13:58:07.610+0000] {dag.py:3239} INFO - Sync 3 DAGs
[2026-06-05T13:58:07.814+0000] {logging_mixin.py:190} INFO - [2026-06-05T13:58:07.813+0000] {dag.py:4180} INFO - Setting next_dagrun for example_branch_datetime_operator to 2026-06-04 00:00:00+00:00, run_after=2026-06-05 00:00:00+00:00
[2026-06-05T13:58:07.858+0000] {logging_mixin.py:190} INFO - [2026-06-05T13:58:07.858+0000] {dag.py:4180} INFO - Setting next_dagrun for example_branch_datetime_operator_2 to 2026-06-04 00:00:00+00:00, run_after=2026-06-05 00:00:00+00:00
[2026-06-05T13:58:07.872+0000] {logging_mixin.py:190} INFO - [2026-06-05T13:58:07.871+0000] {dag.py:4180} INFO - Setting next_dagrun for example_branch_datetime_operator_3 to 2026-06-04 00:00:00+00:00, run_after=2026-06-05 00:00:00+00:00
[2026-06-05T13:58:07.982+0000] {processor.py:208} INFO - Processing /home/airflow/.local/lib/python3.12/site-packages/airflow/example_dags/example_branch_datetime_operator.py took 0.596 seconds
[2026-06-05T13:58:38.475+0000] {processor.py:186} INFO - Started process (PID=844) to work on /home/airflow/.local/lib/python3.12/site-packages/airflow/example_dags/example_branch_datetime_operator.py
[2026-06-05T13:58:38.478+0000] {processor.py:914} INFO - Processing file /home/airflow/.local/lib/python3.12/site-packages/airflow/example_dags/example_branch_datetime_operator.py for tasks to queue
[2026-06-05T13:58:38.483+0000] {logging_mixin.py:190} INFO - [2026-06-05T13:58:38.483+0000] {dagbag.py:588} INFO - Filling up the DagBag from /home/airflow/.local/lib/python3.12/site-packages/airflow/example_dags/example_branch_datetime_operator.py
[2026-06-05T13:58:38.530+0000] {processor.py:925} INFO - DAG(s) 'example_branch_datetime_operator', 'example_branch_datetime_operator_2', 'example_branch_datetime_operator_3' retrieved from /home/airflow/.local/lib/python3.12/site-packages/airflow/example_dags/example_branch_datetime_operator.py
[2026-06-05T13:58:38.592+0000] {logging_mixin.py:190} INFO - [2026-06-05T13:58:38.592+0000] {dag.py:3239} INFO - Sync 3 DAGs
[2026-06-05T13:58:38.645+0000] {logging_mixin.py:190} INFO - [2026-06-05T13:58:38.644+0000] {dag.py:4180} INFO - Setting next_dagrun for example_branch_datetime_operator to 2026-06-04 00:00:00+00:00, run_after=2026-06-05 00:00:00+00:00
[2026-06-05T13:58:38.657+0000] {logging_mixin.py:190} INFO - [2026-06-05T13:58:38.656+0000] {dag.py:4180} INFO - Setting next_dagrun for example_branch_datetime_operator_2 to 2026-06-04 00:00:00+00:00, run_after=2026-06-05 00:00:00+00:00
[2026-06-05T13:58:38.664+0000] {logging_mixin.py:190} INFO - [2026-06-05T13:58:38.663+0000] {dag.py:4180} INFO - Setting next_dagrun for example_branch_datetime_operator_3 to 2026-06-04 00:00:00+00:00, run_after=2026-06-05 00:00:00+00:00
[2026-06-05T13:58:38.713+0000] {processor.py:208} INFO - Processing /home/airflow/.local/lib/python3.12/site-packages/airflow/example_dags/example_branch_datetime_operator.py took 0.252 seconds
[2026-06-05T13:59:09.361+0000] {processor.py:186} INFO - Started process (PID=906) to work on /home/airflow/.local/lib/python3.12/site-packages/airflow/example_dags/example_branch_datetime_operator.py
[2026-06-05T13:59:09.368+0000] {processor.py:914} INFO - Processing file /home/airflow/.local/lib/python3.12/site-packages/airflow/example_dags/example_branch_datetime_operator.py for tasks to queue
[2026-06-05T13:59:09.374+0000] {logging_mixin.py:190} INFO - [2026-06-05T13:59:09.374+0000] {dagbag.py:588} INFO - Filling up the DagBag from /home/airflow/.local/lib/python3.12/site-packages/airflow/example_dags/example_branch_datetime_operator.py
[2026-06-05T13:59:09.410+0000] {processor.py:925} INFO - DAG(s) 'example_branch_datetime_operator_2', 'example_branch_datetime_operator_3', 'example_branch_datetime_operator' retrieved from /home/airflow/.local/lib/python3.12/site-packages/airflow/example_dags/example_branch_datetime_operator.py
[2026-06-05T13:59:09.499+0000] {logging_mixin.py:190} INFO - [2026-06-05T13:59:09.498+0000] {dag.py:3239} INFO - Sync 3 DAGs
[2026-06-05T13:59:09.596+0000] {logging_mixin.py:190} INFO - [2026-06-05T13:59:09.595+0000] {dag.py:4180} INFO - Setting next_dagrun for example_branch_datetime_operator to 2026-06-04 00:00:00+00:00, run_after=2026-06-05 00:00:00+00:00
[2026-06-05T13:59:09.621+0000] {logging_mixin.py:190} INFO - [2026-06-05T13:59:09.620+0000] {dag.py:4180} INFO - Setting next_dagrun for example_branch_datetime_operator_2 to 2026-06-04 00:00:00+00:00, run_after=2026-06-05 00:00:00+00:00
[2026-06-05T13:59:09.631+0000] {logging_mixin.py:190} INFO - [2026-06-05T13:59:09.630+0000] {dag.py:4180} INFO - Setting next_dagrun for example_branch_datetime_operator_3 to 2026-06-04 00:00:00+00:00, run_after=2026-06-05 00:00:00+00:00
[2026-06-05T13:59:09.689+0000] {processor.py:208} INFO - Processing /home/airflow/.local/lib/python3.12/site-packages/airflow/example_dags/example_branch_datetime_operator.py took 0.346 seconds
