[2026-06-05T13:52:36.684+0000] {processor.py:186} INFO - Started process (PID=134) to work on /home/airflow/.local/lib/python3.12/site-packages/airflow/example_dags/example_dataset_alias_with_no_taskflow.py
[2026-06-05T13:52:36.688+0000] {processor.py:914} INFO - Processing file /home/airflow/.local/lib/python3.12/site-packages/airflow/example_dags/example_dataset_alias_with_no_taskflow.py for tasks to queue
[2026-06-05T13:52:36.699+0000] {logging_mixin.py:190} INFO - [2026-06-05T13:52:36.698+0000] {dagbag.py:588} INFO - Filling up the DagBag from /home/airflow/.local/lib/python3.12/site-packages/airflow/example_dags/example_dataset_alias_with_no_taskflow.py
[2026-06-05T13:52:37.353+0000] {processor.py:925} INFO - DAG(s) 'dataset_s3_bucket_consumer_with_no_taskflow', 'dataset_alias_example_alias_consumer_with_no_taskflow', 'dataset_alias_example_alias_producer_with_no_taskflow', 'dataset_s3_bucket_producer_with_no_taskflow' retrieved from /home/airflow/.local/lib/python3.12/site-packages/airflow/example_dags/example_dataset_alias_with_no_taskflow.py
[2026-06-05T13:52:37.776+0000] {logging_mixin.py:190} INFO - [2026-06-05T13:52:37.774+0000] {override.py:1900} INFO - Created Permission View: can delete on DAG:dataset_s3_bucket_consumer_with_no_taskflow
[2026-06-05T13:52:37.816+0000] {logging_mixin.py:190} INFO - [2026-06-05T13:52:37.815+0000] {override.py:1900} INFO - Created Permission View: can read on DAG:dataset_s3_bucket_consumer_with_no_taskflow
[2026-06-05T13:52:37.848+0000] {logging_mixin.py:190} INFO - [2026-06-05T13:52:37.847+0000] {override.py:1900} INFO - Created Permission View: can edit on DAG:dataset_s3_bucket_consumer_with_no_taskflow
[2026-06-05T13:52:37.889+0000] {logging_mixin.py:190} INFO - [2026-06-05T13:52:37.888+0000] {override.py:1900} INFO - Created Permission View: menu access on DAG Run:dataset_s3_bucket_consumer_with_no_taskflow
[2026-06-05T13:52:37.919+0000] {logging_mixin.py:190} INFO - [2026-06-05T13:52:37.918+0000] {override.py:1900} INFO - Created Permission View: can delete on DAG Run:dataset_s3_bucket_consumer_with_no_taskflow
[2026-06-05T13:52:37.956+0000] {logging_mixin.py:190} INFO - [2026-06-05T13:52:37.955+0000] {override.py:1900} INFO - Created Permission View: can read on DAG Run:dataset_s3_bucket_consumer_with_no_taskflow
[2026-06-05T13:52:37.989+0000] {logging_mixin.py:190} INFO - [2026-06-05T13:52:37.988+0000] {override.py:1900} INFO - Created Permission View: can create on DAG Run:dataset_s3_bucket_consumer_with_no_taskflow
[2026-06-05T13:52:38.066+0000] {logging_mixin.py:190} INFO - [2026-06-05T13:52:38.064+0000] {override.py:1900} INFO - Created Permission View: can delete on DAG:dataset_alias_example_alias_consumer_with_no_taskflow
[2026-06-05T13:52:38.106+0000] {logging_mixin.py:190} INFO - [2026-06-05T13:52:38.105+0000] {override.py:1900} INFO - Created Permission View: can read on DAG:dataset_alias_example_alias_consumer_with_no_taskflow
[2026-06-05T13:52:38.133+0000] {logging_mixin.py:190} INFO - [2026-06-05T13:52:38.132+0000] {override.py:1900} INFO - Created Permission View: can edit on DAG:dataset_alias_example_alias_consumer_with_no_taskflow
[2026-06-05T13:52:38.177+0000] {logging_mixin.py:190} INFO - [2026-06-05T13:52:38.176+0000] {override.py:1900} INFO - Created Permission View: menu access on DAG Run:dataset_alias_example_alias_consumer_with_no_taskflow
[2026-06-05T13:52:38.211+0000] {logging_mixin.py:190} INFO - [2026-06-05T13:52:38.210+0000] {override.py:1900} INFO - Created Permission View: can delete on DAG Run:dataset_alias_example_alias_consumer_with_no_taskflow
[2026-06-05T13:52:38.250+0000] {logging_mixin.py:190} INFO - [2026-06-05T13:52:38.248+0000] {override.py:1900} INFO - Created Permission View: can read on DAG Run:dataset_alias_example_alias_consumer_with_no_taskflow
[2026-06-05T13:52:38.286+0000] {logging_mixin.py:190} INFO - [2026-06-05T13:52:38.285+0000] {override.py:1900} INFO - Created Permission View: can create on DAG Run:dataset_alias_example_alias_consumer_with_no_taskflow
[2026-06-05T13:52:38.349+0000] {logging_mixin.py:190} INFO - [2026-06-05T13:52:38.349+0000] {override.py:1900} INFO - Created Permission View: can delete on DAG:dataset_alias_example_alias_producer_with_no_taskflow
[2026-06-05T13:52:38.376+0000] {logging_mixin.py:190} INFO - [2026-06-05T13:52:38.375+0000] {override.py:1900} INFO - Created Permission View: can read on DAG:dataset_alias_example_alias_producer_with_no_taskflow
[2026-06-05T13:52:38.406+0000] {logging_mixin.py:190} INFO - [2026-06-05T13:52:38.405+0000] {override.py:1900} INFO - Created Permission View: can edit on DAG:dataset_alias_example_alias_producer_with_no_taskflow
[2026-06-05T13:52:38.441+0000] {logging_mixin.py:190} INFO - [2026-06-05T13:52:38.440+0000] {override.py:1900} INFO - Created Permission View: menu access on DAG Run:dataset_alias_example_alias_producer_with_no_taskflow
[2026-06-05T13:52:38.467+0000] {logging_mixin.py:190} INFO - [2026-06-05T13:52:38.466+0000] {override.py:1900} INFO - Created Permission View: can delete on DAG Run:dataset_alias_example_alias_producer_with_no_taskflow
[2026-06-05T13:52:38.502+0000] {logging_mixin.py:190} INFO - [2026-06-05T13:52:38.500+0000] {override.py:1900} INFO - Created Permission View: can read on DAG Run:dataset_alias_example_alias_producer_with_no_taskflow
[2026-06-05T13:52:38.532+0000] {logging_mixin.py:190} INFO - [2026-06-05T13:52:38.530+0000] {override.py:1900} INFO - Created Permission View: can create on DAG Run:dataset_alias_example_alias_producer_with_no_taskflow
[2026-06-05T13:52:38.583+0000] {logging_mixin.py:190} INFO - [2026-06-05T13:52:38.582+0000] {override.py:1900} INFO - Created Permission View: can delete on DAG:dataset_s3_bucket_producer_with_no_taskflow
[2026-06-05T13:52:38.619+0000] {logging_mixin.py:190} INFO - [2026-06-05T13:52:38.618+0000] {override.py:1900} INFO - Created Permission View: can read on DAG:dataset_s3_bucket_producer_with_no_taskflow
[2026-06-05T13:52:38.647+0000] {logging_mixin.py:190} INFO - [2026-06-05T13:52:38.646+0000] {override.py:1900} INFO - Created Permission View: can edit on DAG:dataset_s3_bucket_producer_with_no_taskflow
[2026-06-05T13:52:38.686+0000] {logging_mixin.py:190} INFO - [2026-06-05T13:52:38.686+0000] {override.py:1900} INFO - Created Permission View: menu access on DAG Run:dataset_s3_bucket_producer_with_no_taskflow
[2026-06-05T13:52:38.720+0000] {logging_mixin.py:190} INFO - [2026-06-05T13:52:38.718+0000] {override.py:1900} INFO - Created Permission View: can delete on DAG Run:dataset_s3_bucket_producer_with_no_taskflow
[2026-06-05T13:52:38.751+0000] {logging_mixin.py:190} INFO - [2026-06-05T13:52:38.750+0000] {override.py:1900} INFO - Created Permission View: can read on DAG Run:dataset_s3_bucket_producer_with_no_taskflow
[2026-06-05T13:52:38.791+0000] {logging_mixin.py:190} INFO - [2026-06-05T13:52:38.791+0000] {override.py:1900} INFO - Created Permission View: can create on DAG Run:dataset_s3_bucket_producer_with_no_taskflow
[2026-06-05T13:52:38.794+0000] {logging_mixin.py:190} INFO - [2026-06-05T13:52:38.793+0000] {dag.py:3239} INFO - Sync 4 DAGs
[2026-06-05T13:52:38.874+0000] {logging_mixin.py:190} INFO - [2026-06-05T13:52:38.873+0000] {dag.py:3262} INFO - Creating ORM DAG for dataset_alias_example_alias_consumer_with_no_taskflow
[2026-06-05T13:52:38.877+0000] {logging_mixin.py:190} INFO - [2026-06-05T13:52:38.876+0000] {dag.py:3262} INFO - Creating ORM DAG for dataset_s3_bucket_consumer_with_no_taskflow
[2026-06-05T13:52:38.889+0000] {logging_mixin.py:190} INFO - [2026-06-05T13:52:38.888+0000] {dag.py:3262} INFO - Creating ORM DAG for dataset_s3_bucket_producer_with_no_taskflow
[2026-06-05T13:52:38.891+0000] {logging_mixin.py:190} INFO - [2026-06-05T13:52:38.890+0000] {dag.py:3262} INFO - Creating ORM DAG for dataset_alias_example_alias_producer_with_no_taskflow
[2026-06-05T13:52:38.939+0000] {logging_mixin.py:190} INFO - [2026-06-05T13:52:38.939+0000] {dag.py:4180} INFO - Setting next_dagrun for dataset_alias_example_alias_consumer_with_no_taskflow to None, run_after=None
[2026-06-05T13:52:38.942+0000] {logging_mixin.py:190} INFO - [2026-06-05T13:52:38.941+0000] {dag.py:4180} INFO - Setting next_dagrun for dataset_alias_example_alias_producer_with_no_taskflow to None, run_after=None
[2026-06-05T13:52:38.944+0000] {logging_mixin.py:190} INFO - [2026-06-05T13:52:38.943+0000] {dag.py:4180} INFO - Setting next_dagrun for dataset_s3_bucket_consumer_with_no_taskflow to None, run_after=None
[2026-06-05T13:52:38.952+0000] {logging_mixin.py:190} INFO - [2026-06-05T13:52:38.951+0000] {dag.py:4180} INFO - Setting next_dagrun for dataset_s3_bucket_producer_with_no_taskflow to None, run_after=None
[2026-06-05T13:52:39.081+0000] {processor.py:208} INFO - Processing /home/airflow/.local/lib/python3.12/site-packages/airflow/example_dags/example_dataset_alias_with_no_taskflow.py took 2.424 seconds
[2026-06-05T13:53:09.281+0000] {processor.py:186} INFO - Started process (PID=195) to work on /home/airflow/.local/lib/python3.12/site-packages/airflow/example_dags/example_dataset_alias_with_no_taskflow.py
[2026-06-05T13:53:09.283+0000] {processor.py:914} INFO - Processing file /home/airflow/.local/lib/python3.12/site-packages/airflow/example_dags/example_dataset_alias_with_no_taskflow.py for tasks to queue
[2026-06-05T13:53:09.287+0000] {logging_mixin.py:190} INFO - [2026-06-05T13:53:09.287+0000] {dagbag.py:588} INFO - Filling up the DagBag from /home/airflow/.local/lib/python3.12/site-packages/airflow/example_dags/example_dataset_alias_with_no_taskflow.py
[2026-06-05T13:53:09.488+0000] {processor.py:925} INFO - DAG(s) 'dataset_alias_example_alias_consumer_with_no_taskflow', 'dataset_alias_example_alias_producer_with_no_taskflow', 'dataset_s3_bucket_consumer_with_no_taskflow', 'dataset_s3_bucket_producer_with_no_taskflow' retrieved from /home/airflow/.local/lib/python3.12/site-packages/airflow/example_dags/example_dataset_alias_with_no_taskflow.py
[2026-06-05T13:53:09.517+0000] {logging_mixin.py:190} INFO - [2026-06-05T13:53:09.516+0000] {dag.py:3239} INFO - Sync 4 DAGs
[2026-06-05T13:53:09.546+0000] {logging_mixin.py:190} INFO - [2026-06-05T13:53:09.545+0000] {dag.py:4180} INFO - Setting next_dagrun for dataset_alias_example_alias_consumer_with_no_taskflow to None, run_after=None
[2026-06-05T13:53:09.550+0000] {logging_mixin.py:190} INFO - [2026-06-05T13:53:09.549+0000] {dag.py:4180} INFO - Setting next_dagrun for dataset_alias_example_alias_producer_with_no_taskflow to None, run_after=None
[2026-06-05T13:53:09.552+0000] {logging_mixin.py:190} INFO - [2026-06-05T13:53:09.552+0000] {dag.py:4180} INFO - Setting next_dagrun for dataset_s3_bucket_consumer_with_no_taskflow to None, run_after=None
[2026-06-05T13:53:09.555+0000] {logging_mixin.py:190} INFO - [2026-06-05T13:53:09.555+0000] {dag.py:4180} INFO - Setting next_dagrun for dataset_s3_bucket_producer_with_no_taskflow to None, run_after=None
[2026-06-05T13:53:09.595+0000] {processor.py:208} INFO - Processing /home/airflow/.local/lib/python3.12/site-packages/airflow/example_dags/example_dataset_alias_with_no_taskflow.py took 0.322 seconds
[2026-06-05T13:53:40.463+0000] {processor.py:186} INFO - Started process (PID=257) to work on /home/airflow/.local/lib/python3.12/site-packages/airflow/example_dags/example_dataset_alias_with_no_taskflow.py
[2026-06-05T13:53:40.470+0000] {processor.py:914} INFO - Processing file /home/airflow/.local/lib/python3.12/site-packages/airflow/example_dags/example_dataset_alias_with_no_taskflow.py for tasks to queue
[2026-06-05T13:53:40.478+0000] {logging_mixin.py:190} INFO - [2026-06-05T13:53:40.477+0000] {dagbag.py:588} INFO - Filling up the DagBag from /home/airflow/.local/lib/python3.12/site-packages/airflow/example_dags/example_dataset_alias_with_no_taskflow.py
[2026-06-05T13:53:41.509+0000] {processor.py:925} INFO - DAG(s) 'dataset_s3_bucket_producer_with_no_taskflow', 'dataset_alias_example_alias_producer_with_no_taskflow', 'dataset_alias_example_alias_consumer_with_no_taskflow', 'dataset_s3_bucket_consumer_with_no_taskflow' retrieved from /home/airflow/.local/lib/python3.12/site-packages/airflow/example_dags/example_dataset_alias_with_no_taskflow.py
[2026-06-05T13:53:41.624+0000] {logging_mixin.py:190} INFO - [2026-06-05T13:53:41.623+0000] {dag.py:3239} INFO - Sync 4 DAGs
[2026-06-05T13:53:41.739+0000] {logging_mixin.py:190} INFO - [2026-06-05T13:53:41.736+0000] {dag.py:4180} INFO - Setting next_dagrun for dataset_alias_example_alias_consumer_with_no_taskflow to None, run_after=None
[2026-06-05T13:53:41.748+0000] {logging_mixin.py:190} INFO - [2026-06-05T13:53:41.748+0000] {dag.py:4180} INFO - Setting next_dagrun for dataset_alias_example_alias_producer_with_no_taskflow to None, run_after=None
[2026-06-05T13:53:41.754+0000] {logging_mixin.py:190} INFO - [2026-06-05T13:53:41.753+0000] {dag.py:4180} INFO - Setting next_dagrun for dataset_s3_bucket_consumer_with_no_taskflow to None, run_after=None
[2026-06-05T13:53:41.759+0000] {logging_mixin.py:190} INFO - [2026-06-05T13:53:41.759+0000] {dag.py:4180} INFO - Setting next_dagrun for dataset_s3_bucket_producer_with_no_taskflow to None, run_after=None
[2026-06-05T13:53:41.831+0000] {processor.py:208} INFO - Processing /home/airflow/.local/lib/python3.12/site-packages/airflow/example_dags/example_dataset_alias_with_no_taskflow.py took 1.407 seconds
[2026-06-05T13:54:11.967+0000] {processor.py:186} INFO - Started process (PID=320) to work on /home/airflow/.local/lib/python3.12/site-packages/airflow/example_dags/example_dataset_alias_with_no_taskflow.py
[2026-06-05T13:54:11.969+0000] {processor.py:914} INFO - Processing file /home/airflow/.local/lib/python3.12/site-packages/airflow/example_dags/example_dataset_alias_with_no_taskflow.py for tasks to queue
[2026-06-05T13:54:11.976+0000] {logging_mixin.py:190} INFO - [2026-06-05T13:54:11.974+0000] {dagbag.py:588} INFO - Filling up the DagBag from /home/airflow/.local/lib/python3.12/site-packages/airflow/example_dags/example_dataset_alias_with_no_taskflow.py
[2026-06-05T13:54:12.329+0000] {processor.py:925} INFO - DAG(s) 'dataset_s3_bucket_consumer_with_no_taskflow', 'dataset_s3_bucket_producer_with_no_taskflow', 'dataset_alias_example_alias_consumer_with_no_taskflow', 'dataset_alias_example_alias_producer_with_no_taskflow' retrieved from /home/airflow/.local/lib/python3.12/site-packages/airflow/example_dags/example_dataset_alias_with_no_taskflow.py
[2026-06-05T13:54:12.379+0000] {logging_mixin.py:190} INFO - [2026-06-05T13:54:12.378+0000] {dag.py:3239} INFO - Sync 4 DAGs
[2026-06-05T13:54:12.432+0000] {logging_mixin.py:190} INFO - [2026-06-05T13:54:12.431+0000] {dag.py:4180} INFO - Setting next_dagrun for dataset_alias_example_alias_consumer_with_no_taskflow to None, run_after=None
[2026-06-05T13:54:12.439+0000] {logging_mixin.py:190} INFO - [2026-06-05T13:54:12.438+0000] {dag.py:4180} INFO - Setting next_dagrun for dataset_alias_example_alias_producer_with_no_taskflow to None, run_after=None
[2026-06-05T13:54:12.443+0000] {logging_mixin.py:190} INFO - [2026-06-05T13:54:12.443+0000] {dag.py:4180} INFO - Setting next_dagrun for dataset_s3_bucket_consumer_with_no_taskflow to None, run_after=None
[2026-06-05T13:54:12.448+0000] {logging_mixin.py:190} INFO - [2026-06-05T13:54:12.447+0000] {dag.py:4180} INFO - Setting next_dagrun for dataset_s3_bucket_producer_with_no_taskflow to None, run_after=None
[2026-06-05T13:54:12.503+0000] {processor.py:208} INFO - Processing /home/airflow/.local/lib/python3.12/site-packages/airflow/example_dags/example_dataset_alias_with_no_taskflow.py took 0.550 seconds
[2026-06-05T13:54:42.684+0000] {processor.py:186} INFO - Started process (PID=382) to work on /home/airflow/.local/lib/python3.12/site-packages/airflow/example_dags/example_dataset_alias_with_no_taskflow.py
[2026-06-05T13:54:42.688+0000] {processor.py:914} INFO - Processing file /home/airflow/.local/lib/python3.12/site-packages/airflow/example_dags/example_dataset_alias_with_no_taskflow.py for tasks to queue
[2026-06-05T13:54:42.703+0000] {logging_mixin.py:190} INFO - [2026-06-05T13:54:42.701+0000] {dagbag.py:588} INFO - Filling up the DagBag from /home/airflow/.local/lib/python3.12/site-packages/airflow/example_dags/example_dataset_alias_with_no_taskflow.py
[2026-06-05T13:54:44.719+0000] {processor.py:925} INFO - DAG(s) 'dataset_s3_bucket_producer_with_no_taskflow', 'dataset_alias_example_alias_consumer_with_no_taskflow', 'dataset_alias_example_alias_producer_with_no_taskflow', 'dataset_s3_bucket_consumer_with_no_taskflow' retrieved from /home/airflow/.local/lib/python3.12/site-packages/airflow/example_dags/example_dataset_alias_with_no_taskflow.py
[2026-06-05T13:54:44.992+0000] {logging_mixin.py:190} INFO - [2026-06-05T13:54:44.991+0000] {dag.py:3239} INFO - Sync 4 DAGs
[2026-06-05T13:54:45.595+0000] {logging_mixin.py:190} INFO - [2026-06-05T13:54:45.594+0000] {dag.py:4180} INFO - Setting next_dagrun for dataset_alias_example_alias_consumer_with_no_taskflow to None, run_after=None
[2026-06-05T13:54:45.644+0000] {logging_mixin.py:190} INFO - [2026-06-05T13:54:45.643+0000] {dag.py:4180} INFO - Setting next_dagrun for dataset_alias_example_alias_producer_with_no_taskflow to None, run_after=None
[2026-06-05T13:54:45.659+0000] {logging_mixin.py:190} INFO - [2026-06-05T13:54:45.658+0000] {dag.py:4180} INFO - Setting next_dagrun for dataset_s3_bucket_consumer_with_no_taskflow to None, run_after=None
[2026-06-05T13:54:45.687+0000] {logging_mixin.py:190} INFO - [2026-06-05T13:54:45.687+0000] {dag.py:4180} INFO - Setting next_dagrun for dataset_s3_bucket_producer_with_no_taskflow to None, run_after=None
[2026-06-05T13:54:46.112+0000] {processor.py:208} INFO - Processing /home/airflow/.local/lib/python3.12/site-packages/airflow/example_dags/example_dataset_alias_with_no_taskflow.py took 3.470 seconds
[2026-06-05T13:55:16.806+0000] {processor.py:186} INFO - Started process (PID=444) to work on /home/airflow/.local/lib/python3.12/site-packages/airflow/example_dags/example_dataset_alias_with_no_taskflow.py
[2026-06-05T13:55:16.811+0000] {processor.py:914} INFO - Processing file /home/airflow/.local/lib/python3.12/site-packages/airflow/example_dags/example_dataset_alias_with_no_taskflow.py for tasks to queue
[2026-06-05T13:55:16.818+0000] {logging_mixin.py:190} INFO - [2026-06-05T13:55:16.817+0000] {dagbag.py:588} INFO - Filling up the DagBag from /home/airflow/.local/lib/python3.12/site-packages/airflow/example_dags/example_dataset_alias_with_no_taskflow.py
[2026-06-05T13:55:17.368+0000] {processor.py:925} INFO - DAG(s) 'dataset_alias_example_alias_consumer_with_no_taskflow', 'dataset_s3_bucket_producer_with_no_taskflow', 'dataset_alias_example_alias_producer_with_no_taskflow', 'dataset_s3_bucket_consumer_with_no_taskflow' retrieved from /home/airflow/.local/lib/python3.12/site-packages/airflow/example_dags/example_dataset_alias_with_no_taskflow.py
[2026-06-05T13:55:17.489+0000] {logging_mixin.py:190} INFO - [2026-06-05T13:55:17.488+0000] {dag.py:3239} INFO - Sync 4 DAGs
[2026-06-05T13:55:17.934+0000] {logging_mixin.py:190} INFO - [2026-06-05T13:55:17.928+0000] {dag.py:4180} INFO - Setting next_dagrun for dataset_alias_example_alias_consumer_with_no_taskflow to None, run_after=None
[2026-06-05T13:55:17.944+0000] {logging_mixin.py:190} INFO - [2026-06-05T13:55:17.944+0000] {dag.py:4180} INFO - Setting next_dagrun for dataset_alias_example_alias_producer_with_no_taskflow to None, run_after=None
[2026-06-05T13:55:17.950+0000] {logging_mixin.py:190} INFO - [2026-06-05T13:55:17.950+0000] {dag.py:4180} INFO - Setting next_dagrun for dataset_s3_bucket_consumer_with_no_taskflow to None, run_after=None
[2026-06-05T13:55:17.962+0000] {logging_mixin.py:190} INFO - [2026-06-05T13:55:17.961+0000] {dag.py:4180} INFO - Setting next_dagrun for dataset_s3_bucket_producer_with_no_taskflow to None, run_after=None
[2026-06-05T13:55:18.139+0000] {processor.py:208} INFO - Processing /home/airflow/.local/lib/python3.12/site-packages/airflow/example_dags/example_dataset_alias_with_no_taskflow.py took 1.364 seconds
[2026-06-05T13:55:48.545+0000] {processor.py:186} INFO - Started process (PID=513) to work on /home/airflow/.local/lib/python3.12/site-packages/airflow/example_dags/example_dataset_alias_with_no_taskflow.py
[2026-06-05T13:55:48.553+0000] {processor.py:914} INFO - Processing file /home/airflow/.local/lib/python3.12/site-packages/airflow/example_dags/example_dataset_alias_with_no_taskflow.py for tasks to queue
[2026-06-05T13:55:48.571+0000] {logging_mixin.py:190} INFO - [2026-06-05T13:55:48.570+0000] {dagbag.py:588} INFO - Filling up the DagBag from /home/airflow/.local/lib/python3.12/site-packages/airflow/example_dags/example_dataset_alias_with_no_taskflow.py
[2026-06-05T13:55:49.442+0000] {processor.py:925} INFO - DAG(s) 'dataset_alias_example_alias_consumer_with_no_taskflow', 'dataset_s3_bucket_producer_with_no_taskflow', 'dataset_alias_example_alias_producer_with_no_taskflow', 'dataset_s3_bucket_consumer_with_no_taskflow' retrieved from /home/airflow/.local/lib/python3.12/site-packages/airflow/example_dags/example_dataset_alias_with_no_taskflow.py
[2026-06-05T13:55:49.602+0000] {logging_mixin.py:190} INFO - [2026-06-05T13:55:49.600+0000] {dag.py:3239} INFO - Sync 4 DAGs
[2026-06-05T13:55:49.881+0000] {logging_mixin.py:190} INFO - [2026-06-05T13:55:49.881+0000] {dag.py:4180} INFO - Setting next_dagrun for dataset_alias_example_alias_consumer_with_no_taskflow to None, run_after=None
[2026-06-05T13:55:49.994+0000] {logging_mixin.py:190} INFO - [2026-06-05T13:55:49.984+0000] {dag.py:4180} INFO - Setting next_dagrun for dataset_alias_example_alias_producer_with_no_taskflow to None, run_after=None
[2026-06-05T13:55:50.095+0000] {logging_mixin.py:190} INFO - [2026-06-05T13:55:50.095+0000] {dag.py:4180} INFO - Setting next_dagrun for dataset_s3_bucket_consumer_with_no_taskflow to None, run_after=None
[2026-06-05T13:55:50.110+0000] {logging_mixin.py:190} INFO - [2026-06-05T13:55:50.109+0000] {dag.py:4180} INFO - Setting next_dagrun for dataset_s3_bucket_producer_with_no_taskflow to None, run_after=None
[2026-06-05T13:55:50.271+0000] {processor.py:208} INFO - Processing /home/airflow/.local/lib/python3.12/site-packages/airflow/example_dags/example_dataset_alias_with_no_taskflow.py took 1.758 seconds
[2026-06-05T13:56:20.614+0000] {processor.py:186} INFO - Started process (PID=576) to work on /home/airflow/.local/lib/python3.12/site-packages/airflow/example_dags/example_dataset_alias_with_no_taskflow.py
[2026-06-05T13:56:20.617+0000] {processor.py:914} INFO - Processing file /home/airflow/.local/lib/python3.12/site-packages/airflow/example_dags/example_dataset_alias_with_no_taskflow.py for tasks to queue
[2026-06-05T13:56:20.623+0000] {logging_mixin.py:190} INFO - [2026-06-05T13:56:20.623+0000] {dagbag.py:588} INFO - Filling up the DagBag from /home/airflow/.local/lib/python3.12/site-packages/airflow/example_dags/example_dataset_alias_with_no_taskflow.py
[2026-06-05T13:56:21.357+0000] {processor.py:925} INFO - DAG(s) 'dataset_alias_example_alias_producer_with_no_taskflow', 'dataset_alias_example_alias_consumer_with_no_taskflow', 'dataset_s3_bucket_producer_with_no_taskflow', 'dataset_s3_bucket_consumer_with_no_taskflow' retrieved from /home/airflow/.local/lib/python3.12/site-packages/airflow/example_dags/example_dataset_alias_with_no_taskflow.py
[2026-06-05T13:56:21.486+0000] {logging_mixin.py:190} INFO - [2026-06-05T13:56:21.486+0000] {dag.py:3239} INFO - Sync 4 DAGs
[2026-06-05T13:56:21.595+0000] {logging_mixin.py:190} INFO - [2026-06-05T13:56:21.595+0000] {dag.py:4180} INFO - Setting next_dagrun for dataset_alias_example_alias_consumer_with_no_taskflow to None, run_after=None
[2026-06-05T13:56:21.605+0000] {logging_mixin.py:190} INFO - [2026-06-05T13:56:21.604+0000] {dag.py:4180} INFO - Setting next_dagrun for dataset_alias_example_alias_producer_with_no_taskflow to None, run_after=None
[2026-06-05T13:56:21.610+0000] {logging_mixin.py:190} INFO - [2026-06-05T13:56:21.609+0000] {dag.py:4180} INFO - Setting next_dagrun for dataset_s3_bucket_consumer_with_no_taskflow to None, run_after=None
[2026-06-05T13:56:21.617+0000] {logging_mixin.py:190} INFO - [2026-06-05T13:56:21.617+0000] {dag.py:4180} INFO - Setting next_dagrun for dataset_s3_bucket_producer_with_no_taskflow to None, run_after=None
[2026-06-05T13:56:21.711+0000] {processor.py:208} INFO - Processing /home/airflow/.local/lib/python3.12/site-packages/airflow/example_dags/example_dataset_alias_with_no_taskflow.py took 1.116 seconds
[2026-06-05T13:56:52.728+0000] {processor.py:186} INFO - Started process (PID=638) to work on /home/airflow/.local/lib/python3.12/site-packages/airflow/example_dags/example_dataset_alias_with_no_taskflow.py
[2026-06-05T13:56:52.732+0000] {processor.py:914} INFO - Processing file /home/airflow/.local/lib/python3.12/site-packages/airflow/example_dags/example_dataset_alias_with_no_taskflow.py for tasks to queue
[2026-06-05T13:56:52.739+0000] {logging_mixin.py:190} INFO - [2026-06-05T13:56:52.738+0000] {dagbag.py:588} INFO - Filling up the DagBag from /home/airflow/.local/lib/python3.12/site-packages/airflow/example_dags/example_dataset_alias_with_no_taskflow.py
[2026-06-05T13:56:53.728+0000] {processor.py:925} INFO - DAG(s) 'dataset_alias_example_alias_consumer_with_no_taskflow', 'dataset_s3_bucket_producer_with_no_taskflow', 'dataset_s3_bucket_consumer_with_no_taskflow', 'dataset_alias_example_alias_producer_with_no_taskflow' retrieved from /home/airflow/.local/lib/python3.12/site-packages/airflow/example_dags/example_dataset_alias_with_no_taskflow.py
[2026-06-05T13:56:53.846+0000] {logging_mixin.py:190} INFO - [2026-06-05T13:56:53.845+0000] {dag.py:3239} INFO - Sync 4 DAGs
[2026-06-05T13:56:53.940+0000] {logging_mixin.py:190} INFO - [2026-06-05T13:56:53.940+0000] {dag.py:4180} INFO - Setting next_dagrun for dataset_alias_example_alias_consumer_with_no_taskflow to None, run_after=None
[2026-06-05T13:56:53.951+0000] {logging_mixin.py:190} INFO - [2026-06-05T13:56:53.950+0000] {dag.py:4180} INFO - Setting next_dagrun for dataset_alias_example_alias_producer_with_no_taskflow to None, run_after=None
[2026-06-05T13:56:53.957+0000] {logging_mixin.py:190} INFO - [2026-06-05T13:56:53.956+0000] {dag.py:4180} INFO - Setting next_dagrun for dataset_s3_bucket_consumer_with_no_taskflow to None, run_after=None
[2026-06-05T13:56:53.965+0000] {logging_mixin.py:190} INFO - [2026-06-05T13:56:53.964+0000] {dag.py:4180} INFO - Setting next_dagrun for dataset_s3_bucket_producer_with_no_taskflow to None, run_after=None
[2026-06-05T13:56:54.060+0000] {processor.py:208} INFO - Processing /home/airflow/.local/lib/python3.12/site-packages/airflow/example_dags/example_dataset_alias_with_no_taskflow.py took 1.355 seconds
[2026-06-05T13:57:24.314+0000] {processor.py:186} INFO - Started process (PID=700) to work on /home/airflow/.local/lib/python3.12/site-packages/airflow/example_dags/example_dataset_alias_with_no_taskflow.py
[2026-06-05T13:57:24.317+0000] {processor.py:914} INFO - Processing file /home/airflow/.local/lib/python3.12/site-packages/airflow/example_dags/example_dataset_alias_with_no_taskflow.py for tasks to queue
[2026-06-05T13:57:24.328+0000] {logging_mixin.py:190} INFO - [2026-06-05T13:57:24.325+0000] {dagbag.py:588} INFO - Filling up the DagBag from /home/airflow/.local/lib/python3.12/site-packages/airflow/example_dags/example_dataset_alias_with_no_taskflow.py
[2026-06-05T13:57:25.319+0000] {processor.py:925} INFO - DAG(s) 'dataset_s3_bucket_consumer_with_no_taskflow', 'dataset_alias_example_alias_consumer_with_no_taskflow', 'dataset_alias_example_alias_producer_with_no_taskflow', 'dataset_s3_bucket_producer_with_no_taskflow' retrieved from /home/airflow/.local/lib/python3.12/site-packages/airflow/example_dags/example_dataset_alias_with_no_taskflow.py
[2026-06-05T13:57:25.444+0000] {logging_mixin.py:190} INFO - [2026-06-05T13:57:25.439+0000] {dag.py:3239} INFO - Sync 4 DAGs
[2026-06-05T13:57:25.572+0000] {logging_mixin.py:190} INFO - [2026-06-05T13:57:25.562+0000] {dag.py:4180} INFO - Setting next_dagrun for dataset_alias_example_alias_consumer_with_no_taskflow to None, run_after=None
[2026-06-05T13:57:25.591+0000] {logging_mixin.py:190} INFO - [2026-06-05T13:57:25.591+0000] {dag.py:4180} INFO - Setting next_dagrun for dataset_alias_example_alias_producer_with_no_taskflow to None, run_after=None
[2026-06-05T13:57:25.604+0000] {logging_mixin.py:190} INFO - [2026-06-05T13:57:25.604+0000] {dag.py:4180} INFO - Setting next_dagrun for dataset_s3_bucket_consumer_with_no_taskflow to None, run_after=None
[2026-06-05T13:57:25.611+0000] {logging_mixin.py:190} INFO - [2026-06-05T13:57:25.611+0000] {dag.py:4180} INFO - Setting next_dagrun for dataset_s3_bucket_producer_with_no_taskflow to None, run_after=None
[2026-06-05T13:57:25.754+0000] {processor.py:208} INFO - Processing /home/airflow/.local/lib/python3.12/site-packages/airflow/example_dags/example_dataset_alias_with_no_taskflow.py took 1.461 seconds
[2026-06-05T13:57:56.444+0000] {processor.py:186} INFO - Started process (PID=762) to work on /home/airflow/.local/lib/python3.12/site-packages/airflow/example_dags/example_dataset_alias_with_no_taskflow.py
[2026-06-05T13:57:56.453+0000] {processor.py:914} INFO - Processing file /home/airflow/.local/lib/python3.12/site-packages/airflow/example_dags/example_dataset_alias_with_no_taskflow.py for tasks to queue
[2026-06-05T13:57:56.464+0000] {logging_mixin.py:190} INFO - [2026-06-05T13:57:56.463+0000] {dagbag.py:588} INFO - Filling up the DagBag from /home/airflow/.local/lib/python3.12/site-packages/airflow/example_dags/example_dataset_alias_with_no_taskflow.py
[2026-06-05T13:57:57.031+0000] {processor.py:925} INFO - DAG(s) 'dataset_s3_bucket_producer_with_no_taskflow', 'dataset_alias_example_alias_consumer_with_no_taskflow', 'dataset_alias_example_alias_producer_with_no_taskflow', 'dataset_s3_bucket_consumer_with_no_taskflow' retrieved from /home/airflow/.local/lib/python3.12/site-packages/airflow/example_dags/example_dataset_alias_with_no_taskflow.py
[2026-06-05T13:57:57.111+0000] {logging_mixin.py:190} INFO - [2026-06-05T13:57:57.110+0000] {dag.py:3239} INFO - Sync 4 DAGs
[2026-06-05T13:57:57.227+0000] {logging_mixin.py:190} INFO - [2026-06-05T13:57:57.227+0000] {dag.py:4180} INFO - Setting next_dagrun for dataset_alias_example_alias_consumer_with_no_taskflow to None, run_after=None
[2026-06-05T13:57:57.237+0000] {logging_mixin.py:190} INFO - [2026-06-05T13:57:57.236+0000] {dag.py:4180} INFO - Setting next_dagrun for dataset_alias_example_alias_producer_with_no_taskflow to None, run_after=None
[2026-06-05T13:57:57.242+0000] {logging_mixin.py:190} INFO - [2026-06-05T13:57:57.242+0000] {dag.py:4180} INFO - Setting next_dagrun for dataset_s3_bucket_consumer_with_no_taskflow to None, run_after=None
[2026-06-05T13:57:57.247+0000] {logging_mixin.py:190} INFO - [2026-06-05T13:57:57.246+0000] {dag.py:4180} INFO - Setting next_dagrun for dataset_s3_bucket_producer_with_no_taskflow to None, run_after=None
[2026-06-05T13:57:57.881+0000] {processor.py:208} INFO - Processing /home/airflow/.local/lib/python3.12/site-packages/airflow/example_dags/example_dataset_alias_with_no_taskflow.py took 1.470 seconds
[2026-06-05T13:58:28.326+0000] {processor.py:186} INFO - Started process (PID=826) to work on /home/airflow/.local/lib/python3.12/site-packages/airflow/example_dags/example_dataset_alias_with_no_taskflow.py
[2026-06-05T13:58:28.333+0000] {processor.py:914} INFO - Processing file /home/airflow/.local/lib/python3.12/site-packages/airflow/example_dags/example_dataset_alias_with_no_taskflow.py for tasks to queue
[2026-06-05T13:58:28.366+0000] {logging_mixin.py:190} INFO - [2026-06-05T13:58:28.364+0000] {dagbag.py:588} INFO - Filling up the DagBag from /home/airflow/.local/lib/python3.12/site-packages/airflow/example_dags/example_dataset_alias_with_no_taskflow.py
[2026-06-05T13:58:29.191+0000] {processor.py:925} INFO - DAG(s) 'dataset_alias_example_alias_consumer_with_no_taskflow', 'dataset_alias_example_alias_producer_with_no_taskflow', 'dataset_s3_bucket_producer_with_no_taskflow', 'dataset_s3_bucket_consumer_with_no_taskflow' retrieved from /home/airflow/.local/lib/python3.12/site-packages/airflow/example_dags/example_dataset_alias_with_no_taskflow.py
[2026-06-05T13:58:29.248+0000] {logging_mixin.py:190} INFO - [2026-06-05T13:58:29.247+0000] {dag.py:3239} INFO - Sync 4 DAGs
[2026-06-05T13:58:29.325+0000] {logging_mixin.py:190} INFO - [2026-06-05T13:58:29.324+0000] {dag.py:4180} INFO - Setting next_dagrun for dataset_alias_example_alias_consumer_with_no_taskflow to None, run_after=None
[2026-06-05T13:58:29.333+0000] {logging_mixin.py:190} INFO - [2026-06-05T13:58:29.333+0000] {dag.py:4180} INFO - Setting next_dagrun for dataset_alias_example_alias_producer_with_no_taskflow to None, run_after=None
[2026-06-05T13:58:29.340+0000] {logging_mixin.py:190} INFO - [2026-06-05T13:58:29.338+0000] {dag.py:4180} INFO - Setting next_dagrun for dataset_s3_bucket_consumer_with_no_taskflow to None, run_after=None
[2026-06-05T13:58:29.343+0000] {logging_mixin.py:190} INFO - [2026-06-05T13:58:29.343+0000] {dag.py:4180} INFO - Setting next_dagrun for dataset_s3_bucket_producer_with_no_taskflow to None, run_after=None
[2026-06-05T13:58:29.413+0000] {processor.py:208} INFO - Processing /home/airflow/.local/lib/python3.12/site-packages/airflow/example_dags/example_dataset_alias_with_no_taskflow.py took 1.113 seconds
[2026-06-05T13:59:00.643+0000] {processor.py:186} INFO - Started process (PID=889) to work on /home/airflow/.local/lib/python3.12/site-packages/airflow/example_dags/example_dataset_alias_with_no_taskflow.py
[2026-06-05T13:59:00.652+0000] {processor.py:914} INFO - Processing file /home/airflow/.local/lib/python3.12/site-packages/airflow/example_dags/example_dataset_alias_with_no_taskflow.py for tasks to queue
[2026-06-05T13:59:00.682+0000] {logging_mixin.py:190} INFO - [2026-06-05T13:59:00.680+0000] {dagbag.py:588} INFO - Filling up the DagBag from /home/airflow/.local/lib/python3.12/site-packages/airflow/example_dags/example_dataset_alias_with_no_taskflow.py
[2026-06-05T13:59:01.841+0000] {processor.py:925} INFO - DAG(s) 'dataset_alias_example_alias_producer_with_no_taskflow', 'dataset_s3_bucket_producer_with_no_taskflow', 'dataset_alias_example_alias_consumer_with_no_taskflow', 'dataset_s3_bucket_consumer_with_no_taskflow' retrieved from /home/airflow/.local/lib/python3.12/site-packages/airflow/example_dags/example_dataset_alias_with_no_taskflow.py
[2026-06-05T13:59:01.972+0000] {logging_mixin.py:190} INFO - [2026-06-05T13:59:01.971+0000] {dag.py:3239} INFO - Sync 4 DAGs
[2026-06-05T13:59:02.090+0000] {logging_mixin.py:190} INFO - [2026-06-05T13:59:02.089+0000] {dag.py:4180} INFO - Setting next_dagrun for dataset_alias_example_alias_consumer_with_no_taskflow to None, run_after=None
[2026-06-05T13:59:02.108+0000] {logging_mixin.py:190} INFO - [2026-06-05T13:59:02.102+0000] {dag.py:4180} INFO - Setting next_dagrun for dataset_alias_example_alias_producer_with_no_taskflow to None, run_after=None
[2026-06-05T13:59:02.113+0000] {logging_mixin.py:190} INFO - [2026-06-05T13:59:02.113+0000] {dag.py:4180} INFO - Setting next_dagrun for dataset_s3_bucket_consumer_with_no_taskflow to None, run_after=None
[2026-06-05T13:59:02.119+0000] {logging_mixin.py:190} INFO - [2026-06-05T13:59:02.118+0000] {dag.py:4180} INFO - Setting next_dagrun for dataset_s3_bucket_producer_with_no_taskflow to None, run_after=None
[2026-06-05T13:59:02.215+0000] {processor.py:208} INFO - Processing /home/airflow/.local/lib/python3.12/site-packages/airflow/example_dags/example_dataset_alias_with_no_taskflow.py took 1.623 seconds
