[2026-06-05T13:52:27.021+0000] {processor.py:186} INFO - Started process (PID=118) to work on /home/airflow/.local/lib/python3.12/site-packages/airflow/example_dags/example_branch_labels.py
[2026-06-05T13:52:27.025+0000] {processor.py:914} INFO - Processing file /home/airflow/.local/lib/python3.12/site-packages/airflow/example_dags/example_branch_labels.py for tasks to queue
[2026-06-05T13:52:27.034+0000] {logging_mixin.py:190} INFO - [2026-06-05T13:52:27.033+0000] {dagbag.py:588} INFO - Filling up the DagBag from /home/airflow/.local/lib/python3.12/site-packages/airflow/example_dags/example_branch_labels.py
[2026-06-05T13:52:27.078+0000] {processor.py:925} INFO - DAG(s) 'example_branch_labels' retrieved from /home/airflow/.local/lib/python3.12/site-packages/airflow/example_dags/example_branch_labels.py
[2026-06-05T13:52:27.597+0000] {logging_mixin.py:190} INFO - [2026-06-05T13:52:27.594+0000] {override.py:1900} INFO - Created Permission View: can delete on DAG:example_branch_labels
[2026-06-05T13:52:27.635+0000] {logging_mixin.py:190} INFO - [2026-06-05T13:52:27.634+0000] {override.py:1900} INFO - Created Permission View: can read on DAG:example_branch_labels
[2026-06-05T13:52:27.665+0000] {logging_mixin.py:190} INFO - [2026-06-05T13:52:27.665+0000] {override.py:1900} INFO - Created Permission View: can edit on DAG:example_branch_labels
[2026-06-05T13:52:27.705+0000] {logging_mixin.py:190} INFO - [2026-06-05T13:52:27.701+0000] {override.py:1900} INFO - Created Permission View: menu access on DAG Run:example_branch_labels
[2026-06-05T13:52:27.732+0000] {logging_mixin.py:190} INFO - [2026-06-05T13:52:27.731+0000] {override.py:1900} INFO - Created Permission View: can delete on DAG Run:example_branch_labels
[2026-06-05T13:52:27.757+0000] {logging_mixin.py:190} INFO - [2026-06-05T13:52:27.756+0000] {override.py:1900} INFO - Created Permission View: can read on DAG Run:example_branch_labels
[2026-06-05T13:52:27.787+0000] {logging_mixin.py:190} INFO - [2026-06-05T13:52:27.785+0000] {override.py:1900} INFO - Created Permission View: can create on DAG Run:example_branch_labels
[2026-06-05T13:52:27.790+0000] {logging_mixin.py:190} INFO - [2026-06-05T13:52:27.789+0000] {dag.py:3239} INFO - Sync 1 DAGs
[2026-06-05T13:52:27.837+0000] {logging_mixin.py:190} INFO - [2026-06-05T13:52:27.836+0000] {dag.py:3262} INFO - Creating ORM DAG for example_branch_labels
[2026-06-05T13:52:27.887+0000] {logging_mixin.py:190} INFO - [2026-06-05T13:52:27.886+0000] {dag.py:4180} INFO - Setting next_dagrun for example_branch_labels to 2026-06-04 00:00:00+00:00, run_after=2026-06-05 00:00:00+00:00
[2026-06-05T13:52:27.962+0000] {processor.py:208} INFO - Processing /home/airflow/.local/lib/python3.12/site-packages/airflow/example_dags/example_branch_labels.py took 0.965 seconds
[2026-06-05T13:52:58.139+0000] {processor.py:186} INFO - Started process (PID=179) to work on /home/airflow/.local/lib/python3.12/site-packages/airflow/example_dags/example_branch_labels.py
[2026-06-05T13:52:58.142+0000] {processor.py:914} INFO - Processing file /home/airflow/.local/lib/python3.12/site-packages/airflow/example_dags/example_branch_labels.py for tasks to queue
[2026-06-05T13:52:58.147+0000] {logging_mixin.py:190} INFO - [2026-06-05T13:52:58.146+0000] {dagbag.py:588} INFO - Filling up the DagBag from /home/airflow/.local/lib/python3.12/site-packages/airflow/example_dags/example_branch_labels.py
[2026-06-05T13:52:58.166+0000] {processor.py:925} INFO - DAG(s) 'example_branch_labels' retrieved from /home/airflow/.local/lib/python3.12/site-packages/airflow/example_dags/example_branch_labels.py
[2026-06-05T13:52:58.215+0000] {logging_mixin.py:190} INFO - [2026-06-05T13:52:58.215+0000] {dag.py:3239} INFO - Sync 1 DAGs
[2026-06-05T13:52:58.271+0000] {logging_mixin.py:190} INFO - [2026-06-05T13:52:58.271+0000] {dag.py:4180} INFO - Setting next_dagrun for example_branch_labels to 2026-06-04 00:00:00+00:00, run_after=2026-06-05 00:00:00+00:00
[2026-06-05T13:52:58.314+0000] {processor.py:208} INFO - Processing /home/airflow/.local/lib/python3.12/site-packages/airflow/example_dags/example_branch_labels.py took 0.187 seconds
[2026-06-05T13:53:29.508+0000] {processor.py:186} INFO - Started process (PID=241) to work on /home/airflow/.local/lib/python3.12/site-packages/airflow/example_dags/example_branch_labels.py
[2026-06-05T13:53:29.510+0000] {processor.py:914} INFO - Processing file /home/airflow/.local/lib/python3.12/site-packages/airflow/example_dags/example_branch_labels.py for tasks to queue
[2026-06-05T13:53:29.518+0000] {logging_mixin.py:190} INFO - [2026-06-05T13:53:29.517+0000] {dagbag.py:588} INFO - Filling up the DagBag from /home/airflow/.local/lib/python3.12/site-packages/airflow/example_dags/example_branch_labels.py
[2026-06-05T13:53:29.560+0000] {processor.py:925} INFO - DAG(s) 'example_branch_labels' retrieved from /home/airflow/.local/lib/python3.12/site-packages/airflow/example_dags/example_branch_labels.py
[2026-06-05T13:53:29.910+0000] {logging_mixin.py:190} INFO - [2026-06-05T13:53:29.909+0000] {dag.py:3239} INFO - Sync 1 DAGs
[2026-06-05T13:53:30.608+0000] {logging_mixin.py:190} INFO - [2026-06-05T13:53:30.607+0000] {dag.py:4180} INFO - Setting next_dagrun for example_branch_labels to 2026-06-04 00:00:00+00:00, run_after=2026-06-05 00:00:00+00:00
[2026-06-05T13:53:30.844+0000] {processor.py:208} INFO - Processing /home/airflow/.local/lib/python3.12/site-packages/airflow/example_dags/example_branch_labels.py took 1.364 seconds
[2026-06-05T13:54:01.519+0000] {processor.py:186} INFO - Started process (PID=303) to work on /home/airflow/.local/lib/python3.12/site-packages/airflow/example_dags/example_branch_labels.py
[2026-06-05T13:54:01.522+0000] {processor.py:914} INFO - Processing file /home/airflow/.local/lib/python3.12/site-packages/airflow/example_dags/example_branch_labels.py for tasks to queue
[2026-06-05T13:54:01.529+0000] {logging_mixin.py:190} INFO - [2026-06-05T13:54:01.528+0000] {dagbag.py:588} INFO - Filling up the DagBag from /home/airflow/.local/lib/python3.12/site-packages/airflow/example_dags/example_branch_labels.py
[2026-06-05T13:54:01.562+0000] {processor.py:925} INFO - DAG(s) 'example_branch_labels' retrieved from /home/airflow/.local/lib/python3.12/site-packages/airflow/example_dags/example_branch_labels.py
[2026-06-05T13:54:01.609+0000] {logging_mixin.py:190} INFO - [2026-06-05T13:54:01.609+0000] {dag.py:3239} INFO - Sync 1 DAGs
[2026-06-05T13:54:01.664+0000] {logging_mixin.py:190} INFO - [2026-06-05T13:54:01.664+0000] {dag.py:4180} INFO - Setting next_dagrun for example_branch_labels to 2026-06-04 00:00:00+00:00, run_after=2026-06-05 00:00:00+00:00
[2026-06-05T13:54:01.707+0000] {processor.py:208} INFO - Processing /home/airflow/.local/lib/python3.12/site-packages/airflow/example_dags/example_branch_labels.py took 0.212 seconds
[2026-06-05T13:54:32.160+0000] {processor.py:186} INFO - Started process (PID=365) to work on /home/airflow/.local/lib/python3.12/site-packages/airflow/example_dags/example_branch_labels.py
[2026-06-05T13:54:32.164+0000] {processor.py:914} INFO - Processing file /home/airflow/.local/lib/python3.12/site-packages/airflow/example_dags/example_branch_labels.py for tasks to queue
[2026-06-05T13:54:32.177+0000] {logging_mixin.py:190} INFO - [2026-06-05T13:54:32.175+0000] {dagbag.py:588} INFO - Filling up the DagBag from /home/airflow/.local/lib/python3.12/site-packages/airflow/example_dags/example_branch_labels.py
[2026-06-05T13:54:32.220+0000] {processor.py:925} INFO - DAG(s) 'example_branch_labels' retrieved from /home/airflow/.local/lib/python3.12/site-packages/airflow/example_dags/example_branch_labels.py
[2026-06-05T13:54:32.288+0000] {logging_mixin.py:190} INFO - [2026-06-05T13:54:32.287+0000] {dag.py:3239} INFO - Sync 1 DAGs
[2026-06-05T13:54:32.388+0000] {logging_mixin.py:190} INFO - [2026-06-05T13:54:32.388+0000] {dag.py:4180} INFO - Setting next_dagrun for example_branch_labels to 2026-06-04 00:00:00+00:00, run_after=2026-06-05 00:00:00+00:00
[2026-06-05T13:54:32.450+0000] {processor.py:208} INFO - Processing /home/airflow/.local/lib/python3.12/site-packages/airflow/example_dags/example_branch_labels.py took 0.327 seconds
[2026-06-05T13:55:06.305+0000] {processor.py:186} INFO - Started process (PID=427) to work on /home/airflow/.local/lib/python3.12/site-packages/airflow/example_dags/example_branch_labels.py
[2026-06-05T13:55:06.307+0000] {processor.py:914} INFO - Processing file /home/airflow/.local/lib/python3.12/site-packages/airflow/example_dags/example_branch_labels.py for tasks to queue
[2026-06-05T13:55:06.314+0000] {logging_mixin.py:190} INFO - [2026-06-05T13:55:06.313+0000] {dagbag.py:588} INFO - Filling up the DagBag from /home/airflow/.local/lib/python3.12/site-packages/airflow/example_dags/example_branch_labels.py
[2026-06-05T13:55:06.346+0000] {processor.py:925} INFO - DAG(s) 'example_branch_labels' retrieved from /home/airflow/.local/lib/python3.12/site-packages/airflow/example_dags/example_branch_labels.py
[2026-06-05T13:55:06.397+0000] {logging_mixin.py:190} INFO - [2026-06-05T13:55:06.396+0000] {dag.py:3239} INFO - Sync 1 DAGs
[2026-06-05T13:55:06.457+0000] {logging_mixin.py:190} INFO - [2026-06-05T13:55:06.456+0000] {dag.py:4180} INFO - Setting next_dagrun for example_branch_labels to 2026-06-04 00:00:00+00:00, run_after=2026-06-05 00:00:00+00:00
[2026-06-05T13:55:06.506+0000] {processor.py:208} INFO - Processing /home/airflow/.local/lib/python3.12/site-packages/airflow/example_dags/example_branch_labels.py took 0.219 seconds
[2026-06-05T13:55:37.143+0000] {processor.py:186} INFO - Started process (PID=489) to work on /home/airflow/.local/lib/python3.12/site-packages/airflow/example_dags/example_branch_labels.py
[2026-06-05T13:55:37.145+0000] {processor.py:914} INFO - Processing file /home/airflow/.local/lib/python3.12/site-packages/airflow/example_dags/example_branch_labels.py for tasks to queue
[2026-06-05T13:55:37.150+0000] {logging_mixin.py:190} INFO - [2026-06-05T13:55:37.150+0000] {dagbag.py:588} INFO - Filling up the DagBag from /home/airflow/.local/lib/python3.12/site-packages/airflow/example_dags/example_branch_labels.py
[2026-06-05T13:55:37.170+0000] {processor.py:925} INFO - DAG(s) 'example_branch_labels' retrieved from /home/airflow/.local/lib/python3.12/site-packages/airflow/example_dags/example_branch_labels.py
[2026-06-05T13:55:37.215+0000] {logging_mixin.py:190} INFO - [2026-06-05T13:55:37.215+0000] {dag.py:3239} INFO - Sync 1 DAGs
[2026-06-05T13:55:37.261+0000] {logging_mixin.py:190} INFO - [2026-06-05T13:55:37.261+0000] {dag.py:4180} INFO - Setting next_dagrun for example_branch_labels to 2026-06-04 00:00:00+00:00, run_after=2026-06-05 00:00:00+00:00
[2026-06-05T13:55:37.299+0000] {processor.py:208} INFO - Processing /home/airflow/.local/lib/python3.12/site-packages/airflow/example_dags/example_branch_labels.py took 0.171 seconds
[2026-06-05T13:56:09.350+0000] {processor.py:186} INFO - Started process (PID=552) to work on /home/airflow/.local/lib/python3.12/site-packages/airflow/example_dags/example_branch_labels.py
[2026-06-05T13:56:09.356+0000] {processor.py:914} INFO - Processing file /home/airflow/.local/lib/python3.12/site-packages/airflow/example_dags/example_branch_labels.py for tasks to queue
[2026-06-05T13:56:09.364+0000] {logging_mixin.py:190} INFO - [2026-06-05T13:56:09.362+0000] {dagbag.py:588} INFO - Filling up the DagBag from /home/airflow/.local/lib/python3.12/site-packages/airflow/example_dags/example_branch_labels.py
[2026-06-05T13:56:09.404+0000] {processor.py:925} INFO - DAG(s) 'example_branch_labels' retrieved from /home/airflow/.local/lib/python3.12/site-packages/airflow/example_dags/example_branch_labels.py
[2026-06-05T13:56:09.515+0000] {logging_mixin.py:190} INFO - [2026-06-05T13:56:09.515+0000] {dag.py:3239} INFO - Sync 1 DAGs
[2026-06-05T13:56:09.631+0000] {logging_mixin.py:190} INFO - [2026-06-05T13:56:09.630+0000] {dag.py:4180} INFO - Setting next_dagrun for example_branch_labels to 2026-06-04 00:00:00+00:00, run_after=2026-06-05 00:00:00+00:00
[2026-06-05T13:56:09.707+0000] {processor.py:208} INFO - Processing /home/airflow/.local/lib/python3.12/site-packages/airflow/example_dags/example_branch_labels.py took 0.380 seconds
[2026-06-05T13:56:40.440+0000] {processor.py:186} INFO - Started process (PID=615) to work on /home/airflow/.local/lib/python3.12/site-packages/airflow/example_dags/example_branch_labels.py
[2026-06-05T13:56:40.472+0000] {processor.py:914} INFO - Processing file /home/airflow/.local/lib/python3.12/site-packages/airflow/example_dags/example_branch_labels.py for tasks to queue
[2026-06-05T13:56:40.495+0000] {logging_mixin.py:190} INFO - [2026-06-05T13:56:40.493+0000] {dagbag.py:588} INFO - Filling up the DagBag from /home/airflow/.local/lib/python3.12/site-packages/airflow/example_dags/example_branch_labels.py
[2026-06-05T13:56:40.631+0000] {processor.py:925} INFO - DAG(s) 'example_branch_labels' retrieved from /home/airflow/.local/lib/python3.12/site-packages/airflow/example_dags/example_branch_labels.py
[2026-06-05T13:56:40.826+0000] {logging_mixin.py:190} INFO - [2026-06-05T13:56:40.825+0000] {dag.py:3239} INFO - Sync 1 DAGs
[2026-06-05T13:56:41.083+0000] {logging_mixin.py:190} INFO - [2026-06-05T13:56:41.082+0000] {dag.py:4180} INFO - Setting next_dagrun for example_branch_labels to 2026-06-04 00:00:00+00:00, run_after=2026-06-05 00:00:00+00:00
[2026-06-05T13:56:41.255+0000] {processor.py:208} INFO - Processing /home/airflow/.local/lib/python3.12/site-packages/airflow/example_dags/example_branch_labels.py took 0.874 seconds
[2026-06-05T13:57:11.874+0000] {processor.py:186} INFO - Started process (PID=677) to work on /home/airflow/.local/lib/python3.12/site-packages/airflow/example_dags/example_branch_labels.py
[2026-06-05T13:57:11.876+0000] {processor.py:914} INFO - Processing file /home/airflow/.local/lib/python3.12/site-packages/airflow/example_dags/example_branch_labels.py for tasks to queue
[2026-06-05T13:57:11.881+0000] {logging_mixin.py:190} INFO - [2026-06-05T13:57:11.880+0000] {dagbag.py:588} INFO - Filling up the DagBag from /home/airflow/.local/lib/python3.12/site-packages/airflow/example_dags/example_branch_labels.py
[2026-06-05T13:57:11.903+0000] {processor.py:925} INFO - DAG(s) 'example_branch_labels' retrieved from /home/airflow/.local/lib/python3.12/site-packages/airflow/example_dags/example_branch_labels.py
[2026-06-05T13:57:11.968+0000] {logging_mixin.py:190} INFO - [2026-06-05T13:57:11.967+0000] {dag.py:3239} INFO - Sync 1 DAGs
[2026-06-05T13:57:12.023+0000] {logging_mixin.py:190} INFO - [2026-06-05T13:57:12.022+0000] {dag.py:4180} INFO - Setting next_dagrun for example_branch_labels to 2026-06-04 00:00:00+00:00, run_after=2026-06-05 00:00:00+00:00
[2026-06-05T13:57:12.073+0000] {processor.py:208} INFO - Processing /home/airflow/.local/lib/python3.12/site-packages/airflow/example_dags/example_branch_labels.py took 0.217 seconds
[2026-06-05T13:57:42.790+0000] {processor.py:186} INFO - Started process (PID=739) to work on /home/airflow/.local/lib/python3.12/site-packages/airflow/example_dags/example_branch_labels.py
[2026-06-05T13:57:42.805+0000] {processor.py:914} INFO - Processing file /home/airflow/.local/lib/python3.12/site-packages/airflow/example_dags/example_branch_labels.py for tasks to queue
[2026-06-05T13:57:42.827+0000] {logging_mixin.py:190} INFO - [2026-06-05T13:57:42.825+0000] {dagbag.py:588} INFO - Filling up the DagBag from /home/airflow/.local/lib/python3.12/site-packages/airflow/example_dags/example_branch_labels.py
[2026-06-05T13:57:42.938+0000] {processor.py:925} INFO - DAG(s) 'example_branch_labels' retrieved from /home/airflow/.local/lib/python3.12/site-packages/airflow/example_dags/example_branch_labels.py
[2026-06-05T13:57:43.111+0000] {logging_mixin.py:190} INFO - [2026-06-05T13:57:43.110+0000] {dag.py:3239} INFO - Sync 1 DAGs
[2026-06-05T13:57:43.274+0000] {logging_mixin.py:190} INFO - [2026-06-05T13:57:43.273+0000] {dag.py:4180} INFO - Setting next_dagrun for example_branch_labels to 2026-06-04 00:00:00+00:00, run_after=2026-06-05 00:00:00+00:00
[2026-06-05T13:57:43.438+0000] {processor.py:208} INFO - Processing /home/airflow/.local/lib/python3.12/site-packages/airflow/example_dags/example_branch_labels.py took 0.700 seconds
[2026-06-05T13:58:16.725+0000] {processor.py:186} INFO - Started process (PID=801) to work on /home/airflow/.local/lib/python3.12/site-packages/airflow/example_dags/example_branch_labels.py
[2026-06-05T13:58:16.728+0000] {processor.py:914} INFO - Processing file /home/airflow/.local/lib/python3.12/site-packages/airflow/example_dags/example_branch_labels.py for tasks to queue
[2026-06-05T13:58:16.741+0000] {logging_mixin.py:190} INFO - [2026-06-05T13:58:16.740+0000] {dagbag.py:588} INFO - Filling up the DagBag from /home/airflow/.local/lib/python3.12/site-packages/airflow/example_dags/example_branch_labels.py
[2026-06-05T13:58:16.778+0000] {processor.py:925} INFO - DAG(s) 'example_branch_labels' retrieved from /home/airflow/.local/lib/python3.12/site-packages/airflow/example_dags/example_branch_labels.py
[2026-06-05T13:58:16.871+0000] {logging_mixin.py:190} INFO - [2026-06-05T13:58:16.870+0000] {dag.py:3239} INFO - Sync 1 DAGs
[2026-06-05T13:58:16.974+0000] {logging_mixin.py:190} INFO - [2026-06-05T13:58:16.973+0000] {dag.py:4180} INFO - Setting next_dagrun for example_branch_labels to 2026-06-04 00:00:00+00:00, run_after=2026-06-05 00:00:00+00:00
[2026-06-05T13:58:17.048+0000] {processor.py:208} INFO - Processing /home/airflow/.local/lib/python3.12/site-packages/airflow/example_dags/example_branch_labels.py took 0.371 seconds
[2026-06-05T13:58:49.375+0000] {processor.py:186} INFO - Started process (PID=870) to work on /home/airflow/.local/lib/python3.12/site-packages/airflow/example_dags/example_branch_labels.py
[2026-06-05T13:58:49.378+0000] {processor.py:914} INFO - Processing file /home/airflow/.local/lib/python3.12/site-packages/airflow/example_dags/example_branch_labels.py for tasks to queue
[2026-06-05T13:58:49.392+0000] {logging_mixin.py:190} INFO - [2026-06-05T13:58:49.391+0000] {dagbag.py:588} INFO - Filling up the DagBag from /home/airflow/.local/lib/python3.12/site-packages/airflow/example_dags/example_branch_labels.py
[2026-06-05T13:58:49.466+0000] {processor.py:925} INFO - DAG(s) 'example_branch_labels' retrieved from /home/airflow/.local/lib/python3.12/site-packages/airflow/example_dags/example_branch_labels.py
[2026-06-05T13:58:49.709+0000] {logging_mixin.py:190} INFO - [2026-06-05T13:58:49.708+0000] {dag.py:3239} INFO - Sync 1 DAGs
[2026-06-05T13:58:49.990+0000] {logging_mixin.py:190} INFO - [2026-06-05T13:58:49.979+0000] {dag.py:4180} INFO - Setting next_dagrun for example_branch_labels to 2026-06-04 00:00:00+00:00, run_after=2026-06-05 00:00:00+00:00
[2026-06-05T13:58:50.306+0000] {processor.py:208} INFO - Processing /home/airflow/.local/lib/python3.12/site-packages/airflow/example_dags/example_branch_labels.py took 0.957 seconds
[2026-06-05T13:59:21.181+0000] {processor.py:186} INFO - Started process (PID=932) to work on /home/airflow/.local/lib/python3.12/site-packages/airflow/example_dags/example_branch_labels.py
[2026-06-05T13:59:21.200+0000] {processor.py:914} INFO - Processing file /home/airflow/.local/lib/python3.12/site-packages/airflow/example_dags/example_branch_labels.py for tasks to queue
[2026-06-05T13:59:21.220+0000] {logging_mixin.py:190} INFO - [2026-06-05T13:59:21.219+0000] {dagbag.py:588} INFO - Filling up the DagBag from /home/airflow/.local/lib/python3.12/site-packages/airflow/example_dags/example_branch_labels.py
[2026-06-05T13:59:21.287+0000] {processor.py:925} INFO - DAG(s) 'example_branch_labels' retrieved from /home/airflow/.local/lib/python3.12/site-packages/airflow/example_dags/example_branch_labels.py
[2026-06-05T13:59:21.454+0000] {logging_mixin.py:190} INFO - [2026-06-05T13:59:21.453+0000] {dag.py:3239} INFO - Sync 1 DAGs
[2026-06-05T13:59:21.708+0000] {logging_mixin.py:190} INFO - [2026-06-05T13:59:21.707+0000] {dag.py:4180} INFO - Setting next_dagrun for example_branch_labels to 2026-06-04 00:00:00+00:00, run_after=2026-06-05 00:00:00+00:00
[2026-06-05T13:59:21.871+0000] {processor.py:208} INFO - Processing /home/airflow/.local/lib/python3.12/site-packages/airflow/example_dags/example_branch_labels.py took 0.717 seconds
