[2026-06-05T13:52:19.568+0000] {processor.py:186} INFO - Started process (PID=112) to work on /home/airflow/.local/lib/python3.12/site-packages/airflow/example_dags/example_latest_only_with_trigger.py
[2026-06-05T13:52:19.572+0000] {processor.py:914} INFO - Processing file /home/airflow/.local/lib/python3.12/site-packages/airflow/example_dags/example_latest_only_with_trigger.py for tasks to queue
[2026-06-05T13:52:19.582+0000] {logging_mixin.py:190} INFO - [2026-06-05T13:52:19.581+0000] {dagbag.py:588} INFO - Filling up the DagBag from /home/airflow/.local/lib/python3.12/site-packages/airflow/example_dags/example_latest_only_with_trigger.py
[2026-06-05T13:52:19.617+0000] {processor.py:925} INFO - DAG(s) 'latest_only_with_trigger' retrieved from /home/airflow/.local/lib/python3.12/site-packages/airflow/example_dags/example_latest_only_with_trigger.py
[2026-06-05T13:52:20.374+0000] {logging_mixin.py:190} INFO - [2026-06-05T13:52:20.371+0000] {override.py:1900} INFO - Created Permission View: can delete on DAG:latest_only_with_trigger
[2026-06-05T13:52:20.509+0000] {logging_mixin.py:190} INFO - [2026-06-05T13:52:20.509+0000] {override.py:1900} INFO - Created Permission View: can read on DAG:latest_only_with_trigger
[2026-06-05T13:52:20.609+0000] {logging_mixin.py:190} INFO - [2026-06-05T13:52:20.608+0000] {override.py:1900} INFO - Created Permission View: can edit on DAG:latest_only_with_trigger
[2026-06-05T13:52:20.707+0000] {logging_mixin.py:190} INFO - [2026-06-05T13:52:20.706+0000] {override.py:1900} INFO - Created Permission View: menu access on DAG Run:latest_only_with_trigger
[2026-06-05T13:52:20.807+0000] {logging_mixin.py:190} INFO - [2026-06-05T13:52:20.806+0000] {override.py:1900} INFO - Created Permission View: can delete on DAG Run:latest_only_with_trigger
[2026-06-05T13:52:20.881+0000] {logging_mixin.py:190} INFO - [2026-06-05T13:52:20.880+0000] {override.py:1900} INFO - Created Permission View: can read on DAG Run:latest_only_with_trigger
[2026-06-05T13:52:20.971+0000] {logging_mixin.py:190} INFO - [2026-06-05T13:52:20.970+0000] {override.py:1900} INFO - Created Permission View: can create on DAG Run:latest_only_with_trigger
[2026-06-05T13:52:20.986+0000] {logging_mixin.py:190} INFO - [2026-06-05T13:52:20.985+0000] {dag.py:3239} INFO - Sync 1 DAGs
[2026-06-05T13:52:21.646+0000] {logging_mixin.py:190} INFO - [2026-06-05T13:52:21.645+0000] {dag.py:3262} INFO - Creating ORM DAG for latest_only_with_trigger
[2026-06-05T13:52:21.798+0000] {logging_mixin.py:190} INFO - [2026-06-05T13:52:21.797+0000] {dag.py:4180} INFO - Setting next_dagrun for latest_only_with_trigger to 2026-06-05 08:00:00+00:00, run_after=2026-06-05 12:00:00+00:00
[2026-06-05T13:52:22.053+0000] {processor.py:208} INFO - Processing /home/airflow/.local/lib/python3.12/site-packages/airflow/example_dags/example_latest_only_with_trigger.py took 2.512 seconds
[2026-06-05T13:52:55.727+0000] {processor.py:186} INFO - Started process (PID=173) to work on /home/airflow/.local/lib/python3.12/site-packages/airflow/example_dags/example_latest_only_with_trigger.py
[2026-06-05T13:52:55.730+0000] {processor.py:914} INFO - Processing file /home/airflow/.local/lib/python3.12/site-packages/airflow/example_dags/example_latest_only_with_trigger.py for tasks to queue
[2026-06-05T13:52:55.750+0000] {logging_mixin.py:190} INFO - [2026-06-05T13:52:55.749+0000] {dagbag.py:588} INFO - Filling up the DagBag from /home/airflow/.local/lib/python3.12/site-packages/airflow/example_dags/example_latest_only_with_trigger.py
[2026-06-05T13:52:55.777+0000] {processor.py:925} INFO - DAG(s) 'latest_only_with_trigger' retrieved from /home/airflow/.local/lib/python3.12/site-packages/airflow/example_dags/example_latest_only_with_trigger.py
[2026-06-05T13:52:55.860+0000] {logging_mixin.py:190} INFO - [2026-06-05T13:52:55.859+0000] {dag.py:3239} INFO - Sync 1 DAGs
[2026-06-05T13:52:55.973+0000] {logging_mixin.py:190} INFO - [2026-06-05T13:52:55.972+0000] {dag.py:4180} INFO - Setting next_dagrun for latest_only_with_trigger to 2026-06-05 08:00:00+00:00, run_after=2026-06-05 12:00:00+00:00
[2026-06-05T13:52:56.062+0000] {processor.py:208} INFO - Processing /home/airflow/.local/lib/python3.12/site-packages/airflow/example_dags/example_latest_only_with_trigger.py took 0.352 seconds
[2026-06-05T13:53:26.356+0000] {processor.py:186} INFO - Started process (PID=234) to work on /home/airflow/.local/lib/python3.12/site-packages/airflow/example_dags/example_latest_only_with_trigger.py
[2026-06-05T13:53:26.360+0000] {processor.py:914} INFO - Processing file /home/airflow/.local/lib/python3.12/site-packages/airflow/example_dags/example_latest_only_with_trigger.py for tasks to queue
[2026-06-05T13:53:26.371+0000] {logging_mixin.py:190} INFO - [2026-06-05T13:53:26.370+0000] {dagbag.py:588} INFO - Filling up the DagBag from /home/airflow/.local/lib/python3.12/site-packages/airflow/example_dags/example_latest_only_with_trigger.py
[2026-06-05T13:53:26.419+0000] {processor.py:925} INFO - DAG(s) 'latest_only_with_trigger' retrieved from /home/airflow/.local/lib/python3.12/site-packages/airflow/example_dags/example_latest_only_with_trigger.py
[2026-06-05T13:53:26.521+0000] {logging_mixin.py:190} INFO - [2026-06-05T13:53:26.521+0000] {dag.py:3239} INFO - Sync 1 DAGs
[2026-06-05T13:53:26.720+0000] {logging_mixin.py:190} INFO - [2026-06-05T13:53:26.719+0000] {dag.py:4180} INFO - Setting next_dagrun for latest_only_with_trigger to 2026-06-05 08:00:00+00:00, run_after=2026-06-05 12:00:00+00:00
[2026-06-05T13:53:26.853+0000] {processor.py:208} INFO - Processing /home/airflow/.local/lib/python3.12/site-packages/airflow/example_dags/example_latest_only_with_trigger.py took 0.518 seconds
[2026-06-05T13:53:57.275+0000] {processor.py:186} INFO - Started process (PID=296) to work on /home/airflow/.local/lib/python3.12/site-packages/airflow/example_dags/example_latest_only_with_trigger.py
[2026-06-05T13:53:57.277+0000] {processor.py:914} INFO - Processing file /home/airflow/.local/lib/python3.12/site-packages/airflow/example_dags/example_latest_only_with_trigger.py for tasks to queue
[2026-06-05T13:53:57.284+0000] {logging_mixin.py:190} INFO - [2026-06-05T13:53:57.283+0000] {dagbag.py:588} INFO - Filling up the DagBag from /home/airflow/.local/lib/python3.12/site-packages/airflow/example_dags/example_latest_only_with_trigger.py
[2026-06-05T13:53:57.301+0000] {processor.py:925} INFO - DAG(s) 'latest_only_with_trigger' retrieved from /home/airflow/.local/lib/python3.12/site-packages/airflow/example_dags/example_latest_only_with_trigger.py
[2026-06-05T13:53:57.347+0000] {logging_mixin.py:190} INFO - [2026-06-05T13:53:57.346+0000] {dag.py:3239} INFO - Sync 1 DAGs
[2026-06-05T13:53:57.392+0000] {logging_mixin.py:190} INFO - [2026-06-05T13:53:57.391+0000] {dag.py:4180} INFO - Setting next_dagrun for latest_only_with_trigger to 2026-06-05 08:00:00+00:00, run_after=2026-06-05 12:00:00+00:00
[2026-06-05T13:53:57.433+0000] {processor.py:208} INFO - Processing /home/airflow/.local/lib/python3.12/site-packages/airflow/example_dags/example_latest_only_with_trigger.py took 0.173 seconds
[2026-06-05T13:54:27.638+0000] {processor.py:186} INFO - Started process (PID=358) to work on /home/airflow/.local/lib/python3.12/site-packages/airflow/example_dags/example_latest_only_with_trigger.py
[2026-06-05T13:54:27.641+0000] {processor.py:914} INFO - Processing file /home/airflow/.local/lib/python3.12/site-packages/airflow/example_dags/example_latest_only_with_trigger.py for tasks to queue
[2026-06-05T13:54:27.648+0000] {logging_mixin.py:190} INFO - [2026-06-05T13:54:27.647+0000] {dagbag.py:588} INFO - Filling up the DagBag from /home/airflow/.local/lib/python3.12/site-packages/airflow/example_dags/example_latest_only_with_trigger.py
[2026-06-05T13:54:27.665+0000] {processor.py:925} INFO - DAG(s) 'latest_only_with_trigger' retrieved from /home/airflow/.local/lib/python3.12/site-packages/airflow/example_dags/example_latest_only_with_trigger.py
[2026-06-05T13:54:27.721+0000] {logging_mixin.py:190} INFO - [2026-06-05T13:54:27.720+0000] {dag.py:3239} INFO - Sync 1 DAGs
[2026-06-05T13:54:27.777+0000] {logging_mixin.py:190} INFO - [2026-06-05T13:54:27.777+0000] {dag.py:4180} INFO - Setting next_dagrun for latest_only_with_trigger to 2026-06-05 08:00:00+00:00, run_after=2026-06-05 12:00:00+00:00
[2026-06-05T13:54:27.827+0000] {processor.py:208} INFO - Processing /home/airflow/.local/lib/python3.12/site-packages/airflow/example_dags/example_latest_only_with_trigger.py took 0.206 seconds
[2026-06-05T13:55:05.011+0000] {processor.py:186} INFO - Started process (PID=421) to work on /home/airflow/.local/lib/python3.12/site-packages/airflow/example_dags/example_latest_only_with_trigger.py
[2026-06-05T13:55:05.014+0000] {processor.py:914} INFO - Processing file /home/airflow/.local/lib/python3.12/site-packages/airflow/example_dags/example_latest_only_with_trigger.py for tasks to queue
[2026-06-05T13:55:05.025+0000] {logging_mixin.py:190} INFO - [2026-06-05T13:55:05.023+0000] {dagbag.py:588} INFO - Filling up the DagBag from /home/airflow/.local/lib/python3.12/site-packages/airflow/example_dags/example_latest_only_with_trigger.py
[2026-06-05T13:55:05.061+0000] {processor.py:925} INFO - DAG(s) 'latest_only_with_trigger' retrieved from /home/airflow/.local/lib/python3.12/site-packages/airflow/example_dags/example_latest_only_with_trigger.py
[2026-06-05T13:55:05.129+0000] {logging_mixin.py:190} INFO - [2026-06-05T13:55:05.128+0000] {dag.py:3239} INFO - Sync 1 DAGs
[2026-06-05T13:55:05.211+0000] {logging_mixin.py:190} INFO - [2026-06-05T13:55:05.210+0000] {dag.py:4180} INFO - Setting next_dagrun for latest_only_with_trigger to 2026-06-05 08:00:00+00:00, run_after=2026-06-05 12:00:00+00:00
[2026-06-05T13:55:05.277+0000] {processor.py:208} INFO - Processing /home/airflow/.local/lib/python3.12/site-packages/airflow/example_dags/example_latest_only_with_trigger.py took 0.295 seconds
[2026-06-05T13:55:36.065+0000] {processor.py:186} INFO - Started process (PID=483) to work on /home/airflow/.local/lib/python3.12/site-packages/airflow/example_dags/example_latest_only_with_trigger.py
[2026-06-05T13:55:36.068+0000] {processor.py:914} INFO - Processing file /home/airflow/.local/lib/python3.12/site-packages/airflow/example_dags/example_latest_only_with_trigger.py for tasks to queue
[2026-06-05T13:55:36.082+0000] {logging_mixin.py:190} INFO - [2026-06-05T13:55:36.078+0000] {dagbag.py:588} INFO - Filling up the DagBag from /home/airflow/.local/lib/python3.12/site-packages/airflow/example_dags/example_latest_only_with_trigger.py
[2026-06-05T13:55:36.111+0000] {processor.py:925} INFO - DAG(s) 'latest_only_with_trigger' retrieved from /home/airflow/.local/lib/python3.12/site-packages/airflow/example_dags/example_latest_only_with_trigger.py
[2026-06-05T13:55:36.164+0000] {logging_mixin.py:190} INFO - [2026-06-05T13:55:36.164+0000] {dag.py:3239} INFO - Sync 1 DAGs
[2026-06-05T13:55:36.215+0000] {logging_mixin.py:190} INFO - [2026-06-05T13:55:36.215+0000] {dag.py:4180} INFO - Setting next_dagrun for latest_only_with_trigger to 2026-06-05 08:00:00+00:00, run_after=2026-06-05 12:00:00+00:00
[2026-06-05T13:55:36.268+0000] {processor.py:208} INFO - Processing /home/airflow/.local/lib/python3.12/site-packages/airflow/example_dags/example_latest_only_with_trigger.py took 0.225 seconds
[2026-06-05T13:56:07.826+0000] {processor.py:186} INFO - Started process (PID=546) to work on /home/airflow/.local/lib/python3.12/site-packages/airflow/example_dags/example_latest_only_with_trigger.py
[2026-06-05T13:56:07.830+0000] {processor.py:914} INFO - Processing file /home/airflow/.local/lib/python3.12/site-packages/airflow/example_dags/example_latest_only_with_trigger.py for tasks to queue
[2026-06-05T13:56:07.838+0000] {logging_mixin.py:190} INFO - [2026-06-05T13:56:07.837+0000] {dagbag.py:588} INFO - Filling up the DagBag from /home/airflow/.local/lib/python3.12/site-packages/airflow/example_dags/example_latest_only_with_trigger.py
[2026-06-05T13:56:07.856+0000] {processor.py:925} INFO - DAG(s) 'latest_only_with_trigger' retrieved from /home/airflow/.local/lib/python3.12/site-packages/airflow/example_dags/example_latest_only_with_trigger.py
[2026-06-05T13:56:07.946+0000] {logging_mixin.py:190} INFO - [2026-06-05T13:56:07.942+0000] {dag.py:3239} INFO - Sync 1 DAGs
[2026-06-05T13:56:08.058+0000] {logging_mixin.py:190} INFO - [2026-06-05T13:56:08.058+0000] {dag.py:4180} INFO - Setting next_dagrun for latest_only_with_trigger to 2026-06-05 08:00:00+00:00, run_after=2026-06-05 12:00:00+00:00
[2026-06-05T13:56:08.124+0000] {processor.py:208} INFO - Processing /home/airflow/.local/lib/python3.12/site-packages/airflow/example_dags/example_latest_only_with_trigger.py took 0.314 seconds
[2026-06-05T13:56:38.403+0000] {processor.py:186} INFO - Started process (PID=609) to work on /home/airflow/.local/lib/python3.12/site-packages/airflow/example_dags/example_latest_only_with_trigger.py
[2026-06-05T13:56:38.406+0000] {processor.py:914} INFO - Processing file /home/airflow/.local/lib/python3.12/site-packages/airflow/example_dags/example_latest_only_with_trigger.py for tasks to queue
[2026-06-05T13:56:38.415+0000] {logging_mixin.py:190} INFO - [2026-06-05T13:56:38.414+0000] {dagbag.py:588} INFO - Filling up the DagBag from /home/airflow/.local/lib/python3.12/site-packages/airflow/example_dags/example_latest_only_with_trigger.py
[2026-06-05T13:56:38.435+0000] {processor.py:925} INFO - DAG(s) 'latest_only_with_trigger' retrieved from /home/airflow/.local/lib/python3.12/site-packages/airflow/example_dags/example_latest_only_with_trigger.py
[2026-06-05T13:56:38.501+0000] {logging_mixin.py:190} INFO - [2026-06-05T13:56:38.500+0000] {dag.py:3239} INFO - Sync 1 DAGs
[2026-06-05T13:56:38.570+0000] {logging_mixin.py:190} INFO - [2026-06-05T13:56:38.569+0000] {dag.py:4180} INFO - Setting next_dagrun for latest_only_with_trigger to 2026-06-05 08:00:00+00:00, run_after=2026-06-05 12:00:00+00:00
[2026-06-05T13:56:38.626+0000] {processor.py:208} INFO - Processing /home/airflow/.local/lib/python3.12/site-packages/airflow/example_dags/example_latest_only_with_trigger.py took 0.240 seconds
[2026-06-05T13:57:09.013+0000] {processor.py:186} INFO - Started process (PID=671) to work on /home/airflow/.local/lib/python3.12/site-packages/airflow/example_dags/example_latest_only_with_trigger.py
[2026-06-05T13:57:09.015+0000] {processor.py:914} INFO - Processing file /home/airflow/.local/lib/python3.12/site-packages/airflow/example_dags/example_latest_only_with_trigger.py for tasks to queue
[2026-06-05T13:57:09.021+0000] {logging_mixin.py:190} INFO - [2026-06-05T13:57:09.020+0000] {dagbag.py:588} INFO - Filling up the DagBag from /home/airflow/.local/lib/python3.12/site-packages/airflow/example_dags/example_latest_only_with_trigger.py
[2026-06-05T13:57:09.045+0000] {processor.py:925} INFO - DAG(s) 'latest_only_with_trigger' retrieved from /home/airflow/.local/lib/python3.12/site-packages/airflow/example_dags/example_latest_only_with_trigger.py
[2026-06-05T13:57:09.102+0000] {logging_mixin.py:190} INFO - [2026-06-05T13:57:09.102+0000] {dag.py:3239} INFO - Sync 1 DAGs
[2026-06-05T13:57:09.154+0000] {logging_mixin.py:190} INFO - [2026-06-05T13:57:09.153+0000] {dag.py:4180} INFO - Setting next_dagrun for latest_only_with_trigger to 2026-06-05 08:00:00+00:00, run_after=2026-06-05 12:00:00+00:00
[2026-06-05T13:57:09.197+0000] {processor.py:208} INFO - Processing /home/airflow/.local/lib/python3.12/site-packages/airflow/example_dags/example_latest_only_with_trigger.py took 0.196 seconds
[2026-06-05T13:57:40.230+0000] {processor.py:186} INFO - Started process (PID=733) to work on /home/airflow/.local/lib/python3.12/site-packages/airflow/example_dags/example_latest_only_with_trigger.py
[2026-06-05T13:57:40.234+0000] {processor.py:914} INFO - Processing file /home/airflow/.local/lib/python3.12/site-packages/airflow/example_dags/example_latest_only_with_trigger.py for tasks to queue
[2026-06-05T13:57:40.242+0000] {logging_mixin.py:190} INFO - [2026-06-05T13:57:40.242+0000] {dagbag.py:588} INFO - Filling up the DagBag from /home/airflow/.local/lib/python3.12/site-packages/airflow/example_dags/example_latest_only_with_trigger.py
[2026-06-05T13:57:40.268+0000] {processor.py:925} INFO - DAG(s) 'latest_only_with_trigger' retrieved from /home/airflow/.local/lib/python3.12/site-packages/airflow/example_dags/example_latest_only_with_trigger.py
[2026-06-05T13:57:40.327+0000] {logging_mixin.py:190} INFO - [2026-06-05T13:57:40.327+0000] {dag.py:3239} INFO - Sync 1 DAGs
[2026-06-05T13:57:40.412+0000] {logging_mixin.py:190} INFO - [2026-06-05T13:57:40.412+0000] {dag.py:4180} INFO - Setting next_dagrun for latest_only_with_trigger to 2026-06-05 08:00:00+00:00, run_after=2026-06-05 12:00:00+00:00
[2026-06-05T13:57:40.490+0000] {processor.py:208} INFO - Processing /home/airflow/.local/lib/python3.12/site-packages/airflow/example_dags/example_latest_only_with_trigger.py took 0.280 seconds
[2026-06-05T13:58:14.131+0000] {processor.py:186} INFO - Started process (PID=795) to work on /home/airflow/.local/lib/python3.12/site-packages/airflow/example_dags/example_latest_only_with_trigger.py
[2026-06-05T13:58:14.134+0000] {processor.py:914} INFO - Processing file /home/airflow/.local/lib/python3.12/site-packages/airflow/example_dags/example_latest_only_with_trigger.py for tasks to queue
[2026-06-05T13:58:14.152+0000] {logging_mixin.py:190} INFO - [2026-06-05T13:58:14.150+0000] {dagbag.py:588} INFO - Filling up the DagBag from /home/airflow/.local/lib/python3.12/site-packages/airflow/example_dags/example_latest_only_with_trigger.py
[2026-06-05T13:58:14.180+0000] {processor.py:925} INFO - DAG(s) 'latest_only_with_trigger' retrieved from /home/airflow/.local/lib/python3.12/site-packages/airflow/example_dags/example_latest_only_with_trigger.py
[2026-06-05T13:58:14.276+0000] {logging_mixin.py:190} INFO - [2026-06-05T13:58:14.275+0000] {dag.py:3239} INFO - Sync 1 DAGs
[2026-06-05T13:58:14.465+0000] {logging_mixin.py:190} INFO - [2026-06-05T13:58:14.464+0000] {dag.py:4180} INFO - Setting next_dagrun for latest_only_with_trigger to 2026-06-05 08:00:00+00:00, run_after=2026-06-05 12:00:00+00:00
[2026-06-05T13:58:14.702+0000] {processor.py:208} INFO - Processing /home/airflow/.local/lib/python3.12/site-packages/airflow/example_dags/example_latest_only_with_trigger.py took 0.608 seconds
[2026-06-05T13:58:46.498+0000] {processor.py:186} INFO - Started process (PID=858) to work on /home/airflow/.local/lib/python3.12/site-packages/airflow/example_dags/example_latest_only_with_trigger.py
[2026-06-05T13:58:46.501+0000] {processor.py:914} INFO - Processing file /home/airflow/.local/lib/python3.12/site-packages/airflow/example_dags/example_latest_only_with_trigger.py for tasks to queue
[2026-06-05T13:58:46.529+0000] {logging_mixin.py:190} INFO - [2026-06-05T13:58:46.517+0000] {dagbag.py:588} INFO - Filling up the DagBag from /home/airflow/.local/lib/python3.12/site-packages/airflow/example_dags/example_latest_only_with_trigger.py
[2026-06-05T13:58:46.595+0000] {processor.py:925} INFO - DAG(s) 'latest_only_with_trigger' retrieved from /home/airflow/.local/lib/python3.12/site-packages/airflow/example_dags/example_latest_only_with_trigger.py
[2026-06-05T13:58:46.782+0000] {logging_mixin.py:190} INFO - [2026-06-05T13:58:46.781+0000] {dag.py:3239} INFO - Sync 1 DAGs
[2026-06-05T13:58:47.065+0000] {logging_mixin.py:190} INFO - [2026-06-05T13:58:47.054+0000] {dag.py:4180} INFO - Setting next_dagrun for latest_only_with_trigger to 2026-06-05 08:00:00+00:00, run_after=2026-06-05 12:00:00+00:00
[2026-06-05T13:58:47.247+0000] {processor.py:208} INFO - Processing /home/airflow/.local/lib/python3.12/site-packages/airflow/example_dags/example_latest_only_with_trigger.py took 0.801 seconds
[2026-06-05T13:59:17.881+0000] {processor.py:186} INFO - Started process (PID=919) to work on /home/airflow/.local/lib/python3.12/site-packages/airflow/example_dags/example_latest_only_with_trigger.py
[2026-06-05T13:59:17.883+0000] {processor.py:914} INFO - Processing file /home/airflow/.local/lib/python3.12/site-packages/airflow/example_dags/example_latest_only_with_trigger.py for tasks to queue
[2026-06-05T13:59:17.888+0000] {logging_mixin.py:190} INFO - [2026-06-05T13:59:17.888+0000] {dagbag.py:588} INFO - Filling up the DagBag from /home/airflow/.local/lib/python3.12/site-packages/airflow/example_dags/example_latest_only_with_trigger.py
[2026-06-05T13:59:17.911+0000] {processor.py:925} INFO - DAG(s) 'latest_only_with_trigger' retrieved from /home/airflow/.local/lib/python3.12/site-packages/airflow/example_dags/example_latest_only_with_trigger.py
[2026-06-05T13:59:17.961+0000] {logging_mixin.py:190} INFO - [2026-06-05T13:59:17.961+0000] {dag.py:3239} INFO - Sync 1 DAGs
[2026-06-05T13:59:18.004+0000] {logging_mixin.py:190} INFO - [2026-06-05T13:59:18.004+0000] {dag.py:4180} INFO - Setting next_dagrun for latest_only_with_trigger to 2026-06-05 08:00:00+00:00, run_after=2026-06-05 12:00:00+00:00
[2026-06-05T13:59:18.042+0000] {processor.py:208} INFO - Processing /home/airflow/.local/lib/python3.12/site-packages/airflow/example_dags/example_latest_only_with_trigger.py took 0.175 seconds
