[2026-06-05T13:52:38.943+0000] {processor.py:186} INFO - Started process (PID=135) to work on /home/airflow/.local/lib/python3.12/site-packages/airflow/example_dags/example_latest_only.py
[2026-06-05T13:52:38.953+0000] {processor.py:914} INFO - Processing file /home/airflow/.local/lib/python3.12/site-packages/airflow/example_dags/example_latest_only.py for tasks to queue
[2026-06-05T13:52:38.967+0000] {logging_mixin.py:190} INFO - [2026-06-05T13:52:38.965+0000] {dagbag.py:588} INFO - Filling up the DagBag from /home/airflow/.local/lib/python3.12/site-packages/airflow/example_dags/example_latest_only.py
[2026-06-05T13:52:39.002+0000] {processor.py:925} INFO - DAG(s) 'latest_only' retrieved from /home/airflow/.local/lib/python3.12/site-packages/airflow/example_dags/example_latest_only.py
[2026-06-05T13:52:39.448+0000] {logging_mixin.py:190} INFO - [2026-06-05T13:52:39.444+0000] {override.py:1900} INFO - Created Permission View: can delete on DAG:latest_only
[2026-06-05T13:52:39.498+0000] {logging_mixin.py:190} INFO - [2026-06-05T13:52:39.498+0000] {override.py:1900} INFO - Created Permission View: can read on DAG:latest_only
[2026-06-05T13:52:39.531+0000] {logging_mixin.py:190} INFO - [2026-06-05T13:52:39.530+0000] {override.py:1900} INFO - Created Permission View: can edit on DAG:latest_only
[2026-06-05T13:52:39.572+0000] {logging_mixin.py:190} INFO - [2026-06-05T13:52:39.571+0000] {override.py:1900} INFO - Created Permission View: menu access on DAG Run:latest_only
[2026-06-05T13:52:39.616+0000] {logging_mixin.py:190} INFO - [2026-06-05T13:52:39.612+0000] {override.py:1900} INFO - Created Permission View: can delete on DAG Run:latest_only
[2026-06-05T13:52:39.644+0000] {logging_mixin.py:190} INFO - [2026-06-05T13:52:39.643+0000] {override.py:1900} INFO - Created Permission View: can read on DAG Run:latest_only
[2026-06-05T13:52:39.667+0000] {logging_mixin.py:190} INFO - [2026-06-05T13:52:39.666+0000] {override.py:1900} INFO - Created Permission View: can create on DAG Run:latest_only
[2026-06-05T13:52:39.669+0000] {logging_mixin.py:190} INFO - [2026-06-05T13:52:39.669+0000] {dag.py:3239} INFO - Sync 1 DAGs
[2026-06-05T13:52:39.713+0000] {logging_mixin.py:190} INFO - [2026-06-05T13:52:39.712+0000] {dag.py:3262} INFO - Creating ORM DAG for latest_only
[2026-06-05T13:52:39.746+0000] {logging_mixin.py:190} INFO - [2026-06-05T13:52:39.745+0000] {dag.py:4180} INFO - Setting next_dagrun for latest_only to 2026-06-05 08:00:00+00:00, run_after=2026-06-05 12:00:00+00:00
[2026-06-05T13:52:39.807+0000] {processor.py:208} INFO - Processing /home/airflow/.local/lib/python3.12/site-packages/airflow/example_dags/example_latest_only.py took 0.892 seconds
[2026-06-05T13:53:10.301+0000] {processor.py:186} INFO - Started process (PID=196) to work on /home/airflow/.local/lib/python3.12/site-packages/airflow/example_dags/example_latest_only.py
[2026-06-05T13:53:10.303+0000] {processor.py:914} INFO - Processing file /home/airflow/.local/lib/python3.12/site-packages/airflow/example_dags/example_latest_only.py for tasks to queue
[2026-06-05T13:53:10.308+0000] {logging_mixin.py:190} INFO - [2026-06-05T13:53:10.307+0000] {dagbag.py:588} INFO - Filling up the DagBag from /home/airflow/.local/lib/python3.12/site-packages/airflow/example_dags/example_latest_only.py
[2026-06-05T13:53:10.319+0000] {processor.py:925} INFO - DAG(s) 'latest_only' retrieved from /home/airflow/.local/lib/python3.12/site-packages/airflow/example_dags/example_latest_only.py
[2026-06-05T13:53:10.348+0000] {logging_mixin.py:190} INFO - [2026-06-05T13:53:10.347+0000] {dag.py:3239} INFO - Sync 1 DAGs
[2026-06-05T13:53:10.379+0000] {logging_mixin.py:190} INFO - [2026-06-05T13:53:10.379+0000] {dag.py:4180} INFO - Setting next_dagrun for latest_only to 2026-06-05 08:00:00+00:00, run_after=2026-06-05 12:00:00+00:00
[2026-06-05T13:53:10.411+0000] {processor.py:208} INFO - Processing /home/airflow/.local/lib/python3.12/site-packages/airflow/example_dags/example_latest_only.py took 0.119 seconds
[2026-06-05T13:53:40.951+0000] {processor.py:186} INFO - Started process (PID=258) to work on /home/airflow/.local/lib/python3.12/site-packages/airflow/example_dags/example_latest_only.py
[2026-06-05T13:53:40.965+0000] {processor.py:914} INFO - Processing file /home/airflow/.local/lib/python3.12/site-packages/airflow/example_dags/example_latest_only.py for tasks to queue
[2026-06-05T13:53:40.981+0000] {logging_mixin.py:190} INFO - [2026-06-05T13:53:40.979+0000] {dagbag.py:588} INFO - Filling up the DagBag from /home/airflow/.local/lib/python3.12/site-packages/airflow/example_dags/example_latest_only.py
[2026-06-05T13:53:41.057+0000] {processor.py:925} INFO - DAG(s) 'latest_only' retrieved from /home/airflow/.local/lib/python3.12/site-packages/airflow/example_dags/example_latest_only.py
[2026-06-05T13:53:41.239+0000] {logging_mixin.py:190} INFO - [2026-06-05T13:53:41.231+0000] {dag.py:3239} INFO - Sync 1 DAGs
[2026-06-05T13:53:41.419+0000] {logging_mixin.py:190} INFO - [2026-06-05T13:53:41.417+0000] {dag.py:4180} INFO - Setting next_dagrun for latest_only to 2026-06-05 08:00:00+00:00, run_after=2026-06-05 12:00:00+00:00
[2026-06-05T13:53:41.534+0000] {processor.py:208} INFO - Processing /home/airflow/.local/lib/python3.12/site-packages/airflow/example_dags/example_latest_only.py took 0.639 seconds
[2026-06-05T13:54:11.713+0000] {processor.py:186} INFO - Started process (PID=319) to work on /home/airflow/.local/lib/python3.12/site-packages/airflow/example_dags/example_latest_only.py
[2026-06-05T13:54:11.715+0000] {processor.py:914} INFO - Processing file /home/airflow/.local/lib/python3.12/site-packages/airflow/example_dags/example_latest_only.py for tasks to queue
[2026-06-05T13:54:11.720+0000] {logging_mixin.py:190} INFO - [2026-06-05T13:54:11.719+0000] {dagbag.py:588} INFO - Filling up the DagBag from /home/airflow/.local/lib/python3.12/site-packages/airflow/example_dags/example_latest_only.py
[2026-06-05T13:54:11.735+0000] {processor.py:925} INFO - DAG(s) 'latest_only' retrieved from /home/airflow/.local/lib/python3.12/site-packages/airflow/example_dags/example_latest_only.py
[2026-06-05T13:54:11.783+0000] {logging_mixin.py:190} INFO - [2026-06-05T13:54:11.783+0000] {dag.py:3239} INFO - Sync 1 DAGs
[2026-06-05T13:54:11.833+0000] {logging_mixin.py:190} INFO - [2026-06-05T13:54:11.833+0000] {dag.py:4180} INFO - Setting next_dagrun for latest_only to 2026-06-05 08:00:00+00:00, run_after=2026-06-05 12:00:00+00:00
[2026-06-05T13:54:11.880+0000] {processor.py:208} INFO - Processing /home/airflow/.local/lib/python3.12/site-packages/airflow/example_dags/example_latest_only.py took 0.179 seconds
[2026-06-05T13:54:42.192+0000] {processor.py:186} INFO - Started process (PID=380) to work on /home/airflow/.local/lib/python3.12/site-packages/airflow/example_dags/example_latest_only.py
[2026-06-05T13:54:42.200+0000] {processor.py:914} INFO - Processing file /home/airflow/.local/lib/python3.12/site-packages/airflow/example_dags/example_latest_only.py for tasks to queue
[2026-06-05T13:54:42.220+0000] {logging_mixin.py:190} INFO - [2026-06-05T13:54:42.209+0000] {dagbag.py:588} INFO - Filling up the DagBag from /home/airflow/.local/lib/python3.12/site-packages/airflow/example_dags/example_latest_only.py
[2026-06-05T13:54:42.257+0000] {processor.py:925} INFO - DAG(s) 'latest_only' retrieved from /home/airflow/.local/lib/python3.12/site-packages/airflow/example_dags/example_latest_only.py
[2026-06-05T13:54:42.338+0000] {logging_mixin.py:190} INFO - [2026-06-05T13:54:42.338+0000] {dag.py:3239} INFO - Sync 1 DAGs
[2026-06-05T13:54:42.425+0000] {logging_mixin.py:190} INFO - [2026-06-05T13:54:42.423+0000] {dag.py:4180} INFO - Setting next_dagrun for latest_only to 2026-06-05 08:00:00+00:00, run_after=2026-06-05 12:00:00+00:00
[2026-06-05T13:54:42.508+0000] {processor.py:208} INFO - Processing /home/airflow/.local/lib/python3.12/site-packages/airflow/example_dags/example_latest_only.py took 0.345 seconds
[2026-06-05T13:55:12.750+0000] {processor.py:186} INFO - Started process (PID=442) to work on /home/airflow/.local/lib/python3.12/site-packages/airflow/example_dags/example_latest_only.py
[2026-06-05T13:55:12.754+0000] {processor.py:914} INFO - Processing file /home/airflow/.local/lib/python3.12/site-packages/airflow/example_dags/example_latest_only.py for tasks to queue
[2026-06-05T13:55:12.770+0000] {logging_mixin.py:190} INFO - [2026-06-05T13:55:12.768+0000] {dagbag.py:588} INFO - Filling up the DagBag from /home/airflow/.local/lib/python3.12/site-packages/airflow/example_dags/example_latest_only.py
[2026-06-05T13:55:12.809+0000] {processor.py:925} INFO - DAG(s) 'latest_only' retrieved from /home/airflow/.local/lib/python3.12/site-packages/airflow/example_dags/example_latest_only.py
[2026-06-05T13:55:12.904+0000] {logging_mixin.py:190} INFO - [2026-06-05T13:55:12.903+0000] {dag.py:3239} INFO - Sync 1 DAGs
[2026-06-05T13:55:12.989+0000] {logging_mixin.py:190} INFO - [2026-06-05T13:55:12.988+0000] {dag.py:4180} INFO - Setting next_dagrun for latest_only to 2026-06-05 08:00:00+00:00, run_after=2026-06-05 12:00:00+00:00
[2026-06-05T13:55:13.052+0000] {processor.py:208} INFO - Processing /home/airflow/.local/lib/python3.12/site-packages/airflow/example_dags/example_latest_only.py took 0.331 seconds
[2026-06-05T13:55:43.452+0000] {processor.py:186} INFO - Started process (PID=504) to work on /home/airflow/.local/lib/python3.12/site-packages/airflow/example_dags/example_latest_only.py
[2026-06-05T13:55:43.455+0000] {processor.py:914} INFO - Processing file /home/airflow/.local/lib/python3.12/site-packages/airflow/example_dags/example_latest_only.py for tasks to queue
[2026-06-05T13:55:43.464+0000] {logging_mixin.py:190} INFO - [2026-06-05T13:55:43.463+0000] {dagbag.py:588} INFO - Filling up the DagBag from /home/airflow/.local/lib/python3.12/site-packages/airflow/example_dags/example_latest_only.py
[2026-06-05T13:55:43.486+0000] {processor.py:925} INFO - DAG(s) 'latest_only' retrieved from /home/airflow/.local/lib/python3.12/site-packages/airflow/example_dags/example_latest_only.py
[2026-06-05T13:55:43.577+0000] {logging_mixin.py:190} INFO - [2026-06-05T13:55:43.575+0000] {dag.py:3239} INFO - Sync 1 DAGs
[2026-06-05T13:55:43.749+0000] {logging_mixin.py:190} INFO - [2026-06-05T13:55:43.747+0000] {dag.py:4180} INFO - Setting next_dagrun for latest_only to 2026-06-05 08:00:00+00:00, run_after=2026-06-05 12:00:00+00:00
[2026-06-05T13:55:43.843+0000] {processor.py:208} INFO - Processing /home/airflow/.local/lib/python3.12/site-packages/airflow/example_dags/example_latest_only.py took 0.408 seconds
[2026-06-05T13:56:14.284+0000] {processor.py:186} INFO - Started process (PID=567) to work on /home/airflow/.local/lib/python3.12/site-packages/airflow/example_dags/example_latest_only.py
[2026-06-05T13:56:14.287+0000] {processor.py:914} INFO - Processing file /home/airflow/.local/lib/python3.12/site-packages/airflow/example_dags/example_latest_only.py for tasks to queue
[2026-06-05T13:56:14.293+0000] {logging_mixin.py:190} INFO - [2026-06-05T13:56:14.292+0000] {dagbag.py:588} INFO - Filling up the DagBag from /home/airflow/.local/lib/python3.12/site-packages/airflow/example_dags/example_latest_only.py
[2026-06-05T13:56:14.305+0000] {processor.py:925} INFO - DAG(s) 'latest_only' retrieved from /home/airflow/.local/lib/python3.12/site-packages/airflow/example_dags/example_latest_only.py
[2026-06-05T13:56:14.341+0000] {logging_mixin.py:190} INFO - [2026-06-05T13:56:14.341+0000] {dag.py:3239} INFO - Sync 1 DAGs
[2026-06-05T13:56:14.404+0000] {logging_mixin.py:190} INFO - [2026-06-05T13:56:14.403+0000] {dag.py:4180} INFO - Setting next_dagrun for latest_only to 2026-06-05 08:00:00+00:00, run_after=2026-06-05 12:00:00+00:00
[2026-06-05T13:56:14.448+0000] {processor.py:208} INFO - Processing /home/airflow/.local/lib/python3.12/site-packages/airflow/example_dags/example_latest_only.py took 0.178 seconds
[2026-06-05T13:56:47.732+0000] {processor.py:186} INFO - Started process (PID=636) to work on /home/airflow/.local/lib/python3.12/site-packages/airflow/example_dags/example_latest_only.py
[2026-06-05T13:56:47.746+0000] {processor.py:914} INFO - Processing file /home/airflow/.local/lib/python3.12/site-packages/airflow/example_dags/example_latest_only.py for tasks to queue
[2026-06-05T13:56:47.765+0000] {logging_mixin.py:190} INFO - [2026-06-05T13:56:47.764+0000] {dagbag.py:588} INFO - Filling up the DagBag from /home/airflow/.local/lib/python3.12/site-packages/airflow/example_dags/example_latest_only.py
[2026-06-05T13:56:47.829+0000] {processor.py:925} INFO - DAG(s) 'latest_only' retrieved from /home/airflow/.local/lib/python3.12/site-packages/airflow/example_dags/example_latest_only.py
[2026-06-05T13:56:48.028+0000] {logging_mixin.py:190} INFO - [2026-06-05T13:56:48.027+0000] {dag.py:3239} INFO - Sync 1 DAGs
[2026-06-05T13:56:48.247+0000] {logging_mixin.py:190} INFO - [2026-06-05T13:56:48.247+0000] {dag.py:4180} INFO - Setting next_dagrun for latest_only to 2026-06-05 08:00:00+00:00, run_after=2026-06-05 12:00:00+00:00
[2026-06-05T13:56:48.418+0000] {processor.py:208} INFO - Processing /home/airflow/.local/lib/python3.12/site-packages/airflow/example_dags/example_latest_only.py took 0.735 seconds
[2026-06-05T13:57:19.272+0000] {processor.py:186} INFO - Started process (PID=697) to work on /home/airflow/.local/lib/python3.12/site-packages/airflow/example_dags/example_latest_only.py
[2026-06-05T13:57:19.275+0000] {processor.py:914} INFO - Processing file /home/airflow/.local/lib/python3.12/site-packages/airflow/example_dags/example_latest_only.py for tasks to queue
[2026-06-05T13:57:19.282+0000] {logging_mixin.py:190} INFO - [2026-06-05T13:57:19.281+0000] {dagbag.py:588} INFO - Filling up the DagBag from /home/airflow/.local/lib/python3.12/site-packages/airflow/example_dags/example_latest_only.py
[2026-06-05T13:57:19.304+0000] {processor.py:925} INFO - DAG(s) 'latest_only' retrieved from /home/airflow/.local/lib/python3.12/site-packages/airflow/example_dags/example_latest_only.py
[2026-06-05T13:57:19.347+0000] {logging_mixin.py:190} INFO - [2026-06-05T13:57:19.346+0000] {dag.py:3239} INFO - Sync 1 DAGs
[2026-06-05T13:57:19.430+0000] {logging_mixin.py:190} INFO - [2026-06-05T13:57:19.429+0000] {dag.py:4180} INFO - Setting next_dagrun for latest_only to 2026-06-05 08:00:00+00:00, run_after=2026-06-05 12:00:00+00:00
[2026-06-05T13:57:19.488+0000] {processor.py:208} INFO - Processing /home/airflow/.local/lib/python3.12/site-packages/airflow/example_dags/example_latest_only.py took 0.229 seconds
[2026-06-05T13:57:49.845+0000] {processor.py:186} INFO - Started process (PID=759) to work on /home/airflow/.local/lib/python3.12/site-packages/airflow/example_dags/example_latest_only.py
[2026-06-05T13:57:49.851+0000] {processor.py:914} INFO - Processing file /home/airflow/.local/lib/python3.12/site-packages/airflow/example_dags/example_latest_only.py for tasks to queue
[2026-06-05T13:57:49.864+0000] {logging_mixin.py:190} INFO - [2026-06-05T13:57:49.858+0000] {dagbag.py:588} INFO - Filling up the DagBag from /home/airflow/.local/lib/python3.12/site-packages/airflow/example_dags/example_latest_only.py
[2026-06-05T13:57:49.882+0000] {processor.py:925} INFO - DAG(s) 'latest_only' retrieved from /home/airflow/.local/lib/python3.12/site-packages/airflow/example_dags/example_latest_only.py
[2026-06-05T13:57:49.948+0000] {logging_mixin.py:190} INFO - [2026-06-05T13:57:49.948+0000] {dag.py:3239} INFO - Sync 1 DAGs
[2026-06-05T13:57:50.016+0000] {logging_mixin.py:190} INFO - [2026-06-05T13:57:50.015+0000] {dag.py:4180} INFO - Setting next_dagrun for latest_only to 2026-06-05 08:00:00+00:00, run_after=2026-06-05 12:00:00+00:00
[2026-06-05T13:57:50.113+0000] {processor.py:208} INFO - Processing /home/airflow/.local/lib/python3.12/site-packages/airflow/example_dags/example_latest_only.py took 0.301 seconds
[2026-06-05T13:58:21.134+0000] {processor.py:186} INFO - Started process (PID=822) to work on /home/airflow/.local/lib/python3.12/site-packages/airflow/example_dags/example_latest_only.py
[2026-06-05T13:58:21.139+0000] {processor.py:914} INFO - Processing file /home/airflow/.local/lib/python3.12/site-packages/airflow/example_dags/example_latest_only.py for tasks to queue
[2026-06-05T13:58:21.149+0000] {logging_mixin.py:190} INFO - [2026-06-05T13:58:21.148+0000] {dagbag.py:588} INFO - Filling up the DagBag from /home/airflow/.local/lib/python3.12/site-packages/airflow/example_dags/example_latest_only.py
[2026-06-05T13:58:21.202+0000] {processor.py:925} INFO - DAG(s) 'latest_only' retrieved from /home/airflow/.local/lib/python3.12/site-packages/airflow/example_dags/example_latest_only.py
[2026-06-05T13:58:21.335+0000] {logging_mixin.py:190} INFO - [2026-06-05T13:58:21.334+0000] {dag.py:3239} INFO - Sync 1 DAGs
[2026-06-05T13:58:21.456+0000] {logging_mixin.py:190} INFO - [2026-06-05T13:58:21.455+0000] {dag.py:4180} INFO - Setting next_dagrun for latest_only to 2026-06-05 08:00:00+00:00, run_after=2026-06-05 12:00:00+00:00
[2026-06-05T13:58:21.545+0000] {processor.py:208} INFO - Processing /home/airflow/.local/lib/python3.12/site-packages/airflow/example_dags/example_latest_only.py took 0.432 seconds
[2026-06-05T13:58:56.233+0000] {processor.py:186} INFO - Started process (PID=884) to work on /home/airflow/.local/lib/python3.12/site-packages/airflow/example_dags/example_latest_only.py
[2026-06-05T13:58:56.246+0000] {processor.py:914} INFO - Processing file /home/airflow/.local/lib/python3.12/site-packages/airflow/example_dags/example_latest_only.py for tasks to queue
[2026-06-05T13:58:56.267+0000] {logging_mixin.py:190} INFO - [2026-06-05T13:58:56.265+0000] {dagbag.py:588} INFO - Filling up the DagBag from /home/airflow/.local/lib/python3.12/site-packages/airflow/example_dags/example_latest_only.py
[2026-06-05T13:58:56.344+0000] {processor.py:925} INFO - DAG(s) 'latest_only' retrieved from /home/airflow/.local/lib/python3.12/site-packages/airflow/example_dags/example_latest_only.py
[2026-06-05T13:58:56.495+0000] {logging_mixin.py:190} INFO - [2026-06-05T13:58:56.494+0000] {dag.py:3239} INFO - Sync 1 DAGs
[2026-06-05T13:58:56.689+0000] {logging_mixin.py:190} INFO - [2026-06-05T13:58:56.688+0000] {dag.py:4180} INFO - Setting next_dagrun for latest_only to 2026-06-05 08:00:00+00:00, run_after=2026-06-05 12:00:00+00:00
[2026-06-05T13:58:56.937+0000] {processor.py:208} INFO - Processing /home/airflow/.local/lib/python3.12/site-packages/airflow/example_dags/example_latest_only.py took 0.766 seconds
