[2026-06-05T13:52:28.621+0000] {processor.py:186} INFO - Started process (PID=121) to work on /home/airflow/.local/lib/python3.12/site-packages/airflow/example_dags/example_python_operator.py
[2026-06-05T13:52:28.627+0000] {processor.py:914} INFO - Processing file /home/airflow/.local/lib/python3.12/site-packages/airflow/example_dags/example_python_operator.py for tasks to queue
[2026-06-05T13:52:28.635+0000] {logging_mixin.py:190} INFO - [2026-06-05T13:52:28.634+0000] {dagbag.py:588} INFO - Filling up the DagBag from /home/airflow/.local/lib/python3.12/site-packages/airflow/example_dags/example_python_operator.py
[2026-06-05T13:52:28.687+0000] {processor.py:925} INFO - DAG(s) 'example_python_operator' retrieved from /home/airflow/.local/lib/python3.12/site-packages/airflow/example_dags/example_python_operator.py
[2026-06-05T13:52:29.252+0000] {logging_mixin.py:190} INFO - [2026-06-05T13:52:29.241+0000] {override.py:1900} INFO - Created Permission View: can delete on DAG:example_python_operator
[2026-06-05T13:52:29.317+0000] {logging_mixin.py:190} INFO - [2026-06-05T13:52:29.316+0000] {override.py:1900} INFO - Created Permission View: can read on DAG:example_python_operator
[2026-06-05T13:52:29.353+0000] {logging_mixin.py:190} INFO - [2026-06-05T13:52:29.352+0000] {override.py:1900} INFO - Created Permission View: can edit on DAG:example_python_operator
[2026-06-05T13:52:29.380+0000] {logging_mixin.py:190} INFO - [2026-06-05T13:52:29.379+0000] {override.py:1900} INFO - Created Permission View: menu access on DAG Run:example_python_operator
[2026-06-05T13:52:29.404+0000] {logging_mixin.py:190} INFO - [2026-06-05T13:52:29.403+0000] {override.py:1900} INFO - Created Permission View: can delete on DAG Run:example_python_operator
[2026-06-05T13:52:29.426+0000] {logging_mixin.py:190} INFO - [2026-06-05T13:52:29.425+0000] {override.py:1900} INFO - Created Permission View: can read on DAG Run:example_python_operator
[2026-06-05T13:52:29.465+0000] {logging_mixin.py:190} INFO - [2026-06-05T13:52:29.464+0000] {override.py:1900} INFO - Created Permission View: can create on DAG Run:example_python_operator
[2026-06-05T13:52:29.468+0000] {logging_mixin.py:190} INFO - [2026-06-05T13:52:29.467+0000] {dag.py:3239} INFO - Sync 1 DAGs
[2026-06-05T13:52:29.533+0000] {logging_mixin.py:190} INFO - [2026-06-05T13:52:29.525+0000] {dag.py:3262} INFO - Creating ORM DAG for example_python_operator
[2026-06-05T13:52:29.538+0000] {logging_mixin.py:190} INFO - [2026-06-05T13:52:29.537+0000] {dag.py:4180} INFO - Setting next_dagrun for example_python_operator to None, run_after=None
[2026-06-05T13:52:29.600+0000] {processor.py:208} INFO - Processing /home/airflow/.local/lib/python3.12/site-packages/airflow/example_dags/example_python_operator.py took 1.010 seconds
[2026-06-05T13:52:59.768+0000] {processor.py:186} INFO - Started process (PID=182) to work on /home/airflow/.local/lib/python3.12/site-packages/airflow/example_dags/example_python_operator.py
[2026-06-05T13:52:59.771+0000] {processor.py:914} INFO - Processing file /home/airflow/.local/lib/python3.12/site-packages/airflow/example_dags/example_python_operator.py for tasks to queue
[2026-06-05T13:52:59.778+0000] {logging_mixin.py:190} INFO - [2026-06-05T13:52:59.778+0000] {dagbag.py:588} INFO - Filling up the DagBag from /home/airflow/.local/lib/python3.12/site-packages/airflow/example_dags/example_python_operator.py
[2026-06-05T13:52:59.804+0000] {processor.py:925} INFO - DAG(s) 'example_python_operator' retrieved from /home/airflow/.local/lib/python3.12/site-packages/airflow/example_dags/example_python_operator.py
[2026-06-05T13:52:59.852+0000] {logging_mixin.py:190} INFO - [2026-06-05T13:52:59.852+0000] {dag.py:3239} INFO - Sync 1 DAGs
[2026-06-05T13:52:59.883+0000] {logging_mixin.py:190} INFO - [2026-06-05T13:52:59.883+0000] {dag.py:4180} INFO - Setting next_dagrun for example_python_operator to None, run_after=None
[2026-06-05T13:52:59.927+0000] {processor.py:208} INFO - Processing /home/airflow/.local/lib/python3.12/site-packages/airflow/example_dags/example_python_operator.py took 0.171 seconds
[2026-06-05T13:53:32.870+0000] {processor.py:186} INFO - Started process (PID=244) to work on /home/airflow/.local/lib/python3.12/site-packages/airflow/example_dags/example_python_operator.py
[2026-06-05T13:53:32.897+0000] {processor.py:914} INFO - Processing file /home/airflow/.local/lib/python3.12/site-packages/airflow/example_dags/example_python_operator.py for tasks to queue
[2026-06-05T13:53:32.917+0000] {logging_mixin.py:190} INFO - [2026-06-05T13:53:32.911+0000] {dagbag.py:588} INFO - Filling up the DagBag from /home/airflow/.local/lib/python3.12/site-packages/airflow/example_dags/example_python_operator.py
[2026-06-05T13:53:33.104+0000] {processor.py:925} INFO - DAG(s) 'example_python_operator' retrieved from /home/airflow/.local/lib/python3.12/site-packages/airflow/example_dags/example_python_operator.py
[2026-06-05T13:53:33.273+0000] {logging_mixin.py:190} INFO - [2026-06-05T13:53:33.272+0000] {dag.py:3239} INFO - Sync 1 DAGs
[2026-06-05T13:53:33.345+0000] {logging_mixin.py:190} INFO - [2026-06-05T13:53:33.344+0000] {dag.py:4180} INFO - Setting next_dagrun for example_python_operator to None, run_after=None
[2026-06-05T13:53:33.470+0000] {processor.py:208} INFO - Processing /home/airflow/.local/lib/python3.12/site-packages/airflow/example_dags/example_python_operator.py took 0.673 seconds
[2026-06-05T13:54:03.852+0000] {processor.py:186} INFO - Started process (PID=306) to work on /home/airflow/.local/lib/python3.12/site-packages/airflow/example_dags/example_python_operator.py
[2026-06-05T13:54:03.856+0000] {processor.py:914} INFO - Processing file /home/airflow/.local/lib/python3.12/site-packages/airflow/example_dags/example_python_operator.py for tasks to queue
[2026-06-05T13:54:03.866+0000] {logging_mixin.py:190} INFO - [2026-06-05T13:54:03.863+0000] {dagbag.py:588} INFO - Filling up the DagBag from /home/airflow/.local/lib/python3.12/site-packages/airflow/example_dags/example_python_operator.py
[2026-06-05T13:54:03.907+0000] {processor.py:925} INFO - DAG(s) 'example_python_operator' retrieved from /home/airflow/.local/lib/python3.12/site-packages/airflow/example_dags/example_python_operator.py
[2026-06-05T13:54:03.981+0000] {logging_mixin.py:190} INFO - [2026-06-05T13:54:03.980+0000] {dag.py:3239} INFO - Sync 1 DAGs
[2026-06-05T13:54:04.025+0000] {logging_mixin.py:190} INFO - [2026-06-05T13:54:04.024+0000] {dag.py:4180} INFO - Setting next_dagrun for example_python_operator to None, run_after=None
[2026-06-05T13:54:04.087+0000] {processor.py:208} INFO - Processing /home/airflow/.local/lib/python3.12/site-packages/airflow/example_dags/example_python_operator.py took 0.256 seconds
[2026-06-05T13:54:34.601+0000] {processor.py:186} INFO - Started process (PID=368) to work on /home/airflow/.local/lib/python3.12/site-packages/airflow/example_dags/example_python_operator.py
[2026-06-05T13:54:34.604+0000] {processor.py:914} INFO - Processing file /home/airflow/.local/lib/python3.12/site-packages/airflow/example_dags/example_python_operator.py for tasks to queue
[2026-06-05T13:54:34.612+0000] {logging_mixin.py:190} INFO - [2026-06-05T13:54:34.611+0000] {dagbag.py:588} INFO - Filling up the DagBag from /home/airflow/.local/lib/python3.12/site-packages/airflow/example_dags/example_python_operator.py
[2026-06-05T13:54:34.650+0000] {processor.py:925} INFO - DAG(s) 'example_python_operator' retrieved from /home/airflow/.local/lib/python3.12/site-packages/airflow/example_dags/example_python_operator.py
[2026-06-05T13:54:34.723+0000] {logging_mixin.py:190} INFO - [2026-06-05T13:54:34.723+0000] {dag.py:3239} INFO - Sync 1 DAGs
[2026-06-05T13:54:34.770+0000] {logging_mixin.py:190} INFO - [2026-06-05T13:54:34.769+0000] {dag.py:4180} INFO - Setting next_dagrun for example_python_operator to None, run_after=None
[2026-06-05T13:54:34.827+0000] {processor.py:208} INFO - Processing /home/airflow/.local/lib/python3.12/site-packages/airflow/example_dags/example_python_operator.py took 0.244 seconds
[2026-06-05T13:55:06.729+0000] {processor.py:186} INFO - Started process (PID=430) to work on /home/airflow/.local/lib/python3.12/site-packages/airflow/example_dags/example_python_operator.py
[2026-06-05T13:55:06.732+0000] {processor.py:914} INFO - Processing file /home/airflow/.local/lib/python3.12/site-packages/airflow/example_dags/example_python_operator.py for tasks to queue
[2026-06-05T13:55:06.744+0000] {logging_mixin.py:190} INFO - [2026-06-05T13:55:06.742+0000] {dagbag.py:588} INFO - Filling up the DagBag from /home/airflow/.local/lib/python3.12/site-packages/airflow/example_dags/example_python_operator.py
[2026-06-05T13:55:06.790+0000] {processor.py:925} INFO - DAG(s) 'example_python_operator' retrieved from /home/airflow/.local/lib/python3.12/site-packages/airflow/example_dags/example_python_operator.py
[2026-06-05T13:55:06.919+0000] {logging_mixin.py:190} INFO - [2026-06-05T13:55:06.918+0000] {dag.py:3239} INFO - Sync 1 DAGs
[2026-06-05T13:55:06.975+0000] {logging_mixin.py:190} INFO - [2026-06-05T13:55:06.975+0000] {dag.py:4180} INFO - Setting next_dagrun for example_python_operator to None, run_after=None
[2026-06-05T13:55:07.049+0000] {processor.py:208} INFO - Processing /home/airflow/.local/lib/python3.12/site-packages/airflow/example_dags/example_python_operator.py took 0.347 seconds
[2026-06-05T13:55:37.724+0000] {processor.py:186} INFO - Started process (PID=492) to work on /home/airflow/.local/lib/python3.12/site-packages/airflow/example_dags/example_python_operator.py
[2026-06-05T13:55:37.727+0000] {processor.py:914} INFO - Processing file /home/airflow/.local/lib/python3.12/site-packages/airflow/example_dags/example_python_operator.py for tasks to queue
[2026-06-05T13:55:37.733+0000] {logging_mixin.py:190} INFO - [2026-06-05T13:55:37.733+0000] {dagbag.py:588} INFO - Filling up the DagBag from /home/airflow/.local/lib/python3.12/site-packages/airflow/example_dags/example_python_operator.py
[2026-06-05T13:55:37.758+0000] {processor.py:925} INFO - DAG(s) 'example_python_operator' retrieved from /home/airflow/.local/lib/python3.12/site-packages/airflow/example_dags/example_python_operator.py
[2026-06-05T13:55:37.804+0000] {logging_mixin.py:190} INFO - [2026-06-05T13:55:37.803+0000] {dag.py:3239} INFO - Sync 1 DAGs
[2026-06-05T13:55:37.832+0000] {logging_mixin.py:190} INFO - [2026-06-05T13:55:37.832+0000] {dag.py:4180} INFO - Setting next_dagrun for example_python_operator to None, run_after=None
[2026-06-05T13:55:37.875+0000] {processor.py:208} INFO - Processing /home/airflow/.local/lib/python3.12/site-packages/airflow/example_dags/example_python_operator.py took 0.162 seconds
[2026-06-05T13:56:10.347+0000] {processor.py:186} INFO - Started process (PID=555) to work on /home/airflow/.local/lib/python3.12/site-packages/airflow/example_dags/example_python_operator.py
[2026-06-05T13:56:10.355+0000] {processor.py:914} INFO - Processing file /home/airflow/.local/lib/python3.12/site-packages/airflow/example_dags/example_python_operator.py for tasks to queue
[2026-06-05T13:56:10.371+0000] {logging_mixin.py:190} INFO - [2026-06-05T13:56:10.370+0000] {dagbag.py:588} INFO - Filling up the DagBag from /home/airflow/.local/lib/python3.12/site-packages/airflow/example_dags/example_python_operator.py
[2026-06-05T13:56:10.437+0000] {processor.py:925} INFO - DAG(s) 'example_python_operator' retrieved from /home/airflow/.local/lib/python3.12/site-packages/airflow/example_dags/example_python_operator.py
[2026-06-05T13:56:10.550+0000] {logging_mixin.py:190} INFO - [2026-06-05T13:56:10.549+0000] {dag.py:3239} INFO - Sync 1 DAGs
[2026-06-05T13:56:10.646+0000] {logging_mixin.py:190} INFO - [2026-06-05T13:56:10.645+0000] {dag.py:4180} INFO - Setting next_dagrun for example_python_operator to None, run_after=None
[2026-06-05T13:56:10.737+0000] {processor.py:208} INFO - Processing /home/airflow/.local/lib/python3.12/site-packages/airflow/example_dags/example_python_operator.py took 0.422 seconds
[2026-06-05T13:56:42.505+0000] {processor.py:186} INFO - Started process (PID=618) to work on /home/airflow/.local/lib/python3.12/site-packages/airflow/example_dags/example_python_operator.py
[2026-06-05T13:56:42.511+0000] {processor.py:914} INFO - Processing file /home/airflow/.local/lib/python3.12/site-packages/airflow/example_dags/example_python_operator.py for tasks to queue
[2026-06-05T13:56:42.519+0000] {logging_mixin.py:190} INFO - [2026-06-05T13:56:42.518+0000] {dagbag.py:588} INFO - Filling up the DagBag from /home/airflow/.local/lib/python3.12/site-packages/airflow/example_dags/example_python_operator.py
[2026-06-05T13:56:42.584+0000] {processor.py:925} INFO - DAG(s) 'example_python_operator' retrieved from /home/airflow/.local/lib/python3.12/site-packages/airflow/example_dags/example_python_operator.py
[2026-06-05T13:56:42.697+0000] {logging_mixin.py:190} INFO - [2026-06-05T13:56:42.688+0000] {dag.py:3239} INFO - Sync 1 DAGs
[2026-06-05T13:56:42.774+0000] {logging_mixin.py:190} INFO - [2026-06-05T13:56:42.772+0000] {dag.py:4180} INFO - Setting next_dagrun for example_python_operator to None, run_after=None
[2026-06-05T13:56:42.887+0000] {processor.py:208} INFO - Processing /home/airflow/.local/lib/python3.12/site-packages/airflow/example_dags/example_python_operator.py took 0.416 seconds
[2026-06-05T13:57:13.193+0000] {processor.py:186} INFO - Started process (PID=680) to work on /home/airflow/.local/lib/python3.12/site-packages/airflow/example_dags/example_python_operator.py
[2026-06-05T13:57:13.195+0000] {processor.py:914} INFO - Processing file /home/airflow/.local/lib/python3.12/site-packages/airflow/example_dags/example_python_operator.py for tasks to queue
[2026-06-05T13:57:13.200+0000] {logging_mixin.py:190} INFO - [2026-06-05T13:57:13.199+0000] {dagbag.py:588} INFO - Filling up the DagBag from /home/airflow/.local/lib/python3.12/site-packages/airflow/example_dags/example_python_operator.py
[2026-06-05T13:57:13.230+0000] {processor.py:925} INFO - DAG(s) 'example_python_operator' retrieved from /home/airflow/.local/lib/python3.12/site-packages/airflow/example_dags/example_python_operator.py
[2026-06-05T13:57:13.278+0000] {logging_mixin.py:190} INFO - [2026-06-05T13:57:13.278+0000] {dag.py:3239} INFO - Sync 1 DAGs
[2026-06-05T13:57:13.304+0000] {logging_mixin.py:190} INFO - [2026-06-05T13:57:13.304+0000] {dag.py:4180} INFO - Setting next_dagrun for example_python_operator to None, run_after=None
[2026-06-05T13:57:13.346+0000] {processor.py:208} INFO - Processing /home/airflow/.local/lib/python3.12/site-packages/airflow/example_dags/example_python_operator.py took 0.165 seconds
[2026-06-05T13:57:44.216+0000] {processor.py:186} INFO - Started process (PID=742) to work on /home/airflow/.local/lib/python3.12/site-packages/airflow/example_dags/example_python_operator.py
[2026-06-05T13:57:44.221+0000] {processor.py:914} INFO - Processing file /home/airflow/.local/lib/python3.12/site-packages/airflow/example_dags/example_python_operator.py for tasks to queue
[2026-06-05T13:57:44.231+0000] {logging_mixin.py:190} INFO - [2026-06-05T13:57:44.230+0000] {dagbag.py:588} INFO - Filling up the DagBag from /home/airflow/.local/lib/python3.12/site-packages/airflow/example_dags/example_python_operator.py
[2026-06-05T13:57:44.308+0000] {processor.py:925} INFO - DAG(s) 'example_python_operator' retrieved from /home/airflow/.local/lib/python3.12/site-packages/airflow/example_dags/example_python_operator.py
[2026-06-05T13:57:44.467+0000] {logging_mixin.py:190} INFO - [2026-06-05T13:57:44.466+0000] {dag.py:3239} INFO - Sync 1 DAGs
[2026-06-05T13:57:44.612+0000] {logging_mixin.py:190} INFO - [2026-06-05T13:57:44.611+0000] {dag.py:4180} INFO - Setting next_dagrun for example_python_operator to None, run_after=None
[2026-06-05T13:57:44.973+0000] {processor.py:208} INFO - Processing /home/airflow/.local/lib/python3.12/site-packages/airflow/example_dags/example_python_operator.py took 0.798 seconds
[2026-06-05T13:58:17.559+0000] {processor.py:186} INFO - Started process (PID=804) to work on /home/airflow/.local/lib/python3.12/site-packages/airflow/example_dags/example_python_operator.py
[2026-06-05T13:58:17.562+0000] {processor.py:914} INFO - Processing file /home/airflow/.local/lib/python3.12/site-packages/airflow/example_dags/example_python_operator.py for tasks to queue
[2026-06-05T13:58:17.576+0000] {logging_mixin.py:190} INFO - [2026-06-05T13:58:17.574+0000] {dagbag.py:588} INFO - Filling up the DagBag from /home/airflow/.local/lib/python3.12/site-packages/airflow/example_dags/example_python_operator.py
[2026-06-05T13:58:17.625+0000] {processor.py:925} INFO - DAG(s) 'example_python_operator' retrieved from /home/airflow/.local/lib/python3.12/site-packages/airflow/example_dags/example_python_operator.py
[2026-06-05T13:58:17.716+0000] {logging_mixin.py:190} INFO - [2026-06-05T13:58:17.706+0000] {dag.py:3239} INFO - Sync 1 DAGs
[2026-06-05T13:58:17.800+0000] {logging_mixin.py:190} INFO - [2026-06-05T13:58:17.799+0000] {dag.py:4180} INFO - Setting next_dagrun for example_python_operator to None, run_after=None
[2026-06-05T13:58:17.951+0000] {processor.py:208} INFO - Processing /home/airflow/.local/lib/python3.12/site-packages/airflow/example_dags/example_python_operator.py took 0.413 seconds
[2026-06-05T13:58:51.292+0000] {processor.py:186} INFO - Started process (PID=873) to work on /home/airflow/.local/lib/python3.12/site-packages/airflow/example_dags/example_python_operator.py
[2026-06-05T13:58:51.298+0000] {processor.py:914} INFO - Processing file /home/airflow/.local/lib/python3.12/site-packages/airflow/example_dags/example_python_operator.py for tasks to queue
[2026-06-05T13:58:51.313+0000] {logging_mixin.py:190} INFO - [2026-06-05T13:58:51.312+0000] {dagbag.py:588} INFO - Filling up the DagBag from /home/airflow/.local/lib/python3.12/site-packages/airflow/example_dags/example_python_operator.py
[2026-06-05T13:58:51.408+0000] {processor.py:925} INFO - DAG(s) 'example_python_operator' retrieved from /home/airflow/.local/lib/python3.12/site-packages/airflow/example_dags/example_python_operator.py
[2026-06-05T13:58:51.583+0000] {logging_mixin.py:190} INFO - [2026-06-05T13:58:51.582+0000] {dag.py:3239} INFO - Sync 1 DAGs
[2026-06-05T13:58:51.735+0000] {logging_mixin.py:190} INFO - [2026-06-05T13:58:51.734+0000] {dag.py:4180} INFO - Setting next_dagrun for example_python_operator to None, run_after=None
[2026-06-05T13:58:51.881+0000] {processor.py:208} INFO - Processing /home/airflow/.local/lib/python3.12/site-packages/airflow/example_dags/example_python_operator.py took 0.633 seconds
[2026-06-05T13:59:22.263+0000] {processor.py:186} INFO - Started process (PID=935) to work on /home/airflow/.local/lib/python3.12/site-packages/airflow/example_dags/example_python_operator.py
[2026-06-05T13:59:22.266+0000] {processor.py:914} INFO - Processing file /home/airflow/.local/lib/python3.12/site-packages/airflow/example_dags/example_python_operator.py for tasks to queue
[2026-06-05T13:59:22.274+0000] {logging_mixin.py:190} INFO - [2026-06-05T13:59:22.273+0000] {dagbag.py:588} INFO - Filling up the DagBag from /home/airflow/.local/lib/python3.12/site-packages/airflow/example_dags/example_python_operator.py
[2026-06-05T13:59:22.332+0000] {processor.py:925} INFO - DAG(s) 'example_python_operator' retrieved from /home/airflow/.local/lib/python3.12/site-packages/airflow/example_dags/example_python_operator.py
[2026-06-05T13:59:22.424+0000] {logging_mixin.py:190} INFO - [2026-06-05T13:59:22.423+0000] {dag.py:3239} INFO - Sync 1 DAGs
[2026-06-05T13:59:22.472+0000] {logging_mixin.py:190} INFO - [2026-06-05T13:59:22.471+0000] {dag.py:4180} INFO - Setting next_dagrun for example_python_operator to None, run_after=None
[2026-06-05T13:59:22.542+0000] {processor.py:208} INFO - Processing /home/airflow/.local/lib/python3.12/site-packages/airflow/example_dags/example_python_operator.py took 0.313 seconds
