[2026-06-05T13:52:19.137+0000] {processor.py:186} INFO - Started process (PID=111) to work on /home/airflow/.local/lib/python3.12/site-packages/airflow/example_dags/example_dag_decorator.py
[2026-06-05T13:52:19.145+0000] {processor.py:914} INFO - Processing file /home/airflow/.local/lib/python3.12/site-packages/airflow/example_dags/example_dag_decorator.py for tasks to queue
[2026-06-05T13:52:19.155+0000] {logging_mixin.py:190} INFO - [2026-06-05T13:52:19.154+0000] {dagbag.py:588} INFO - Filling up the DagBag from /home/airflow/.local/lib/python3.12/site-packages/airflow/example_dags/example_dag_decorator.py
[2026-06-05T13:52:19.262+0000] {processor.py:925} INFO - DAG(s) 'example_dag_decorator' retrieved from /home/airflow/.local/lib/python3.12/site-packages/airflow/example_dags/example_dag_decorator.py
[2026-06-05T13:52:19.945+0000] {logging_mixin.py:190} INFO - [2026-06-05T13:52:19.943+0000] {override.py:1900} INFO - Created Permission View: can delete on DAG:example_dag_decorator
[2026-06-05T13:52:20.026+0000] {logging_mixin.py:190} INFO - [2026-06-05T13:52:20.025+0000] {override.py:1900} INFO - Created Permission View: can read on DAG:example_dag_decorator
[2026-06-05T13:52:20.094+0000] {logging_mixin.py:190} INFO - [2026-06-05T13:52:20.093+0000] {override.py:1900} INFO - Created Permission View: can edit on DAG:example_dag_decorator
[2026-06-05T13:52:20.145+0000] {logging_mixin.py:190} INFO - [2026-06-05T13:52:20.144+0000] {override.py:1900} INFO - Created Permission View: menu access on DAG Run:example_dag_decorator
[2026-06-05T13:52:20.203+0000] {logging_mixin.py:190} INFO - [2026-06-05T13:52:20.202+0000] {override.py:1900} INFO - Created Permission View: can delete on DAG Run:example_dag_decorator
[2026-06-05T13:52:20.244+0000] {logging_mixin.py:190} INFO - [2026-06-05T13:52:20.243+0000] {override.py:1900} INFO - Created Permission View: can read on DAG Run:example_dag_decorator
[2026-06-05T13:52:20.306+0000] {logging_mixin.py:190} INFO - [2026-06-05T13:52:20.305+0000] {override.py:1900} INFO - Created Permission View: can create on DAG Run:example_dag_decorator
[2026-06-05T13:52:20.313+0000] {logging_mixin.py:190} INFO - [2026-06-05T13:52:20.312+0000] {dag.py:3239} INFO - Sync 1 DAGs
[2026-06-05T13:52:20.449+0000] {logging_mixin.py:190} INFO - [2026-06-05T13:52:20.448+0000] {dag.py:3262} INFO - Creating ORM DAG for example_dag_decorator
[2026-06-05T13:52:20.494+0000] {logging_mixin.py:190} INFO - [2026-06-05T13:52:20.493+0000] {dag.py:4180} INFO - Setting next_dagrun for example_dag_decorator to None, run_after=None
[2026-06-05T13:52:21.281+0000] {processor.py:208} INFO - Processing /home/airflow/.local/lib/python3.12/site-packages/airflow/example_dags/example_dag_decorator.py took 2.182 seconds
[2026-06-05T13:52:55.560+0000] {processor.py:186} INFO - Started process (PID=172) to work on /home/airflow/.local/lib/python3.12/site-packages/airflow/example_dags/example_dag_decorator.py
[2026-06-05T13:52:55.563+0000] {processor.py:914} INFO - Processing file /home/airflow/.local/lib/python3.12/site-packages/airflow/example_dags/example_dag_decorator.py for tasks to queue
[2026-06-05T13:52:55.580+0000] {logging_mixin.py:190} INFO - [2026-06-05T13:52:55.579+0000] {dagbag.py:588} INFO - Filling up the DagBag from /home/airflow/.local/lib/python3.12/site-packages/airflow/example_dags/example_dag_decorator.py
[2026-06-05T13:52:55.628+0000] {processor.py:925} INFO - DAG(s) 'example_dag_decorator' retrieved from /home/airflow/.local/lib/python3.12/site-packages/airflow/example_dags/example_dag_decorator.py
[2026-06-05T13:52:56.151+0000] {logging_mixin.py:190} INFO - [2026-06-05T13:52:56.150+0000] {dag.py:3239} INFO - Sync 1 DAGs
[2026-06-05T13:52:56.209+0000] {logging_mixin.py:190} INFO - [2026-06-05T13:52:56.209+0000] {dag.py:4180} INFO - Setting next_dagrun for example_dag_decorator to None, run_after=None
[2026-06-05T13:52:56.301+0000] {processor.py:208} INFO - Processing /home/airflow/.local/lib/python3.12/site-packages/airflow/example_dags/example_dag_decorator.py took 0.765 seconds
[2026-06-05T13:53:26.557+0000] {processor.py:186} INFO - Started process (PID=235) to work on /home/airflow/.local/lib/python3.12/site-packages/airflow/example_dags/example_dag_decorator.py
[2026-06-05T13:53:26.570+0000] {processor.py:914} INFO - Processing file /home/airflow/.local/lib/python3.12/site-packages/airflow/example_dags/example_dag_decorator.py for tasks to queue
[2026-06-05T13:53:26.602+0000] {logging_mixin.py:190} INFO - [2026-06-05T13:53:26.591+0000] {dagbag.py:588} INFO - Filling up the DagBag from /home/airflow/.local/lib/python3.12/site-packages/airflow/example_dags/example_dag_decorator.py
[2026-06-05T13:53:26.725+0000] {processor.py:925} INFO - DAG(s) 'example_dag_decorator' retrieved from /home/airflow/.local/lib/python3.12/site-packages/airflow/example_dags/example_dag_decorator.py
[2026-06-05T13:53:27.607+0000] {logging_mixin.py:190} INFO - [2026-06-05T13:53:27.607+0000] {dag.py:3239} INFO - Sync 1 DAGs
[2026-06-05T13:53:27.718+0000] {logging_mixin.py:190} INFO - [2026-06-05T13:53:27.717+0000] {dag.py:4180} INFO - Setting next_dagrun for example_dag_decorator to None, run_after=None
[2026-06-05T13:53:27.889+0000] {processor.py:208} INFO - Processing /home/airflow/.local/lib/python3.12/site-packages/airflow/example_dags/example_dag_decorator.py took 1.364 seconds
[2026-06-05T13:53:58.270+0000] {processor.py:186} INFO - Started process (PID=297) to work on /home/airflow/.local/lib/python3.12/site-packages/airflow/example_dags/example_dag_decorator.py
[2026-06-05T13:53:58.272+0000] {processor.py:914} INFO - Processing file /home/airflow/.local/lib/python3.12/site-packages/airflow/example_dags/example_dag_decorator.py for tasks to queue
[2026-06-05T13:53:58.276+0000] {logging_mixin.py:190} INFO - [2026-06-05T13:53:58.275+0000] {dagbag.py:588} INFO - Filling up the DagBag from /home/airflow/.local/lib/python3.12/site-packages/airflow/example_dags/example_dag_decorator.py
[2026-06-05T13:53:58.294+0000] {processor.py:925} INFO - DAG(s) 'example_dag_decorator' retrieved from /home/airflow/.local/lib/python3.12/site-packages/airflow/example_dags/example_dag_decorator.py
[2026-06-05T13:53:58.627+0000] {logging_mixin.py:190} INFO - [2026-06-05T13:53:58.626+0000] {dag.py:3239} INFO - Sync 1 DAGs
[2026-06-05T13:53:58.652+0000] {logging_mixin.py:190} INFO - [2026-06-05T13:53:58.652+0000] {dag.py:4180} INFO - Setting next_dagrun for example_dag_decorator to None, run_after=None
[2026-06-05T13:53:58.694+0000] {processor.py:208} INFO - Processing /home/airflow/.local/lib/python3.12/site-packages/airflow/example_dags/example_dag_decorator.py took 0.434 seconds
[2026-06-05T13:54:28.936+0000] {processor.py:186} INFO - Started process (PID=359) to work on /home/airflow/.local/lib/python3.12/site-packages/airflow/example_dags/example_dag_decorator.py
[2026-06-05T13:54:28.938+0000] {processor.py:914} INFO - Processing file /home/airflow/.local/lib/python3.12/site-packages/airflow/example_dags/example_dag_decorator.py for tasks to queue
[2026-06-05T13:54:28.942+0000] {logging_mixin.py:190} INFO - [2026-06-05T13:54:28.942+0000] {dagbag.py:588} INFO - Filling up the DagBag from /home/airflow/.local/lib/python3.12/site-packages/airflow/example_dags/example_dag_decorator.py
[2026-06-05T13:54:28.962+0000] {processor.py:925} INFO - DAG(s) 'example_dag_decorator' retrieved from /home/airflow/.local/lib/python3.12/site-packages/airflow/example_dags/example_dag_decorator.py
[2026-06-05T13:54:29.193+0000] {logging_mixin.py:190} INFO - [2026-06-05T13:54:29.192+0000] {dag.py:3239} INFO - Sync 1 DAGs
[2026-06-05T13:54:29.218+0000] {logging_mixin.py:190} INFO - [2026-06-05T13:54:29.217+0000] {dag.py:4180} INFO - Setting next_dagrun for example_dag_decorator to None, run_after=None
[2026-06-05T13:54:29.259+0000] {processor.py:208} INFO - Processing /home/airflow/.local/lib/python3.12/site-packages/airflow/example_dags/example_dag_decorator.py took 0.333 seconds
[2026-06-05T13:55:04.951+0000] {processor.py:186} INFO - Started process (PID=420) to work on /home/airflow/.local/lib/python3.12/site-packages/airflow/example_dags/example_dag_decorator.py
[2026-06-05T13:55:04.955+0000] {processor.py:914} INFO - Processing file /home/airflow/.local/lib/python3.12/site-packages/airflow/example_dags/example_dag_decorator.py for tasks to queue
[2026-06-05T13:55:04.965+0000] {logging_mixin.py:190} INFO - [2026-06-05T13:55:04.963+0000] {dagbag.py:588} INFO - Filling up the DagBag from /home/airflow/.local/lib/python3.12/site-packages/airflow/example_dags/example_dag_decorator.py
[2026-06-05T13:55:05.013+0000] {processor.py:925} INFO - DAG(s) 'example_dag_decorator' retrieved from /home/airflow/.local/lib/python3.12/site-packages/airflow/example_dags/example_dag_decorator.py
[2026-06-05T13:55:05.385+0000] {logging_mixin.py:190} INFO - [2026-06-05T13:55:05.385+0000] {dag.py:3239} INFO - Sync 1 DAGs
[2026-06-05T13:55:05.410+0000] {logging_mixin.py:190} INFO - [2026-06-05T13:55:05.410+0000] {dag.py:4180} INFO - Setting next_dagrun for example_dag_decorator to None, run_after=None
[2026-06-05T13:55:05.457+0000] {processor.py:208} INFO - Processing /home/airflow/.local/lib/python3.12/site-packages/airflow/example_dags/example_dag_decorator.py took 0.525 seconds
[2026-06-05T13:55:36.057+0000] {processor.py:186} INFO - Started process (PID=482) to work on /home/airflow/.local/lib/python3.12/site-packages/airflow/example_dags/example_dag_decorator.py
[2026-06-05T13:55:36.061+0000] {processor.py:914} INFO - Processing file /home/airflow/.local/lib/python3.12/site-packages/airflow/example_dags/example_dag_decorator.py for tasks to queue
[2026-06-05T13:55:36.070+0000] {logging_mixin.py:190} INFO - [2026-06-05T13:55:36.069+0000] {dagbag.py:588} INFO - Filling up the DagBag from /home/airflow/.local/lib/python3.12/site-packages/airflow/example_dags/example_dag_decorator.py
[2026-06-05T13:55:36.116+0000] {processor.py:925} INFO - DAG(s) 'example_dag_decorator' retrieved from /home/airflow/.local/lib/python3.12/site-packages/airflow/example_dags/example_dag_decorator.py
[2026-06-05T13:55:36.415+0000] {logging_mixin.py:190} INFO - [2026-06-05T13:55:36.415+0000] {dag.py:3239} INFO - Sync 1 DAGs
[2026-06-05T13:55:36.442+0000] {logging_mixin.py:190} INFO - [2026-06-05T13:55:36.442+0000] {dag.py:4180} INFO - Setting next_dagrun for example_dag_decorator to None, run_after=None
[2026-06-05T13:55:36.489+0000] {processor.py:208} INFO - Processing /home/airflow/.local/lib/python3.12/site-packages/airflow/example_dags/example_dag_decorator.py took 0.448 seconds
[2026-06-05T13:56:07.165+0000] {processor.py:186} INFO - Started process (PID=545) to work on /home/airflow/.local/lib/python3.12/site-packages/airflow/example_dags/example_dag_decorator.py
[2026-06-05T13:56:07.168+0000] {processor.py:914} INFO - Processing file /home/airflow/.local/lib/python3.12/site-packages/airflow/example_dags/example_dag_decorator.py for tasks to queue
[2026-06-05T13:56:07.176+0000] {logging_mixin.py:190} INFO - [2026-06-05T13:56:07.175+0000] {dagbag.py:588} INFO - Filling up the DagBag from /home/airflow/.local/lib/python3.12/site-packages/airflow/example_dags/example_dag_decorator.py
[2026-06-05T13:56:07.219+0000] {processor.py:925} INFO - DAG(s) 'example_dag_decorator' retrieved from /home/airflow/.local/lib/python3.12/site-packages/airflow/example_dags/example_dag_decorator.py
[2026-06-05T13:56:07.558+0000] {logging_mixin.py:190} INFO - [2026-06-05T13:56:07.557+0000] {dag.py:3239} INFO - Sync 1 DAGs
[2026-06-05T13:56:07.597+0000] {logging_mixin.py:190} INFO - [2026-06-05T13:56:07.596+0000] {dag.py:4180} INFO - Setting next_dagrun for example_dag_decorator to None, run_after=None
[2026-06-05T13:56:07.666+0000] {processor.py:208} INFO - Processing /home/airflow/.local/lib/python3.12/site-packages/airflow/example_dags/example_dag_decorator.py took 0.515 seconds
[2026-06-05T13:56:37.885+0000] {processor.py:186} INFO - Started process (PID=608) to work on /home/airflow/.local/lib/python3.12/site-packages/airflow/example_dags/example_dag_decorator.py
[2026-06-05T13:56:37.887+0000] {processor.py:914} INFO - Processing file /home/airflow/.local/lib/python3.12/site-packages/airflow/example_dags/example_dag_decorator.py for tasks to queue
[2026-06-05T13:56:37.893+0000] {logging_mixin.py:190} INFO - [2026-06-05T13:56:37.893+0000] {dagbag.py:588} INFO - Filling up the DagBag from /home/airflow/.local/lib/python3.12/site-packages/airflow/example_dags/example_dag_decorator.py
[2026-06-05T13:56:37.924+0000] {processor.py:925} INFO - DAG(s) 'example_dag_decorator' retrieved from /home/airflow/.local/lib/python3.12/site-packages/airflow/example_dags/example_dag_decorator.py
[2026-06-05T13:56:38.185+0000] {logging_mixin.py:190} INFO - [2026-06-05T13:56:38.185+0000] {dag.py:3239} INFO - Sync 1 DAGs
[2026-06-05T13:56:38.210+0000] {logging_mixin.py:190} INFO - [2026-06-05T13:56:38.210+0000] {dag.py:4180} INFO - Setting next_dagrun for example_dag_decorator to None, run_after=None
[2026-06-05T13:56:38.259+0000] {processor.py:208} INFO - Processing /home/airflow/.local/lib/python3.12/site-packages/airflow/example_dags/example_dag_decorator.py took 0.392 seconds
[2026-06-05T13:57:08.560+0000] {processor.py:186} INFO - Started process (PID=670) to work on /home/airflow/.local/lib/python3.12/site-packages/airflow/example_dags/example_dag_decorator.py
[2026-06-05T13:57:08.564+0000] {processor.py:914} INFO - Processing file /home/airflow/.local/lib/python3.12/site-packages/airflow/example_dags/example_dag_decorator.py for tasks to queue
[2026-06-05T13:57:08.572+0000] {logging_mixin.py:190} INFO - [2026-06-05T13:57:08.571+0000] {dagbag.py:588} INFO - Filling up the DagBag from /home/airflow/.local/lib/python3.12/site-packages/airflow/example_dags/example_dag_decorator.py
[2026-06-05T13:57:08.607+0000] {processor.py:925} INFO - DAG(s) 'example_dag_decorator' retrieved from /home/airflow/.local/lib/python3.12/site-packages/airflow/example_dags/example_dag_decorator.py
[2026-06-05T13:57:08.856+0000] {logging_mixin.py:190} INFO - [2026-06-05T13:57:08.855+0000] {dag.py:3239} INFO - Sync 1 DAGs
[2026-06-05T13:57:08.877+0000] {logging_mixin.py:190} INFO - [2026-06-05T13:57:08.877+0000] {dag.py:4180} INFO - Setting next_dagrun for example_dag_decorator to None, run_after=None
[2026-06-05T13:57:08.926+0000] {processor.py:208} INFO - Processing /home/airflow/.local/lib/python3.12/site-packages/airflow/example_dags/example_dag_decorator.py took 0.388 seconds
[2026-06-05T13:57:39.491+0000] {processor.py:186} INFO - Started process (PID=732) to work on /home/airflow/.local/lib/python3.12/site-packages/airflow/example_dags/example_dag_decorator.py
[2026-06-05T13:57:39.494+0000] {processor.py:914} INFO - Processing file /home/airflow/.local/lib/python3.12/site-packages/airflow/example_dags/example_dag_decorator.py for tasks to queue
[2026-06-05T13:57:39.503+0000] {logging_mixin.py:190} INFO - [2026-06-05T13:57:39.502+0000] {dagbag.py:588} INFO - Filling up the DagBag from /home/airflow/.local/lib/python3.12/site-packages/airflow/example_dags/example_dag_decorator.py
[2026-06-05T13:57:39.530+0000] {processor.py:925} INFO - DAG(s) 'example_dag_decorator' retrieved from /home/airflow/.local/lib/python3.12/site-packages/airflow/example_dags/example_dag_decorator.py
[2026-06-05T13:57:39.995+0000] {logging_mixin.py:190} INFO - [2026-06-05T13:57:39.994+0000] {dag.py:3239} INFO - Sync 1 DAGs
[2026-06-05T13:57:40.042+0000] {logging_mixin.py:190} INFO - [2026-06-05T13:57:40.041+0000] {dag.py:4180} INFO - Setting next_dagrun for example_dag_decorator to None, run_after=None
[2026-06-05T13:57:40.111+0000] {processor.py:208} INFO - Processing /home/airflow/.local/lib/python3.12/site-packages/airflow/example_dags/example_dag_decorator.py took 0.637 seconds
[2026-06-05T13:58:12.459+0000] {processor.py:186} INFO - Started process (PID=792) to work on /home/airflow/.local/lib/python3.12/site-packages/airflow/example_dags/example_dag_decorator.py
[2026-06-05T13:58:12.470+0000] {processor.py:914} INFO - Processing file /home/airflow/.local/lib/python3.12/site-packages/airflow/example_dags/example_dag_decorator.py for tasks to queue
[2026-06-05T13:58:12.490+0000] {logging_mixin.py:190} INFO - [2026-06-05T13:58:12.489+0000] {dagbag.py:588} INFO - Filling up the DagBag from /home/airflow/.local/lib/python3.12/site-packages/airflow/example_dags/example_dag_decorator.py
[2026-06-05T13:58:12.582+0000] {processor.py:925} INFO - DAG(s) 'example_dag_decorator' retrieved from /home/airflow/.local/lib/python3.12/site-packages/airflow/example_dags/example_dag_decorator.py
[2026-06-05T13:58:13.748+0000] {logging_mixin.py:190} INFO - [2026-06-05T13:58:13.747+0000] {dag.py:3239} INFO - Sync 1 DAGs
[2026-06-05T13:58:13.812+0000] {logging_mixin.py:190} INFO - [2026-06-05T13:58:13.812+0000] {dag.py:4180} INFO - Setting next_dagrun for example_dag_decorator to None, run_after=None
[2026-06-05T13:58:13.952+0000] {processor.py:208} INFO - Processing /home/airflow/.local/lib/python3.12/site-packages/airflow/example_dags/example_dag_decorator.py took 1.539 seconds
[2026-06-05T13:58:44.723+0000] {processor.py:186} INFO - Started process (PID=856) to work on /home/airflow/.local/lib/python3.12/site-packages/airflow/example_dags/example_dag_decorator.py
[2026-06-05T13:58:44.740+0000] {processor.py:914} INFO - Processing file /home/airflow/.local/lib/python3.12/site-packages/airflow/example_dags/example_dag_decorator.py for tasks to queue
[2026-06-05T13:58:44.755+0000] {logging_mixin.py:190} INFO - [2026-06-05T13:58:44.753+0000] {dagbag.py:588} INFO - Filling up the DagBag from /home/airflow/.local/lib/python3.12/site-packages/airflow/example_dags/example_dag_decorator.py
[2026-06-05T13:58:44.864+0000] {processor.py:925} INFO - DAG(s) 'example_dag_decorator' retrieved from /home/airflow/.local/lib/python3.12/site-packages/airflow/example_dags/example_dag_decorator.py
[2026-06-05T13:58:45.947+0000] {logging_mixin.py:190} INFO - [2026-06-05T13:58:45.947+0000] {dag.py:3239} INFO - Sync 1 DAGs
[2026-06-05T13:58:46.050+0000] {logging_mixin.py:190} INFO - [2026-06-05T13:58:46.049+0000] {dag.py:4180} INFO - Setting next_dagrun for example_dag_decorator to None, run_after=None
[2026-06-05T13:58:46.229+0000] {processor.py:208} INFO - Processing /home/airflow/.local/lib/python3.12/site-packages/airflow/example_dags/example_dag_decorator.py took 1.546 seconds
[2026-06-05T13:59:17.218+0000] {processor.py:186} INFO - Started process (PID=918) to work on /home/airflow/.local/lib/python3.12/site-packages/airflow/example_dags/example_dag_decorator.py
[2026-06-05T13:59:17.221+0000] {processor.py:914} INFO - Processing file /home/airflow/.local/lib/python3.12/site-packages/airflow/example_dags/example_dag_decorator.py for tasks to queue
[2026-06-05T13:59:17.231+0000] {logging_mixin.py:190} INFO - [2026-06-05T13:59:17.230+0000] {dagbag.py:588} INFO - Filling up the DagBag from /home/airflow/.local/lib/python3.12/site-packages/airflow/example_dags/example_dag_decorator.py
[2026-06-05T13:59:17.270+0000] {processor.py:925} INFO - DAG(s) 'example_dag_decorator' retrieved from /home/airflow/.local/lib/python3.12/site-packages/airflow/example_dags/example_dag_decorator.py
[2026-06-05T13:59:17.695+0000] {logging_mixin.py:190} INFO - [2026-06-05T13:59:17.694+0000] {dag.py:3239} INFO - Sync 1 DAGs
[2026-06-05T13:59:17.720+0000] {logging_mixin.py:190} INFO - [2026-06-05T13:59:17.720+0000] {dag.py:4180} INFO - Setting next_dagrun for example_dag_decorator to None, run_after=None
[2026-06-05T13:59:17.766+0000] {processor.py:208} INFO - Processing /home/airflow/.local/lib/python3.12/site-packages/airflow/example_dags/example_dag_decorator.py took 0.569 seconds
