[2026-06-05T13:52:05.401+0000] {processor.py:186} INFO - Started process (PID=96) to work on /home/airflow/.local/lib/python3.12/site-packages/airflow/example_dags/example_xcomargs.py
[2026-06-05T13:52:05.428+0000] {processor.py:914} INFO - Processing file /home/airflow/.local/lib/python3.12/site-packages/airflow/example_dags/example_xcomargs.py for tasks to queue
[2026-06-05T13:52:05.445+0000] {logging_mixin.py:190} INFO - [2026-06-05T13:52:05.443+0000] {dagbag.py:588} INFO - Filling up the DagBag from /home/airflow/.local/lib/python3.12/site-packages/airflow/example_dags/example_xcomargs.py
[2026-06-05T13:52:05.540+0000] {processor.py:925} INFO - DAG(s) 'example_xcom_args_with_operators', 'example_xcom_args' retrieved from /home/airflow/.local/lib/python3.12/site-packages/airflow/example_dags/example_xcomargs.py
[2026-06-05T13:52:06.799+0000] {logging_mixin.py:190} INFO - [2026-06-05T13:52:06.795+0000] {override.py:1900} INFO - Created Permission View: can delete on DAG:example_xcom_args_with_operators
[2026-06-05T13:52:06.877+0000] {logging_mixin.py:190} INFO - [2026-06-05T13:52:06.876+0000] {override.py:1900} INFO - Created Permission View: can read on DAG:example_xcom_args_with_operators
[2026-06-05T13:52:06.941+0000] {logging_mixin.py:190} INFO - [2026-06-05T13:52:06.940+0000] {override.py:1900} INFO - Created Permission View: can edit on DAG:example_xcom_args_with_operators
[2026-06-05T13:52:07.014+0000] {logging_mixin.py:190} INFO - [2026-06-05T13:52:07.013+0000] {override.py:1900} INFO - Created Permission View: menu access on DAG Run:example_xcom_args_with_operators
[2026-06-05T13:52:07.067+0000] {logging_mixin.py:190} INFO - [2026-06-05T13:52:07.066+0000] {override.py:1900} INFO - Created Permission View: can delete on DAG Run:example_xcom_args_with_operators
[2026-06-05T13:52:07.119+0000] {logging_mixin.py:190} INFO - [2026-06-05T13:52:07.118+0000] {override.py:1900} INFO - Created Permission View: can read on DAG Run:example_xcom_args_with_operators
[2026-06-05T13:52:07.182+0000] {logging_mixin.py:190} INFO - [2026-06-05T13:52:07.181+0000] {override.py:1900} INFO - Created Permission View: can create on DAG Run:example_xcom_args_with_operators
[2026-06-05T13:52:07.265+0000] {logging_mixin.py:190} INFO - [2026-06-05T13:52:07.264+0000] {override.py:1900} INFO - Created Permission View: can delete on DAG:example_xcom_args
[2026-06-05T13:52:07.316+0000] {logging_mixin.py:190} INFO - [2026-06-05T13:52:07.315+0000] {override.py:1900} INFO - Created Permission View: can read on DAG:example_xcom_args
[2026-06-05T13:52:07.352+0000] {logging_mixin.py:190} INFO - [2026-06-05T13:52:07.351+0000] {override.py:1900} INFO - Created Permission View: can edit on DAG:example_xcom_args
[2026-06-05T13:52:07.430+0000] {logging_mixin.py:190} INFO - [2026-06-05T13:52:07.429+0000] {override.py:1900} INFO - Created Permission View: menu access on DAG Run:example_xcom_args
[2026-06-05T13:52:07.465+0000] {logging_mixin.py:190} INFO - [2026-06-05T13:52:07.464+0000] {override.py:1900} INFO - Created Permission View: can delete on DAG Run:example_xcom_args
[2026-06-05T13:52:07.507+0000] {logging_mixin.py:190} INFO - [2026-06-05T13:52:07.506+0000] {override.py:1900} INFO - Created Permission View: can read on DAG Run:example_xcom_args
[2026-06-05T13:52:07.577+0000] {logging_mixin.py:190} INFO - [2026-06-05T13:52:07.576+0000] {override.py:1900} INFO - Created Permission View: can create on DAG Run:example_xcom_args
[2026-06-05T13:52:07.584+0000] {logging_mixin.py:190} INFO - [2026-06-05T13:52:07.579+0000] {dag.py:3239} INFO - Sync 2 DAGs
[2026-06-05T13:52:07.662+0000] {logging_mixin.py:190} INFO - [2026-06-05T13:52:07.662+0000] {dag.py:3262} INFO - Creating ORM DAG for example_xcom_args_with_operators
[2026-06-05T13:52:07.672+0000] {logging_mixin.py:190} INFO - [2026-06-05T13:52:07.671+0000] {dag.py:3262} INFO - Creating ORM DAG for example_xcom_args
[2026-06-05T13:52:07.676+0000] {logging_mixin.py:190} INFO - [2026-06-05T13:52:07.676+0000] {dag.py:4180} INFO - Setting next_dagrun for example_xcom_args to None, run_after=None
[2026-06-05T13:52:07.680+0000] {logging_mixin.py:190} INFO - [2026-06-05T13:52:07.679+0000] {dag.py:4180} INFO - Setting next_dagrun for example_xcom_args_with_operators to None, run_after=None
[2026-06-05T13:52:07.789+0000] {processor.py:208} INFO - Processing /home/airflow/.local/lib/python3.12/site-packages/airflow/example_dags/example_xcomargs.py took 2.433 seconds
[2026-06-05T13:52:52.338+0000] {processor.py:186} INFO - Started process (PID=163) to work on /home/airflow/.local/lib/python3.12/site-packages/airflow/example_dags/example_xcomargs.py
[2026-06-05T13:52:52.343+0000] {processor.py:914} INFO - Processing file /home/airflow/.local/lib/python3.12/site-packages/airflow/example_dags/example_xcomargs.py for tasks to queue
[2026-06-05T13:52:52.392+0000] {logging_mixin.py:190} INFO - [2026-06-05T13:52:52.387+0000] {dagbag.py:588} INFO - Filling up the DagBag from /home/airflow/.local/lib/python3.12/site-packages/airflow/example_dags/example_xcomargs.py
[2026-06-05T13:52:52.557+0000] {processor.py:925} INFO - DAG(s) 'example_xcom_args_with_operators', 'example_xcom_args' retrieved from /home/airflow/.local/lib/python3.12/site-packages/airflow/example_dags/example_xcomargs.py
[2026-06-05T13:52:52.836+0000] {logging_mixin.py:190} INFO - [2026-06-05T13:52:52.835+0000] {dag.py:3239} INFO - Sync 2 DAGs
[2026-06-05T13:52:52.903+0000] {logging_mixin.py:190} INFO - [2026-06-05T13:52:52.903+0000] {dag.py:4180} INFO - Setting next_dagrun for example_xcom_args to None, run_after=None
[2026-06-05T13:52:52.920+0000] {logging_mixin.py:190} INFO - [2026-06-05T13:52:52.919+0000] {dag.py:4180} INFO - Setting next_dagrun for example_xcom_args_with_operators to None, run_after=None
[2026-06-05T13:52:53.025+0000] {processor.py:208} INFO - Processing /home/airflow/.local/lib/python3.12/site-packages/airflow/example_dags/example_xcomargs.py took 0.708 seconds
[2026-06-05T13:53:23.477+0000] {processor.py:186} INFO - Started process (PID=225) to work on /home/airflow/.local/lib/python3.12/site-packages/airflow/example_dags/example_xcomargs.py
[2026-06-05T13:53:23.480+0000] {processor.py:914} INFO - Processing file /home/airflow/.local/lib/python3.12/site-packages/airflow/example_dags/example_xcomargs.py for tasks to queue
[2026-06-05T13:53:23.486+0000] {logging_mixin.py:190} INFO - [2026-06-05T13:53:23.486+0000] {dagbag.py:588} INFO - Filling up the DagBag from /home/airflow/.local/lib/python3.12/site-packages/airflow/example_dags/example_xcomargs.py
[2026-06-05T13:53:23.550+0000] {processor.py:925} INFO - DAG(s) 'example_xcom_args_with_operators', 'example_xcom_args' retrieved from /home/airflow/.local/lib/python3.12/site-packages/airflow/example_dags/example_xcomargs.py
[2026-06-05T13:53:23.625+0000] {logging_mixin.py:190} INFO - [2026-06-05T13:53:23.625+0000] {dag.py:3239} INFO - Sync 2 DAGs
[2026-06-05T13:53:23.667+0000] {logging_mixin.py:190} INFO - [2026-06-05T13:53:23.667+0000] {dag.py:4180} INFO - Setting next_dagrun for example_xcom_args to None, run_after=None
[2026-06-05T13:53:23.678+0000] {logging_mixin.py:190} INFO - [2026-06-05T13:53:23.677+0000] {dag.py:4180} INFO - Setting next_dagrun for example_xcom_args_with_operators to None, run_after=None
[2026-06-05T13:53:23.730+0000] {processor.py:208} INFO - Processing /home/airflow/.local/lib/python3.12/site-packages/airflow/example_dags/example_xcomargs.py took 0.266 seconds
[2026-06-05T13:53:54.081+0000] {processor.py:186} INFO - Started process (PID=287) to work on /home/airflow/.local/lib/python3.12/site-packages/airflow/example_dags/example_xcomargs.py
[2026-06-05T13:53:54.083+0000] {processor.py:914} INFO - Processing file /home/airflow/.local/lib/python3.12/site-packages/airflow/example_dags/example_xcomargs.py for tasks to queue
[2026-06-05T13:53:54.088+0000] {logging_mixin.py:190} INFO - [2026-06-05T13:53:54.087+0000] {dagbag.py:588} INFO - Filling up the DagBag from /home/airflow/.local/lib/python3.12/site-packages/airflow/example_dags/example_xcomargs.py
[2026-06-05T13:53:54.113+0000] {processor.py:925} INFO - DAG(s) 'example_xcom_args', 'example_xcom_args_with_operators' retrieved from /home/airflow/.local/lib/python3.12/site-packages/airflow/example_dags/example_xcomargs.py
[2026-06-05T13:53:54.170+0000] {logging_mixin.py:190} INFO - [2026-06-05T13:53:54.169+0000] {dag.py:3239} INFO - Sync 2 DAGs
[2026-06-05T13:53:54.214+0000] {logging_mixin.py:190} INFO - [2026-06-05T13:53:54.213+0000] {dag.py:4180} INFO - Setting next_dagrun for example_xcom_args to None, run_after=None
[2026-06-05T13:53:54.226+0000] {logging_mixin.py:190} INFO - [2026-06-05T13:53:54.226+0000] {dag.py:4180} INFO - Setting next_dagrun for example_xcom_args_with_operators to None, run_after=None
[2026-06-05T13:53:54.283+0000] {processor.py:208} INFO - Processing /home/airflow/.local/lib/python3.12/site-packages/airflow/example_dags/example_xcomargs.py took 0.217 seconds
[2026-06-05T13:54:24.699+0000] {processor.py:186} INFO - Started process (PID=349) to work on /home/airflow/.local/lib/python3.12/site-packages/airflow/example_dags/example_xcomargs.py
[2026-06-05T13:54:24.701+0000] {processor.py:914} INFO - Processing file /home/airflow/.local/lib/python3.12/site-packages/airflow/example_dags/example_xcomargs.py for tasks to queue
[2026-06-05T13:54:24.708+0000] {logging_mixin.py:190} INFO - [2026-06-05T13:54:24.707+0000] {dagbag.py:588} INFO - Filling up the DagBag from /home/airflow/.local/lib/python3.12/site-packages/airflow/example_dags/example_xcomargs.py
[2026-06-05T13:54:24.734+0000] {processor.py:925} INFO - DAG(s) 'example_xcom_args_with_operators', 'example_xcom_args' retrieved from /home/airflow/.local/lib/python3.12/site-packages/airflow/example_dags/example_xcomargs.py
[2026-06-05T13:54:24.794+0000] {logging_mixin.py:190} INFO - [2026-06-05T13:54:24.794+0000] {dag.py:3239} INFO - Sync 2 DAGs
[2026-06-05T13:54:24.828+0000] {logging_mixin.py:190} INFO - [2026-06-05T13:54:24.827+0000] {dag.py:4180} INFO - Setting next_dagrun for example_xcom_args to None, run_after=None
[2026-06-05T13:54:24.835+0000] {logging_mixin.py:190} INFO - [2026-06-05T13:54:24.835+0000] {dag.py:4180} INFO - Setting next_dagrun for example_xcom_args_with_operators to None, run_after=None
[2026-06-05T13:54:24.878+0000] {processor.py:208} INFO - Processing /home/airflow/.local/lib/python3.12/site-packages/airflow/example_dags/example_xcomargs.py took 0.195 seconds
[2026-06-05T13:55:02.667+0000] {processor.py:186} INFO - Started process (PID=411) to work on /home/airflow/.local/lib/python3.12/site-packages/airflow/example_dags/example_xcomargs.py
[2026-06-05T13:55:02.671+0000] {processor.py:914} INFO - Processing file /home/airflow/.local/lib/python3.12/site-packages/airflow/example_dags/example_xcomargs.py for tasks to queue
[2026-06-05T13:55:02.681+0000] {logging_mixin.py:190} INFO - [2026-06-05T13:55:02.679+0000] {dagbag.py:588} INFO - Filling up the DagBag from /home/airflow/.local/lib/python3.12/site-packages/airflow/example_dags/example_xcomargs.py
[2026-06-05T13:55:02.739+0000] {processor.py:925} INFO - DAG(s) 'example_xcom_args_with_operators', 'example_xcom_args' retrieved from /home/airflow/.local/lib/python3.12/site-packages/airflow/example_dags/example_xcomargs.py
[2026-06-05T13:55:02.841+0000] {logging_mixin.py:190} INFO - [2026-06-05T13:55:02.840+0000] {dag.py:3239} INFO - Sync 2 DAGs
[2026-06-05T13:55:02.897+0000] {logging_mixin.py:190} INFO - [2026-06-05T13:55:02.896+0000] {dag.py:4180} INFO - Setting next_dagrun for example_xcom_args to None, run_after=None
[2026-06-05T13:55:02.913+0000] {logging_mixin.py:190} INFO - [2026-06-05T13:55:02.912+0000] {dag.py:4180} INFO - Setting next_dagrun for example_xcom_args_with_operators to None, run_after=None
[2026-06-05T13:55:02.980+0000] {processor.py:208} INFO - Processing /home/airflow/.local/lib/python3.12/site-packages/airflow/example_dags/example_xcomargs.py took 0.339 seconds
[2026-06-05T13:55:33.307+0000] {processor.py:186} INFO - Started process (PID=472) to work on /home/airflow/.local/lib/python3.12/site-packages/airflow/example_dags/example_xcomargs.py
[2026-06-05T13:55:33.311+0000] {processor.py:914} INFO - Processing file /home/airflow/.local/lib/python3.12/site-packages/airflow/example_dags/example_xcomargs.py for tasks to queue
[2026-06-05T13:55:33.317+0000] {logging_mixin.py:190} INFO - [2026-06-05T13:55:33.316+0000] {dagbag.py:588} INFO - Filling up the DagBag from /home/airflow/.local/lib/python3.12/site-packages/airflow/example_dags/example_xcomargs.py
[2026-06-05T13:55:33.342+0000] {processor.py:925} INFO - DAG(s) 'example_xcom_args', 'example_xcom_args_with_operators' retrieved from /home/airflow/.local/lib/python3.12/site-packages/airflow/example_dags/example_xcomargs.py
[2026-06-05T13:55:33.403+0000] {logging_mixin.py:190} INFO - [2026-06-05T13:55:33.403+0000] {dag.py:3239} INFO - Sync 2 DAGs
[2026-06-05T13:55:33.435+0000] {logging_mixin.py:190} INFO - [2026-06-05T13:55:33.435+0000] {dag.py:4180} INFO - Setting next_dagrun for example_xcom_args to None, run_after=None
[2026-06-05T13:55:33.446+0000] {logging_mixin.py:190} INFO - [2026-06-05T13:55:33.445+0000] {dag.py:4180} INFO - Setting next_dagrun for example_xcom_args_with_operators to None, run_after=None
[2026-06-05T13:55:33.487+0000] {processor.py:208} INFO - Processing /home/airflow/.local/lib/python3.12/site-packages/airflow/example_dags/example_xcomargs.py took 0.192 seconds
[2026-06-05T13:56:04.867+0000] {processor.py:186} INFO - Started process (PID=535) to work on /home/airflow/.local/lib/python3.12/site-packages/airflow/example_dags/example_xcomargs.py
[2026-06-05T13:56:04.870+0000] {processor.py:914} INFO - Processing file /home/airflow/.local/lib/python3.12/site-packages/airflow/example_dags/example_xcomargs.py for tasks to queue
[2026-06-05T13:56:04.879+0000] {logging_mixin.py:190} INFO - [2026-06-05T13:56:04.878+0000] {dagbag.py:588} INFO - Filling up the DagBag from /home/airflow/.local/lib/python3.12/site-packages/airflow/example_dags/example_xcomargs.py
[2026-06-05T13:56:04.916+0000] {processor.py:925} INFO - DAG(s) 'example_xcom_args', 'example_xcom_args_with_operators' retrieved from /home/airflow/.local/lib/python3.12/site-packages/airflow/example_dags/example_xcomargs.py
[2026-06-05T13:56:04.989+0000] {logging_mixin.py:190} INFO - [2026-06-05T13:56:04.989+0000] {dag.py:3239} INFO - Sync 2 DAGs
[2026-06-05T13:56:05.045+0000] {logging_mixin.py:190} INFO - [2026-06-05T13:56:05.044+0000] {dag.py:4180} INFO - Setting next_dagrun for example_xcom_args to None, run_after=None
[2026-06-05T13:56:05.057+0000] {logging_mixin.py:190} INFO - [2026-06-05T13:56:05.056+0000] {dag.py:4180} INFO - Setting next_dagrun for example_xcom_args_with_operators to None, run_after=None
[2026-06-05T13:56:05.110+0000] {processor.py:208} INFO - Processing /home/airflow/.local/lib/python3.12/site-packages/airflow/example_dags/example_xcomargs.py took 0.269 seconds
[2026-06-05T13:56:35.646+0000] {processor.py:186} INFO - Started process (PID=599) to work on /home/airflow/.local/lib/python3.12/site-packages/airflow/example_dags/example_xcomargs.py
[2026-06-05T13:56:35.653+0000] {processor.py:914} INFO - Processing file /home/airflow/.local/lib/python3.12/site-packages/airflow/example_dags/example_xcomargs.py for tasks to queue
[2026-06-05T13:56:35.662+0000] {logging_mixin.py:190} INFO - [2026-06-05T13:56:35.660+0000] {dagbag.py:588} INFO - Filling up the DagBag from /home/airflow/.local/lib/python3.12/site-packages/airflow/example_dags/example_xcomargs.py
[2026-06-05T13:56:35.705+0000] {processor.py:925} INFO - DAG(s) 'example_xcom_args_with_operators', 'example_xcom_args' retrieved from /home/airflow/.local/lib/python3.12/site-packages/airflow/example_dags/example_xcomargs.py
[2026-06-05T13:56:35.778+0000] {logging_mixin.py:190} INFO - [2026-06-05T13:56:35.777+0000] {dag.py:3239} INFO - Sync 2 DAGs
[2026-06-05T13:56:35.824+0000] {logging_mixin.py:190} INFO - [2026-06-05T13:56:35.823+0000] {dag.py:4180} INFO - Setting next_dagrun for example_xcom_args to None, run_after=None
[2026-06-05T13:56:35.839+0000] {logging_mixin.py:190} INFO - [2026-06-05T13:56:35.838+0000] {dag.py:4180} INFO - Setting next_dagrun for example_xcom_args_with_operators to None, run_after=None
[2026-06-05T13:56:35.907+0000] {processor.py:208} INFO - Processing /home/airflow/.local/lib/python3.12/site-packages/airflow/example_dags/example_xcomargs.py took 0.284 seconds
[2026-06-05T13:57:06.201+0000] {processor.py:186} INFO - Started process (PID=661) to work on /home/airflow/.local/lib/python3.12/site-packages/airflow/example_dags/example_xcomargs.py
[2026-06-05T13:57:06.204+0000] {processor.py:914} INFO - Processing file /home/airflow/.local/lib/python3.12/site-packages/airflow/example_dags/example_xcomargs.py for tasks to queue
[2026-06-05T13:57:06.214+0000] {logging_mixin.py:190} INFO - [2026-06-05T13:57:06.213+0000] {dagbag.py:588} INFO - Filling up the DagBag from /home/airflow/.local/lib/python3.12/site-packages/airflow/example_dags/example_xcomargs.py
[2026-06-05T13:57:06.261+0000] {processor.py:925} INFO - DAG(s) 'example_xcom_args', 'example_xcom_args_with_operators' retrieved from /home/airflow/.local/lib/python3.12/site-packages/airflow/example_dags/example_xcomargs.py
[2026-06-05T13:57:06.350+0000] {logging_mixin.py:190} INFO - [2026-06-05T13:57:06.349+0000] {dag.py:3239} INFO - Sync 2 DAGs
[2026-06-05T13:57:06.400+0000] {logging_mixin.py:190} INFO - [2026-06-05T13:57:06.399+0000] {dag.py:4180} INFO - Setting next_dagrun for example_xcom_args to None, run_after=None
[2026-06-05T13:57:06.414+0000] {logging_mixin.py:190} INFO - [2026-06-05T13:57:06.414+0000] {dag.py:4180} INFO - Setting next_dagrun for example_xcom_args_with_operators to None, run_after=None
[2026-06-05T13:57:06.475+0000] {processor.py:208} INFO - Processing /home/airflow/.local/lib/python3.12/site-packages/airflow/example_dags/example_xcomargs.py took 0.303 seconds
[2026-06-05T13:57:37.107+0000] {processor.py:186} INFO - Started process (PID=721) to work on /home/airflow/.local/lib/python3.12/site-packages/airflow/example_dags/example_xcomargs.py
[2026-06-05T13:57:37.110+0000] {processor.py:914} INFO - Processing file /home/airflow/.local/lib/python3.12/site-packages/airflow/example_dags/example_xcomargs.py for tasks to queue
[2026-06-05T13:57:37.118+0000] {logging_mixin.py:190} INFO - [2026-06-05T13:57:37.117+0000] {dagbag.py:588} INFO - Filling up the DagBag from /home/airflow/.local/lib/python3.12/site-packages/airflow/example_dags/example_xcomargs.py
[2026-06-05T13:57:37.196+0000] {processor.py:925} INFO - DAG(s) 'example_xcom_args', 'example_xcom_args_with_operators' retrieved from /home/airflow/.local/lib/python3.12/site-packages/airflow/example_dags/example_xcomargs.py
[2026-06-05T13:57:37.364+0000] {logging_mixin.py:190} INFO - [2026-06-05T13:57:37.363+0000] {dag.py:3239} INFO - Sync 2 DAGs
[2026-06-05T13:57:37.451+0000] {logging_mixin.py:190} INFO - [2026-06-05T13:57:37.451+0000] {dag.py:4180} INFO - Setting next_dagrun for example_xcom_args to None, run_after=None
[2026-06-05T13:57:37.470+0000] {logging_mixin.py:190} INFO - [2026-06-05T13:57:37.469+0000] {dag.py:4180} INFO - Setting next_dagrun for example_xcom_args_with_operators to None, run_after=None
[2026-06-05T13:57:37.548+0000] {processor.py:208} INFO - Processing /home/airflow/.local/lib/python3.12/site-packages/airflow/example_dags/example_xcomargs.py took 0.475 seconds
[2026-06-05T13:58:08.528+0000] {processor.py:186} INFO - Started process (PID=783) to work on /home/airflow/.local/lib/python3.12/site-packages/airflow/example_dags/example_xcomargs.py
[2026-06-05T13:58:08.533+0000] {processor.py:914} INFO - Processing file /home/airflow/.local/lib/python3.12/site-packages/airflow/example_dags/example_xcomargs.py for tasks to queue
[2026-06-05T13:58:08.544+0000] {logging_mixin.py:190} INFO - [2026-06-05T13:58:08.543+0000] {dagbag.py:588} INFO - Filling up the DagBag from /home/airflow/.local/lib/python3.12/site-packages/airflow/example_dags/example_xcomargs.py
[2026-06-05T13:58:08.595+0000] {processor.py:925} INFO - DAG(s) 'example_xcom_args', 'example_xcom_args_with_operators' retrieved from /home/airflow/.local/lib/python3.12/site-packages/airflow/example_dags/example_xcomargs.py
[2026-06-05T13:58:08.706+0000] {logging_mixin.py:190} INFO - [2026-06-05T13:58:08.705+0000] {dag.py:3239} INFO - Sync 2 DAGs
[2026-06-05T13:58:08.792+0000] {logging_mixin.py:190} INFO - [2026-06-05T13:58:08.791+0000] {dag.py:4180} INFO - Setting next_dagrun for example_xcom_args to None, run_after=None
[2026-06-05T13:58:08.816+0000] {logging_mixin.py:190} INFO - [2026-06-05T13:58:08.815+0000] {dag.py:4180} INFO - Setting next_dagrun for example_xcom_args_with_operators to None, run_after=None
[2026-06-05T13:58:08.946+0000] {processor.py:208} INFO - Processing /home/airflow/.local/lib/python3.12/site-packages/airflow/example_dags/example_xcomargs.py took 0.438 seconds
[2026-06-05T13:58:39.930+0000] {processor.py:186} INFO - Started process (PID=846) to work on /home/airflow/.local/lib/python3.12/site-packages/airflow/example_dags/example_xcomargs.py
[2026-06-05T13:58:39.940+0000] {processor.py:914} INFO - Processing file /home/airflow/.local/lib/python3.12/site-packages/airflow/example_dags/example_xcomargs.py for tasks to queue
[2026-06-05T13:58:39.952+0000] {logging_mixin.py:190} INFO - [2026-06-05T13:58:39.951+0000] {dagbag.py:588} INFO - Filling up the DagBag from /home/airflow/.local/lib/python3.12/site-packages/airflow/example_dags/example_xcomargs.py
[2026-06-05T13:58:40.061+0000] {processor.py:925} INFO - DAG(s) 'example_xcom_args_with_operators', 'example_xcom_args' retrieved from /home/airflow/.local/lib/python3.12/site-packages/airflow/example_dags/example_xcomargs.py
[2026-06-05T13:58:40.226+0000] {logging_mixin.py:190} INFO - [2026-06-05T13:58:40.224+0000] {dag.py:3239} INFO - Sync 2 DAGs
[2026-06-05T13:58:40.373+0000] {logging_mixin.py:190} INFO - [2026-06-05T13:58:40.373+0000] {dag.py:4180} INFO - Setting next_dagrun for example_xcom_args to None, run_after=None
[2026-06-05T13:58:40.399+0000] {logging_mixin.py:190} INFO - [2026-06-05T13:58:40.399+0000] {dag.py:4180} INFO - Setting next_dagrun for example_xcom_args_with_operators to None, run_after=None
[2026-06-05T13:58:40.518+0000] {processor.py:208} INFO - Processing /home/airflow/.local/lib/python3.12/site-packages/airflow/example_dags/example_xcomargs.py took 0.628 seconds
[2026-06-05T13:59:10.891+0000] {processor.py:186} INFO - Started process (PID=908) to work on /home/airflow/.local/lib/python3.12/site-packages/airflow/example_dags/example_xcomargs.py
[2026-06-05T13:59:10.904+0000] {processor.py:914} INFO - Processing file /home/airflow/.local/lib/python3.12/site-packages/airflow/example_dags/example_xcomargs.py for tasks to queue
[2026-06-05T13:59:10.918+0000] {logging_mixin.py:190} INFO - [2026-06-05T13:59:10.916+0000] {dagbag.py:588} INFO - Filling up the DagBag from /home/airflow/.local/lib/python3.12/site-packages/airflow/example_dags/example_xcomargs.py
[2026-06-05T13:59:10.960+0000] {processor.py:925} INFO - DAG(s) 'example_xcom_args_with_operators', 'example_xcom_args' retrieved from /home/airflow/.local/lib/python3.12/site-packages/airflow/example_dags/example_xcomargs.py
[2026-06-05T13:59:11.103+0000] {logging_mixin.py:190} INFO - [2026-06-05T13:59:11.102+0000] {dag.py:3239} INFO - Sync 2 DAGs
[2026-06-05T13:59:11.230+0000] {logging_mixin.py:190} INFO - [2026-06-05T13:59:11.228+0000] {dag.py:4180} INFO - Setting next_dagrun for example_xcom_args to None, run_after=None
[2026-06-05T13:59:11.274+0000] {logging_mixin.py:190} INFO - [2026-06-05T13:59:11.267+0000] {dag.py:4180} INFO - Setting next_dagrun for example_xcom_args_with_operators to None, run_after=None
[2026-06-05T13:59:11.382+0000] {processor.py:208} INFO - Processing /home/airflow/.local/lib/python3.12/site-packages/airflow/example_dags/example_xcomargs.py took 0.513 seconds
