[2026-06-05T13:52:39.241+0000] {processor.py:186} INFO - Started process (PID=136) to work on /home/airflow/.local/lib/python3.12/site-packages/airflow/example_dags/example_datasets.py
[2026-06-05T13:52:39.245+0000] {processor.py:914} INFO - Processing file /home/airflow/.local/lib/python3.12/site-packages/airflow/example_dags/example_datasets.py for tasks to queue
[2026-06-05T13:52:39.255+0000] {logging_mixin.py:190} INFO - [2026-06-05T13:52:39.254+0000] {dagbag.py:588} INFO - Filling up the DagBag from /home/airflow/.local/lib/python3.12/site-packages/airflow/example_dags/example_datasets.py
[2026-06-05T13:52:39.911+0000] {processor.py:925} INFO - DAG(s) 'dataset_consumes_1_and_2', 'dataset_consumes_1', 'dataset_consumes_unknown_never_scheduled', 'dataset_produces_2', 'consume_1_or_both_2_and_3_with_dataset_expressions', 'dataset_produces_1', 'consume_1_or_2_with_dataset_expressions', 'consume_1_and_2_with_dataset_expressions', 'conditional_dataset_and_time_based_timetable', 'dataset_consumes_1_never_scheduled' retrieved from /home/airflow/.local/lib/python3.12/site-packages/airflow/example_dags/example_datasets.py
[2026-06-05T13:52:40.638+0000] {logging_mixin.py:190} INFO - [2026-06-05T13:52:40.636+0000] {override.py:1900} INFO - Created Permission View: can delete on DAG:dataset_consumes_1_and_2
[2026-06-05T13:52:40.916+0000] {logging_mixin.py:190} INFO - [2026-06-05T13:52:40.915+0000] {override.py:1900} INFO - Created Permission View: can read on DAG:dataset_consumes_1_and_2
[2026-06-05T13:52:40.974+0000] {logging_mixin.py:190} INFO - [2026-06-05T13:52:40.973+0000] {override.py:1900} INFO - Created Permission View: can edit on DAG:dataset_consumes_1_and_2
[2026-06-05T13:52:41.041+0000] {logging_mixin.py:190} INFO - [2026-06-05T13:52:41.040+0000] {override.py:1900} INFO - Created Permission View: menu access on DAG Run:dataset_consumes_1_and_2
[2026-06-05T13:52:41.077+0000] {logging_mixin.py:190} INFO - [2026-06-05T13:52:41.075+0000] {override.py:1900} INFO - Created Permission View: can delete on DAG Run:dataset_consumes_1_and_2
[2026-06-05T13:52:41.138+0000] {logging_mixin.py:190} INFO - [2026-06-05T13:52:41.137+0000] {override.py:1900} INFO - Created Permission View: can read on DAG Run:dataset_consumes_1_and_2
[2026-06-05T13:52:41.181+0000] {logging_mixin.py:190} INFO - [2026-06-05T13:52:41.180+0000] {override.py:1900} INFO - Created Permission View: can create on DAG Run:dataset_consumes_1_and_2
[2026-06-05T13:52:41.322+0000] {logging_mixin.py:190} INFO - [2026-06-05T13:52:41.321+0000] {override.py:1900} INFO - Created Permission View: can delete on DAG:dataset_consumes_1
[2026-06-05T13:52:41.385+0000] {logging_mixin.py:190} INFO - [2026-06-05T13:52:41.384+0000] {override.py:1900} INFO - Created Permission View: can read on DAG:dataset_consumes_1
[2026-06-05T13:52:41.440+0000] {logging_mixin.py:190} INFO - [2026-06-05T13:52:41.439+0000] {override.py:1900} INFO - Created Permission View: can edit on DAG:dataset_consumes_1
[2026-06-05T13:52:41.506+0000] {logging_mixin.py:190} INFO - [2026-06-05T13:52:41.505+0000] {override.py:1900} INFO - Created Permission View: menu access on DAG Run:dataset_consumes_1
[2026-06-05T13:52:41.575+0000] {logging_mixin.py:190} INFO - [2026-06-05T13:52:41.574+0000] {override.py:1900} INFO - Created Permission View: can delete on DAG Run:dataset_consumes_1
[2026-06-05T13:52:41.637+0000] {logging_mixin.py:190} INFO - [2026-06-05T13:52:41.637+0000] {override.py:1900} INFO - Created Permission View: can read on DAG Run:dataset_consumes_1
[2026-06-05T13:52:41.700+0000] {logging_mixin.py:190} INFO - [2026-06-05T13:52:41.695+0000] {override.py:1900} INFO - Created Permission View: can create on DAG Run:dataset_consumes_1
[2026-06-05T13:52:41.780+0000] {logging_mixin.py:190} INFO - [2026-06-05T13:52:41.779+0000] {override.py:1900} INFO - Created Permission View: can delete on DAG:dataset_consumes_unknown_never_scheduled
[2026-06-05T13:52:41.860+0000] {logging_mixin.py:190} INFO - [2026-06-05T13:52:41.858+0000] {override.py:1900} INFO - Created Permission View: can read on DAG:dataset_consumes_unknown_never_scheduled
[2026-06-05T13:52:41.897+0000] {logging_mixin.py:190} INFO - [2026-06-05T13:52:41.896+0000] {override.py:1900} INFO - Created Permission View: can edit on DAG:dataset_consumes_unknown_never_scheduled
[2026-06-05T13:52:41.956+0000] {logging_mixin.py:190} INFO - [2026-06-05T13:52:41.955+0000] {override.py:1900} INFO - Created Permission View: menu access on DAG Run:dataset_consumes_unknown_never_scheduled
[2026-06-05T13:52:41.990+0000] {logging_mixin.py:190} INFO - [2026-06-05T13:52:41.989+0000] {override.py:1900} INFO - Created Permission View: can delete on DAG Run:dataset_consumes_unknown_never_scheduled
[2026-06-05T13:52:42.016+0000] {logging_mixin.py:190} INFO - [2026-06-05T13:52:42.015+0000] {override.py:1900} INFO - Created Permission View: can read on DAG Run:dataset_consumes_unknown_never_scheduled
[2026-06-05T13:52:42.127+0000] {logging_mixin.py:190} INFO - [2026-06-05T13:52:42.126+0000] {override.py:1900} INFO - Created Permission View: can create on DAG Run:dataset_consumes_unknown_never_scheduled
[2026-06-05T13:52:42.173+0000] {logging_mixin.py:190} INFO - [2026-06-05T13:52:42.172+0000] {override.py:1900} INFO - Created Permission View: can delete on DAG:dataset_produces_2
[2026-06-05T13:52:42.206+0000] {logging_mixin.py:190} INFO - [2026-06-05T13:52:42.205+0000] {override.py:1900} INFO - Created Permission View: can read on DAG:dataset_produces_2
[2026-06-05T13:52:42.241+0000] {logging_mixin.py:190} INFO - [2026-06-05T13:52:42.239+0000] {override.py:1900} INFO - Created Permission View: can edit on DAG:dataset_produces_2
[2026-06-05T13:52:42.275+0000] {logging_mixin.py:190} INFO - [2026-06-05T13:52:42.275+0000] {override.py:1900} INFO - Created Permission View: menu access on DAG Run:dataset_produces_2
[2026-06-05T13:52:42.296+0000] {logging_mixin.py:190} INFO - [2026-06-05T13:52:42.295+0000] {override.py:1900} INFO - Created Permission View: can delete on DAG Run:dataset_produces_2
[2026-06-05T13:52:42.326+0000] {logging_mixin.py:190} INFO - [2026-06-05T13:52:42.325+0000] {override.py:1900} INFO - Created Permission View: can read on DAG Run:dataset_produces_2
[2026-06-05T13:52:42.355+0000] {logging_mixin.py:190} INFO - [2026-06-05T13:52:42.354+0000] {override.py:1900} INFO - Created Permission View: can create on DAG Run:dataset_produces_2
[2026-06-05T13:52:42.398+0000] {logging_mixin.py:190} INFO - [2026-06-05T13:52:42.398+0000] {override.py:1900} INFO - Created Permission View: can delete on DAG:consume_1_or_both_2_and_3_with_dataset_expressions
[2026-06-05T13:52:42.428+0000] {logging_mixin.py:190} INFO - [2026-06-05T13:52:42.427+0000] {override.py:1900} INFO - Created Permission View: can read on DAG:consume_1_or_both_2_and_3_with_dataset_expressions
[2026-06-05T13:52:42.462+0000] {logging_mixin.py:190} INFO - [2026-06-05T13:52:42.461+0000] {override.py:1900} INFO - Created Permission View: can edit on DAG:consume_1_or_both_2_and_3_with_dataset_expressions
[2026-06-05T13:52:42.501+0000] {logging_mixin.py:190} INFO - [2026-06-05T13:52:42.500+0000] {override.py:1900} INFO - Created Permission View: menu access on DAG Run:consume_1_or_both_2_and_3_with_dataset_expressions
[2026-06-05T13:52:42.533+0000] {logging_mixin.py:190} INFO - [2026-06-05T13:52:42.532+0000] {override.py:1900} INFO - Created Permission View: can delete on DAG Run:consume_1_or_both_2_and_3_with_dataset_expressions
[2026-06-05T13:52:42.559+0000] {logging_mixin.py:190} INFO - [2026-06-05T13:52:42.558+0000] {override.py:1900} INFO - Created Permission View: can read on DAG Run:consume_1_or_both_2_and_3_with_dataset_expressions
[2026-06-05T13:52:42.595+0000] {logging_mixin.py:190} INFO - [2026-06-05T13:52:42.594+0000] {override.py:1900} INFO - Created Permission View: can create on DAG Run:consume_1_or_both_2_and_3_with_dataset_expressions
[2026-06-05T13:52:42.665+0000] {logging_mixin.py:190} INFO - [2026-06-05T13:52:42.664+0000] {override.py:1900} INFO - Created Permission View: can delete on DAG:dataset_produces_1
[2026-06-05T13:52:42.695+0000] {logging_mixin.py:190} INFO - [2026-06-05T13:52:42.694+0000] {override.py:1900} INFO - Created Permission View: can read on DAG:dataset_produces_1
[2026-06-05T13:52:42.717+0000] {logging_mixin.py:190} INFO - [2026-06-05T13:52:42.716+0000] {override.py:1900} INFO - Created Permission View: can edit on DAG:dataset_produces_1
[2026-06-05T13:52:42.749+0000] {logging_mixin.py:190} INFO - [2026-06-05T13:52:42.748+0000] {override.py:1900} INFO - Created Permission View: menu access on DAG Run:dataset_produces_1
[2026-06-05T13:52:42.780+0000] {logging_mixin.py:190} INFO - [2026-06-05T13:52:42.780+0000] {override.py:1900} INFO - Created Permission View: can delete on DAG Run:dataset_produces_1
[2026-06-05T13:52:42.802+0000] {logging_mixin.py:190} INFO - [2026-06-05T13:52:42.802+0000] {override.py:1900} INFO - Created Permission View: can read on DAG Run:dataset_produces_1
[2026-06-05T13:52:42.831+0000] {logging_mixin.py:190} INFO - [2026-06-05T13:52:42.830+0000] {override.py:1900} INFO - Created Permission View: can create on DAG Run:dataset_produces_1
[2026-06-05T13:52:42.883+0000] {logging_mixin.py:190} INFO - [2026-06-05T13:52:42.882+0000] {override.py:1900} INFO - Created Permission View: can delete on DAG:consume_1_or_2_with_dataset_expressions
[2026-06-05T13:52:42.914+0000] {logging_mixin.py:190} INFO - [2026-06-05T13:52:42.913+0000] {override.py:1900} INFO - Created Permission View: can read on DAG:consume_1_or_2_with_dataset_expressions
[2026-06-05T13:52:42.938+0000] {logging_mixin.py:190} INFO - [2026-06-05T13:52:42.937+0000] {override.py:1900} INFO - Created Permission View: can edit on DAG:consume_1_or_2_with_dataset_expressions
[2026-06-05T13:52:42.975+0000] {logging_mixin.py:190} INFO - [2026-06-05T13:52:42.974+0000] {override.py:1900} INFO - Created Permission View: menu access on DAG Run:consume_1_or_2_with_dataset_expressions
[2026-06-05T13:52:43.010+0000] {logging_mixin.py:190} INFO - [2026-06-05T13:52:43.009+0000] {override.py:1900} INFO - Created Permission View: can delete on DAG Run:consume_1_or_2_with_dataset_expressions
[2026-06-05T13:52:43.041+0000] {logging_mixin.py:190} INFO - [2026-06-05T13:52:43.040+0000] {override.py:1900} INFO - Created Permission View: can read on DAG Run:consume_1_or_2_with_dataset_expressions
[2026-06-05T13:52:43.076+0000] {logging_mixin.py:190} INFO - [2026-06-05T13:52:43.075+0000] {override.py:1900} INFO - Created Permission View: can create on DAG Run:consume_1_or_2_with_dataset_expressions
[2026-06-05T13:52:43.121+0000] {logging_mixin.py:190} INFO - [2026-06-05T13:52:43.120+0000] {override.py:1900} INFO - Created Permission View: can delete on DAG:consume_1_and_2_with_dataset_expressions
[2026-06-05T13:52:43.148+0000] {logging_mixin.py:190} INFO - [2026-06-05T13:52:43.147+0000] {override.py:1900} INFO - Created Permission View: can read on DAG:consume_1_and_2_with_dataset_expressions
[2026-06-05T13:52:43.172+0000] {logging_mixin.py:190} INFO - [2026-06-05T13:52:43.171+0000] {override.py:1900} INFO - Created Permission View: can edit on DAG:consume_1_and_2_with_dataset_expressions
[2026-06-05T13:52:43.202+0000] {logging_mixin.py:190} INFO - [2026-06-05T13:52:43.201+0000] {override.py:1900} INFO - Created Permission View: menu access on DAG Run:consume_1_and_2_with_dataset_expressions
[2026-06-05T13:52:43.231+0000] {logging_mixin.py:190} INFO - [2026-06-05T13:52:43.230+0000] {override.py:1900} INFO - Created Permission View: can delete on DAG Run:consume_1_and_2_with_dataset_expressions
[2026-06-05T13:52:43.260+0000] {logging_mixin.py:190} INFO - [2026-06-05T13:52:43.259+0000] {override.py:1900} INFO - Created Permission View: can read on DAG Run:consume_1_and_2_with_dataset_expressions
[2026-06-05T13:52:43.287+0000] {logging_mixin.py:190} INFO - [2026-06-05T13:52:43.286+0000] {override.py:1900} INFO - Created Permission View: can create on DAG Run:consume_1_and_2_with_dataset_expressions
[2026-06-05T13:52:43.341+0000] {logging_mixin.py:190} INFO - [2026-06-05T13:52:43.339+0000] {override.py:1900} INFO - Created Permission View: can delete on DAG:conditional_dataset_and_time_based_timetable
[2026-06-05T13:52:43.369+0000] {logging_mixin.py:190} INFO - [2026-06-05T13:52:43.368+0000] {override.py:1900} INFO - Created Permission View: can read on DAG:conditional_dataset_and_time_based_timetable
[2026-06-05T13:52:43.402+0000] {logging_mixin.py:190} INFO - [2026-06-05T13:52:43.401+0000] {override.py:1900} INFO - Created Permission View: can edit on DAG:conditional_dataset_and_time_based_timetable
[2026-06-05T13:52:43.444+0000] {logging_mixin.py:190} INFO - [2026-06-05T13:52:43.443+0000] {override.py:1900} INFO - Created Permission View: menu access on DAG Run:conditional_dataset_and_time_based_timetable
[2026-06-05T13:52:43.471+0000] {logging_mixin.py:190} INFO - [2026-06-05T13:52:43.470+0000] {override.py:1900} INFO - Created Permission View: can delete on DAG Run:conditional_dataset_and_time_based_timetable
[2026-06-05T13:52:43.497+0000] {logging_mixin.py:190} INFO - [2026-06-05T13:52:43.496+0000] {override.py:1900} INFO - Created Permission View: can read on DAG Run:conditional_dataset_and_time_based_timetable
[2026-06-05T13:52:43.529+0000] {logging_mixin.py:190} INFO - [2026-06-05T13:52:43.528+0000] {override.py:1900} INFO - Created Permission View: can create on DAG Run:conditional_dataset_and_time_based_timetable
[2026-06-05T13:52:43.602+0000] {logging_mixin.py:190} INFO - [2026-06-05T13:52:43.601+0000] {override.py:1900} INFO - Created Permission View: can delete on DAG:dataset_consumes_1_never_scheduled
[2026-06-05T13:52:43.635+0000] {logging_mixin.py:190} INFO - [2026-06-05T13:52:43.634+0000] {override.py:1900} INFO - Created Permission View: can read on DAG:dataset_consumes_1_never_scheduled
[2026-06-05T13:52:43.733+0000] {logging_mixin.py:190} INFO - [2026-06-05T13:52:43.732+0000] {override.py:1900} INFO - Created Permission View: can edit on DAG:dataset_consumes_1_never_scheduled
[2026-06-05T13:52:43.783+0000] {logging_mixin.py:190} INFO - [2026-06-05T13:52:43.782+0000] {override.py:1900} INFO - Created Permission View: menu access on DAG Run:dataset_consumes_1_never_scheduled
[2026-06-05T13:52:43.835+0000] {logging_mixin.py:190} INFO - [2026-06-05T13:52:43.835+0000] {override.py:1900} INFO - Created Permission View: can delete on DAG Run:dataset_consumes_1_never_scheduled
[2026-06-05T13:52:43.871+0000] {logging_mixin.py:190} INFO - [2026-06-05T13:52:43.870+0000] {override.py:1900} INFO - Created Permission View: can read on DAG Run:dataset_consumes_1_never_scheduled
[2026-06-05T13:52:43.906+0000] {logging_mixin.py:190} INFO - [2026-06-05T13:52:43.905+0000] {override.py:1900} INFO - Created Permission View: can create on DAG Run:dataset_consumes_1_never_scheduled
[2026-06-05T13:52:43.910+0000] {logging_mixin.py:190} INFO - [2026-06-05T13:52:43.909+0000] {dag.py:3239} INFO - Sync 10 DAGs
[2026-06-05T13:52:43.967+0000] {logging_mixin.py:190} INFO - [2026-06-05T13:52:43.967+0000] {dag.py:3262} INFO - Creating ORM DAG for dataset_consumes_1_and_2
[2026-06-05T13:52:43.970+0000] {logging_mixin.py:190} INFO - [2026-06-05T13:52:43.969+0000] {dag.py:3262} INFO - Creating ORM DAG for consume_1_and_2_with_dataset_expressions
[2026-06-05T13:52:43.980+0000] {logging_mixin.py:190} INFO - [2026-06-05T13:52:43.980+0000] {dag.py:3262} INFO - Creating ORM DAG for conditional_dataset_and_time_based_timetable
[2026-06-05T13:52:43.984+0000] {logging_mixin.py:190} INFO - [2026-06-05T13:52:43.983+0000] {dag.py:3262} INFO - Creating ORM DAG for consume_1_or_both_2_and_3_with_dataset_expressions
[2026-06-05T13:52:43.987+0000] {logging_mixin.py:190} INFO - [2026-06-05T13:52:43.986+0000] {dag.py:3262} INFO - Creating ORM DAG for dataset_consumes_1
[2026-06-05T13:52:43.990+0000] {logging_mixin.py:190} INFO - [2026-06-05T13:52:43.989+0000] {dag.py:3262} INFO - Creating ORM DAG for dataset_consumes_unknown_never_scheduled
[2026-06-05T13:52:43.999+0000] {logging_mixin.py:190} INFO - [2026-06-05T13:52:43.998+0000] {dag.py:3262} INFO - Creating ORM DAG for dataset_produces_2
[2026-06-05T13:52:44.003+0000] {logging_mixin.py:190} INFO - [2026-06-05T13:52:44.002+0000] {dag.py:3262} INFO - Creating ORM DAG for dataset_produces_1
[2026-06-05T13:52:44.010+0000] {logging_mixin.py:190} INFO - [2026-06-05T13:52:44.009+0000] {dag.py:3262} INFO - Creating ORM DAG for consume_1_or_2_with_dataset_expressions
[2026-06-05T13:52:44.020+0000] {logging_mixin.py:190} INFO - [2026-06-05T13:52:44.019+0000] {dag.py:3262} INFO - Creating ORM DAG for dataset_consumes_1_never_scheduled
[2026-06-05T13:52:44.068+0000] {logging_mixin.py:190} INFO - [2026-06-05T13:52:44.067+0000] {dag.py:4180} INFO - Setting next_dagrun for conditional_dataset_and_time_based_timetable to 2026-06-03 01:00:00+00:00, run_after=2026-06-03 01:00:00+00:00
[2026-06-05T13:52:44.071+0000] {logging_mixin.py:190} INFO - [2026-06-05T13:52:44.070+0000] {dag.py:4180} INFO - Setting next_dagrun for consume_1_and_2_with_dataset_expressions to None, run_after=None
[2026-06-05T13:52:44.073+0000] {logging_mixin.py:190} INFO - [2026-06-05T13:52:44.072+0000] {dag.py:4180} INFO - Setting next_dagrun for consume_1_or_2_with_dataset_expressions to None, run_after=None
[2026-06-05T13:52:44.078+0000] {logging_mixin.py:190} INFO - [2026-06-05T13:52:44.078+0000] {dag.py:4180} INFO - Setting next_dagrun for consume_1_or_both_2_and_3_with_dataset_expressions to None, run_after=None
[2026-06-05T13:52:44.081+0000] {logging_mixin.py:190} INFO - [2026-06-05T13:52:44.080+0000] {dag.py:4180} INFO - Setting next_dagrun for dataset_consumes_1 to None, run_after=None
[2026-06-05T13:52:44.083+0000] {logging_mixin.py:190} INFO - [2026-06-05T13:52:44.082+0000] {dag.py:4180} INFO - Setting next_dagrun for dataset_consumes_1_and_2 to None, run_after=None
[2026-06-05T13:52:44.085+0000] {logging_mixin.py:190} INFO - [2026-06-05T13:52:44.085+0000] {dag.py:4180} INFO - Setting next_dagrun for dataset_consumes_1_never_scheduled to None, run_after=None
[2026-06-05T13:52:44.088+0000] {logging_mixin.py:190} INFO - [2026-06-05T13:52:44.087+0000] {dag.py:4180} INFO - Setting next_dagrun for dataset_consumes_unknown_never_scheduled to None, run_after=None
[2026-06-05T13:52:44.094+0000] {logging_mixin.py:190} INFO - [2026-06-05T13:52:44.093+0000] {dag.py:4180} INFO - Setting next_dagrun for dataset_produces_1 to 2026-06-04 00:00:00+00:00, run_after=2026-06-05 00:00:00+00:00
[2026-06-05T13:52:44.097+0000] {logging_mixin.py:190} INFO - [2026-06-05T13:52:44.096+0000] {dag.py:4180} INFO - Setting next_dagrun for dataset_produces_2 to None, run_after=None
[2026-06-05T13:52:44.333+0000] {processor.py:208} INFO - Processing /home/airflow/.local/lib/python3.12/site-packages/airflow/example_dags/example_datasets.py took 5.115 seconds
[2026-06-05T13:53:14.769+0000] {processor.py:186} INFO - Started process (PID=199) to work on /home/airflow/.local/lib/python3.12/site-packages/airflow/example_dags/example_datasets.py
[2026-06-05T13:53:14.771+0000] {processor.py:914} INFO - Processing file /home/airflow/.local/lib/python3.12/site-packages/airflow/example_dags/example_datasets.py for tasks to queue
[2026-06-05T13:53:14.776+0000] {logging_mixin.py:190} INFO - [2026-06-05T13:53:14.776+0000] {dagbag.py:588} INFO - Filling up the DagBag from /home/airflow/.local/lib/python3.12/site-packages/airflow/example_dags/example_datasets.py
[2026-06-05T13:53:15.084+0000] {processor.py:925} INFO - DAG(s) 'consume_1_and_2_with_dataset_expressions', 'consume_1_or_2_with_dataset_expressions', 'dataset_consumes_1', 'dataset_consumes_1_never_scheduled', 'dataset_consumes_1_and_2', 'dataset_consumes_unknown_never_scheduled', 'dataset_produces_1', 'conditional_dataset_and_time_based_timetable', 'dataset_produces_2', 'consume_1_or_both_2_and_3_with_dataset_expressions' retrieved from /home/airflow/.local/lib/python3.12/site-packages/airflow/example_dags/example_datasets.py
[2026-06-05T13:53:15.167+0000] {logging_mixin.py:190} INFO - [2026-06-05T13:53:15.167+0000] {dag.py:3239} INFO - Sync 10 DAGs
[2026-06-05T13:53:15.211+0000] {logging_mixin.py:190} INFO - [2026-06-05T13:53:15.210+0000] {dag.py:4180} INFO - Setting next_dagrun for conditional_dataset_and_time_based_timetable to 2026-06-03 01:00:00+00:00, run_after=2026-06-03 01:00:00+00:00
[2026-06-05T13:53:15.218+0000] {logging_mixin.py:190} INFO - [2026-06-05T13:53:15.218+0000] {dag.py:4180} INFO - Setting next_dagrun for consume_1_and_2_with_dataset_expressions to None, run_after=None
[2026-06-05T13:53:15.221+0000] {logging_mixin.py:190} INFO - [2026-06-05T13:53:15.221+0000] {dag.py:4180} INFO - Setting next_dagrun for consume_1_or_2_with_dataset_expressions to None, run_after=None
[2026-06-05T13:53:15.224+0000] {logging_mixin.py:190} INFO - [2026-06-05T13:53:15.224+0000] {dag.py:4180} INFO - Setting next_dagrun for consume_1_or_both_2_and_3_with_dataset_expressions to None, run_after=None
[2026-06-05T13:53:15.227+0000] {logging_mixin.py:190} INFO - [2026-06-05T13:53:15.227+0000] {dag.py:4180} INFO - Setting next_dagrun for dataset_consumes_1 to None, run_after=None
[2026-06-05T13:53:15.230+0000] {logging_mixin.py:190} INFO - [2026-06-05T13:53:15.230+0000] {dag.py:4180} INFO - Setting next_dagrun for dataset_consumes_1_and_2 to None, run_after=None
[2026-06-05T13:53:15.234+0000] {logging_mixin.py:190} INFO - [2026-06-05T13:53:15.234+0000] {dag.py:4180} INFO - Setting next_dagrun for dataset_consumes_1_never_scheduled to None, run_after=None
[2026-06-05T13:53:15.238+0000] {logging_mixin.py:190} INFO - [2026-06-05T13:53:15.237+0000] {dag.py:4180} INFO - Setting next_dagrun for dataset_consumes_unknown_never_scheduled to None, run_after=None
[2026-06-05T13:53:15.242+0000] {logging_mixin.py:190} INFO - [2026-06-05T13:53:15.242+0000] {dag.py:4180} INFO - Setting next_dagrun for dataset_produces_1 to 2026-06-04 00:00:00+00:00, run_after=2026-06-05 00:00:00+00:00
[2026-06-05T13:53:15.245+0000] {logging_mixin.py:190} INFO - [2026-06-05T13:53:15.245+0000] {dag.py:4180} INFO - Setting next_dagrun for dataset_produces_2 to None, run_after=None
[2026-06-05T13:53:15.312+0000] {processor.py:208} INFO - Processing /home/airflow/.local/lib/python3.12/site-packages/airflow/example_dags/example_datasets.py took 0.554 seconds
[2026-06-05T13:53:46.166+0000] {processor.py:186} INFO - Started process (PID=267) to work on /home/airflow/.local/lib/python3.12/site-packages/airflow/example_dags/example_datasets.py
[2026-06-05T13:53:46.168+0000] {processor.py:914} INFO - Processing file /home/airflow/.local/lib/python3.12/site-packages/airflow/example_dags/example_datasets.py for tasks to queue
[2026-06-05T13:53:46.172+0000] {logging_mixin.py:190} INFO - [2026-06-05T13:53:46.172+0000] {dagbag.py:588} INFO - Filling up the DagBag from /home/airflow/.local/lib/python3.12/site-packages/airflow/example_dags/example_datasets.py
[2026-06-05T13:53:46.507+0000] {processor.py:925} INFO - DAG(s) 'conditional_dataset_and_time_based_timetable', 'dataset_consumes_1_never_scheduled', 'consume_1_or_2_with_dataset_expressions', 'dataset_consumes_1_and_2', 'dataset_produces_1', 'consume_1_and_2_with_dataset_expressions', 'dataset_consumes_1', 'dataset_consumes_unknown_never_scheduled', 'dataset_produces_2', 'consume_1_or_both_2_and_3_with_dataset_expressions' retrieved from /home/airflow/.local/lib/python3.12/site-packages/airflow/example_dags/example_datasets.py
[2026-06-05T13:53:46.604+0000] {logging_mixin.py:190} INFO - [2026-06-05T13:53:46.604+0000] {dag.py:3239} INFO - Sync 10 DAGs
[2026-06-05T13:53:46.653+0000] {logging_mixin.py:190} INFO - [2026-06-05T13:53:46.653+0000] {dag.py:4180} INFO - Setting next_dagrun for conditional_dataset_and_time_based_timetable to 2026-06-03 01:00:00+00:00, run_after=2026-06-03 01:00:00+00:00
[2026-06-05T13:53:46.661+0000] {logging_mixin.py:190} INFO - [2026-06-05T13:53:46.660+0000] {dag.py:4180} INFO - Setting next_dagrun for consume_1_and_2_with_dataset_expressions to None, run_after=None
[2026-06-05T13:53:46.663+0000] {logging_mixin.py:190} INFO - [2026-06-05T13:53:46.663+0000] {dag.py:4180} INFO - Setting next_dagrun for consume_1_or_2_with_dataset_expressions to None, run_after=None
[2026-06-05T13:53:46.666+0000] {logging_mixin.py:190} INFO - [2026-06-05T13:53:46.666+0000] {dag.py:4180} INFO - Setting next_dagrun for consume_1_or_both_2_and_3_with_dataset_expressions to None, run_after=None
[2026-06-05T13:53:46.669+0000] {logging_mixin.py:190} INFO - [2026-06-05T13:53:46.669+0000] {dag.py:4180} INFO - Setting next_dagrun for dataset_consumes_1 to None, run_after=None
[2026-06-05T13:53:46.672+0000] {logging_mixin.py:190} INFO - [2026-06-05T13:53:46.672+0000] {dag.py:4180} INFO - Setting next_dagrun for dataset_consumes_1_and_2 to None, run_after=None
[2026-06-05T13:53:46.676+0000] {logging_mixin.py:190} INFO - [2026-06-05T13:53:46.675+0000] {dag.py:4180} INFO - Setting next_dagrun for dataset_consumes_1_never_scheduled to None, run_after=None
[2026-06-05T13:53:46.679+0000] {logging_mixin.py:190} INFO - [2026-06-05T13:53:46.678+0000] {dag.py:4180} INFO - Setting next_dagrun for dataset_consumes_unknown_never_scheduled to None, run_after=None
[2026-06-05T13:53:46.683+0000] {logging_mixin.py:190} INFO - [2026-06-05T13:53:46.683+0000] {dag.py:4180} INFO - Setting next_dagrun for dataset_produces_1 to 2026-06-04 00:00:00+00:00, run_after=2026-06-05 00:00:00+00:00
[2026-06-05T13:53:46.686+0000] {logging_mixin.py:190} INFO - [2026-06-05T13:53:46.686+0000] {dag.py:4180} INFO - Setting next_dagrun for dataset_produces_2 to None, run_after=None
[2026-06-05T13:53:46.766+0000] {processor.py:208} INFO - Processing /home/airflow/.local/lib/python3.12/site-packages/airflow/example_dags/example_datasets.py took 0.610 seconds
[2026-06-05T13:54:17.683+0000] {processor.py:186} INFO - Started process (PID=331) to work on /home/airflow/.local/lib/python3.12/site-packages/airflow/example_dags/example_datasets.py
[2026-06-05T13:54:17.684+0000] {processor.py:914} INFO - Processing file /home/airflow/.local/lib/python3.12/site-packages/airflow/example_dags/example_datasets.py for tasks to queue
[2026-06-05T13:54:17.689+0000] {logging_mixin.py:190} INFO - [2026-06-05T13:54:17.688+0000] {dagbag.py:588} INFO - Filling up the DagBag from /home/airflow/.local/lib/python3.12/site-packages/airflow/example_dags/example_datasets.py
[2026-06-05T13:54:17.967+0000] {processor.py:925} INFO - DAG(s) 'dataset_consumes_unknown_never_scheduled', 'dataset_produces_2', 'consume_1_and_2_with_dataset_expressions', 'dataset_produces_1', 'dataset_consumes_1_never_scheduled', 'dataset_consumes_1_and_2', 'consume_1_or_2_with_dataset_expressions', 'conditional_dataset_and_time_based_timetable', 'dataset_consumes_1', 'consume_1_or_both_2_and_3_with_dataset_expressions' retrieved from /home/airflow/.local/lib/python3.12/site-packages/airflow/example_dags/example_datasets.py
[2026-06-05T13:54:18.044+0000] {logging_mixin.py:190} INFO - [2026-06-05T13:54:18.043+0000] {dag.py:3239} INFO - Sync 10 DAGs
[2026-06-05T13:54:18.085+0000] {logging_mixin.py:190} INFO - [2026-06-05T13:54:18.085+0000] {dag.py:4180} INFO - Setting next_dagrun for conditional_dataset_and_time_based_timetable to 2026-06-03 01:00:00+00:00, run_after=2026-06-03 01:00:00+00:00
[2026-06-05T13:54:18.092+0000] {logging_mixin.py:190} INFO - [2026-06-05T13:54:18.092+0000] {dag.py:4180} INFO - Setting next_dagrun for consume_1_and_2_with_dataset_expressions to None, run_after=None
[2026-06-05T13:54:18.095+0000] {logging_mixin.py:190} INFO - [2026-06-05T13:54:18.094+0000] {dag.py:4180} INFO - Setting next_dagrun for consume_1_or_2_with_dataset_expressions to None, run_after=None
[2026-06-05T13:54:18.097+0000] {logging_mixin.py:190} INFO - [2026-06-05T13:54:18.097+0000] {dag.py:4180} INFO - Setting next_dagrun for consume_1_or_both_2_and_3_with_dataset_expressions to None, run_after=None
[2026-06-05T13:54:18.100+0000] {logging_mixin.py:190} INFO - [2026-06-05T13:54:18.099+0000] {dag.py:4180} INFO - Setting next_dagrun for dataset_consumes_1 to None, run_after=None
[2026-06-05T13:54:18.103+0000] {logging_mixin.py:190} INFO - [2026-06-05T13:54:18.102+0000] {dag.py:4180} INFO - Setting next_dagrun for dataset_consumes_1_and_2 to None, run_after=None
[2026-06-05T13:54:18.106+0000] {logging_mixin.py:190} INFO - [2026-06-05T13:54:18.106+0000] {dag.py:4180} INFO - Setting next_dagrun for dataset_consumes_1_never_scheduled to None, run_after=None
[2026-06-05T13:54:18.110+0000] {logging_mixin.py:190} INFO - [2026-06-05T13:54:18.109+0000] {dag.py:4180} INFO - Setting next_dagrun for dataset_consumes_unknown_never_scheduled to None, run_after=None
[2026-06-05T13:54:18.114+0000] {logging_mixin.py:190} INFO - [2026-06-05T13:54:18.114+0000] {dag.py:4180} INFO - Setting next_dagrun for dataset_produces_1 to 2026-06-04 00:00:00+00:00, run_after=2026-06-05 00:00:00+00:00
[2026-06-05T13:54:18.117+0000] {logging_mixin.py:190} INFO - [2026-06-05T13:54:18.117+0000] {dag.py:4180} INFO - Setting next_dagrun for dataset_produces_2 to None, run_after=None
[2026-06-05T13:54:18.190+0000] {processor.py:208} INFO - Processing /home/airflow/.local/lib/python3.12/site-packages/airflow/example_dags/example_datasets.py took 0.516 seconds
[2026-06-05T13:54:49.956+0000] {processor.py:186} INFO - Started process (PID=392) to work on /home/airflow/.local/lib/python3.12/site-packages/airflow/example_dags/example_datasets.py
[2026-06-05T13:54:49.964+0000] {processor.py:914} INFO - Processing file /home/airflow/.local/lib/python3.12/site-packages/airflow/example_dags/example_datasets.py for tasks to queue
[2026-06-05T13:54:49.982+0000] {logging_mixin.py:190} INFO - [2026-06-05T13:54:49.980+0000] {dagbag.py:588} INFO - Filling up the DagBag from /home/airflow/.local/lib/python3.12/site-packages/airflow/example_dags/example_datasets.py
[2026-06-05T13:54:52.231+0000] {processor.py:925} INFO - DAG(s) 'consume_1_and_2_with_dataset_expressions', 'conditional_dataset_and_time_based_timetable', 'dataset_produces_1', 'dataset_consumes_1', 'consume_1_or_2_with_dataset_expressions', 'dataset_consumes_unknown_never_scheduled', 'dataset_consumes_1_never_scheduled', 'dataset_consumes_1_and_2', 'dataset_produces_2', 'consume_1_or_both_2_and_3_with_dataset_expressions' retrieved from /home/airflow/.local/lib/python3.12/site-packages/airflow/example_dags/example_datasets.py
[2026-06-05T13:54:52.800+0000] {logging_mixin.py:190} INFO - [2026-06-05T13:54:52.799+0000] {dag.py:3239} INFO - Sync 10 DAGs
[2026-06-05T13:54:53.418+0000] {logging_mixin.py:190} INFO - [2026-06-05T13:54:53.417+0000] {dag.py:4180} INFO - Setting next_dagrun for conditional_dataset_and_time_based_timetable to 2026-06-03 01:00:00+00:00, run_after=2026-06-03 01:00:00+00:00
[2026-06-05T13:54:53.466+0000] {logging_mixin.py:190} INFO - [2026-06-05T13:54:53.466+0000] {dag.py:4180} INFO - Setting next_dagrun for consume_1_and_2_with_dataset_expressions to None, run_after=None
[2026-06-05T13:54:53.472+0000] {logging_mixin.py:190} INFO - [2026-06-05T13:54:53.471+0000] {dag.py:4180} INFO - Setting next_dagrun for consume_1_or_2_with_dataset_expressions to None, run_after=None
[2026-06-05T13:54:53.486+0000] {logging_mixin.py:190} INFO - [2026-06-05T13:54:53.485+0000] {dag.py:4180} INFO - Setting next_dagrun for consume_1_or_both_2_and_3_with_dataset_expressions to None, run_after=None
[2026-06-05T13:54:53.495+0000] {logging_mixin.py:190} INFO - [2026-06-05T13:54:53.494+0000] {dag.py:4180} INFO - Setting next_dagrun for dataset_consumes_1 to None, run_after=None
[2026-06-05T13:54:53.506+0000] {logging_mixin.py:190} INFO - [2026-06-05T13:54:53.505+0000] {dag.py:4180} INFO - Setting next_dagrun for dataset_consumes_1_and_2 to None, run_after=None
[2026-06-05T13:54:53.512+0000] {logging_mixin.py:190} INFO - [2026-06-05T13:54:53.511+0000] {dag.py:4180} INFO - Setting next_dagrun for dataset_consumes_1_never_scheduled to None, run_after=None
[2026-06-05T13:54:53.524+0000] {logging_mixin.py:190} INFO - [2026-06-05T13:54:53.522+0000] {dag.py:4180} INFO - Setting next_dagrun for dataset_consumes_unknown_never_scheduled to None, run_after=None
[2026-06-05T13:54:53.535+0000] {logging_mixin.py:190} INFO - [2026-06-05T13:54:53.534+0000] {dag.py:4180} INFO - Setting next_dagrun for dataset_produces_1 to 2026-06-04 00:00:00+00:00, run_after=2026-06-05 00:00:00+00:00
[2026-06-05T13:54:53.546+0000] {logging_mixin.py:190} INFO - [2026-06-05T13:54:53.546+0000] {dag.py:4180} INFO - Setting next_dagrun for dataset_produces_2 to None, run_after=None
[2026-06-05T13:54:53.853+0000] {processor.py:208} INFO - Processing /home/airflow/.local/lib/python3.12/site-packages/airflow/example_dags/example_datasets.py took 3.939 seconds
[2026-06-05T13:55:24.064+0000] {processor.py:186} INFO - Started process (PID=456) to work on /home/airflow/.local/lib/python3.12/site-packages/airflow/example_dags/example_datasets.py
[2026-06-05T13:55:24.067+0000] {processor.py:914} INFO - Processing file /home/airflow/.local/lib/python3.12/site-packages/airflow/example_dags/example_datasets.py for tasks to queue
[2026-06-05T13:55:24.073+0000] {logging_mixin.py:190} INFO - [2026-06-05T13:55:24.072+0000] {dagbag.py:588} INFO - Filling up the DagBag from /home/airflow/.local/lib/python3.12/site-packages/airflow/example_dags/example_datasets.py
[2026-06-05T13:55:24.506+0000] {processor.py:925} INFO - DAG(s) 'dataset_consumes_1_and_2', 'conditional_dataset_and_time_based_timetable', 'consume_1_or_both_2_and_3_with_dataset_expressions', 'dataset_produces_1', 'consume_1_and_2_with_dataset_expressions', 'dataset_consumes_1', 'consume_1_or_2_with_dataset_expressions', 'dataset_consumes_unknown_never_scheduled', 'dataset_consumes_1_never_scheduled', 'dataset_produces_2' retrieved from /home/airflow/.local/lib/python3.12/site-packages/airflow/example_dags/example_datasets.py
[2026-06-05T13:55:24.629+0000] {logging_mixin.py:190} INFO - [2026-06-05T13:55:24.628+0000] {dag.py:3239} INFO - Sync 10 DAGs
[2026-06-05T13:55:24.693+0000] {logging_mixin.py:190} INFO - [2026-06-05T13:55:24.692+0000] {dag.py:4180} INFO - Setting next_dagrun for conditional_dataset_and_time_based_timetable to 2026-06-03 01:00:00+00:00, run_after=2026-06-03 01:00:00+00:00
[2026-06-05T13:55:24.701+0000] {logging_mixin.py:190} INFO - [2026-06-05T13:55:24.701+0000] {dag.py:4180} INFO - Setting next_dagrun for consume_1_and_2_with_dataset_expressions to None, run_after=None
[2026-06-05T13:55:24.705+0000] {logging_mixin.py:190} INFO - [2026-06-05T13:55:24.704+0000] {dag.py:4180} INFO - Setting next_dagrun for consume_1_or_2_with_dataset_expressions to None, run_after=None
[2026-06-05T13:55:24.708+0000] {logging_mixin.py:190} INFO - [2026-06-05T13:55:24.707+0000] {dag.py:4180} INFO - Setting next_dagrun for consume_1_or_both_2_and_3_with_dataset_expressions to None, run_after=None
[2026-06-05T13:55:24.714+0000] {logging_mixin.py:190} INFO - [2026-06-05T13:55:24.714+0000] {dag.py:4180} INFO - Setting next_dagrun for dataset_consumes_1 to None, run_after=None
[2026-06-05T13:55:24.718+0000] {logging_mixin.py:190} INFO - [2026-06-05T13:55:24.718+0000] {dag.py:4180} INFO - Setting next_dagrun for dataset_consumes_1_and_2 to None, run_after=None
[2026-06-05T13:55:24.722+0000] {logging_mixin.py:190} INFO - [2026-06-05T13:55:24.721+0000] {dag.py:4180} INFO - Setting next_dagrun for dataset_consumes_1_never_scheduled to None, run_after=None
[2026-06-05T13:55:24.726+0000] {logging_mixin.py:190} INFO - [2026-06-05T13:55:24.726+0000] {dag.py:4180} INFO - Setting next_dagrun for dataset_consumes_unknown_never_scheduled to None, run_after=None
[2026-06-05T13:55:24.735+0000] {logging_mixin.py:190} INFO - [2026-06-05T13:55:24.735+0000] {dag.py:4180} INFO - Setting next_dagrun for dataset_produces_1 to 2026-06-04 00:00:00+00:00, run_after=2026-06-05 00:00:00+00:00
[2026-06-05T13:55:24.740+0000] {logging_mixin.py:190} INFO - [2026-06-05T13:55:24.739+0000] {dag.py:4180} INFO - Setting next_dagrun for dataset_produces_2 to None, run_after=None
[2026-06-05T13:55:24.829+0000] {processor.py:208} INFO - Processing /home/airflow/.local/lib/python3.12/site-packages/airflow/example_dags/example_datasets.py took 0.786 seconds
[2026-06-05T13:55:55.939+0000] {processor.py:186} INFO - Started process (PID=519) to work on /home/airflow/.local/lib/python3.12/site-packages/airflow/example_dags/example_datasets.py
[2026-06-05T13:55:55.942+0000] {processor.py:914} INFO - Processing file /home/airflow/.local/lib/python3.12/site-packages/airflow/example_dags/example_datasets.py for tasks to queue
[2026-06-05T13:55:55.956+0000] {logging_mixin.py:190} INFO - [2026-06-05T13:55:55.954+0000] {dagbag.py:588} INFO - Filling up the DagBag from /home/airflow/.local/lib/python3.12/site-packages/airflow/example_dags/example_datasets.py
[2026-06-05T13:55:56.644+0000] {processor.py:925} INFO - DAG(s) 'dataset_consumes_1_and_2', 'dataset_consumes_1', 'dataset_produces_1', 'dataset_produces_2', 'dataset_consumes_unknown_never_scheduled', 'consume_1_and_2_with_dataset_expressions', 'consume_1_or_both_2_and_3_with_dataset_expressions', 'consume_1_or_2_with_dataset_expressions', 'conditional_dataset_and_time_based_timetable', 'dataset_consumes_1_never_scheduled' retrieved from /home/airflow/.local/lib/python3.12/site-packages/airflow/example_dags/example_datasets.py
[2026-06-05T13:55:56.791+0000] {logging_mixin.py:190} INFO - [2026-06-05T13:55:56.790+0000] {dag.py:3239} INFO - Sync 10 DAGs
[2026-06-05T13:55:56.851+0000] {logging_mixin.py:190} INFO - [2026-06-05T13:55:56.851+0000] {dag.py:4180} INFO - Setting next_dagrun for conditional_dataset_and_time_based_timetable to 2026-06-03 01:00:00+00:00, run_after=2026-06-03 01:00:00+00:00
[2026-06-05T13:55:56.863+0000] {logging_mixin.py:190} INFO - [2026-06-05T13:55:56.863+0000] {dag.py:4180} INFO - Setting next_dagrun for consume_1_and_2_with_dataset_expressions to None, run_after=None
[2026-06-05T13:55:56.868+0000] {logging_mixin.py:190} INFO - [2026-06-05T13:55:56.867+0000] {dag.py:4180} INFO - Setting next_dagrun for consume_1_or_2_with_dataset_expressions to None, run_after=None
[2026-06-05T13:55:56.873+0000] {logging_mixin.py:190} INFO - [2026-06-05T13:55:56.873+0000] {dag.py:4180} INFO - Setting next_dagrun for consume_1_or_both_2_and_3_with_dataset_expressions to None, run_after=None
[2026-06-05T13:55:56.878+0000] {logging_mixin.py:190} INFO - [2026-06-05T13:55:56.877+0000] {dag.py:4180} INFO - Setting next_dagrun for dataset_consumes_1 to None, run_after=None
[2026-06-05T13:55:56.882+0000] {logging_mixin.py:190} INFO - [2026-06-05T13:55:56.881+0000] {dag.py:4180} INFO - Setting next_dagrun for dataset_consumes_1_and_2 to None, run_after=None
[2026-06-05T13:55:56.888+0000] {logging_mixin.py:190} INFO - [2026-06-05T13:55:56.887+0000] {dag.py:4180} INFO - Setting next_dagrun for dataset_consumes_1_never_scheduled to None, run_after=None
[2026-06-05T13:55:56.894+0000] {logging_mixin.py:190} INFO - [2026-06-05T13:55:56.894+0000] {dag.py:4180} INFO - Setting next_dagrun for dataset_consumes_unknown_never_scheduled to None, run_after=None
[2026-06-05T13:55:56.901+0000] {logging_mixin.py:190} INFO - [2026-06-05T13:55:56.901+0000] {dag.py:4180} INFO - Setting next_dagrun for dataset_produces_1 to 2026-06-04 00:00:00+00:00, run_after=2026-06-05 00:00:00+00:00
[2026-06-05T13:55:56.906+0000] {logging_mixin.py:190} INFO - [2026-06-05T13:55:56.906+0000] {dag.py:4180} INFO - Setting next_dagrun for dataset_produces_2 to None, run_after=None
[2026-06-05T13:55:57.010+0000] {processor.py:208} INFO - Processing /home/airflow/.local/lib/python3.12/site-packages/airflow/example_dags/example_datasets.py took 1.107 seconds
[2026-06-05T13:56:27.251+0000] {processor.py:186} INFO - Started process (PID=585) to work on /home/airflow/.local/lib/python3.12/site-packages/airflow/example_dags/example_datasets.py
[2026-06-05T13:56:27.253+0000] {processor.py:914} INFO - Processing file /home/airflow/.local/lib/python3.12/site-packages/airflow/example_dags/example_datasets.py for tasks to queue
[2026-06-05T13:56:27.258+0000] {logging_mixin.py:190} INFO - [2026-06-05T13:56:27.257+0000] {dagbag.py:588} INFO - Filling up the DagBag from /home/airflow/.local/lib/python3.12/site-packages/airflow/example_dags/example_datasets.py
[2026-06-05T13:56:27.551+0000] {processor.py:925} INFO - DAG(s) 'dataset_produces_1', 'dataset_produces_2', 'dataset_consumes_1_never_scheduled', 'dataset_consumes_1', 'conditional_dataset_and_time_based_timetable', 'consume_1_or_both_2_and_3_with_dataset_expressions', 'dataset_consumes_1_and_2', 'consume_1_and_2_with_dataset_expressions', 'dataset_consumes_unknown_never_scheduled', 'consume_1_or_2_with_dataset_expressions' retrieved from /home/airflow/.local/lib/python3.12/site-packages/airflow/example_dags/example_datasets.py
[2026-06-05T13:56:27.632+0000] {logging_mixin.py:190} INFO - [2026-06-05T13:56:27.631+0000] {dag.py:3239} INFO - Sync 10 DAGs
[2026-06-05T13:56:27.674+0000] {logging_mixin.py:190} INFO - [2026-06-05T13:56:27.673+0000] {dag.py:4180} INFO - Setting next_dagrun for conditional_dataset_and_time_based_timetable to 2026-06-03 01:00:00+00:00, run_after=2026-06-03 01:00:00+00:00
[2026-06-05T13:56:27.682+0000] {logging_mixin.py:190} INFO - [2026-06-05T13:56:27.681+0000] {dag.py:4180} INFO - Setting next_dagrun for consume_1_and_2_with_dataset_expressions to None, run_after=None
[2026-06-05T13:56:27.685+0000] {logging_mixin.py:190} INFO - [2026-06-05T13:56:27.685+0000] {dag.py:4180} INFO - Setting next_dagrun for consume_1_or_2_with_dataset_expressions to None, run_after=None
[2026-06-05T13:56:27.688+0000] {logging_mixin.py:190} INFO - [2026-06-05T13:56:27.687+0000] {dag.py:4180} INFO - Setting next_dagrun for consume_1_or_both_2_and_3_with_dataset_expressions to None, run_after=None
[2026-06-05T13:56:27.691+0000] {logging_mixin.py:190} INFO - [2026-06-05T13:56:27.690+0000] {dag.py:4180} INFO - Setting next_dagrun for dataset_consumes_1 to None, run_after=None
[2026-06-05T13:56:27.695+0000] {logging_mixin.py:190} INFO - [2026-06-05T13:56:27.694+0000] {dag.py:4180} INFO - Setting next_dagrun for dataset_consumes_1_and_2 to None, run_after=None
[2026-06-05T13:56:27.698+0000] {logging_mixin.py:190} INFO - [2026-06-05T13:56:27.697+0000] {dag.py:4180} INFO - Setting next_dagrun for dataset_consumes_1_never_scheduled to None, run_after=None
[2026-06-05T13:56:27.700+0000] {logging_mixin.py:190} INFO - [2026-06-05T13:56:27.700+0000] {dag.py:4180} INFO - Setting next_dagrun for dataset_consumes_unknown_never_scheduled to None, run_after=None
[2026-06-05T13:56:27.705+0000] {logging_mixin.py:190} INFO - [2026-06-05T13:56:27.704+0000] {dag.py:4180} INFO - Setting next_dagrun for dataset_produces_1 to 2026-06-04 00:00:00+00:00, run_after=2026-06-05 00:00:00+00:00
[2026-06-05T13:56:27.708+0000] {logging_mixin.py:190} INFO - [2026-06-05T13:56:27.707+0000] {dag.py:4180} INFO - Setting next_dagrun for dataset_produces_2 to None, run_after=None
[2026-06-05T13:56:27.775+0000] {processor.py:208} INFO - Processing /home/airflow/.local/lib/python3.12/site-packages/airflow/example_dags/example_datasets.py took 0.535 seconds
[2026-06-05T13:56:58.550+0000] {processor.py:186} INFO - Started process (PID=648) to work on /home/airflow/.local/lib/python3.12/site-packages/airflow/example_dags/example_datasets.py
[2026-06-05T13:56:58.558+0000] {processor.py:914} INFO - Processing file /home/airflow/.local/lib/python3.12/site-packages/airflow/example_dags/example_datasets.py for tasks to queue
[2026-06-05T13:56:58.566+0000] {logging_mixin.py:190} INFO - [2026-06-05T13:56:58.565+0000] {dagbag.py:588} INFO - Filling up the DagBag from /home/airflow/.local/lib/python3.12/site-packages/airflow/example_dags/example_datasets.py
[2026-06-05T13:56:59.248+0000] {processor.py:925} INFO - DAG(s) 'consume_1_and_2_with_dataset_expressions', 'dataset_consumes_1_never_scheduled', 'consume_1_or_both_2_and_3_with_dataset_expressions', 'dataset_produces_2', 'dataset_consumes_unknown_never_scheduled', 'dataset_consumes_1', 'dataset_produces_1', 'consume_1_or_2_with_dataset_expressions', 'conditional_dataset_and_time_based_timetable', 'dataset_consumes_1_and_2' retrieved from /home/airflow/.local/lib/python3.12/site-packages/airflow/example_dags/example_datasets.py
[2026-06-05T13:56:59.383+0000] {logging_mixin.py:190} INFO - [2026-06-05T13:56:59.382+0000] {dag.py:3239} INFO - Sync 10 DAGs
[2026-06-05T13:56:59.511+0000] {logging_mixin.py:190} INFO - [2026-06-05T13:56:59.510+0000] {dag.py:4180} INFO - Setting next_dagrun for conditional_dataset_and_time_based_timetable to 2026-06-03 01:00:00+00:00, run_after=2026-06-03 01:00:00+00:00
[2026-06-05T13:56:59.528+0000] {logging_mixin.py:190} INFO - [2026-06-05T13:56:59.527+0000] {dag.py:4180} INFO - Setting next_dagrun for consume_1_and_2_with_dataset_expressions to None, run_after=None
[2026-06-05T13:56:59.540+0000] {logging_mixin.py:190} INFO - [2026-06-05T13:56:59.537+0000] {dag.py:4180} INFO - Setting next_dagrun for consume_1_or_2_with_dataset_expressions to None, run_after=None
[2026-06-05T13:56:59.548+0000] {logging_mixin.py:190} INFO - [2026-06-05T13:56:59.547+0000] {dag.py:4180} INFO - Setting next_dagrun for consume_1_or_both_2_and_3_with_dataset_expressions to None, run_after=None
[2026-06-05T13:56:59.554+0000] {logging_mixin.py:190} INFO - [2026-06-05T13:56:59.553+0000] {dag.py:4180} INFO - Setting next_dagrun for dataset_consumes_1 to None, run_after=None
[2026-06-05T13:56:59.567+0000] {logging_mixin.py:190} INFO - [2026-06-05T13:56:59.566+0000] {dag.py:4180} INFO - Setting next_dagrun for dataset_consumes_1_and_2 to None, run_after=None
[2026-06-05T13:56:59.572+0000] {logging_mixin.py:190} INFO - [2026-06-05T13:56:59.571+0000] {dag.py:4180} INFO - Setting next_dagrun for dataset_consumes_1_never_scheduled to None, run_after=None
[2026-06-05T13:56:59.578+0000] {logging_mixin.py:190} INFO - [2026-06-05T13:56:59.578+0000] {dag.py:4180} INFO - Setting next_dagrun for dataset_consumes_unknown_never_scheduled to None, run_after=None
[2026-06-05T13:56:59.587+0000] {logging_mixin.py:190} INFO - [2026-06-05T13:56:59.586+0000] {dag.py:4180} INFO - Setting next_dagrun for dataset_produces_1 to 2026-06-04 00:00:00+00:00, run_after=2026-06-05 00:00:00+00:00
[2026-06-05T13:56:59.592+0000] {logging_mixin.py:190} INFO - [2026-06-05T13:56:59.592+0000] {dag.py:4180} INFO - Setting next_dagrun for dataset_produces_2 to None, run_after=None
[2026-06-05T13:56:59.750+0000] {processor.py:208} INFO - Processing /home/airflow/.local/lib/python3.12/site-packages/airflow/example_dags/example_datasets.py took 1.218 seconds
[2026-06-05T13:57:30.245+0000] {processor.py:186} INFO - Started process (PID=711) to work on /home/airflow/.local/lib/python3.12/site-packages/airflow/example_dags/example_datasets.py
[2026-06-05T13:57:30.248+0000] {processor.py:914} INFO - Processing file /home/airflow/.local/lib/python3.12/site-packages/airflow/example_dags/example_datasets.py for tasks to queue
[2026-06-05T13:57:30.261+0000] {logging_mixin.py:190} INFO - [2026-06-05T13:57:30.260+0000] {dagbag.py:588} INFO - Filling up the DagBag from /home/airflow/.local/lib/python3.12/site-packages/airflow/example_dags/example_datasets.py
[2026-06-05T13:57:30.901+0000] {processor.py:925} INFO - DAG(s) 'dataset_consumes_1', 'consume_1_or_both_2_and_3_with_dataset_expressions', 'conditional_dataset_and_time_based_timetable', 'dataset_consumes_unknown_never_scheduled', 'consume_1_and_2_with_dataset_expressions', 'dataset_consumes_1_never_scheduled', 'consume_1_or_2_with_dataset_expressions', 'dataset_produces_2', 'dataset_produces_1', 'dataset_consumes_1_and_2' retrieved from /home/airflow/.local/lib/python3.12/site-packages/airflow/example_dags/example_datasets.py
[2026-06-05T13:57:31.073+0000] {logging_mixin.py:190} INFO - [2026-06-05T13:57:31.073+0000] {dag.py:3239} INFO - Sync 10 DAGs
[2026-06-05T13:57:31.220+0000] {logging_mixin.py:190} INFO - [2026-06-05T13:57:31.218+0000] {dag.py:4180} INFO - Setting next_dagrun for conditional_dataset_and_time_based_timetable to 2026-06-03 01:00:00+00:00, run_after=2026-06-03 01:00:00+00:00
[2026-06-05T13:57:31.249+0000] {logging_mixin.py:190} INFO - [2026-06-05T13:57:31.248+0000] {dag.py:4180} INFO - Setting next_dagrun for consume_1_and_2_with_dataset_expressions to None, run_after=None
[2026-06-05T13:57:31.269+0000] {logging_mixin.py:190} INFO - [2026-06-05T13:57:31.268+0000] {dag.py:4180} INFO - Setting next_dagrun for consume_1_or_2_with_dataset_expressions to None, run_after=None
[2026-06-05T13:57:31.278+0000] {logging_mixin.py:190} INFO - [2026-06-05T13:57:31.277+0000] {dag.py:4180} INFO - Setting next_dagrun for consume_1_or_both_2_and_3_with_dataset_expressions to None, run_after=None
[2026-06-05T13:57:31.284+0000] {logging_mixin.py:190} INFO - [2026-06-05T13:57:31.283+0000] {dag.py:4180} INFO - Setting next_dagrun for dataset_consumes_1 to None, run_after=None
[2026-06-05T13:57:31.297+0000] {logging_mixin.py:190} INFO - [2026-06-05T13:57:31.297+0000] {dag.py:4180} INFO - Setting next_dagrun for dataset_consumes_1_and_2 to None, run_after=None
[2026-06-05T13:57:31.305+0000] {logging_mixin.py:190} INFO - [2026-06-05T13:57:31.305+0000] {dag.py:4180} INFO - Setting next_dagrun for dataset_consumes_1_never_scheduled to None, run_after=None
[2026-06-05T13:57:31.315+0000] {logging_mixin.py:190} INFO - [2026-06-05T13:57:31.314+0000] {dag.py:4180} INFO - Setting next_dagrun for dataset_consumes_unknown_never_scheduled to None, run_after=None
[2026-06-05T13:57:31.330+0000] {logging_mixin.py:190} INFO - [2026-06-05T13:57:31.329+0000] {dag.py:4180} INFO - Setting next_dagrun for dataset_produces_1 to 2026-06-04 00:00:00+00:00, run_after=2026-06-05 00:00:00+00:00
[2026-06-05T13:57:31.342+0000] {logging_mixin.py:190} INFO - [2026-06-05T13:57:31.341+0000] {dag.py:4180} INFO - Setting next_dagrun for dataset_produces_2 to None, run_after=None
[2026-06-05T13:57:31.559+0000] {processor.py:208} INFO - Processing /home/airflow/.local/lib/python3.12/site-packages/airflow/example_dags/example_datasets.py took 1.331 seconds
[2026-06-05T13:58:02.003+0000] {processor.py:186} INFO - Started process (PID=773) to work on /home/airflow/.local/lib/python3.12/site-packages/airflow/example_dags/example_datasets.py
[2026-06-05T13:58:02.007+0000] {processor.py:914} INFO - Processing file /home/airflow/.local/lib/python3.12/site-packages/airflow/example_dags/example_datasets.py for tasks to queue
[2026-06-05T13:58:02.016+0000] {logging_mixin.py:190} INFO - [2026-06-05T13:58:02.015+0000] {dagbag.py:588} INFO - Filling up the DagBag from /home/airflow/.local/lib/python3.12/site-packages/airflow/example_dags/example_datasets.py
[2026-06-05T13:58:02.954+0000] {processor.py:925} INFO - DAG(s) 'consume_1_or_both_2_and_3_with_dataset_expressions', 'conditional_dataset_and_time_based_timetable', 'dataset_produces_2', 'dataset_consumes_1_never_scheduled', 'dataset_consumes_1', 'dataset_consumes_unknown_never_scheduled', 'dataset_consumes_1_and_2', 'dataset_produces_1', 'consume_1_or_2_with_dataset_expressions', 'consume_1_and_2_with_dataset_expressions' retrieved from /home/airflow/.local/lib/python3.12/site-packages/airflow/example_dags/example_datasets.py
[2026-06-05T13:58:03.279+0000] {logging_mixin.py:190} INFO - [2026-06-05T13:58:03.278+0000] {dag.py:3239} INFO - Sync 10 DAGs
[2026-06-05T13:58:03.472+0000] {logging_mixin.py:190} INFO - [2026-06-05T13:58:03.471+0000] {dag.py:4180} INFO - Setting next_dagrun for conditional_dataset_and_time_based_timetable to 2026-06-03 01:00:00+00:00, run_after=2026-06-03 01:00:00+00:00
[2026-06-05T13:58:03.491+0000] {logging_mixin.py:190} INFO - [2026-06-05T13:58:03.490+0000] {dag.py:4180} INFO - Setting next_dagrun for consume_1_and_2_with_dataset_expressions to None, run_after=None
[2026-06-05T13:58:03.506+0000] {logging_mixin.py:190} INFO - [2026-06-05T13:58:03.505+0000] {dag.py:4180} INFO - Setting next_dagrun for consume_1_or_2_with_dataset_expressions to None, run_after=None
[2026-06-05T13:58:03.511+0000] {logging_mixin.py:190} INFO - [2026-06-05T13:58:03.511+0000] {dag.py:4180} INFO - Setting next_dagrun for consume_1_or_both_2_and_3_with_dataset_expressions to None, run_after=None
[2026-06-05T13:58:03.519+0000] {logging_mixin.py:190} INFO - [2026-06-05T13:58:03.519+0000] {dag.py:4180} INFO - Setting next_dagrun for dataset_consumes_1 to None, run_after=None
[2026-06-05T13:58:03.530+0000] {logging_mixin.py:190} INFO - [2026-06-05T13:58:03.529+0000] {dag.py:4180} INFO - Setting next_dagrun for dataset_consumes_1_and_2 to None, run_after=None
[2026-06-05T13:58:03.546+0000] {logging_mixin.py:190} INFO - [2026-06-05T13:58:03.546+0000] {dag.py:4180} INFO - Setting next_dagrun for dataset_consumes_1_never_scheduled to None, run_after=None
[2026-06-05T13:58:03.552+0000] {logging_mixin.py:190} INFO - [2026-06-05T13:58:03.551+0000] {dag.py:4180} INFO - Setting next_dagrun for dataset_consumes_unknown_never_scheduled to None, run_after=None
[2026-06-05T13:58:03.568+0000] {logging_mixin.py:190} INFO - [2026-06-05T13:58:03.568+0000] {dag.py:4180} INFO - Setting next_dagrun for dataset_produces_1 to 2026-06-04 00:00:00+00:00, run_after=2026-06-05 00:00:00+00:00
[2026-06-05T13:58:03.579+0000] {logging_mixin.py:190} INFO - [2026-06-05T13:58:03.574+0000] {dag.py:4180} INFO - Setting next_dagrun for dataset_produces_2 to None, run_after=None
[2026-06-05T13:58:03.806+0000] {processor.py:208} INFO - Processing /home/airflow/.local/lib/python3.12/site-packages/airflow/example_dags/example_datasets.py took 1.827 seconds
[2026-06-05T13:58:34.841+0000] {processor.py:186} INFO - Started process (PID=839) to work on /home/airflow/.local/lib/python3.12/site-packages/airflow/example_dags/example_datasets.py
[2026-06-05T13:58:34.844+0000] {processor.py:914} INFO - Processing file /home/airflow/.local/lib/python3.12/site-packages/airflow/example_dags/example_datasets.py for tasks to queue
[2026-06-05T13:58:34.850+0000] {logging_mixin.py:190} INFO - [2026-06-05T13:58:34.849+0000] {dagbag.py:588} INFO - Filling up the DagBag from /home/airflow/.local/lib/python3.12/site-packages/airflow/example_dags/example_datasets.py
[2026-06-05T13:58:35.236+0000] {processor.py:925} INFO - DAG(s) 'consume_1_and_2_with_dataset_expressions', 'dataset_produces_2', 'consume_1_or_both_2_and_3_with_dataset_expressions', 'dataset_consumes_unknown_never_scheduled', 'conditional_dataset_and_time_based_timetable', 'dataset_consumes_1_and_2', 'consume_1_or_2_with_dataset_expressions', 'dataset_consumes_1', 'dataset_produces_1', 'dataset_consumes_1_never_scheduled' retrieved from /home/airflow/.local/lib/python3.12/site-packages/airflow/example_dags/example_datasets.py
[2026-06-05T13:58:35.384+0000] {logging_mixin.py:190} INFO - [2026-06-05T13:58:35.383+0000] {dag.py:3239} INFO - Sync 10 DAGs
[2026-06-05T13:58:35.474+0000] {logging_mixin.py:190} INFO - [2026-06-05T13:58:35.473+0000] {dag.py:4180} INFO - Setting next_dagrun for conditional_dataset_and_time_based_timetable to 2026-06-03 01:00:00+00:00, run_after=2026-06-03 01:00:00+00:00
[2026-06-05T13:58:35.483+0000] {logging_mixin.py:190} INFO - [2026-06-05T13:58:35.482+0000] {dag.py:4180} INFO - Setting next_dagrun for consume_1_and_2_with_dataset_expressions to None, run_after=None
[2026-06-05T13:58:35.488+0000] {logging_mixin.py:190} INFO - [2026-06-05T13:58:35.488+0000] {dag.py:4180} INFO - Setting next_dagrun for consume_1_or_2_with_dataset_expressions to None, run_after=None
[2026-06-05T13:58:35.493+0000] {logging_mixin.py:190} INFO - [2026-06-05T13:58:35.493+0000] {dag.py:4180} INFO - Setting next_dagrun for consume_1_or_both_2_and_3_with_dataset_expressions to None, run_after=None
[2026-06-05T13:58:35.497+0000] {logging_mixin.py:190} INFO - [2026-06-05T13:58:35.497+0000] {dag.py:4180} INFO - Setting next_dagrun for dataset_consumes_1 to None, run_after=None
[2026-06-05T13:58:35.501+0000] {logging_mixin.py:190} INFO - [2026-06-05T13:58:35.501+0000] {dag.py:4180} INFO - Setting next_dagrun for dataset_consumes_1_and_2 to None, run_after=None
[2026-06-05T13:58:35.507+0000] {logging_mixin.py:190} INFO - [2026-06-05T13:58:35.506+0000] {dag.py:4180} INFO - Setting next_dagrun for dataset_consumes_1_never_scheduled to None, run_after=None
[2026-06-05T13:58:35.513+0000] {logging_mixin.py:190} INFO - [2026-06-05T13:58:35.513+0000] {dag.py:4180} INFO - Setting next_dagrun for dataset_consumes_unknown_never_scheduled to None, run_after=None
[2026-06-05T13:58:35.523+0000] {logging_mixin.py:190} INFO - [2026-06-05T13:58:35.523+0000] {dag.py:4180} INFO - Setting next_dagrun for dataset_produces_1 to 2026-06-04 00:00:00+00:00, run_after=2026-06-05 00:00:00+00:00
[2026-06-05T13:58:35.530+0000] {logging_mixin.py:190} INFO - [2026-06-05T13:58:35.529+0000] {dag.py:4180} INFO - Setting next_dagrun for dataset_produces_2 to None, run_after=None
[2026-06-05T13:58:35.675+0000] {processor.py:208} INFO - Processing /home/airflow/.local/lib/python3.12/site-packages/airflow/example_dags/example_datasets.py took 0.855 seconds
[2026-06-05T13:59:06.401+0000] {processor.py:186} INFO - Started process (PID=902) to work on /home/airflow/.local/lib/python3.12/site-packages/airflow/example_dags/example_datasets.py
[2026-06-05T13:59:06.404+0000] {processor.py:914} INFO - Processing file /home/airflow/.local/lib/python3.12/site-packages/airflow/example_dags/example_datasets.py for tasks to queue
[2026-06-05T13:59:06.409+0000] {logging_mixin.py:190} INFO - [2026-06-05T13:59:06.408+0000] {dagbag.py:588} INFO - Filling up the DagBag from /home/airflow/.local/lib/python3.12/site-packages/airflow/example_dags/example_datasets.py
[2026-06-05T13:59:06.890+0000] {processor.py:925} INFO - DAG(s) 'consume_1_or_both_2_and_3_with_dataset_expressions', 'dataset_consumes_1_and_2', 'dataset_consumes_1', 'dataset_produces_2', 'dataset_consumes_unknown_never_scheduled', 'dataset_consumes_1_never_scheduled', 'conditional_dataset_and_time_based_timetable', 'consume_1_or_2_with_dataset_expressions', 'dataset_produces_1', 'consume_1_and_2_with_dataset_expressions' retrieved from /home/airflow/.local/lib/python3.12/site-packages/airflow/example_dags/example_datasets.py
[2026-06-05T13:59:07.007+0000] {logging_mixin.py:190} INFO - [2026-06-05T13:59:07.007+0000] {dag.py:3239} INFO - Sync 10 DAGs
[2026-06-05T13:59:07.084+0000] {logging_mixin.py:190} INFO - [2026-06-05T13:59:07.083+0000] {dag.py:4180} INFO - Setting next_dagrun for conditional_dataset_and_time_based_timetable to 2026-06-03 01:00:00+00:00, run_after=2026-06-03 01:00:00+00:00
[2026-06-05T13:59:07.092+0000] {logging_mixin.py:190} INFO - [2026-06-05T13:59:07.091+0000] {dag.py:4180} INFO - Setting next_dagrun for consume_1_and_2_with_dataset_expressions to None, run_after=None
[2026-06-05T13:59:07.096+0000] {logging_mixin.py:190} INFO - [2026-06-05T13:59:07.095+0000] {dag.py:4180} INFO - Setting next_dagrun for consume_1_or_2_with_dataset_expressions to None, run_after=None
[2026-06-05T13:59:07.100+0000] {logging_mixin.py:190} INFO - [2026-06-05T13:59:07.100+0000] {dag.py:4180} INFO - Setting next_dagrun for consume_1_or_both_2_and_3_with_dataset_expressions to None, run_after=None
[2026-06-05T13:59:07.104+0000] {logging_mixin.py:190} INFO - [2026-06-05T13:59:07.103+0000] {dag.py:4180} INFO - Setting next_dagrun for dataset_consumes_1 to None, run_after=None
[2026-06-05T13:59:07.107+0000] {logging_mixin.py:190} INFO - [2026-06-05T13:59:07.107+0000] {dag.py:4180} INFO - Setting next_dagrun for dataset_consumes_1_and_2 to None, run_after=None
[2026-06-05T13:59:07.111+0000] {logging_mixin.py:190} INFO - [2026-06-05T13:59:07.110+0000] {dag.py:4180} INFO - Setting next_dagrun for dataset_consumes_1_never_scheduled to None, run_after=None
[2026-06-05T13:59:07.118+0000] {logging_mixin.py:190} INFO - [2026-06-05T13:59:07.117+0000] {dag.py:4180} INFO - Setting next_dagrun for dataset_consumes_unknown_never_scheduled to None, run_after=None
[2026-06-05T13:59:07.123+0000] {logging_mixin.py:190} INFO - [2026-06-05T13:59:07.122+0000] {dag.py:4180} INFO - Setting next_dagrun for dataset_produces_1 to 2026-06-04 00:00:00+00:00, run_after=2026-06-05 00:00:00+00:00
[2026-06-05T13:59:07.126+0000] {logging_mixin.py:190} INFO - [2026-06-05T13:59:07.125+0000] {dag.py:4180} INFO - Setting next_dagrun for dataset_produces_2 to None, run_after=None
[2026-06-05T13:59:07.224+0000] {processor.py:208} INFO - Processing /home/airflow/.local/lib/python3.12/site-packages/airflow/example_dags/example_datasets.py took 0.838 seconds
