[2026-06-05T13:52:34.402+0000] {processor.py:186} INFO - Started process (PID=130) to work on /home/airflow/.local/lib/python3.12/site-packages/airflow/example_dags/example_branch_python_dop_operator_3.py
[2026-06-05T13:52:34.405+0000] {processor.py:914} INFO - Processing file /home/airflow/.local/lib/python3.12/site-packages/airflow/example_dags/example_branch_python_dop_operator_3.py for tasks to queue
[2026-06-05T13:52:34.411+0000] {logging_mixin.py:190} INFO - [2026-06-05T13:52:34.410+0000] {dagbag.py:588} INFO - Filling up the DagBag from /home/airflow/.local/lib/python3.12/site-packages/airflow/example_dags/example_branch_python_dop_operator_3.py
[2026-06-05T13:52:34.452+0000] {processor.py:925} INFO - DAG(s) 'example_branch_dop_operator_v3' retrieved from /home/airflow/.local/lib/python3.12/site-packages/airflow/example_dags/example_branch_python_dop_operator_3.py
[2026-06-05T13:52:34.936+0000] {logging_mixin.py:190} INFO - [2026-06-05T13:52:34.935+0000] {override.py:1900} INFO - Created Permission View: can delete on DAG:example_branch_dop_operator_v3
[2026-06-05T13:52:34.969+0000] {logging_mixin.py:190} INFO - [2026-06-05T13:52:34.968+0000] {override.py:1900} INFO - Created Permission View: can read on DAG:example_branch_dop_operator_v3
[2026-06-05T13:52:34.995+0000] {logging_mixin.py:190} INFO - [2026-06-05T13:52:34.994+0000] {override.py:1900} INFO - Created Permission View: can edit on DAG:example_branch_dop_operator_v3
[2026-06-05T13:52:35.033+0000] {logging_mixin.py:190} INFO - [2026-06-05T13:52:35.032+0000] {override.py:1900} INFO - Created Permission View: menu access on DAG Run:example_branch_dop_operator_v3
[2026-06-05T13:52:35.057+0000] {logging_mixin.py:190} INFO - [2026-06-05T13:52:35.056+0000] {override.py:1900} INFO - Created Permission View: can delete on DAG Run:example_branch_dop_operator_v3
[2026-06-05T13:52:35.081+0000] {logging_mixin.py:190} INFO - [2026-06-05T13:52:35.080+0000] {override.py:1900} INFO - Created Permission View: can read on DAG Run:example_branch_dop_operator_v3
[2026-06-05T13:52:35.106+0000] {logging_mixin.py:190} INFO - [2026-06-05T13:52:35.105+0000] {override.py:1900} INFO - Created Permission View: can create on DAG Run:example_branch_dop_operator_v3
[2026-06-05T13:52:35.108+0000] {logging_mixin.py:190} INFO - [2026-06-05T13:52:35.107+0000] {dag.py:3239} INFO - Sync 1 DAGs
[2026-06-05T13:52:35.153+0000] {logging_mixin.py:190} INFO - [2026-06-05T13:52:35.152+0000] {dag.py:3262} INFO - Creating ORM DAG for example_branch_dop_operator_v3
[2026-06-05T13:52:35.202+0000] {logging_mixin.py:190} INFO - [2026-06-05T13:52:35.201+0000] {dag.py:4180} INFO - Setting next_dagrun for example_branch_dop_operator_v3 to 2026-06-05 13:51:00+00:00, run_after=2026-06-05 13:52:00+00:00
[2026-06-05T13:52:35.263+0000] {processor.py:208} INFO - Processing /home/airflow/.local/lib/python3.12/site-packages/airflow/example_dags/example_branch_python_dop_operator_3.py took 0.879 seconds
[2026-06-05T13:53:05.476+0000] {processor.py:186} INFO - Started process (PID=191) to work on /home/airflow/.local/lib/python3.12/site-packages/airflow/example_dags/example_branch_python_dop_operator_3.py
[2026-06-05T13:53:05.479+0000] {processor.py:914} INFO - Processing file /home/airflow/.local/lib/python3.12/site-packages/airflow/example_dags/example_branch_python_dop_operator_3.py for tasks to queue
[2026-06-05T13:53:05.485+0000] {logging_mixin.py:190} INFO - [2026-06-05T13:53:05.485+0000] {dagbag.py:588} INFO - Filling up the DagBag from /home/airflow/.local/lib/python3.12/site-packages/airflow/example_dags/example_branch_python_dop_operator_3.py
[2026-06-05T13:53:05.509+0000] {processor.py:925} INFO - DAG(s) 'example_branch_dop_operator_v3' retrieved from /home/airflow/.local/lib/python3.12/site-packages/airflow/example_dags/example_branch_python_dop_operator_3.py
[2026-06-05T13:53:05.552+0000] {logging_mixin.py:190} INFO - [2026-06-05T13:53:05.552+0000] {dag.py:3239} INFO - Sync 1 DAGs
[2026-06-05T13:53:05.605+0000] {logging_mixin.py:190} INFO - [2026-06-05T13:53:05.604+0000] {dag.py:4180} INFO - Setting next_dagrun for example_branch_dop_operator_v3 to 2026-06-05 13:52:00+00:00, run_after=2026-06-05 13:53:00+00:00
[2026-06-05T13:53:05.643+0000] {processor.py:208} INFO - Processing /home/airflow/.local/lib/python3.12/site-packages/airflow/example_dags/example_branch_python_dop_operator_3.py took 0.180 seconds
[2026-06-05T13:53:37.320+0000] {processor.py:186} INFO - Started process (PID=253) to work on /home/airflow/.local/lib/python3.12/site-packages/airflow/example_dags/example_branch_python_dop_operator_3.py
[2026-06-05T13:53:37.340+0000] {processor.py:914} INFO - Processing file /home/airflow/.local/lib/python3.12/site-packages/airflow/example_dags/example_branch_python_dop_operator_3.py for tasks to queue
[2026-06-05T13:53:37.384+0000] {logging_mixin.py:190} INFO - [2026-06-05T13:53:37.382+0000] {dagbag.py:588} INFO - Filling up the DagBag from /home/airflow/.local/lib/python3.12/site-packages/airflow/example_dags/example_branch_python_dop_operator_3.py
[2026-06-05T13:53:37.456+0000] {processor.py:925} INFO - DAG(s) 'example_branch_dop_operator_v3' retrieved from /home/airflow/.local/lib/python3.12/site-packages/airflow/example_dags/example_branch_python_dop_operator_3.py
[2026-06-05T13:53:37.577+0000] {logging_mixin.py:190} INFO - [2026-06-05T13:53:37.575+0000] {dag.py:3239} INFO - Sync 1 DAGs
[2026-06-05T13:53:37.757+0000] {logging_mixin.py:190} INFO - [2026-06-05T13:53:37.756+0000] {dag.py:4180} INFO - Setting next_dagrun for example_branch_dop_operator_v3 to 2026-06-05 13:52:00+00:00, run_after=2026-06-05 13:53:00+00:00
[2026-06-05T13:53:37.888+0000] {processor.py:208} INFO - Processing /home/airflow/.local/lib/python3.12/site-packages/airflow/example_dags/example_branch_python_dop_operator_3.py took 0.610 seconds
[2026-06-05T13:54:08.242+0000] {processor.py:186} INFO - Started process (PID=315) to work on /home/airflow/.local/lib/python3.12/site-packages/airflow/example_dags/example_branch_python_dop_operator_3.py
[2026-06-05T13:54:08.246+0000] {processor.py:914} INFO - Processing file /home/airflow/.local/lib/python3.12/site-packages/airflow/example_dags/example_branch_python_dop_operator_3.py for tasks to queue
[2026-06-05T13:54:08.255+0000] {logging_mixin.py:190} INFO - [2026-06-05T13:54:08.254+0000] {dagbag.py:588} INFO - Filling up the DagBag from /home/airflow/.local/lib/python3.12/site-packages/airflow/example_dags/example_branch_python_dop_operator_3.py
[2026-06-05T13:54:08.284+0000] {processor.py:925} INFO - DAG(s) 'example_branch_dop_operator_v3' retrieved from /home/airflow/.local/lib/python3.12/site-packages/airflow/example_dags/example_branch_python_dop_operator_3.py
[2026-06-05T13:54:08.335+0000] {logging_mixin.py:190} INFO - [2026-06-05T13:54:08.334+0000] {dag.py:3239} INFO - Sync 1 DAGs
[2026-06-05T13:54:08.410+0000] {logging_mixin.py:190} INFO - [2026-06-05T13:54:08.410+0000] {dag.py:4180} INFO - Setting next_dagrun for example_branch_dop_operator_v3 to 2026-06-05 13:53:00+00:00, run_after=2026-06-05 13:54:00+00:00
[2026-06-05T13:54:08.485+0000] {processor.py:208} INFO - Processing /home/airflow/.local/lib/python3.12/site-packages/airflow/example_dags/example_branch_python_dop_operator_3.py took 0.262 seconds
[2026-06-05T13:54:38.791+0000] {processor.py:186} INFO - Started process (PID=376) to work on /home/airflow/.local/lib/python3.12/site-packages/airflow/example_dags/example_branch_python_dop_operator_3.py
[2026-06-05T13:54:38.792+0000] {processor.py:914} INFO - Processing file /home/airflow/.local/lib/python3.12/site-packages/airflow/example_dags/example_branch_python_dop_operator_3.py for tasks to queue
[2026-06-05T13:54:38.797+0000] {logging_mixin.py:190} INFO - [2026-06-05T13:54:38.797+0000] {dagbag.py:588} INFO - Filling up the DagBag from /home/airflow/.local/lib/python3.12/site-packages/airflow/example_dags/example_branch_python_dop_operator_3.py
[2026-06-05T13:54:38.817+0000] {processor.py:925} INFO - DAG(s) 'example_branch_dop_operator_v3' retrieved from /home/airflow/.local/lib/python3.12/site-packages/airflow/example_dags/example_branch_python_dop_operator_3.py
[2026-06-05T13:54:38.862+0000] {logging_mixin.py:190} INFO - [2026-06-05T13:54:38.861+0000] {dag.py:3239} INFO - Sync 1 DAGs
[2026-06-05T13:54:38.906+0000] {logging_mixin.py:190} INFO - [2026-06-05T13:54:38.906+0000] {dag.py:4180} INFO - Setting next_dagrun for example_branch_dop_operator_v3 to 2026-06-05 13:53:00+00:00, run_after=2026-06-05 13:54:00+00:00
[2026-06-05T13:54:38.947+0000] {processor.py:208} INFO - Processing /home/airflow/.local/lib/python3.12/site-packages/airflow/example_dags/example_branch_python_dop_operator_3.py took 0.168 seconds
[2026-06-05T13:55:09.675+0000] {processor.py:186} INFO - Started process (PID=438) to work on /home/airflow/.local/lib/python3.12/site-packages/airflow/example_dags/example_branch_python_dop_operator_3.py
[2026-06-05T13:55:09.678+0000] {processor.py:914} INFO - Processing file /home/airflow/.local/lib/python3.12/site-packages/airflow/example_dags/example_branch_python_dop_operator_3.py for tasks to queue
[2026-06-05T13:55:09.683+0000] {logging_mixin.py:190} INFO - [2026-06-05T13:55:09.682+0000] {dagbag.py:588} INFO - Filling up the DagBag from /home/airflow/.local/lib/python3.12/site-packages/airflow/example_dags/example_branch_python_dop_operator_3.py
[2026-06-05T13:55:09.705+0000] {processor.py:925} INFO - DAG(s) 'example_branch_dop_operator_v3' retrieved from /home/airflow/.local/lib/python3.12/site-packages/airflow/example_dags/example_branch_python_dop_operator_3.py
[2026-06-05T13:55:09.739+0000] {logging_mixin.py:190} INFO - [2026-06-05T13:55:09.738+0000] {dag.py:3239} INFO - Sync 1 DAGs
[2026-06-05T13:55:09.776+0000] {logging_mixin.py:190} INFO - [2026-06-05T13:55:09.776+0000] {dag.py:4180} INFO - Setting next_dagrun for example_branch_dop_operator_v3 to 2026-06-05 13:54:00+00:00, run_after=2026-06-05 13:55:00+00:00
[2026-06-05T13:55:09.813+0000] {processor.py:208} INFO - Processing /home/airflow/.local/lib/python3.12/site-packages/airflow/example_dags/example_branch_python_dop_operator_3.py took 0.148 seconds
[2026-06-05T13:55:40.074+0000] {processor.py:186} INFO - Started process (PID=500) to work on /home/airflow/.local/lib/python3.12/site-packages/airflow/example_dags/example_branch_python_dop_operator_3.py
[2026-06-05T13:55:40.077+0000] {processor.py:914} INFO - Processing file /home/airflow/.local/lib/python3.12/site-packages/airflow/example_dags/example_branch_python_dop_operator_3.py for tasks to queue
[2026-06-05T13:55:40.082+0000] {logging_mixin.py:190} INFO - [2026-06-05T13:55:40.081+0000] {dagbag.py:588} INFO - Filling up the DagBag from /home/airflow/.local/lib/python3.12/site-packages/airflow/example_dags/example_branch_python_dop_operator_3.py
[2026-06-05T13:55:40.102+0000] {processor.py:925} INFO - DAG(s) 'example_branch_dop_operator_v3' retrieved from /home/airflow/.local/lib/python3.12/site-packages/airflow/example_dags/example_branch_python_dop_operator_3.py
[2026-06-05T13:55:40.142+0000] {logging_mixin.py:190} INFO - [2026-06-05T13:55:40.142+0000] {dag.py:3239} INFO - Sync 1 DAGs
[2026-06-05T13:55:40.192+0000] {logging_mixin.py:190} INFO - [2026-06-05T13:55:40.192+0000] {dag.py:4180} INFO - Setting next_dagrun for example_branch_dop_operator_v3 to 2026-06-05 13:54:00+00:00, run_after=2026-06-05 13:55:00+00:00
[2026-06-05T13:55:40.236+0000] {processor.py:208} INFO - Processing /home/airflow/.local/lib/python3.12/site-packages/airflow/example_dags/example_branch_python_dop_operator_3.py took 0.173 seconds
[2026-06-05T13:56:12.748+0000] {processor.py:186} INFO - Started process (PID=563) to work on /home/airflow/.local/lib/python3.12/site-packages/airflow/example_dags/example_branch_python_dop_operator_3.py
[2026-06-05T13:56:12.750+0000] {processor.py:914} INFO - Processing file /home/airflow/.local/lib/python3.12/site-packages/airflow/example_dags/example_branch_python_dop_operator_3.py for tasks to queue
[2026-06-05T13:56:12.756+0000] {logging_mixin.py:190} INFO - [2026-06-05T13:56:12.756+0000] {dagbag.py:588} INFO - Filling up the DagBag from /home/airflow/.local/lib/python3.12/site-packages/airflow/example_dags/example_branch_python_dop_operator_3.py
[2026-06-05T13:56:12.800+0000] {processor.py:925} INFO - DAG(s) 'example_branch_dop_operator_v3' retrieved from /home/airflow/.local/lib/python3.12/site-packages/airflow/example_dags/example_branch_python_dop_operator_3.py
[2026-06-05T13:56:12.853+0000] {logging_mixin.py:190} INFO - [2026-06-05T13:56:12.852+0000] {dag.py:3239} INFO - Sync 1 DAGs
[2026-06-05T13:56:12.910+0000] {logging_mixin.py:190} INFO - [2026-06-05T13:56:12.910+0000] {dag.py:4180} INFO - Setting next_dagrun for example_branch_dop_operator_v3 to 2026-06-05 13:55:00+00:00, run_after=2026-06-05 13:56:00+00:00
[2026-06-05T13:56:12.953+0000] {processor.py:208} INFO - Processing /home/airflow/.local/lib/python3.12/site-packages/airflow/example_dags/example_branch_python_dop_operator_3.py took 0.219 seconds
[2026-06-05T13:56:45.937+0000] {processor.py:186} INFO - Started process (PID=626) to work on /home/airflow/.local/lib/python3.12/site-packages/airflow/example_dags/example_branch_python_dop_operator_3.py
[2026-06-05T13:56:45.944+0000] {processor.py:914} INFO - Processing file /home/airflow/.local/lib/python3.12/site-packages/airflow/example_dags/example_branch_python_dop_operator_3.py for tasks to queue
[2026-06-05T13:56:45.970+0000] {logging_mixin.py:190} INFO - [2026-06-05T13:56:45.969+0000] {dagbag.py:588} INFO - Filling up the DagBag from /home/airflow/.local/lib/python3.12/site-packages/airflow/example_dags/example_branch_python_dop_operator_3.py
[2026-06-05T13:56:46.069+0000] {processor.py:925} INFO - DAG(s) 'example_branch_dop_operator_v3' retrieved from /home/airflow/.local/lib/python3.12/site-packages/airflow/example_dags/example_branch_python_dop_operator_3.py
[2026-06-05T13:56:46.201+0000] {logging_mixin.py:190} INFO - [2026-06-05T13:56:46.201+0000] {dag.py:3239} INFO - Sync 1 DAGs
[2026-06-05T13:56:46.353+0000] {logging_mixin.py:190} INFO - [2026-06-05T13:56:46.349+0000] {dag.py:4180} INFO - Setting next_dagrun for example_branch_dop_operator_v3 to 2026-06-05 13:55:00+00:00, run_after=2026-06-05 13:56:00+00:00
[2026-06-05T13:56:46.485+0000] {processor.py:208} INFO - Processing /home/airflow/.local/lib/python3.12/site-packages/airflow/example_dags/example_branch_python_dop_operator_3.py took 0.619 seconds
[2026-06-05T13:57:16.987+0000] {processor.py:186} INFO - Started process (PID=688) to work on /home/airflow/.local/lib/python3.12/site-packages/airflow/example_dags/example_branch_python_dop_operator_3.py
[2026-06-05T13:57:16.989+0000] {processor.py:914} INFO - Processing file /home/airflow/.local/lib/python3.12/site-packages/airflow/example_dags/example_branch_python_dop_operator_3.py for tasks to queue
[2026-06-05T13:57:16.996+0000] {logging_mixin.py:190} INFO - [2026-06-05T13:57:16.995+0000] {dagbag.py:588} INFO - Filling up the DagBag from /home/airflow/.local/lib/python3.12/site-packages/airflow/example_dags/example_branch_python_dop_operator_3.py
[2026-06-05T13:57:17.025+0000] {processor.py:925} INFO - DAG(s) 'example_branch_dop_operator_v3' retrieved from /home/airflow/.local/lib/python3.12/site-packages/airflow/example_dags/example_branch_python_dop_operator_3.py
[2026-06-05T13:57:17.078+0000] {logging_mixin.py:190} INFO - [2026-06-05T13:57:17.077+0000] {dag.py:3239} INFO - Sync 1 DAGs
[2026-06-05T13:57:17.140+0000] {logging_mixin.py:190} INFO - [2026-06-05T13:57:17.139+0000] {dag.py:4180} INFO - Setting next_dagrun for example_branch_dop_operator_v3 to 2026-06-05 13:56:00+00:00, run_after=2026-06-05 13:57:00+00:00
[2026-06-05T13:57:17.177+0000] {processor.py:208} INFO - Processing /home/airflow/.local/lib/python3.12/site-packages/airflow/example_dags/example_branch_python_dop_operator_3.py took 0.205 seconds
[2026-06-05T13:57:48.437+0000] {processor.py:186} INFO - Started process (PID=756) to work on /home/airflow/.local/lib/python3.12/site-packages/airflow/example_dags/example_branch_python_dop_operator_3.py
[2026-06-05T13:57:48.441+0000] {processor.py:914} INFO - Processing file /home/airflow/.local/lib/python3.12/site-packages/airflow/example_dags/example_branch_python_dop_operator_3.py for tasks to queue
[2026-06-05T13:57:48.466+0000] {logging_mixin.py:190} INFO - [2026-06-05T13:57:48.456+0000] {dagbag.py:588} INFO - Filling up the DagBag from /home/airflow/.local/lib/python3.12/site-packages/airflow/example_dags/example_branch_python_dop_operator_3.py
[2026-06-05T13:57:48.551+0000] {processor.py:925} INFO - DAG(s) 'example_branch_dop_operator_v3' retrieved from /home/airflow/.local/lib/python3.12/site-packages/airflow/example_dags/example_branch_python_dop_operator_3.py
[2026-06-05T13:57:48.710+0000] {logging_mixin.py:190} INFO - [2026-06-05T13:57:48.709+0000] {dag.py:3239} INFO - Sync 1 DAGs
[2026-06-05T13:57:48.965+0000] {logging_mixin.py:190} INFO - [2026-06-05T13:57:48.964+0000] {dag.py:4180} INFO - Setting next_dagrun for example_branch_dop_operator_v3 to 2026-06-05 13:56:00+00:00, run_after=2026-06-05 13:57:00+00:00
[2026-06-05T13:57:49.219+0000] {processor.py:208} INFO - Processing /home/airflow/.local/lib/python3.12/site-packages/airflow/example_dags/example_branch_python_dop_operator_3.py took 0.831 seconds
[2026-06-05T13:58:20.478+0000] {processor.py:186} INFO - Started process (PID=819) to work on /home/airflow/.local/lib/python3.12/site-packages/airflow/example_dags/example_branch_python_dop_operator_3.py
[2026-06-05T13:58:20.482+0000] {processor.py:914} INFO - Processing file /home/airflow/.local/lib/python3.12/site-packages/airflow/example_dags/example_branch_python_dop_operator_3.py for tasks to queue
[2026-06-05T13:58:20.494+0000] {logging_mixin.py:190} INFO - [2026-06-05T13:58:20.493+0000] {dagbag.py:588} INFO - Filling up the DagBag from /home/airflow/.local/lib/python3.12/site-packages/airflow/example_dags/example_branch_python_dop_operator_3.py
[2026-06-05T13:58:20.538+0000] {processor.py:925} INFO - DAG(s) 'example_branch_dop_operator_v3' retrieved from /home/airflow/.local/lib/python3.12/site-packages/airflow/example_dags/example_branch_python_dop_operator_3.py
[2026-06-05T13:58:20.608+0000] {logging_mixin.py:190} INFO - [2026-06-05T13:58:20.607+0000] {dag.py:3239} INFO - Sync 1 DAGs
[2026-06-05T13:58:20.734+0000] {logging_mixin.py:190} INFO - [2026-06-05T13:58:20.733+0000] {dag.py:4180} INFO - Setting next_dagrun for example_branch_dop_operator_v3 to 2026-06-05 13:57:00+00:00, run_after=2026-06-05 13:58:00+00:00
[2026-06-05T13:58:20.827+0000] {processor.py:208} INFO - Processing /home/airflow/.local/lib/python3.12/site-packages/airflow/example_dags/example_branch_python_dop_operator_3.py took 0.373 seconds
[2026-06-05T13:58:55.032+0000] {processor.py:186} INFO - Started process (PID=881) to work on /home/airflow/.local/lib/python3.12/site-packages/airflow/example_dags/example_branch_python_dop_operator_3.py
[2026-06-05T13:58:55.045+0000] {processor.py:914} INFO - Processing file /home/airflow/.local/lib/python3.12/site-packages/airflow/example_dags/example_branch_python_dop_operator_3.py for tasks to queue
[2026-06-05T13:58:55.055+0000] {logging_mixin.py:190} INFO - [2026-06-05T13:58:55.054+0000] {dagbag.py:588} INFO - Filling up the DagBag from /home/airflow/.local/lib/python3.12/site-packages/airflow/example_dags/example_branch_python_dop_operator_3.py
[2026-06-05T13:58:55.137+0000] {processor.py:925} INFO - DAG(s) 'example_branch_dop_operator_v3' retrieved from /home/airflow/.local/lib/python3.12/site-packages/airflow/example_dags/example_branch_python_dop_operator_3.py
[2026-06-05T13:58:55.266+0000] {logging_mixin.py:190} INFO - [2026-06-05T13:58:55.266+0000] {dag.py:3239} INFO - Sync 1 DAGs
[2026-06-05T13:58:55.446+0000] {logging_mixin.py:190} INFO - [2026-06-05T13:58:55.445+0000] {dag.py:4180} INFO - Setting next_dagrun for example_branch_dop_operator_v3 to 2026-06-05 13:57:00+00:00, run_after=2026-06-05 13:58:00+00:00
[2026-06-05T13:58:55.578+0000] {processor.py:208} INFO - Processing /home/airflow/.local/lib/python3.12/site-packages/airflow/example_dags/example_branch_python_dop_operator_3.py took 0.573 seconds
