[2026-06-05T13:52:28.123+0000] {processor.py:186} INFO - Started process (PID=120) to work on /home/airflow/.local/lib/python3.12/site-packages/airflow/example_dags/example_params_ui_tutorial.py
[2026-06-05T13:52:28.130+0000] {processor.py:914} INFO - Processing file /home/airflow/.local/lib/python3.12/site-packages/airflow/example_dags/example_params_ui_tutorial.py for tasks to queue
[2026-06-05T13:52:28.139+0000] {logging_mixin.py:190} INFO - [2026-06-05T13:52:28.136+0000] {dagbag.py:588} INFO - Filling up the DagBag from /home/airflow/.local/lib/python3.12/site-packages/airflow/example_dags/example_params_ui_tutorial.py
[2026-06-05T13:52:28.188+0000] {processor.py:925} INFO - DAG(s) 'example_params_ui_tutorial' retrieved from /home/airflow/.local/lib/python3.12/site-packages/airflow/example_dags/example_params_ui_tutorial.py
[2026-06-05T13:52:28.778+0000] {logging_mixin.py:190} INFO - [2026-06-05T13:52:28.776+0000] {override.py:1900} INFO - Created Permission View: can delete on DAG:example_params_ui_tutorial
[2026-06-05T13:52:28.812+0000] {logging_mixin.py:190} INFO - [2026-06-05T13:52:28.811+0000] {override.py:1900} INFO - Created Permission View: can read on DAG:example_params_ui_tutorial
[2026-06-05T13:52:28.837+0000] {logging_mixin.py:190} INFO - [2026-06-05T13:52:28.836+0000] {override.py:1900} INFO - Created Permission View: can edit on DAG:example_params_ui_tutorial
[2026-06-05T13:52:28.890+0000] {logging_mixin.py:190} INFO - [2026-06-05T13:52:28.889+0000] {override.py:1900} INFO - Created Permission View: menu access on DAG Run:example_params_ui_tutorial
[2026-06-05T13:52:28.915+0000] {logging_mixin.py:190} INFO - [2026-06-05T13:52:28.914+0000] {override.py:1900} INFO - Created Permission View: can delete on DAG Run:example_params_ui_tutorial
[2026-06-05T13:52:28.939+0000] {logging_mixin.py:190} INFO - [2026-06-05T13:52:28.938+0000] {override.py:1900} INFO - Created Permission View: can read on DAG Run:example_params_ui_tutorial
[2026-06-05T13:52:28.972+0000] {logging_mixin.py:190} INFO - [2026-06-05T13:52:28.972+0000] {override.py:1900} INFO - Created Permission View: can create on DAG Run:example_params_ui_tutorial
[2026-06-05T13:52:28.976+0000] {logging_mixin.py:190} INFO - [2026-06-05T13:52:28.974+0000] {dag.py:3239} INFO - Sync 1 DAGs
[2026-06-05T13:52:29.044+0000] {logging_mixin.py:190} INFO - [2026-06-05T13:52:29.043+0000] {dag.py:3262} INFO - Creating ORM DAG for example_params_ui_tutorial
[2026-06-05T13:52:29.049+0000] {logging_mixin.py:190} INFO - [2026-06-05T13:52:29.049+0000] {dag.py:4180} INFO - Setting next_dagrun for example_params_ui_tutorial to None, run_after=None
[2026-06-05T13:52:29.163+0000] {processor.py:208} INFO - Processing /home/airflow/.local/lib/python3.12/site-packages/airflow/example_dags/example_params_ui_tutorial.py took 1.065 seconds
[2026-06-05T13:52:59.436+0000] {processor.py:186} INFO - Started process (PID=181) to work on /home/airflow/.local/lib/python3.12/site-packages/airflow/example_dags/example_params_ui_tutorial.py
[2026-06-05T13:52:59.438+0000] {processor.py:914} INFO - Processing file /home/airflow/.local/lib/python3.12/site-packages/airflow/example_dags/example_params_ui_tutorial.py for tasks to queue
[2026-06-05T13:52:59.446+0000] {logging_mixin.py:190} INFO - [2026-06-05T13:52:59.445+0000] {dagbag.py:588} INFO - Filling up the DagBag from /home/airflow/.local/lib/python3.12/site-packages/airflow/example_dags/example_params_ui_tutorial.py
[2026-06-05T13:52:59.466+0000] {processor.py:925} INFO - DAG(s) 'example_params_ui_tutorial' retrieved from /home/airflow/.local/lib/python3.12/site-packages/airflow/example_dags/example_params_ui_tutorial.py
[2026-06-05T13:52:59.566+0000] {logging_mixin.py:190} INFO - [2026-06-05T13:52:59.566+0000] {dag.py:3239} INFO - Sync 1 DAGs
[2026-06-05T13:52:59.599+0000] {logging_mixin.py:190} INFO - [2026-06-05T13:52:59.598+0000] {dag.py:4180} INFO - Setting next_dagrun for example_params_ui_tutorial to None, run_after=None
[2026-06-05T13:52:59.649+0000] {processor.py:208} INFO - Processing /home/airflow/.local/lib/python3.12/site-packages/airflow/example_dags/example_params_ui_tutorial.py took 0.226 seconds
[2026-06-05T13:53:31.609+0000] {processor.py:186} INFO - Started process (PID=243) to work on /home/airflow/.local/lib/python3.12/site-packages/airflow/example_dags/example_params_ui_tutorial.py
[2026-06-05T13:53:31.625+0000] {processor.py:914} INFO - Processing file /home/airflow/.local/lib/python3.12/site-packages/airflow/example_dags/example_params_ui_tutorial.py for tasks to queue
[2026-06-05T13:53:31.678+0000] {logging_mixin.py:190} INFO - [2026-06-05T13:53:31.677+0000] {dagbag.py:588} INFO - Filling up the DagBag from /home/airflow/.local/lib/python3.12/site-packages/airflow/example_dags/example_params_ui_tutorial.py
[2026-06-05T13:53:32.159+0000] {processor.py:925} INFO - DAG(s) 'example_params_ui_tutorial' retrieved from /home/airflow/.local/lib/python3.12/site-packages/airflow/example_dags/example_params_ui_tutorial.py
[2026-06-05T13:53:32.745+0000] {logging_mixin.py:190} INFO - [2026-06-05T13:53:32.744+0000] {dag.py:3239} INFO - Sync 1 DAGs
[2026-06-05T13:53:32.877+0000] {logging_mixin.py:190} INFO - [2026-06-05T13:53:32.876+0000] {dag.py:4180} INFO - Setting next_dagrun for example_params_ui_tutorial to None, run_after=None
[2026-06-05T13:53:33.051+0000] {processor.py:208} INFO - Processing /home/airflow/.local/lib/python3.12/site-packages/airflow/example_dags/example_params_ui_tutorial.py took 1.522 seconds
[2026-06-05T13:54:03.560+0000] {processor.py:186} INFO - Started process (PID=305) to work on /home/airflow/.local/lib/python3.12/site-packages/airflow/example_dags/example_params_ui_tutorial.py
[2026-06-05T13:54:03.562+0000] {processor.py:914} INFO - Processing file /home/airflow/.local/lib/python3.12/site-packages/airflow/example_dags/example_params_ui_tutorial.py for tasks to queue
[2026-06-05T13:54:03.569+0000] {logging_mixin.py:190} INFO - [2026-06-05T13:54:03.568+0000] {dagbag.py:588} INFO - Filling up the DagBag from /home/airflow/.local/lib/python3.12/site-packages/airflow/example_dags/example_params_ui_tutorial.py
[2026-06-05T13:54:03.592+0000] {processor.py:925} INFO - DAG(s) 'example_params_ui_tutorial' retrieved from /home/airflow/.local/lib/python3.12/site-packages/airflow/example_dags/example_params_ui_tutorial.py
[2026-06-05T13:54:03.763+0000] {logging_mixin.py:190} INFO - [2026-06-05T13:54:03.762+0000] {dag.py:3239} INFO - Sync 1 DAGs
[2026-06-05T13:54:03.818+0000] {logging_mixin.py:190} INFO - [2026-06-05T13:54:03.818+0000] {dag.py:4180} INFO - Setting next_dagrun for example_params_ui_tutorial to None, run_after=None
[2026-06-05T13:54:03.888+0000] {processor.py:208} INFO - Processing /home/airflow/.local/lib/python3.12/site-packages/airflow/example_dags/example_params_ui_tutorial.py took 0.342 seconds
[2026-06-05T13:54:34.602+0000] {processor.py:186} INFO - Started process (PID=367) to work on /home/airflow/.local/lib/python3.12/site-packages/airflow/example_dags/example_params_ui_tutorial.py
[2026-06-05T13:54:34.606+0000] {processor.py:914} INFO - Processing file /home/airflow/.local/lib/python3.12/site-packages/airflow/example_dags/example_params_ui_tutorial.py for tasks to queue
[2026-06-05T13:54:34.613+0000] {logging_mixin.py:190} INFO - [2026-06-05T13:54:34.613+0000] {dagbag.py:588} INFO - Filling up the DagBag from /home/airflow/.local/lib/python3.12/site-packages/airflow/example_dags/example_params_ui_tutorial.py
[2026-06-05T13:54:34.638+0000] {processor.py:925} INFO - DAG(s) 'example_params_ui_tutorial' retrieved from /home/airflow/.local/lib/python3.12/site-packages/airflow/example_dags/example_params_ui_tutorial.py
[2026-06-05T13:54:34.787+0000] {logging_mixin.py:190} INFO - [2026-06-05T13:54:34.786+0000] {dag.py:3239} INFO - Sync 1 DAGs
[2026-06-05T13:54:34.830+0000] {logging_mixin.py:190} INFO - [2026-06-05T13:54:34.830+0000] {dag.py:4180} INFO - Setting next_dagrun for example_params_ui_tutorial to None, run_after=None
[2026-06-05T13:54:34.937+0000] {processor.py:208} INFO - Processing /home/airflow/.local/lib/python3.12/site-packages/airflow/example_dags/example_params_ui_tutorial.py took 0.355 seconds
[2026-06-05T13:55:06.596+0000] {processor.py:186} INFO - Started process (PID=429) to work on /home/airflow/.local/lib/python3.12/site-packages/airflow/example_dags/example_params_ui_tutorial.py
[2026-06-05T13:55:06.601+0000] {processor.py:914} INFO - Processing file /home/airflow/.local/lib/python3.12/site-packages/airflow/example_dags/example_params_ui_tutorial.py for tasks to queue
[2026-06-05T13:55:06.612+0000] {logging_mixin.py:190} INFO - [2026-06-05T13:55:06.611+0000] {dagbag.py:588} INFO - Filling up the DagBag from /home/airflow/.local/lib/python3.12/site-packages/airflow/example_dags/example_params_ui_tutorial.py
[2026-06-05T13:55:06.644+0000] {processor.py:925} INFO - DAG(s) 'example_params_ui_tutorial' retrieved from /home/airflow/.local/lib/python3.12/site-packages/airflow/example_dags/example_params_ui_tutorial.py
[2026-06-05T13:55:06.878+0000] {logging_mixin.py:190} INFO - [2026-06-05T13:55:06.877+0000] {dag.py:3239} INFO - Sync 1 DAGs
[2026-06-05T13:55:06.958+0000] {logging_mixin.py:190} INFO - [2026-06-05T13:55:06.958+0000] {dag.py:4180} INFO - Setting next_dagrun for example_params_ui_tutorial to None, run_after=None
[2026-06-05T13:55:07.027+0000] {processor.py:208} INFO - Processing /home/airflow/.local/lib/python3.12/site-packages/airflow/example_dags/example_params_ui_tutorial.py took 0.449 seconds
[2026-06-05T13:55:37.728+0000] {processor.py:186} INFO - Started process (PID=491) to work on /home/airflow/.local/lib/python3.12/site-packages/airflow/example_dags/example_params_ui_tutorial.py
[2026-06-05T13:55:37.731+0000] {processor.py:914} INFO - Processing file /home/airflow/.local/lib/python3.12/site-packages/airflow/example_dags/example_params_ui_tutorial.py for tasks to queue
[2026-06-05T13:55:37.736+0000] {logging_mixin.py:190} INFO - [2026-06-05T13:55:37.736+0000] {dagbag.py:588} INFO - Filling up the DagBag from /home/airflow/.local/lib/python3.12/site-packages/airflow/example_dags/example_params_ui_tutorial.py
[2026-06-05T13:55:37.757+0000] {processor.py:925} INFO - DAG(s) 'example_params_ui_tutorial' retrieved from /home/airflow/.local/lib/python3.12/site-packages/airflow/example_dags/example_params_ui_tutorial.py
[2026-06-05T13:55:37.844+0000] {logging_mixin.py:190} INFO - [2026-06-05T13:55:37.844+0000] {dag.py:3239} INFO - Sync 1 DAGs
[2026-06-05T13:55:37.874+0000] {logging_mixin.py:190} INFO - [2026-06-05T13:55:37.873+0000] {dag.py:4180} INFO - Setting next_dagrun for example_params_ui_tutorial to None, run_after=None
[2026-06-05T13:55:37.915+0000] {processor.py:208} INFO - Processing /home/airflow/.local/lib/python3.12/site-packages/airflow/example_dags/example_params_ui_tutorial.py took 0.201 seconds
[2026-06-05T13:56:09.910+0000] {processor.py:186} INFO - Started process (PID=554) to work on /home/airflow/.local/lib/python3.12/site-packages/airflow/example_dags/example_params_ui_tutorial.py
[2026-06-05T13:56:09.914+0000] {processor.py:914} INFO - Processing file /home/airflow/.local/lib/python3.12/site-packages/airflow/example_dags/example_params_ui_tutorial.py for tasks to queue
[2026-06-05T13:56:09.923+0000] {logging_mixin.py:190} INFO - [2026-06-05T13:56:09.922+0000] {dagbag.py:588} INFO - Filling up the DagBag from /home/airflow/.local/lib/python3.12/site-packages/airflow/example_dags/example_params_ui_tutorial.py
[2026-06-05T13:56:09.962+0000] {processor.py:925} INFO - DAG(s) 'example_params_ui_tutorial' retrieved from /home/airflow/.local/lib/python3.12/site-packages/airflow/example_dags/example_params_ui_tutorial.py
[2026-06-05T13:56:10.160+0000] {logging_mixin.py:190} INFO - [2026-06-05T13:56:10.159+0000] {dag.py:3239} INFO - Sync 1 DAGs
[2026-06-05T13:56:10.228+0000] {logging_mixin.py:190} INFO - [2026-06-05T13:56:10.227+0000] {dag.py:4180} INFO - Setting next_dagrun for example_params_ui_tutorial to None, run_after=None
[2026-06-05T13:56:10.343+0000] {processor.py:208} INFO - Processing /home/airflow/.local/lib/python3.12/site-packages/airflow/example_dags/example_params_ui_tutorial.py took 0.463 seconds
[2026-06-05T13:56:42.160+0000] {processor.py:186} INFO - Started process (PID=617) to work on /home/airflow/.local/lib/python3.12/site-packages/airflow/example_dags/example_params_ui_tutorial.py
[2026-06-05T13:56:42.178+0000] {processor.py:914} INFO - Processing file /home/airflow/.local/lib/python3.12/site-packages/airflow/example_dags/example_params_ui_tutorial.py for tasks to queue
[2026-06-05T13:56:42.204+0000] {logging_mixin.py:190} INFO - [2026-06-05T13:56:42.203+0000] {dagbag.py:588} INFO - Filling up the DagBag from /home/airflow/.local/lib/python3.12/site-packages/airflow/example_dags/example_params_ui_tutorial.py
[2026-06-05T13:56:42.316+0000] {processor.py:925} INFO - DAG(s) 'example_params_ui_tutorial' retrieved from /home/airflow/.local/lib/python3.12/site-packages/airflow/example_dags/example_params_ui_tutorial.py
[2026-06-05T13:56:42.592+0000] {logging_mixin.py:190} INFO - [2026-06-05T13:56:42.591+0000] {dag.py:3239} INFO - Sync 1 DAGs
[2026-06-05T13:56:42.663+0000] {logging_mixin.py:190} INFO - [2026-06-05T13:56:42.663+0000] {dag.py:4180} INFO - Setting next_dagrun for example_params_ui_tutorial to None, run_after=None
[2026-06-05T13:56:42.759+0000] {processor.py:208} INFO - Processing /home/airflow/.local/lib/python3.12/site-packages/airflow/example_dags/example_params_ui_tutorial.py took 0.662 seconds
[2026-06-05T13:57:13.194+0000] {processor.py:186} INFO - Started process (PID=679) to work on /home/airflow/.local/lib/python3.12/site-packages/airflow/example_dags/example_params_ui_tutorial.py
[2026-06-05T13:57:13.196+0000] {processor.py:914} INFO - Processing file /home/airflow/.local/lib/python3.12/site-packages/airflow/example_dags/example_params_ui_tutorial.py for tasks to queue
[2026-06-05T13:57:13.200+0000] {logging_mixin.py:190} INFO - [2026-06-05T13:57:13.200+0000] {dagbag.py:588} INFO - Filling up the DagBag from /home/airflow/.local/lib/python3.12/site-packages/airflow/example_dags/example_params_ui_tutorial.py
[2026-06-05T13:57:13.221+0000] {processor.py:925} INFO - DAG(s) 'example_params_ui_tutorial' retrieved from /home/airflow/.local/lib/python3.12/site-packages/airflow/example_dags/example_params_ui_tutorial.py
[2026-06-05T13:57:13.307+0000] {logging_mixin.py:190} INFO - [2026-06-05T13:57:13.306+0000] {dag.py:3239} INFO - Sync 1 DAGs
[2026-06-05T13:57:13.334+0000] {logging_mixin.py:190} INFO - [2026-06-05T13:57:13.334+0000] {dag.py:4180} INFO - Setting next_dagrun for example_params_ui_tutorial to None, run_after=None
[2026-06-05T13:57:13.376+0000] {processor.py:208} INFO - Processing /home/airflow/.local/lib/python3.12/site-packages/airflow/example_dags/example_params_ui_tutorial.py took 0.194 seconds
[2026-06-05T13:57:43.584+0000] {processor.py:186} INFO - Started process (PID=741) to work on /home/airflow/.local/lib/python3.12/site-packages/airflow/example_dags/example_params_ui_tutorial.py
[2026-06-05T13:57:43.590+0000] {processor.py:914} INFO - Processing file /home/airflow/.local/lib/python3.12/site-packages/airflow/example_dags/example_params_ui_tutorial.py for tasks to queue
[2026-06-05T13:57:43.606+0000] {logging_mixin.py:190} INFO - [2026-06-05T13:57:43.601+0000] {dagbag.py:588} INFO - Filling up the DagBag from /home/airflow/.local/lib/python3.12/site-packages/airflow/example_dags/example_params_ui_tutorial.py
[2026-06-05T13:57:43.674+0000] {processor.py:925} INFO - DAG(s) 'example_params_ui_tutorial' retrieved from /home/airflow/.local/lib/python3.12/site-packages/airflow/example_dags/example_params_ui_tutorial.py
[2026-06-05T13:57:43.851+0000] {logging_mixin.py:190} INFO - [2026-06-05T13:57:43.851+0000] {dag.py:3239} INFO - Sync 1 DAGs
[2026-06-05T13:57:43.920+0000] {logging_mixin.py:190} INFO - [2026-06-05T13:57:43.919+0000] {dag.py:4180} INFO - Setting next_dagrun for example_params_ui_tutorial to None, run_after=None
[2026-06-05T13:57:44.082+0000] {processor.py:208} INFO - Processing /home/airflow/.local/lib/python3.12/site-packages/airflow/example_dags/example_params_ui_tutorial.py took 0.524 seconds
[2026-06-05T13:58:17.226+0000] {processor.py:186} INFO - Started process (PID=803) to work on /home/airflow/.local/lib/python3.12/site-packages/airflow/example_dags/example_params_ui_tutorial.py
[2026-06-05T13:58:17.233+0000] {processor.py:914} INFO - Processing file /home/airflow/.local/lib/python3.12/site-packages/airflow/example_dags/example_params_ui_tutorial.py for tasks to queue
[2026-06-05T13:58:17.246+0000] {logging_mixin.py:190} INFO - [2026-06-05T13:58:17.244+0000] {dagbag.py:588} INFO - Filling up the DagBag from /home/airflow/.local/lib/python3.12/site-packages/airflow/example_dags/example_params_ui_tutorial.py
[2026-06-05T13:58:17.285+0000] {processor.py:925} INFO - DAG(s) 'example_params_ui_tutorial' retrieved from /home/airflow/.local/lib/python3.12/site-packages/airflow/example_dags/example_params_ui_tutorial.py
[2026-06-05T13:58:17.555+0000] {logging_mixin.py:190} INFO - [2026-06-05T13:58:17.554+0000] {dag.py:3239} INFO - Sync 1 DAGs
[2026-06-05T13:58:17.613+0000] {logging_mixin.py:190} INFO - [2026-06-05T13:58:17.613+0000] {dag.py:4180} INFO - Setting next_dagrun for example_params_ui_tutorial to None, run_after=None
[2026-06-05T13:58:17.684+0000] {processor.py:208} INFO - Processing /home/airflow/.local/lib/python3.12/site-packages/airflow/example_dags/example_params_ui_tutorial.py took 0.494 seconds
[2026-06-05T13:58:50.787+0000] {processor.py:186} INFO - Started process (PID=872) to work on /home/airflow/.local/lib/python3.12/site-packages/airflow/example_dags/example_params_ui_tutorial.py
[2026-06-05T13:58:50.812+0000] {processor.py:914} INFO - Processing file /home/airflow/.local/lib/python3.12/site-packages/airflow/example_dags/example_params_ui_tutorial.py for tasks to queue
[2026-06-05T13:58:50.831+0000] {logging_mixin.py:190} INFO - [2026-06-05T13:58:50.830+0000] {dagbag.py:588} INFO - Filling up the DagBag from /home/airflow/.local/lib/python3.12/site-packages/airflow/example_dags/example_params_ui_tutorial.py
[2026-06-05T13:58:50.924+0000] {processor.py:925} INFO - DAG(s) 'example_params_ui_tutorial' retrieved from /home/airflow/.local/lib/python3.12/site-packages/airflow/example_dags/example_params_ui_tutorial.py
[2026-06-05T13:58:51.255+0000] {logging_mixin.py:190} INFO - [2026-06-05T13:58:51.254+0000] {dag.py:3239} INFO - Sync 1 DAGs
[2026-06-05T13:58:51.349+0000] {logging_mixin.py:190} INFO - [2026-06-05T13:58:51.349+0000] {dag.py:4180} INFO - Setting next_dagrun for example_params_ui_tutorial to None, run_after=None
[2026-06-05T13:58:51.491+0000] {processor.py:208} INFO - Processing /home/airflow/.local/lib/python3.12/site-packages/airflow/example_dags/example_params_ui_tutorial.py took 0.754 seconds
[2026-06-05T13:59:22.147+0000] {processor.py:186} INFO - Started process (PID=934) to work on /home/airflow/.local/lib/python3.12/site-packages/airflow/example_dags/example_params_ui_tutorial.py
[2026-06-05T13:59:22.169+0000] {processor.py:914} INFO - Processing file /home/airflow/.local/lib/python3.12/site-packages/airflow/example_dags/example_params_ui_tutorial.py for tasks to queue
[2026-06-05T13:59:22.185+0000] {logging_mixin.py:190} INFO - [2026-06-05T13:59:22.184+0000] {dagbag.py:588} INFO - Filling up the DagBag from /home/airflow/.local/lib/python3.12/site-packages/airflow/example_dags/example_params_ui_tutorial.py
[2026-06-05T13:59:22.239+0000] {processor.py:925} INFO - DAG(s) 'example_params_ui_tutorial' retrieved from /home/airflow/.local/lib/python3.12/site-packages/airflow/example_dags/example_params_ui_tutorial.py
[2026-06-05T13:59:22.436+0000] {logging_mixin.py:190} INFO - [2026-06-05T13:59:22.435+0000] {dag.py:3239} INFO - Sync 1 DAGs
[2026-06-05T13:59:22.482+0000] {logging_mixin.py:190} INFO - [2026-06-05T13:59:22.480+0000] {dag.py:4180} INFO - Setting next_dagrun for example_params_ui_tutorial to None, run_after=None
[2026-06-05T13:59:22.547+0000] {processor.py:208} INFO - Processing /home/airflow/.local/lib/python3.12/site-packages/airflow/example_dags/example_params_ui_tutorial.py took 0.453 seconds
