[2026-06-05T13:52:04.988+0000] {processor.py:186} INFO - Started process (PID=95) to work on /home/airflow/.local/lib/python3.12/site-packages/airflow/example_dags/example_params_trigger_ui.py
[2026-06-05T13:52:04.994+0000] {processor.py:914} INFO - Processing file /home/airflow/.local/lib/python3.12/site-packages/airflow/example_dags/example_params_trigger_ui.py for tasks to queue
[2026-06-05T13:52:05.009+0000] {logging_mixin.py:190} INFO - [2026-06-05T13:52:05.008+0000] {dagbag.py:588} INFO - Filling up the DagBag from /home/airflow/.local/lib/python3.12/site-packages/airflow/example_dags/example_params_trigger_ui.py
[2026-06-05T13:52:05.103+0000] {processor.py:925} INFO - DAG(s) 'example_params_trigger_ui' retrieved from /home/airflow/.local/lib/python3.12/site-packages/airflow/example_dags/example_params_trigger_ui.py
[2026-06-05T13:52:06.622+0000] {logging_mixin.py:190} INFO - [2026-06-05T13:52:06.614+0000] {override.py:1900} INFO - Created Permission View: can delete on DAG:example_params_trigger_ui
[2026-06-05T13:52:06.691+0000] {logging_mixin.py:190} INFO - [2026-06-05T13:52:06.690+0000] {override.py:1900} INFO - Created Permission View: can read on DAG:example_params_trigger_ui
[2026-06-05T13:52:06.735+0000] {logging_mixin.py:190} INFO - [2026-06-05T13:52:06.734+0000] {override.py:1900} INFO - Created Permission View: can edit on DAG:example_params_trigger_ui
[2026-06-05T13:52:06.785+0000] {logging_mixin.py:190} INFO - [2026-06-05T13:52:06.784+0000] {override.py:1900} INFO - Created Permission View: menu access on DAG Run:example_params_trigger_ui
[2026-06-05T13:52:06.856+0000] {logging_mixin.py:190} INFO - [2026-06-05T13:52:06.855+0000] {override.py:1900} INFO - Created Permission View: can delete on DAG Run:example_params_trigger_ui
[2026-06-05T13:52:06.911+0000] {logging_mixin.py:190} INFO - [2026-06-05T13:52:06.910+0000] {override.py:1900} INFO - Created Permission View: can read on DAG Run:example_params_trigger_ui
[2026-06-05T13:52:06.980+0000] {logging_mixin.py:190} INFO - [2026-06-05T13:52:06.979+0000] {override.py:1900} INFO - Created Permission View: can create on DAG Run:example_params_trigger_ui
[2026-06-05T13:52:06.999+0000] {logging_mixin.py:190} INFO - [2026-06-05T13:52:06.998+0000] {dag.py:3239} INFO - Sync 1 DAGs
[2026-06-05T13:52:07.110+0000] {logging_mixin.py:190} INFO - [2026-06-05T13:52:07.109+0000] {dag.py:3262} INFO - Creating ORM DAG for example_params_trigger_ui
[2026-06-05T13:52:07.119+0000] {logging_mixin.py:190} INFO - [2026-06-05T13:52:07.118+0000] {dag.py:4180} INFO - Setting next_dagrun for example_params_trigger_ui to None, run_after=None
[2026-06-05T13:52:07.267+0000] {processor.py:208} INFO - Processing /home/airflow/.local/lib/python3.12/site-packages/airflow/example_dags/example_params_trigger_ui.py took 2.331 seconds
[2026-06-05T13:52:51.926+0000] {processor.py:186} INFO - Started process (PID=162) to work on /home/airflow/.local/lib/python3.12/site-packages/airflow/example_dags/example_params_trigger_ui.py
[2026-06-05T13:52:51.943+0000] {processor.py:914} INFO - Processing file /home/airflow/.local/lib/python3.12/site-packages/airflow/example_dags/example_params_trigger_ui.py for tasks to queue
[2026-06-05T13:52:51.987+0000] {logging_mixin.py:190} INFO - [2026-06-05T13:52:51.985+0000] {dagbag.py:588} INFO - Filling up the DagBag from /home/airflow/.local/lib/python3.12/site-packages/airflow/example_dags/example_params_trigger_ui.py
[2026-06-05T13:52:52.136+0000] {processor.py:925} INFO - DAG(s) 'example_params_trigger_ui' retrieved from /home/airflow/.local/lib/python3.12/site-packages/airflow/example_dags/example_params_trigger_ui.py
[2026-06-05T13:52:52.415+0000] {logging_mixin.py:190} INFO - [2026-06-05T13:52:52.414+0000] {dag.py:3239} INFO - Sync 1 DAGs
[2026-06-05T13:52:52.598+0000] {logging_mixin.py:190} INFO - [2026-06-05T13:52:52.597+0000] {dag.py:4180} INFO - Setting next_dagrun for example_params_trigger_ui to None, run_after=None
[2026-06-05T13:52:52.763+0000] {processor.py:208} INFO - Processing /home/airflow/.local/lib/python3.12/site-packages/airflow/example_dags/example_params_trigger_ui.py took 0.938 seconds
[2026-06-05T13:53:23.099+0000] {processor.py:186} INFO - Started process (PID=224) to work on /home/airflow/.local/lib/python3.12/site-packages/airflow/example_dags/example_params_trigger_ui.py
[2026-06-05T13:53:23.103+0000] {processor.py:914} INFO - Processing file /home/airflow/.local/lib/python3.12/site-packages/airflow/example_dags/example_params_trigger_ui.py for tasks to queue
[2026-06-05T13:53:23.110+0000] {logging_mixin.py:190} INFO - [2026-06-05T13:53:23.109+0000] {dagbag.py:588} INFO - Filling up the DagBag from /home/airflow/.local/lib/python3.12/site-packages/airflow/example_dags/example_params_trigger_ui.py
[2026-06-05T13:53:23.142+0000] {processor.py:925} INFO - DAG(s) 'example_params_trigger_ui' retrieved from /home/airflow/.local/lib/python3.12/site-packages/airflow/example_dags/example_params_trigger_ui.py
[2026-06-05T13:53:23.258+0000] {logging_mixin.py:190} INFO - [2026-06-05T13:53:23.257+0000] {dag.py:3239} INFO - Sync 1 DAGs
[2026-06-05T13:53:23.300+0000] {logging_mixin.py:190} INFO - [2026-06-05T13:53:23.299+0000] {dag.py:4180} INFO - Setting next_dagrun for example_params_trigger_ui to None, run_after=None
[2026-06-05T13:53:23.355+0000] {processor.py:208} INFO - Processing /home/airflow/.local/lib/python3.12/site-packages/airflow/example_dags/example_params_trigger_ui.py took 0.274 seconds
[2026-06-05T13:53:53.738+0000] {processor.py:186} INFO - Started process (PID=286) to work on /home/airflow/.local/lib/python3.12/site-packages/airflow/example_dags/example_params_trigger_ui.py
[2026-06-05T13:53:53.740+0000] {processor.py:914} INFO - Processing file /home/airflow/.local/lib/python3.12/site-packages/airflow/example_dags/example_params_trigger_ui.py for tasks to queue
[2026-06-05T13:53:53.745+0000] {logging_mixin.py:190} INFO - [2026-06-05T13:53:53.744+0000] {dagbag.py:588} INFO - Filling up the DagBag from /home/airflow/.local/lib/python3.12/site-packages/airflow/example_dags/example_params_trigger_ui.py
[2026-06-05T13:53:53.768+0000] {processor.py:925} INFO - DAG(s) 'example_params_trigger_ui' retrieved from /home/airflow/.local/lib/python3.12/site-packages/airflow/example_dags/example_params_trigger_ui.py
[2026-06-05T13:53:53.857+0000] {logging_mixin.py:190} INFO - [2026-06-05T13:53:53.856+0000] {dag.py:3239} INFO - Sync 1 DAGs
[2026-06-05T13:53:53.885+0000] {logging_mixin.py:190} INFO - [2026-06-05T13:53:53.884+0000] {dag.py:4180} INFO - Setting next_dagrun for example_params_trigger_ui to None, run_after=None
[2026-06-05T13:53:53.943+0000] {processor.py:208} INFO - Processing /home/airflow/.local/lib/python3.12/site-packages/airflow/example_dags/example_params_trigger_ui.py took 0.218 seconds
[2026-06-05T13:54:24.279+0000] {processor.py:186} INFO - Started process (PID=348) to work on /home/airflow/.local/lib/python3.12/site-packages/airflow/example_dags/example_params_trigger_ui.py
[2026-06-05T13:54:24.282+0000] {processor.py:914} INFO - Processing file /home/airflow/.local/lib/python3.12/site-packages/airflow/example_dags/example_params_trigger_ui.py for tasks to queue
[2026-06-05T13:54:24.291+0000] {logging_mixin.py:190} INFO - [2026-06-05T13:54:24.290+0000] {dagbag.py:588} INFO - Filling up the DagBag from /home/airflow/.local/lib/python3.12/site-packages/airflow/example_dags/example_params_trigger_ui.py
[2026-06-05T13:54:24.329+0000] {processor.py:925} INFO - DAG(s) 'example_params_trigger_ui' retrieved from /home/airflow/.local/lib/python3.12/site-packages/airflow/example_dags/example_params_trigger_ui.py
[2026-06-05T13:54:24.457+0000] {logging_mixin.py:190} INFO - [2026-06-05T13:54:24.456+0000] {dag.py:3239} INFO - Sync 1 DAGs
[2026-06-05T13:54:24.494+0000] {logging_mixin.py:190} INFO - [2026-06-05T13:54:24.494+0000] {dag.py:4180} INFO - Setting next_dagrun for example_params_trigger_ui to None, run_after=None
[2026-06-05T13:54:24.560+0000] {processor.py:208} INFO - Processing /home/airflow/.local/lib/python3.12/site-packages/airflow/example_dags/example_params_trigger_ui.py took 0.294 seconds
[2026-06-05T13:55:00.682+0000] {processor.py:186} INFO - Started process (PID=406) to work on /home/airflow/.local/lib/python3.12/site-packages/airflow/example_dags/example_params_trigger_ui.py
[2026-06-05T13:55:00.698+0000] {processor.py:914} INFO - Processing file /home/airflow/.local/lib/python3.12/site-packages/airflow/example_dags/example_params_trigger_ui.py for tasks to queue
[2026-06-05T13:55:00.720+0000] {logging_mixin.py:190} INFO - [2026-06-05T13:55:00.719+0000] {dagbag.py:588} INFO - Filling up the DagBag from /home/airflow/.local/lib/python3.12/site-packages/airflow/example_dags/example_params_trigger_ui.py
[2026-06-05T13:55:01.186+0000] {processor.py:925} INFO - DAG(s) 'example_params_trigger_ui' retrieved from /home/airflow/.local/lib/python3.12/site-packages/airflow/example_dags/example_params_trigger_ui.py
[2026-06-05T13:55:01.762+0000] {logging_mixin.py:190} INFO - [2026-06-05T13:55:01.761+0000] {dag.py:3239} INFO - Sync 1 DAGs
[2026-06-05T13:55:01.928+0000] {logging_mixin.py:190} INFO - [2026-06-05T13:55:01.927+0000] {dag.py:4180} INFO - Setting next_dagrun for example_params_trigger_ui to None, run_after=None
[2026-06-05T13:55:02.052+0000] {processor.py:208} INFO - Processing /home/airflow/.local/lib/python3.12/site-packages/airflow/example_dags/example_params_trigger_ui.py took 1.446 seconds
[2026-06-05T13:55:32.668+0000] {processor.py:186} INFO - Started process (PID=468) to work on /home/airflow/.local/lib/python3.12/site-packages/airflow/example_dags/example_params_trigger_ui.py
[2026-06-05T13:55:32.670+0000] {processor.py:914} INFO - Processing file /home/airflow/.local/lib/python3.12/site-packages/airflow/example_dags/example_params_trigger_ui.py for tasks to queue
[2026-06-05T13:55:32.678+0000] {logging_mixin.py:190} INFO - [2026-06-05T13:55:32.677+0000] {dagbag.py:588} INFO - Filling up the DagBag from /home/airflow/.local/lib/python3.12/site-packages/airflow/example_dags/example_params_trigger_ui.py
[2026-06-05T13:55:32.698+0000] {processor.py:925} INFO - DAG(s) 'example_params_trigger_ui' retrieved from /home/airflow/.local/lib/python3.12/site-packages/airflow/example_dags/example_params_trigger_ui.py
[2026-06-05T13:55:32.794+0000] {logging_mixin.py:190} INFO - [2026-06-05T13:55:32.794+0000] {dag.py:3239} INFO - Sync 1 DAGs
[2026-06-05T13:55:32.819+0000] {logging_mixin.py:190} INFO - [2026-06-05T13:55:32.819+0000] {dag.py:4180} INFO - Setting next_dagrun for example_params_trigger_ui to None, run_after=None
[2026-06-05T13:55:32.860+0000] {processor.py:208} INFO - Processing /home/airflow/.local/lib/python3.12/site-packages/airflow/example_dags/example_params_trigger_ui.py took 0.207 seconds
[2026-06-05T13:56:03.638+0000] {processor.py:186} INFO - Started process (PID=531) to work on /home/airflow/.local/lib/python3.12/site-packages/airflow/example_dags/example_params_trigger_ui.py
[2026-06-05T13:56:03.645+0000] {processor.py:914} INFO - Processing file /home/airflow/.local/lib/python3.12/site-packages/airflow/example_dags/example_params_trigger_ui.py for tasks to queue
[2026-06-05T13:56:03.658+0000] {logging_mixin.py:190} INFO - [2026-06-05T13:56:03.656+0000] {dagbag.py:588} INFO - Filling up the DagBag from /home/airflow/.local/lib/python3.12/site-packages/airflow/example_dags/example_params_trigger_ui.py
[2026-06-05T13:56:03.765+0000] {processor.py:925} INFO - DAG(s) 'example_params_trigger_ui' retrieved from /home/airflow/.local/lib/python3.12/site-packages/airflow/example_dags/example_params_trigger_ui.py
[2026-06-05T13:56:04.006+0000] {logging_mixin.py:190} INFO - [2026-06-05T13:56:04.006+0000] {dag.py:3239} INFO - Sync 1 DAGs
[2026-06-05T13:56:04.072+0000] {logging_mixin.py:190} INFO - [2026-06-05T13:56:04.072+0000] {dag.py:4180} INFO - Setting next_dagrun for example_params_trigger_ui to None, run_after=None
[2026-06-05T13:56:04.137+0000] {processor.py:208} INFO - Processing /home/airflow/.local/lib/python3.12/site-packages/airflow/example_dags/example_params_trigger_ui.py took 0.573 seconds
[2026-06-05T13:56:34.419+0000] {processor.py:186} INFO - Started process (PID=594) to work on /home/airflow/.local/lib/python3.12/site-packages/airflow/example_dags/example_params_trigger_ui.py
[2026-06-05T13:56:34.423+0000] {processor.py:914} INFO - Processing file /home/airflow/.local/lib/python3.12/site-packages/airflow/example_dags/example_params_trigger_ui.py for tasks to queue
[2026-06-05T13:56:34.436+0000] {logging_mixin.py:190} INFO - [2026-06-05T13:56:34.435+0000] {dagbag.py:588} INFO - Filling up the DagBag from /home/airflow/.local/lib/python3.12/site-packages/airflow/example_dags/example_params_trigger_ui.py
[2026-06-05T13:56:34.481+0000] {processor.py:925} INFO - DAG(s) 'example_params_trigger_ui' retrieved from /home/airflow/.local/lib/python3.12/site-packages/airflow/example_dags/example_params_trigger_ui.py
[2026-06-05T13:56:34.604+0000] {logging_mixin.py:190} INFO - [2026-06-05T13:56:34.603+0000] {dag.py:3239} INFO - Sync 1 DAGs
[2026-06-05T13:56:34.648+0000] {logging_mixin.py:190} INFO - [2026-06-05T13:56:34.648+0000] {dag.py:4180} INFO - Setting next_dagrun for example_params_trigger_ui to None, run_after=None
[2026-06-05T13:56:34.703+0000] {processor.py:208} INFO - Processing /home/airflow/.local/lib/python3.12/site-packages/airflow/example_dags/example_params_trigger_ui.py took 0.312 seconds
[2026-06-05T13:57:05.112+0000] {processor.py:186} INFO - Started process (PID=656) to work on /home/airflow/.local/lib/python3.12/site-packages/airflow/example_dags/example_params_trigger_ui.py
[2026-06-05T13:57:05.117+0000] {processor.py:914} INFO - Processing file /home/airflow/.local/lib/python3.12/site-packages/airflow/example_dags/example_params_trigger_ui.py for tasks to queue
[2026-06-05T13:57:05.128+0000] {logging_mixin.py:190} INFO - [2026-06-05T13:57:05.127+0000] {dagbag.py:588} INFO - Filling up the DagBag from /home/airflow/.local/lib/python3.12/site-packages/airflow/example_dags/example_params_trigger_ui.py
[2026-06-05T13:57:05.170+0000] {processor.py:925} INFO - DAG(s) 'example_params_trigger_ui' retrieved from /home/airflow/.local/lib/python3.12/site-packages/airflow/example_dags/example_params_trigger_ui.py
[2026-06-05T13:57:05.306+0000] {logging_mixin.py:190} INFO - [2026-06-05T13:57:05.305+0000] {dag.py:3239} INFO - Sync 1 DAGs
[2026-06-05T13:57:05.364+0000] {logging_mixin.py:190} INFO - [2026-06-05T13:57:05.363+0000] {dag.py:4180} INFO - Setting next_dagrun for example_params_trigger_ui to None, run_after=None
[2026-06-05T13:57:05.430+0000] {processor.py:208} INFO - Processing /home/airflow/.local/lib/python3.12/site-packages/airflow/example_dags/example_params_trigger_ui.py took 0.341 seconds
[2026-06-05T13:57:35.980+0000] {processor.py:186} INFO - Started process (PID=718) to work on /home/airflow/.local/lib/python3.12/site-packages/airflow/example_dags/example_params_trigger_ui.py
[2026-06-05T13:57:35.997+0000] {processor.py:914} INFO - Processing file /home/airflow/.local/lib/python3.12/site-packages/airflow/example_dags/example_params_trigger_ui.py for tasks to queue
[2026-06-05T13:57:36.007+0000] {logging_mixin.py:190} INFO - [2026-06-05T13:57:36.006+0000] {dagbag.py:588} INFO - Filling up the DagBag from /home/airflow/.local/lib/python3.12/site-packages/airflow/example_dags/example_params_trigger_ui.py
[2026-06-05T13:57:36.074+0000] {processor.py:925} INFO - DAG(s) 'example_params_trigger_ui' retrieved from /home/airflow/.local/lib/python3.12/site-packages/airflow/example_dags/example_params_trigger_ui.py
[2026-06-05T13:57:36.457+0000] {logging_mixin.py:190} INFO - [2026-06-05T13:57:36.456+0000] {dag.py:3239} INFO - Sync 1 DAGs
[2026-06-05T13:57:36.583+0000] {logging_mixin.py:190} INFO - [2026-06-05T13:57:36.582+0000] {dag.py:4180} INFO - Setting next_dagrun for example_params_trigger_ui to None, run_after=None
[2026-06-05T13:57:36.707+0000] {processor.py:208} INFO - Processing /home/airflow/.local/lib/python3.12/site-packages/airflow/example_dags/example_params_trigger_ui.py took 0.757 seconds
[2026-06-05T13:58:07.407+0000] {processor.py:186} INFO - Started process (PID=780) to work on /home/airflow/.local/lib/python3.12/site-packages/airflow/example_dags/example_params_trigger_ui.py
[2026-06-05T13:58:07.413+0000] {processor.py:914} INFO - Processing file /home/airflow/.local/lib/python3.12/site-packages/airflow/example_dags/example_params_trigger_ui.py for tasks to queue
[2026-06-05T13:58:07.424+0000] {logging_mixin.py:190} INFO - [2026-06-05T13:58:07.420+0000] {dagbag.py:588} INFO - Filling up the DagBag from /home/airflow/.local/lib/python3.12/site-packages/airflow/example_dags/example_params_trigger_ui.py
[2026-06-05T13:58:07.470+0000] {processor.py:925} INFO - DAG(s) 'example_params_trigger_ui' retrieved from /home/airflow/.local/lib/python3.12/site-packages/airflow/example_dags/example_params_trigger_ui.py
[2026-06-05T13:58:07.708+0000] {logging_mixin.py:190} INFO - [2026-06-05T13:58:07.707+0000] {dag.py:3239} INFO - Sync 1 DAGs
[2026-06-05T13:58:07.816+0000] {logging_mixin.py:190} INFO - [2026-06-05T13:58:07.815+0000] {dag.py:4180} INFO - Setting next_dagrun for example_params_trigger_ui to None, run_after=None
[2026-06-05T13:58:07.976+0000] {processor.py:208} INFO - Processing /home/airflow/.local/lib/python3.12/site-packages/airflow/example_dags/example_params_trigger_ui.py took 0.591 seconds
[2026-06-05T13:58:38.475+0000] {processor.py:186} INFO - Started process (PID=843) to work on /home/airflow/.local/lib/python3.12/site-packages/airflow/example_dags/example_params_trigger_ui.py
[2026-06-05T13:58:38.478+0000] {processor.py:914} INFO - Processing file /home/airflow/.local/lib/python3.12/site-packages/airflow/example_dags/example_params_trigger_ui.py for tasks to queue
[2026-06-05T13:58:38.484+0000] {logging_mixin.py:190} INFO - [2026-06-05T13:58:38.483+0000] {dagbag.py:588} INFO - Filling up the DagBag from /home/airflow/.local/lib/python3.12/site-packages/airflow/example_dags/example_params_trigger_ui.py
[2026-06-05T13:58:38.527+0000] {processor.py:925} INFO - DAG(s) 'example_params_trigger_ui' retrieved from /home/airflow/.local/lib/python3.12/site-packages/airflow/example_dags/example_params_trigger_ui.py
[2026-06-05T13:58:38.620+0000] {logging_mixin.py:190} INFO - [2026-06-05T13:58:38.619+0000] {dag.py:3239} INFO - Sync 1 DAGs
[2026-06-05T13:58:38.649+0000] {logging_mixin.py:190} INFO - [2026-06-05T13:58:38.649+0000] {dag.py:4180} INFO - Setting next_dagrun for example_params_trigger_ui to None, run_after=None
[2026-06-05T13:58:38.711+0000] {processor.py:208} INFO - Processing /home/airflow/.local/lib/python3.12/site-packages/airflow/example_dags/example_params_trigger_ui.py took 0.251 seconds
[2026-06-05T13:59:09.356+0000] {processor.py:186} INFO - Started process (PID=905) to work on /home/airflow/.local/lib/python3.12/site-packages/airflow/example_dags/example_params_trigger_ui.py
[2026-06-05T13:59:09.359+0000] {processor.py:914} INFO - Processing file /home/airflow/.local/lib/python3.12/site-packages/airflow/example_dags/example_params_trigger_ui.py for tasks to queue
[2026-06-05T13:59:09.368+0000] {logging_mixin.py:190} INFO - [2026-06-05T13:59:09.367+0000] {dagbag.py:588} INFO - Filling up the DagBag from /home/airflow/.local/lib/python3.12/site-packages/airflow/example_dags/example_params_trigger_ui.py
[2026-06-05T13:59:09.399+0000] {processor.py:925} INFO - DAG(s) 'example_params_trigger_ui' retrieved from /home/airflow/.local/lib/python3.12/site-packages/airflow/example_dags/example_params_trigger_ui.py
[2026-06-05T13:59:09.534+0000] {logging_mixin.py:190} INFO - [2026-06-05T13:59:09.533+0000] {dag.py:3239} INFO - Sync 1 DAGs
[2026-06-05T13:59:09.586+0000] {logging_mixin.py:190} INFO - [2026-06-05T13:59:09.586+0000] {dag.py:4180} INFO - Setting next_dagrun for example_params_trigger_ui to None, run_after=None
[2026-06-05T13:59:09.669+0000] {processor.py:208} INFO - Processing /home/airflow/.local/lib/python3.12/site-packages/airflow/example_dags/example_params_trigger_ui.py took 0.321 seconds
