[2026-06-05T13:52:27.452+0000] {processor.py:186} INFO - Started process (PID=119) to work on /home/airflow/.local/lib/python3.12/site-packages/airflow/example_dags/example_bash_operator.py
[2026-06-05T13:52:27.455+0000] {processor.py:914} INFO - Processing file /home/airflow/.local/lib/python3.12/site-packages/airflow/example_dags/example_bash_operator.py for tasks to queue
[2026-06-05T13:52:27.466+0000] {logging_mixin.py:190} INFO - [2026-06-05T13:52:27.465+0000] {dagbag.py:588} INFO - Filling up the DagBag from /home/airflow/.local/lib/python3.12/site-packages/airflow/example_dags/example_bash_operator.py
[2026-06-05T13:52:27.525+0000] {processor.py:925} INFO - DAG(s) 'example_bash_operator' retrieved from /home/airflow/.local/lib/python3.12/site-packages/airflow/example_dags/example_bash_operator.py
[2026-06-05T13:52:28.053+0000] {logging_mixin.py:190} INFO - [2026-06-05T13:52:28.051+0000] {override.py:1900} INFO - Created Permission View: can delete on DAG:example_bash_operator
[2026-06-05T13:52:28.094+0000] {logging_mixin.py:190} INFO - [2026-06-05T13:52:28.091+0000] {override.py:1900} INFO - Created Permission View: can read on DAG:example_bash_operator
[2026-06-05T13:52:28.122+0000] {logging_mixin.py:190} INFO - [2026-06-05T13:52:28.121+0000] {override.py:1900} INFO - Created Permission View: can edit on DAG:example_bash_operator
[2026-06-05T13:52:28.155+0000] {logging_mixin.py:190} INFO - [2026-06-05T13:52:28.154+0000] {override.py:1900} INFO - Created Permission View: menu access on DAG Run:example_bash_operator
[2026-06-05T13:52:28.182+0000] {logging_mixin.py:190} INFO - [2026-06-05T13:52:28.181+0000] {override.py:1900} INFO - Created Permission View: can delete on DAG Run:example_bash_operator
[2026-06-05T13:52:28.215+0000] {logging_mixin.py:190} INFO - [2026-06-05T13:52:28.212+0000] {override.py:1900} INFO - Created Permission View: can read on DAG Run:example_bash_operator
[2026-06-05T13:52:28.238+0000] {logging_mixin.py:190} INFO - [2026-06-05T13:52:28.238+0000] {override.py:1900} INFO - Created Permission View: can create on DAG Run:example_bash_operator
[2026-06-05T13:52:28.241+0000] {logging_mixin.py:190} INFO - [2026-06-05T13:52:28.240+0000] {dag.py:3239} INFO - Sync 1 DAGs
[2026-06-05T13:52:28.293+0000] {logging_mixin.py:190} INFO - [2026-06-05T13:52:28.292+0000] {dag.py:3262} INFO - Creating ORM DAG for example_bash_operator
[2026-06-05T13:52:28.343+0000] {logging_mixin.py:190} INFO - [2026-06-05T13:52:28.342+0000] {dag.py:4180} INFO - Setting next_dagrun for example_bash_operator to 2026-06-04 00:00:00+00:00, run_after=2026-06-05 00:00:00+00:00
[2026-06-05T13:52:28.425+0000] {processor.py:208} INFO - Processing /home/airflow/.local/lib/python3.12/site-packages/airflow/example_dags/example_bash_operator.py took 1.007 seconds
[2026-06-05T13:52:59.161+0000] {processor.py:186} INFO - Started process (PID=180) to work on /home/airflow/.local/lib/python3.12/site-packages/airflow/example_dags/example_bash_operator.py
[2026-06-05T13:52:59.163+0000] {processor.py:914} INFO - Processing file /home/airflow/.local/lib/python3.12/site-packages/airflow/example_dags/example_bash_operator.py for tasks to queue
[2026-06-05T13:52:59.169+0000] {logging_mixin.py:190} INFO - [2026-06-05T13:52:59.168+0000] {dagbag.py:588} INFO - Filling up the DagBag from /home/airflow/.local/lib/python3.12/site-packages/airflow/example_dags/example_bash_operator.py
[2026-06-05T13:52:59.199+0000] {processor.py:925} INFO - DAG(s) 'example_bash_operator' retrieved from /home/airflow/.local/lib/python3.12/site-packages/airflow/example_dags/example_bash_operator.py
[2026-06-05T13:52:59.259+0000] {logging_mixin.py:190} INFO - [2026-06-05T13:52:59.258+0000] {dag.py:3239} INFO - Sync 1 DAGs
[2026-06-05T13:52:59.306+0000] {logging_mixin.py:190} INFO - [2026-06-05T13:52:59.305+0000] {dag.py:4180} INFO - Setting next_dagrun for example_bash_operator to 2026-06-04 00:00:00+00:00, run_after=2026-06-05 00:00:00+00:00
[2026-06-05T13:52:59.346+0000] {processor.py:208} INFO - Processing /home/airflow/.local/lib/python3.12/site-packages/airflow/example_dags/example_bash_operator.py took 0.198 seconds
[2026-06-05T13:53:31.064+0000] {processor.py:186} INFO - Started process (PID=242) to work on /home/airflow/.local/lib/python3.12/site-packages/airflow/example_dags/example_bash_operator.py
[2026-06-05T13:53:31.140+0000] {processor.py:914} INFO - Processing file /home/airflow/.local/lib/python3.12/site-packages/airflow/example_dags/example_bash_operator.py for tasks to queue
[2026-06-05T13:53:31.159+0000] {logging_mixin.py:190} INFO - [2026-06-05T13:53:31.156+0000] {dagbag.py:588} INFO - Filling up the DagBag from /home/airflow/.local/lib/python3.12/site-packages/airflow/example_dags/example_bash_operator.py
[2026-06-05T13:53:31.365+0000] {processor.py:925} INFO - DAG(s) 'example_bash_operator' retrieved from /home/airflow/.local/lib/python3.12/site-packages/airflow/example_dags/example_bash_operator.py
[2026-06-05T13:53:31.703+0000] {logging_mixin.py:190} INFO - [2026-06-05T13:53:31.702+0000] {dag.py:3239} INFO - Sync 1 DAGs
[2026-06-05T13:53:32.228+0000] {logging_mixin.py:190} INFO - [2026-06-05T13:53:32.226+0000] {dag.py:4180} INFO - Setting next_dagrun for example_bash_operator to 2026-06-04 00:00:00+00:00, run_after=2026-06-05 00:00:00+00:00
[2026-06-05T13:53:32.504+0000] {processor.py:208} INFO - Processing /home/airflow/.local/lib/python3.12/site-packages/airflow/example_dags/example_bash_operator.py took 1.551 seconds
[2026-06-05T13:54:02.835+0000] {processor.py:186} INFO - Started process (PID=304) to work on /home/airflow/.local/lib/python3.12/site-packages/airflow/example_dags/example_bash_operator.py
[2026-06-05T13:54:02.838+0000] {processor.py:914} INFO - Processing file /home/airflow/.local/lib/python3.12/site-packages/airflow/example_dags/example_bash_operator.py for tasks to queue
[2026-06-05T13:54:02.847+0000] {logging_mixin.py:190} INFO - [2026-06-05T13:54:02.845+0000] {dagbag.py:588} INFO - Filling up the DagBag from /home/airflow/.local/lib/python3.12/site-packages/airflow/example_dags/example_bash_operator.py
[2026-06-05T13:54:02.881+0000] {processor.py:925} INFO - DAG(s) 'example_bash_operator' retrieved from /home/airflow/.local/lib/python3.12/site-packages/airflow/example_dags/example_bash_operator.py
[2026-06-05T13:54:02.963+0000] {logging_mixin.py:190} INFO - [2026-06-05T13:54:02.962+0000] {dag.py:3239} INFO - Sync 1 DAGs
[2026-06-05T13:54:03.047+0000] {logging_mixin.py:190} INFO - [2026-06-05T13:54:03.046+0000] {dag.py:4180} INFO - Setting next_dagrun for example_bash_operator to 2026-06-04 00:00:00+00:00, run_after=2026-06-05 00:00:00+00:00
[2026-06-05T13:54:03.105+0000] {processor.py:208} INFO - Processing /home/airflow/.local/lib/python3.12/site-packages/airflow/example_dags/example_bash_operator.py took 0.286 seconds
[2026-06-05T13:54:33.289+0000] {processor.py:186} INFO - Started process (PID=366) to work on /home/airflow/.local/lib/python3.12/site-packages/airflow/example_dags/example_bash_operator.py
[2026-06-05T13:54:33.292+0000] {processor.py:914} INFO - Processing file /home/airflow/.local/lib/python3.12/site-packages/airflow/example_dags/example_bash_operator.py for tasks to queue
[2026-06-05T13:54:33.299+0000] {logging_mixin.py:190} INFO - [2026-06-05T13:54:33.297+0000] {dagbag.py:588} INFO - Filling up the DagBag from /home/airflow/.local/lib/python3.12/site-packages/airflow/example_dags/example_bash_operator.py
[2026-06-05T13:54:33.351+0000] {processor.py:925} INFO - DAG(s) 'example_bash_operator' retrieved from /home/airflow/.local/lib/python3.12/site-packages/airflow/example_dags/example_bash_operator.py
[2026-06-05T13:54:33.447+0000] {logging_mixin.py:190} INFO - [2026-06-05T13:54:33.446+0000] {dag.py:3239} INFO - Sync 1 DAGs
[2026-06-05T13:54:33.498+0000] {logging_mixin.py:190} INFO - [2026-06-05T13:54:33.498+0000] {dag.py:4180} INFO - Setting next_dagrun for example_bash_operator to 2026-06-04 00:00:00+00:00, run_after=2026-06-05 00:00:00+00:00
[2026-06-05T13:54:33.545+0000] {processor.py:208} INFO - Processing /home/airflow/.local/lib/python3.12/site-packages/airflow/example_dags/example_bash_operator.py took 0.272 seconds
[2026-06-05T13:55:06.368+0000] {processor.py:186} INFO - Started process (PID=428) to work on /home/airflow/.local/lib/python3.12/site-packages/airflow/example_dags/example_bash_operator.py
[2026-06-05T13:55:06.371+0000] {processor.py:914} INFO - Processing file /home/airflow/.local/lib/python3.12/site-packages/airflow/example_dags/example_bash_operator.py for tasks to queue
[2026-06-05T13:55:06.376+0000] {logging_mixin.py:190} INFO - [2026-06-05T13:55:06.376+0000] {dagbag.py:588} INFO - Filling up the DagBag from /home/airflow/.local/lib/python3.12/site-packages/airflow/example_dags/example_bash_operator.py
[2026-06-05T13:55:06.411+0000] {processor.py:925} INFO - DAG(s) 'example_bash_operator' retrieved from /home/airflow/.local/lib/python3.12/site-packages/airflow/example_dags/example_bash_operator.py
[2026-06-05T13:55:06.479+0000] {logging_mixin.py:190} INFO - [2026-06-05T13:55:06.478+0000] {dag.py:3239} INFO - Sync 1 DAGs
[2026-06-05T13:55:06.542+0000] {logging_mixin.py:190} INFO - [2026-06-05T13:55:06.541+0000] {dag.py:4180} INFO - Setting next_dagrun for example_bash_operator to 2026-06-04 00:00:00+00:00, run_after=2026-06-05 00:00:00+00:00
[2026-06-05T13:55:06.595+0000] {processor.py:208} INFO - Processing /home/airflow/.local/lib/python3.12/site-packages/airflow/example_dags/example_bash_operator.py took 0.241 seconds
[2026-06-05T13:55:37.412+0000] {processor.py:186} INFO - Started process (PID=490) to work on /home/airflow/.local/lib/python3.12/site-packages/airflow/example_dags/example_bash_operator.py
[2026-06-05T13:55:37.415+0000] {processor.py:914} INFO - Processing file /home/airflow/.local/lib/python3.12/site-packages/airflow/example_dags/example_bash_operator.py for tasks to queue
[2026-06-05T13:55:37.421+0000] {logging_mixin.py:190} INFO - [2026-06-05T13:55:37.420+0000] {dagbag.py:588} INFO - Filling up the DagBag from /home/airflow/.local/lib/python3.12/site-packages/airflow/example_dags/example_bash_operator.py
[2026-06-05T13:55:37.464+0000] {processor.py:925} INFO - DAG(s) 'example_bash_operator' retrieved from /home/airflow/.local/lib/python3.12/site-packages/airflow/example_dags/example_bash_operator.py
[2026-06-05T13:55:37.524+0000] {logging_mixin.py:190} INFO - [2026-06-05T13:55:37.523+0000] {dag.py:3239} INFO - Sync 1 DAGs
[2026-06-05T13:55:37.574+0000] {logging_mixin.py:190} INFO - [2026-06-05T13:55:37.574+0000] {dag.py:4180} INFO - Setting next_dagrun for example_bash_operator to 2026-06-04 00:00:00+00:00, run_after=2026-06-05 00:00:00+00:00
[2026-06-05T13:55:37.625+0000] {processor.py:208} INFO - Processing /home/airflow/.local/lib/python3.12/site-packages/airflow/example_dags/example_bash_operator.py took 0.235 seconds
[2026-06-05T13:56:09.778+0000] {processor.py:186} INFO - Started process (PID=553) to work on /home/airflow/.local/lib/python3.12/site-packages/airflow/example_dags/example_bash_operator.py
[2026-06-05T13:56:09.785+0000] {processor.py:914} INFO - Processing file /home/airflow/.local/lib/python3.12/site-packages/airflow/example_dags/example_bash_operator.py for tasks to queue
[2026-06-05T13:56:09.794+0000] {logging_mixin.py:190} INFO - [2026-06-05T13:56:09.793+0000] {dagbag.py:588} INFO - Filling up the DagBag from /home/airflow/.local/lib/python3.12/site-packages/airflow/example_dags/example_bash_operator.py
[2026-06-05T13:56:09.867+0000] {processor.py:925} INFO - DAG(s) 'example_bash_operator' retrieved from /home/airflow/.local/lib/python3.12/site-packages/airflow/example_dags/example_bash_operator.py
[2026-06-05T13:56:09.990+0000] {logging_mixin.py:190} INFO - [2026-06-05T13:56:09.989+0000] {dag.py:3239} INFO - Sync 1 DAGs
[2026-06-05T13:56:10.081+0000] {logging_mixin.py:190} INFO - [2026-06-05T13:56:10.080+0000] {dag.py:4180} INFO - Setting next_dagrun for example_bash_operator to 2026-06-04 00:00:00+00:00, run_after=2026-06-05 00:00:00+00:00
[2026-06-05T13:56:10.194+0000] {processor.py:208} INFO - Processing /home/airflow/.local/lib/python3.12/site-packages/airflow/example_dags/example_bash_operator.py took 0.441 seconds
[2026-06-05T13:56:40.987+0000] {processor.py:186} INFO - Started process (PID=616) to work on /home/airflow/.local/lib/python3.12/site-packages/airflow/example_dags/example_bash_operator.py
[2026-06-05T13:56:41.015+0000] {processor.py:914} INFO - Processing file /home/airflow/.local/lib/python3.12/site-packages/airflow/example_dags/example_bash_operator.py for tasks to queue
[2026-06-05T13:56:41.044+0000] {logging_mixin.py:190} INFO - [2026-06-05T13:56:41.043+0000] {dagbag.py:588} INFO - Filling up the DagBag from /home/airflow/.local/lib/python3.12/site-packages/airflow/example_dags/example_bash_operator.py
[2026-06-05T13:56:41.203+0000] {processor.py:925} INFO - DAG(s) 'example_bash_operator' retrieved from /home/airflow/.local/lib/python3.12/site-packages/airflow/example_dags/example_bash_operator.py
[2026-06-05T13:56:41.510+0000] {logging_mixin.py:190} INFO - [2026-06-05T13:56:41.509+0000] {dag.py:3239} INFO - Sync 1 DAGs
[2026-06-05T13:56:41.761+0000] {logging_mixin.py:190} INFO - [2026-06-05T13:56:41.760+0000] {dag.py:4180} INFO - Setting next_dagrun for example_bash_operator to 2026-06-04 00:00:00+00:00, run_after=2026-06-05 00:00:00+00:00
[2026-06-05T13:56:42.021+0000] {processor.py:208} INFO - Processing /home/airflow/.local/lib/python3.12/site-packages/airflow/example_dags/example_bash_operator.py took 1.070 seconds
[2026-06-05T13:57:12.175+0000] {processor.py:186} INFO - Started process (PID=678) to work on /home/airflow/.local/lib/python3.12/site-packages/airflow/example_dags/example_bash_operator.py
[2026-06-05T13:57:12.177+0000] {processor.py:914} INFO - Processing file /home/airflow/.local/lib/python3.12/site-packages/airflow/example_dags/example_bash_operator.py for tasks to queue
[2026-06-05T13:57:12.182+0000] {logging_mixin.py:190} INFO - [2026-06-05T13:57:12.181+0000] {dagbag.py:588} INFO - Filling up the DagBag from /home/airflow/.local/lib/python3.12/site-packages/airflow/example_dags/example_bash_operator.py
[2026-06-05T13:57:12.208+0000] {processor.py:925} INFO - DAG(s) 'example_bash_operator' retrieved from /home/airflow/.local/lib/python3.12/site-packages/airflow/example_dags/example_bash_operator.py
[2026-06-05T13:57:12.267+0000] {logging_mixin.py:190} INFO - [2026-06-05T13:57:12.266+0000] {dag.py:3239} INFO - Sync 1 DAGs
[2026-06-05T13:57:12.312+0000] {logging_mixin.py:190} INFO - [2026-06-05T13:57:12.312+0000] {dag.py:4180} INFO - Setting next_dagrun for example_bash_operator to 2026-06-04 00:00:00+00:00, run_after=2026-06-05 00:00:00+00:00
[2026-06-05T13:57:12.358+0000] {processor.py:208} INFO - Processing /home/airflow/.local/lib/python3.12/site-packages/airflow/example_dags/example_bash_operator.py took 0.196 seconds
[2026-06-05T13:57:42.801+0000] {processor.py:186} INFO - Started process (PID=740) to work on /home/airflow/.local/lib/python3.12/site-packages/airflow/example_dags/example_bash_operator.py
[2026-06-05T13:57:42.805+0000] {processor.py:914} INFO - Processing file /home/airflow/.local/lib/python3.12/site-packages/airflow/example_dags/example_bash_operator.py for tasks to queue
[2026-06-05T13:57:42.831+0000] {logging_mixin.py:190} INFO - [2026-06-05T13:57:42.820+0000] {dagbag.py:588} INFO - Filling up the DagBag from /home/airflow/.local/lib/python3.12/site-packages/airflow/example_dags/example_bash_operator.py
[2026-06-05T13:57:42.962+0000] {processor.py:925} INFO - DAG(s) 'example_bash_operator' retrieved from /home/airflow/.local/lib/python3.12/site-packages/airflow/example_dags/example_bash_operator.py
[2026-06-05T13:57:43.167+0000] {logging_mixin.py:190} INFO - [2026-06-05T13:57:43.162+0000] {dag.py:3239} INFO - Sync 1 DAGs
[2026-06-05T13:57:43.332+0000] {logging_mixin.py:190} INFO - [2026-06-05T13:57:43.331+0000] {dag.py:4180} INFO - Setting next_dagrun for example_bash_operator to 2026-06-04 00:00:00+00:00, run_after=2026-06-05 00:00:00+00:00
[2026-06-05T13:57:43.459+0000] {processor.py:208} INFO - Processing /home/airflow/.local/lib/python3.12/site-packages/airflow/example_dags/example_bash_operator.py took 0.724 seconds
[2026-06-05T13:58:16.939+0000] {processor.py:186} INFO - Started process (PID=802) to work on /home/airflow/.local/lib/python3.12/site-packages/airflow/example_dags/example_bash_operator.py
[2026-06-05T13:58:16.944+0000] {processor.py:914} INFO - Processing file /home/airflow/.local/lib/python3.12/site-packages/airflow/example_dags/example_bash_operator.py for tasks to queue
[2026-06-05T13:58:16.954+0000] {logging_mixin.py:190} INFO - [2026-06-05T13:58:16.953+0000] {dagbag.py:588} INFO - Filling up the DagBag from /home/airflow/.local/lib/python3.12/site-packages/airflow/example_dags/example_bash_operator.py
[2026-06-05T13:58:17.010+0000] {processor.py:925} INFO - DAG(s) 'example_bash_operator' retrieved from /home/airflow/.local/lib/python3.12/site-packages/airflow/example_dags/example_bash_operator.py
[2026-06-05T13:58:17.127+0000] {logging_mixin.py:190} INFO - [2026-06-05T13:58:17.126+0000] {dag.py:3239} INFO - Sync 1 DAGs
[2026-06-05T13:58:17.257+0000] {logging_mixin.py:190} INFO - [2026-06-05T13:58:17.256+0000] {dag.py:4180} INFO - Setting next_dagrun for example_bash_operator to 2026-06-04 00:00:00+00:00, run_after=2026-06-05 00:00:00+00:00
[2026-06-05T13:58:17.391+0000] {processor.py:208} INFO - Processing /home/airflow/.local/lib/python3.12/site-packages/airflow/example_dags/example_bash_operator.py took 0.475 seconds
[2026-06-05T13:58:50.149+0000] {processor.py:186} INFO - Started process (PID=871) to work on /home/airflow/.local/lib/python3.12/site-packages/airflow/example_dags/example_bash_operator.py
[2026-06-05T13:58:50.213+0000] {processor.py:914} INFO - Processing file /home/airflow/.local/lib/python3.12/site-packages/airflow/example_dags/example_bash_operator.py for tasks to queue
[2026-06-05T13:58:50.268+0000] {logging_mixin.py:190} INFO - [2026-06-05T13:58:50.266+0000] {dagbag.py:588} INFO - Filling up the DagBag from /home/airflow/.local/lib/python3.12/site-packages/airflow/example_dags/example_bash_operator.py
[2026-06-05T13:58:50.425+0000] {processor.py:925} INFO - DAG(s) 'example_bash_operator' retrieved from /home/airflow/.local/lib/python3.12/site-packages/airflow/example_dags/example_bash_operator.py
[2026-06-05T13:58:50.708+0000] {logging_mixin.py:190} INFO - [2026-06-05T13:58:50.707+0000] {dag.py:3239} INFO - Sync 1 DAGs
[2026-06-05T13:58:50.885+0000] {logging_mixin.py:190} INFO - [2026-06-05T13:58:50.884+0000] {dag.py:4180} INFO - Setting next_dagrun for example_bash_operator to 2026-06-04 00:00:00+00:00, run_after=2026-06-05 00:00:00+00:00
[2026-06-05T13:58:51.056+0000] {processor.py:208} INFO - Processing /home/airflow/.local/lib/python3.12/site-packages/airflow/example_dags/example_bash_operator.py took 1.068 seconds
[2026-06-05T13:59:21.379+0000] {processor.py:186} INFO - Started process (PID=933) to work on /home/airflow/.local/lib/python3.12/site-packages/airflow/example_dags/example_bash_operator.py
[2026-06-05T13:59:21.405+0000] {processor.py:914} INFO - Processing file /home/airflow/.local/lib/python3.12/site-packages/airflow/example_dags/example_bash_operator.py for tasks to queue
[2026-06-05T13:59:21.418+0000] {logging_mixin.py:190} INFO - [2026-06-05T13:59:21.416+0000] {dagbag.py:588} INFO - Filling up the DagBag from /home/airflow/.local/lib/python3.12/site-packages/airflow/example_dags/example_bash_operator.py
[2026-06-05T13:59:21.501+0000] {processor.py:925} INFO - DAG(s) 'example_bash_operator' retrieved from /home/airflow/.local/lib/python3.12/site-packages/airflow/example_dags/example_bash_operator.py
[2026-06-05T13:59:21.725+0000] {logging_mixin.py:190} INFO - [2026-06-05T13:59:21.723+0000] {dag.py:3239} INFO - Sync 1 DAGs
[2026-06-05T13:59:21.907+0000] {logging_mixin.py:190} INFO - [2026-06-05T13:59:21.906+0000] {dag.py:4180} INFO - Setting next_dagrun for example_bash_operator to 2026-06-04 00:00:00+00:00, run_after=2026-06-05 00:00:00+00:00
[2026-06-05T13:59:22.022+0000] {processor.py:208} INFO - Processing /home/airflow/.local/lib/python3.12/site-packages/airflow/example_dags/example_bash_operator.py took 0.691 seconds
