[2026-06-05T13:52:31.191+0000] {processor.py:186} INFO - Started process (PID=125) to work on /home/airflow/.local/lib/python3.12/site-packages/airflow/example_dags/example_task_group_decorator.py
[2026-06-05T13:52:31.218+0000] {processor.py:914} INFO - Processing file /home/airflow/.local/lib/python3.12/site-packages/airflow/example_dags/example_task_group_decorator.py for tasks to queue
[2026-06-05T13:52:31.238+0000] {logging_mixin.py:190} INFO - [2026-06-05T13:52:31.236+0000] {dagbag.py:588} INFO - Filling up the DagBag from /home/airflow/.local/lib/python3.12/site-packages/airflow/example_dags/example_task_group_decorator.py
[2026-06-05T13:52:31.334+0000] {processor.py:925} INFO - DAG(s) 'example_task_group_decorator' retrieved from /home/airflow/.local/lib/python3.12/site-packages/airflow/example_dags/example_task_group_decorator.py
[2026-06-05T13:52:32.012+0000] {logging_mixin.py:190} INFO - [2026-06-05T13:52:32.010+0000] {override.py:1900} INFO - Created Permission View: can delete on DAG:example_task_group_decorator
[2026-06-05T13:52:32.040+0000] {logging_mixin.py:190} INFO - [2026-06-05T13:52:32.039+0000] {override.py:1900} INFO - Created Permission View: can read on DAG:example_task_group_decorator
[2026-06-05T13:52:32.063+0000] {logging_mixin.py:190} INFO - [2026-06-05T13:52:32.062+0000] {override.py:1900} INFO - Created Permission View: can edit on DAG:example_task_group_decorator
[2026-06-05T13:52:32.089+0000] {logging_mixin.py:190} INFO - [2026-06-05T13:52:32.088+0000] {override.py:1900} INFO - Created Permission View: menu access on DAG Run:example_task_group_decorator
[2026-06-05T13:52:32.118+0000] {logging_mixin.py:190} INFO - [2026-06-05T13:52:32.117+0000] {override.py:1900} INFO - Created Permission View: can delete on DAG Run:example_task_group_decorator
[2026-06-05T13:52:32.139+0000] {logging_mixin.py:190} INFO - [2026-06-05T13:52:32.139+0000] {override.py:1900} INFO - Created Permission View: can read on DAG Run:example_task_group_decorator
[2026-06-05T13:52:32.160+0000] {logging_mixin.py:190} INFO - [2026-06-05T13:52:32.159+0000] {override.py:1900} INFO - Created Permission View: can create on DAG Run:example_task_group_decorator
[2026-06-05T13:52:32.163+0000] {logging_mixin.py:190} INFO - [2026-06-05T13:52:32.162+0000] {dag.py:3239} INFO - Sync 1 DAGs
[2026-06-05T13:52:32.209+0000] {logging_mixin.py:190} INFO - [2026-06-05T13:52:32.208+0000] {dag.py:3262} INFO - Creating ORM DAG for example_task_group_decorator
[2026-06-05T13:52:32.212+0000] {logging_mixin.py:190} INFO - [2026-06-05T13:52:32.211+0000] {dag.py:4180} INFO - Setting next_dagrun for example_task_group_decorator to None, run_after=None
[2026-06-05T13:52:32.257+0000] {processor.py:208} INFO - Processing /home/airflow/.local/lib/python3.12/site-packages/airflow/example_dags/example_task_group_decorator.py took 1.120 seconds
[2026-06-05T13:53:02.529+0000] {processor.py:186} INFO - Started process (PID=186) to work on /home/airflow/.local/lib/python3.12/site-packages/airflow/example_dags/example_task_group_decorator.py
[2026-06-05T13:53:02.531+0000] {processor.py:914} INFO - Processing file /home/airflow/.local/lib/python3.12/site-packages/airflow/example_dags/example_task_group_decorator.py for tasks to queue
[2026-06-05T13:53:02.534+0000] {logging_mixin.py:190} INFO - [2026-06-05T13:53:02.534+0000] {dagbag.py:588} INFO - Filling up the DagBag from /home/airflow/.local/lib/python3.12/site-packages/airflow/example_dags/example_task_group_decorator.py
[2026-06-05T13:53:02.563+0000] {processor.py:925} INFO - DAG(s) 'example_task_group_decorator' retrieved from /home/airflow/.local/lib/python3.12/site-packages/airflow/example_dags/example_task_group_decorator.py
[2026-06-05T13:53:02.605+0000] {logging_mixin.py:190} INFO - [2026-06-05T13:53:02.604+0000] {dag.py:3239} INFO - Sync 1 DAGs
[2026-06-05T13:53:02.632+0000] {logging_mixin.py:190} INFO - [2026-06-05T13:53:02.631+0000] {dag.py:4180} INFO - Setting next_dagrun for example_task_group_decorator to None, run_after=None
[2026-06-05T13:53:02.671+0000] {processor.py:208} INFO - Processing /home/airflow/.local/lib/python3.12/site-packages/airflow/example_dags/example_task_group_decorator.py took 0.151 seconds
[2026-06-05T13:53:34.488+0000] {processor.py:186} INFO - Started process (PID=248) to work on /home/airflow/.local/lib/python3.12/site-packages/airflow/example_dags/example_task_group_decorator.py
[2026-06-05T13:53:34.492+0000] {processor.py:914} INFO - Processing file /home/airflow/.local/lib/python3.12/site-packages/airflow/example_dags/example_task_group_decorator.py for tasks to queue
[2026-06-05T13:53:34.530+0000] {logging_mixin.py:190} INFO - [2026-06-05T13:53:34.527+0000] {dagbag.py:588} INFO - Filling up the DagBag from /home/airflow/.local/lib/python3.12/site-packages/airflow/example_dags/example_task_group_decorator.py
[2026-06-05T13:53:34.755+0000] {processor.py:925} INFO - DAG(s) 'example_task_group_decorator' retrieved from /home/airflow/.local/lib/python3.12/site-packages/airflow/example_dags/example_task_group_decorator.py
[2026-06-05T13:53:34.997+0000] {logging_mixin.py:190} INFO - [2026-06-05T13:53:34.996+0000] {dag.py:3239} INFO - Sync 1 DAGs
[2026-06-05T13:53:35.138+0000] {logging_mixin.py:190} INFO - [2026-06-05T13:53:35.137+0000] {dag.py:4180} INFO - Setting next_dagrun for example_task_group_decorator to None, run_after=None
[2026-06-05T13:53:35.300+0000] {processor.py:208} INFO - Processing /home/airflow/.local/lib/python3.12/site-packages/airflow/example_dags/example_task_group_decorator.py took 0.836 seconds
[2026-06-05T13:54:05.499+0000] {processor.py:186} INFO - Started process (PID=310) to work on /home/airflow/.local/lib/python3.12/site-packages/airflow/example_dags/example_task_group_decorator.py
[2026-06-05T13:54:05.502+0000] {processor.py:914} INFO - Processing file /home/airflow/.local/lib/python3.12/site-packages/airflow/example_dags/example_task_group_decorator.py for tasks to queue
[2026-06-05T13:54:05.510+0000] {logging_mixin.py:190} INFO - [2026-06-05T13:54:05.508+0000] {dagbag.py:588} INFO - Filling up the DagBag from /home/airflow/.local/lib/python3.12/site-packages/airflow/example_dags/example_task_group_decorator.py
[2026-06-05T13:54:05.567+0000] {processor.py:925} INFO - DAG(s) 'example_task_group_decorator' retrieved from /home/airflow/.local/lib/python3.12/site-packages/airflow/example_dags/example_task_group_decorator.py
[2026-06-05T13:54:05.665+0000] {logging_mixin.py:190} INFO - [2026-06-05T13:54:05.664+0000] {dag.py:3239} INFO - Sync 1 DAGs
[2026-06-05T13:54:05.722+0000] {logging_mixin.py:190} INFO - [2026-06-05T13:54:05.721+0000] {dag.py:4180} INFO - Setting next_dagrun for example_task_group_decorator to None, run_after=None
[2026-06-05T13:54:05.789+0000] {processor.py:208} INFO - Processing /home/airflow/.local/lib/python3.12/site-packages/airflow/example_dags/example_task_group_decorator.py took 0.309 seconds
[2026-06-05T13:54:36.340+0000] {processor.py:186} INFO - Started process (PID=372) to work on /home/airflow/.local/lib/python3.12/site-packages/airflow/example_dags/example_task_group_decorator.py
[2026-06-05T13:54:36.342+0000] {processor.py:914} INFO - Processing file /home/airflow/.local/lib/python3.12/site-packages/airflow/example_dags/example_task_group_decorator.py for tasks to queue
[2026-06-05T13:54:36.347+0000] {logging_mixin.py:190} INFO - [2026-06-05T13:54:36.346+0000] {dagbag.py:588} INFO - Filling up the DagBag from /home/airflow/.local/lib/python3.12/site-packages/airflow/example_dags/example_task_group_decorator.py
[2026-06-05T13:54:36.383+0000] {processor.py:925} INFO - DAG(s) 'example_task_group_decorator' retrieved from /home/airflow/.local/lib/python3.12/site-packages/airflow/example_dags/example_task_group_decorator.py
[2026-06-05T13:54:36.458+0000] {logging_mixin.py:190} INFO - [2026-06-05T13:54:36.458+0000] {dag.py:3239} INFO - Sync 1 DAGs
[2026-06-05T13:54:36.493+0000] {logging_mixin.py:190} INFO - [2026-06-05T13:54:36.492+0000] {dag.py:4180} INFO - Setting next_dagrun for example_task_group_decorator to None, run_after=None
[2026-06-05T13:54:36.538+0000] {processor.py:208} INFO - Processing /home/airflow/.local/lib/python3.12/site-packages/airflow/example_dags/example_task_group_decorator.py took 0.210 seconds
[2026-06-05T13:55:07.923+0000] {processor.py:186} INFO - Started process (PID=434) to work on /home/airflow/.local/lib/python3.12/site-packages/airflow/example_dags/example_task_group_decorator.py
[2026-06-05T13:55:07.927+0000] {processor.py:914} INFO - Processing file /home/airflow/.local/lib/python3.12/site-packages/airflow/example_dags/example_task_group_decorator.py for tasks to queue
[2026-06-05T13:55:07.935+0000] {logging_mixin.py:190} INFO - [2026-06-05T13:55:07.933+0000] {dagbag.py:588} INFO - Filling up the DagBag from /home/airflow/.local/lib/python3.12/site-packages/airflow/example_dags/example_task_group_decorator.py
[2026-06-05T13:55:07.980+0000] {processor.py:925} INFO - DAG(s) 'example_task_group_decorator' retrieved from /home/airflow/.local/lib/python3.12/site-packages/airflow/example_dags/example_task_group_decorator.py
[2026-06-05T13:55:08.040+0000] {logging_mixin.py:190} INFO - [2026-06-05T13:55:08.040+0000] {dag.py:3239} INFO - Sync 1 DAGs
[2026-06-05T13:55:08.084+0000] {logging_mixin.py:190} INFO - [2026-06-05T13:55:08.083+0000] {dag.py:4180} INFO - Setting next_dagrun for example_task_group_decorator to None, run_after=None
[2026-06-05T13:55:08.136+0000] {processor.py:208} INFO - Processing /home/airflow/.local/lib/python3.12/site-packages/airflow/example_dags/example_task_group_decorator.py took 0.226 seconds
[2026-06-05T13:55:38.504+0000] {processor.py:186} INFO - Started process (PID=496) to work on /home/airflow/.local/lib/python3.12/site-packages/airflow/example_dags/example_task_group_decorator.py
[2026-06-05T13:55:38.509+0000] {processor.py:914} INFO - Processing file /home/airflow/.local/lib/python3.12/site-packages/airflow/example_dags/example_task_group_decorator.py for tasks to queue
[2026-06-05T13:55:38.516+0000] {logging_mixin.py:190} INFO - [2026-06-05T13:55:38.515+0000] {dagbag.py:588} INFO - Filling up the DagBag from /home/airflow/.local/lib/python3.12/site-packages/airflow/example_dags/example_task_group_decorator.py
[2026-06-05T13:55:38.566+0000] {processor.py:925} INFO - DAG(s) 'example_task_group_decorator' retrieved from /home/airflow/.local/lib/python3.12/site-packages/airflow/example_dags/example_task_group_decorator.py
[2026-06-05T13:55:38.638+0000] {logging_mixin.py:190} INFO - [2026-06-05T13:55:38.637+0000] {dag.py:3239} INFO - Sync 1 DAGs
[2026-06-05T13:55:38.689+0000] {logging_mixin.py:190} INFO - [2026-06-05T13:55:38.688+0000] {dag.py:4180} INFO - Setting next_dagrun for example_task_group_decorator to None, run_after=None
[2026-06-05T13:55:38.760+0000] {processor.py:208} INFO - Processing /home/airflow/.local/lib/python3.12/site-packages/airflow/example_dags/example_task_group_decorator.py took 0.274 seconds
[2026-06-05T13:56:11.731+0000] {processor.py:186} INFO - Started process (PID=559) to work on /home/airflow/.local/lib/python3.12/site-packages/airflow/example_dags/example_task_group_decorator.py
[2026-06-05T13:56:11.736+0000] {processor.py:914} INFO - Processing file /home/airflow/.local/lib/python3.12/site-packages/airflow/example_dags/example_task_group_decorator.py for tasks to queue
[2026-06-05T13:56:11.758+0000] {logging_mixin.py:190} INFO - [2026-06-05T13:56:11.757+0000] {dagbag.py:588} INFO - Filling up the DagBag from /home/airflow/.local/lib/python3.12/site-packages/airflow/example_dags/example_task_group_decorator.py
[2026-06-05T13:56:11.857+0000] {processor.py:925} INFO - DAG(s) 'example_task_group_decorator' retrieved from /home/airflow/.local/lib/python3.12/site-packages/airflow/example_dags/example_task_group_decorator.py
[2026-06-05T13:56:12.042+0000] {logging_mixin.py:190} INFO - [2026-06-05T13:56:12.041+0000] {dag.py:3239} INFO - Sync 1 DAGs
[2026-06-05T13:56:12.123+0000] {logging_mixin.py:190} INFO - [2026-06-05T13:56:12.122+0000] {dag.py:4180} INFO - Setting next_dagrun for example_task_group_decorator to None, run_after=None
[2026-06-05T13:56:12.230+0000] {processor.py:208} INFO - Processing /home/airflow/.local/lib/python3.12/site-packages/airflow/example_dags/example_task_group_decorator.py took 0.551 seconds
[2026-06-05T13:56:44.069+0000] {processor.py:186} INFO - Started process (PID=622) to work on /home/airflow/.local/lib/python3.12/site-packages/airflow/example_dags/example_task_group_decorator.py
[2026-06-05T13:56:44.078+0000] {processor.py:914} INFO - Processing file /home/airflow/.local/lib/python3.12/site-packages/airflow/example_dags/example_task_group_decorator.py for tasks to queue
[2026-06-05T13:56:44.090+0000] {logging_mixin.py:190} INFO - [2026-06-05T13:56:44.089+0000] {dagbag.py:588} INFO - Filling up the DagBag from /home/airflow/.local/lib/python3.12/site-packages/airflow/example_dags/example_task_group_decorator.py
[2026-06-05T13:56:44.178+0000] {processor.py:925} INFO - DAG(s) 'example_task_group_decorator' retrieved from /home/airflow/.local/lib/python3.12/site-packages/airflow/example_dags/example_task_group_decorator.py
[2026-06-05T13:56:44.317+0000] {logging_mixin.py:190} INFO - [2026-06-05T13:56:44.316+0000] {dag.py:3239} INFO - Sync 1 DAGs
[2026-06-05T13:56:44.467+0000] {logging_mixin.py:190} INFO - [2026-06-05T13:56:44.466+0000] {dag.py:4180} INFO - Setting next_dagrun for example_task_group_decorator to None, run_after=None
[2026-06-05T13:56:44.655+0000] {processor.py:208} INFO - Processing /home/airflow/.local/lib/python3.12/site-packages/airflow/example_dags/example_task_group_decorator.py took 0.619 seconds
[2026-06-05T13:57:14.840+0000] {processor.py:186} INFO - Started process (PID=684) to work on /home/airflow/.local/lib/python3.12/site-packages/airflow/example_dags/example_task_group_decorator.py
[2026-06-05T13:57:14.843+0000] {processor.py:914} INFO - Processing file /home/airflow/.local/lib/python3.12/site-packages/airflow/example_dags/example_task_group_decorator.py for tasks to queue
[2026-06-05T13:57:14.851+0000] {logging_mixin.py:190} INFO - [2026-06-05T13:57:14.850+0000] {dagbag.py:588} INFO - Filling up the DagBag from /home/airflow/.local/lib/python3.12/site-packages/airflow/example_dags/example_task_group_decorator.py
[2026-06-05T13:57:14.894+0000] {processor.py:925} INFO - DAG(s) 'example_task_group_decorator' retrieved from /home/airflow/.local/lib/python3.12/site-packages/airflow/example_dags/example_task_group_decorator.py
[2026-06-05T13:57:14.954+0000] {logging_mixin.py:190} INFO - [2026-06-05T13:57:14.953+0000] {dag.py:3239} INFO - Sync 1 DAGs
[2026-06-05T13:57:14.981+0000] {logging_mixin.py:190} INFO - [2026-06-05T13:57:14.980+0000] {dag.py:4180} INFO - Setting next_dagrun for example_task_group_decorator to None, run_after=None
[2026-06-05T13:57:15.024+0000] {processor.py:208} INFO - Processing /home/airflow/.local/lib/python3.12/site-packages/airflow/example_dags/example_task_group_decorator.py took 0.199 seconds
[2026-06-05T13:57:46.451+0000] {processor.py:186} INFO - Started process (PID=746) to work on /home/airflow/.local/lib/python3.12/site-packages/airflow/example_dags/example_task_group_decorator.py
[2026-06-05T13:57:46.459+0000] {processor.py:914} INFO - Processing file /home/airflow/.local/lib/python3.12/site-packages/airflow/example_dags/example_task_group_decorator.py for tasks to queue
[2026-06-05T13:57:46.478+0000] {logging_mixin.py:190} INFO - [2026-06-05T13:57:46.477+0000] {dagbag.py:588} INFO - Filling up the DagBag from /home/airflow/.local/lib/python3.12/site-packages/airflow/example_dags/example_task_group_decorator.py
[2026-06-05T13:57:46.636+0000] {processor.py:925} INFO - DAG(s) 'example_task_group_decorator' retrieved from /home/airflow/.local/lib/python3.12/site-packages/airflow/example_dags/example_task_group_decorator.py
[2026-06-05T13:57:46.833+0000] {logging_mixin.py:190} INFO - [2026-06-05T13:57:46.832+0000] {dag.py:3239} INFO - Sync 1 DAGs
[2026-06-05T13:57:46.893+0000] {logging_mixin.py:190} INFO - [2026-06-05T13:57:46.889+0000] {dag.py:4180} INFO - Setting next_dagrun for example_task_group_decorator to None, run_after=None
[2026-06-05T13:57:46.995+0000] {processor.py:208} INFO - Processing /home/airflow/.local/lib/python3.12/site-packages/airflow/example_dags/example_task_group_decorator.py took 0.604 seconds
[2026-06-05T13:58:19.252+0000] {processor.py:186} INFO - Started process (PID=815) to work on /home/airflow/.local/lib/python3.12/site-packages/airflow/example_dags/example_task_group_decorator.py
[2026-06-05T13:58:19.259+0000] {processor.py:914} INFO - Processing file /home/airflow/.local/lib/python3.12/site-packages/airflow/example_dags/example_task_group_decorator.py for tasks to queue
[2026-06-05T13:58:19.277+0000] {logging_mixin.py:190} INFO - [2026-06-05T13:58:19.276+0000] {dagbag.py:588} INFO - Filling up the DagBag from /home/airflow/.local/lib/python3.12/site-packages/airflow/example_dags/example_task_group_decorator.py
[2026-06-05T13:58:19.369+0000] {processor.py:925} INFO - DAG(s) 'example_task_group_decorator' retrieved from /home/airflow/.local/lib/python3.12/site-packages/airflow/example_dags/example_task_group_decorator.py
[2026-06-05T13:58:19.508+0000] {logging_mixin.py:190} INFO - [2026-06-05T13:58:19.507+0000] {dag.py:3239} INFO - Sync 1 DAGs
[2026-06-05T13:58:19.585+0000] {logging_mixin.py:190} INFO - [2026-06-05T13:58:19.584+0000] {dag.py:4180} INFO - Setting next_dagrun for example_task_group_decorator to None, run_after=None
[2026-06-05T13:58:19.830+0000] {processor.py:208} INFO - Processing /home/airflow/.local/lib/python3.12/site-packages/airflow/example_dags/example_task_group_decorator.py took 0.616 seconds
[2026-06-05T13:58:53.154+0000] {processor.py:186} INFO - Started process (PID=877) to work on /home/airflow/.local/lib/python3.12/site-packages/airflow/example_dags/example_task_group_decorator.py
[2026-06-05T13:58:53.176+0000] {processor.py:914} INFO - Processing file /home/airflow/.local/lib/python3.12/site-packages/airflow/example_dags/example_task_group_decorator.py for tasks to queue
[2026-06-05T13:58:53.191+0000] {logging_mixin.py:190} INFO - [2026-06-05T13:58:53.188+0000] {dagbag.py:588} INFO - Filling up the DagBag from /home/airflow/.local/lib/python3.12/site-packages/airflow/example_dags/example_task_group_decorator.py
[2026-06-05T13:58:53.301+0000] {processor.py:925} INFO - DAG(s) 'example_task_group_decorator' retrieved from /home/airflow/.local/lib/python3.12/site-packages/airflow/example_dags/example_task_group_decorator.py
[2026-06-05T13:58:53.518+0000] {logging_mixin.py:190} INFO - [2026-06-05T13:58:53.518+0000] {dag.py:3239} INFO - Sync 1 DAGs
[2026-06-05T13:58:53.960+0000] {logging_mixin.py:190} INFO - [2026-06-05T13:58:53.959+0000] {dag.py:4180} INFO - Setting next_dagrun for example_task_group_decorator to None, run_after=None
[2026-06-05T13:58:54.211+0000] {processor.py:208} INFO - Processing /home/airflow/.local/lib/python3.12/site-packages/airflow/example_dags/example_task_group_decorator.py took 1.084 seconds
[2026-06-05T13:59:24.628+0000] {processor.py:186} INFO - Started process (PID=940) to work on /home/airflow/.local/lib/python3.12/site-packages/airflow/example_dags/example_task_group_decorator.py
[2026-06-05T13:59:24.633+0000] {processor.py:914} INFO - Processing file /home/airflow/.local/lib/python3.12/site-packages/airflow/example_dags/example_task_group_decorator.py for tasks to queue
[2026-06-05T13:59:24.638+0000] {logging_mixin.py:190} INFO - [2026-06-05T13:59:24.637+0000] {dagbag.py:588} INFO - Filling up the DagBag from /home/airflow/.local/lib/python3.12/site-packages/airflow/example_dags/example_task_group_decorator.py
[2026-06-05T13:59:24.689+0000] {processor.py:925} INFO - DAG(s) 'example_task_group_decorator' retrieved from /home/airflow/.local/lib/python3.12/site-packages/airflow/example_dags/example_task_group_decorator.py
[2026-06-05T13:59:24.778+0000] {logging_mixin.py:190} INFO - [2026-06-05T13:59:24.777+0000] {dag.py:3239} INFO - Sync 1 DAGs
[2026-06-05T13:59:24.823+0000] {logging_mixin.py:190} INFO - [2026-06-05T13:59:24.823+0000] {dag.py:4180} INFO - Setting next_dagrun for example_task_group_decorator to None, run_after=None
[2026-06-05T13:59:24.884+0000] {processor.py:208} INFO - Processing /home/airflow/.local/lib/python3.12/site-packages/airflow/example_dags/example_task_group_decorator.py took 0.279 seconds
