[2026-06-05T13:52:25.736+0000] {processor.py:186} INFO - Started process (PID=116) to work on /home/airflow/.local/lib/python3.12/site-packages/airflow/example_dags/example_time_delta_sensor_async.py
[2026-06-05T13:52:25.743+0000] {processor.py:914} INFO - Processing file /home/airflow/.local/lib/python3.12/site-packages/airflow/example_dags/example_time_delta_sensor_async.py for tasks to queue
[2026-06-05T13:52:25.757+0000] {logging_mixin.py:190} INFO - [2026-06-05T13:52:25.756+0000] {dagbag.py:588} INFO - Filling up the DagBag from /home/airflow/.local/lib/python3.12/site-packages/airflow/example_dags/example_time_delta_sensor_async.py
[2026-06-05T13:52:25.844+0000] {processor.py:925} INFO - DAG(s) 'example_time_delta_sensor_async' retrieved from /home/airflow/.local/lib/python3.12/site-packages/airflow/example_dags/example_time_delta_sensor_async.py
[2026-06-05T13:52:26.476+0000] {logging_mixin.py:190} INFO - [2026-06-05T13:52:26.475+0000] {override.py:1900} INFO - Created Permission View: can delete on DAG:example_time_delta_sensor_async
[2026-06-05T13:52:26.513+0000] {logging_mixin.py:190} INFO - [2026-06-05T13:52:26.512+0000] {override.py:1900} INFO - Created Permission View: can read on DAG:example_time_delta_sensor_async
[2026-06-05T13:52:26.541+0000] {logging_mixin.py:190} INFO - [2026-06-05T13:52:26.540+0000] {override.py:1900} INFO - Created Permission View: can edit on DAG:example_time_delta_sensor_async
[2026-06-05T13:52:26.569+0000] {logging_mixin.py:190} INFO - [2026-06-05T13:52:26.568+0000] {override.py:1900} INFO - Created Permission View: menu access on DAG Run:example_time_delta_sensor_async
[2026-06-05T13:52:26.602+0000] {logging_mixin.py:190} INFO - [2026-06-05T13:52:26.601+0000] {override.py:1900} INFO - Created Permission View: can delete on DAG Run:example_time_delta_sensor_async
[2026-06-05T13:52:26.647+0000] {logging_mixin.py:190} INFO - [2026-06-05T13:52:26.646+0000] {override.py:1900} INFO - Created Permission View: can read on DAG Run:example_time_delta_sensor_async
[2026-06-05T13:52:26.676+0000] {logging_mixin.py:190} INFO - [2026-06-05T13:52:26.675+0000] {override.py:1900} INFO - Created Permission View: can create on DAG Run:example_time_delta_sensor_async
[2026-06-05T13:52:26.682+0000] {logging_mixin.py:190} INFO - [2026-06-05T13:52:26.682+0000] {dag.py:3239} INFO - Sync 1 DAGs
[2026-06-05T13:52:26.746+0000] {logging_mixin.py:190} INFO - [2026-06-05T13:52:26.740+0000] {dag.py:3262} INFO - Creating ORM DAG for example_time_delta_sensor_async
[2026-06-05T13:52:26.750+0000] {logging_mixin.py:190} INFO - [2026-06-05T13:52:26.750+0000] {dag.py:4180} INFO - Setting next_dagrun for example_time_delta_sensor_async to None, run_after=None
[2026-06-05T13:52:26.842+0000] {processor.py:208} INFO - Processing /home/airflow/.local/lib/python3.12/site-packages/airflow/example_dags/example_time_delta_sensor_async.py took 1.163 seconds
[2026-06-05T13:52:57.886+0000] {processor.py:186} INFO - Started process (PID=177) to work on /home/airflow/.local/lib/python3.12/site-packages/airflow/example_dags/example_time_delta_sensor_async.py
[2026-06-05T13:52:57.888+0000] {processor.py:914} INFO - Processing file /home/airflow/.local/lib/python3.12/site-packages/airflow/example_dags/example_time_delta_sensor_async.py for tasks to queue
[2026-06-05T13:52:57.895+0000] {logging_mixin.py:190} INFO - [2026-06-05T13:52:57.895+0000] {dagbag.py:588} INFO - Filling up the DagBag from /home/airflow/.local/lib/python3.12/site-packages/airflow/example_dags/example_time_delta_sensor_async.py
[2026-06-05T13:52:57.909+0000] {processor.py:925} INFO - DAG(s) 'example_time_delta_sensor_async' retrieved from /home/airflow/.local/lib/python3.12/site-packages/airflow/example_dags/example_time_delta_sensor_async.py
[2026-06-05T13:52:57.951+0000] {logging_mixin.py:190} INFO - [2026-06-05T13:52:57.951+0000] {dag.py:3239} INFO - Sync 1 DAGs
[2026-06-05T13:52:57.985+0000] {logging_mixin.py:190} INFO - [2026-06-05T13:52:57.984+0000] {dag.py:4180} INFO - Setting next_dagrun for example_time_delta_sensor_async to None, run_after=None
[2026-06-05T13:52:58.027+0000] {processor.py:208} INFO - Processing /home/airflow/.local/lib/python3.12/site-packages/airflow/example_dags/example_time_delta_sensor_async.py took 0.155 seconds
[2026-06-05T13:53:29.000+0000] {processor.py:186} INFO - Started process (PID=239) to work on /home/airflow/.local/lib/python3.12/site-packages/airflow/example_dags/example_time_delta_sensor_async.py
[2026-06-05T13:53:29.004+0000] {processor.py:914} INFO - Processing file /home/airflow/.local/lib/python3.12/site-packages/airflow/example_dags/example_time_delta_sensor_async.py for tasks to queue
[2026-06-05T13:53:29.014+0000] {logging_mixin.py:190} INFO - [2026-06-05T13:53:29.013+0000] {dagbag.py:588} INFO - Filling up the DagBag from /home/airflow/.local/lib/python3.12/site-packages/airflow/example_dags/example_time_delta_sensor_async.py
[2026-06-05T13:53:29.058+0000] {processor.py:925} INFO - DAG(s) 'example_time_delta_sensor_async' retrieved from /home/airflow/.local/lib/python3.12/site-packages/airflow/example_dags/example_time_delta_sensor_async.py
[2026-06-05T13:53:29.146+0000] {logging_mixin.py:190} INFO - [2026-06-05T13:53:29.145+0000] {dag.py:3239} INFO - Sync 1 DAGs
[2026-06-05T13:53:29.217+0000] {logging_mixin.py:190} INFO - [2026-06-05T13:53:29.216+0000] {dag.py:4180} INFO - Setting next_dagrun for example_time_delta_sensor_async to None, run_after=None
[2026-06-05T13:53:29.292+0000] {processor.py:208} INFO - Processing /home/airflow/.local/lib/python3.12/site-packages/airflow/example_dags/example_time_delta_sensor_async.py took 0.322 seconds
[2026-06-05T13:53:59.760+0000] {processor.py:186} INFO - Started process (PID=301) to work on /home/airflow/.local/lib/python3.12/site-packages/airflow/example_dags/example_time_delta_sensor_async.py
[2026-06-05T13:53:59.761+0000] {processor.py:914} INFO - Processing file /home/airflow/.local/lib/python3.12/site-packages/airflow/example_dags/example_time_delta_sensor_async.py for tasks to queue
[2026-06-05T13:53:59.767+0000] {logging_mixin.py:190} INFO - [2026-06-05T13:53:59.766+0000] {dagbag.py:588} INFO - Filling up the DagBag from /home/airflow/.local/lib/python3.12/site-packages/airflow/example_dags/example_time_delta_sensor_async.py
[2026-06-05T13:53:59.778+0000] {processor.py:925} INFO - DAG(s) 'example_time_delta_sensor_async' retrieved from /home/airflow/.local/lib/python3.12/site-packages/airflow/example_dags/example_time_delta_sensor_async.py
[2026-06-05T13:53:59.811+0000] {logging_mixin.py:190} INFO - [2026-06-05T13:53:59.810+0000] {dag.py:3239} INFO - Sync 1 DAGs
[2026-06-05T13:53:59.837+0000] {logging_mixin.py:190} INFO - [2026-06-05T13:53:59.836+0000] {dag.py:4180} INFO - Setting next_dagrun for example_time_delta_sensor_async to None, run_after=None
[2026-06-05T13:53:59.874+0000] {processor.py:208} INFO - Processing /home/airflow/.local/lib/python3.12/site-packages/airflow/example_dags/example_time_delta_sensor_async.py took 0.123 seconds
[2026-06-05T13:54:30.633+0000] {processor.py:186} INFO - Started process (PID=363) to work on /home/airflow/.local/lib/python3.12/site-packages/airflow/example_dags/example_time_delta_sensor_async.py
[2026-06-05T13:54:30.646+0000] {processor.py:914} INFO - Processing file /home/airflow/.local/lib/python3.12/site-packages/airflow/example_dags/example_time_delta_sensor_async.py for tasks to queue
[2026-06-05T13:54:30.656+0000] {logging_mixin.py:190} INFO - [2026-06-05T13:54:30.654+0000] {dagbag.py:588} INFO - Filling up the DagBag from /home/airflow/.local/lib/python3.12/site-packages/airflow/example_dags/example_time_delta_sensor_async.py
[2026-06-05T13:54:30.707+0000] {processor.py:925} INFO - DAG(s) 'example_time_delta_sensor_async' retrieved from /home/airflow/.local/lib/python3.12/site-packages/airflow/example_dags/example_time_delta_sensor_async.py
[2026-06-05T13:54:30.774+0000] {logging_mixin.py:190} INFO - [2026-06-05T13:54:30.773+0000] {dag.py:3239} INFO - Sync 1 DAGs
[2026-06-05T13:54:30.834+0000] {logging_mixin.py:190} INFO - [2026-06-05T13:54:30.833+0000] {dag.py:4180} INFO - Setting next_dagrun for example_time_delta_sensor_async to None, run_after=None
[2026-06-05T13:54:30.945+0000] {processor.py:208} INFO - Processing /home/airflow/.local/lib/python3.12/site-packages/airflow/example_dags/example_time_delta_sensor_async.py took 0.361 seconds
[2026-06-05T13:55:05.892+0000] {processor.py:186} INFO - Started process (PID=425) to work on /home/airflow/.local/lib/python3.12/site-packages/airflow/example_dags/example_time_delta_sensor_async.py
[2026-06-05T13:55:05.896+0000] {processor.py:914} INFO - Processing file /home/airflow/.local/lib/python3.12/site-packages/airflow/example_dags/example_time_delta_sensor_async.py for tasks to queue
[2026-06-05T13:55:05.907+0000] {logging_mixin.py:190} INFO - [2026-06-05T13:55:05.905+0000] {dagbag.py:588} INFO - Filling up the DagBag from /home/airflow/.local/lib/python3.12/site-packages/airflow/example_dags/example_time_delta_sensor_async.py
[2026-06-05T13:55:05.943+0000] {processor.py:925} INFO - DAG(s) 'example_time_delta_sensor_async' retrieved from /home/airflow/.local/lib/python3.12/site-packages/airflow/example_dags/example_time_delta_sensor_async.py
[2026-06-05T13:55:06.026+0000] {logging_mixin.py:190} INFO - [2026-06-05T13:55:06.025+0000] {dag.py:3239} INFO - Sync 1 DAGs
[2026-06-05T13:55:06.094+0000] {logging_mixin.py:190} INFO - [2026-06-05T13:55:06.094+0000] {dag.py:4180} INFO - Setting next_dagrun for example_time_delta_sensor_async to None, run_after=None
[2026-06-05T13:55:06.168+0000] {processor.py:208} INFO - Processing /home/airflow/.local/lib/python3.12/site-packages/airflow/example_dags/example_time_delta_sensor_async.py took 0.300 seconds
[2026-06-05T13:55:36.909+0000] {processor.py:186} INFO - Started process (PID=487) to work on /home/airflow/.local/lib/python3.12/site-packages/airflow/example_dags/example_time_delta_sensor_async.py
[2026-06-05T13:55:36.911+0000] {processor.py:914} INFO - Processing file /home/airflow/.local/lib/python3.12/site-packages/airflow/example_dags/example_time_delta_sensor_async.py for tasks to queue
[2026-06-05T13:55:36.915+0000] {logging_mixin.py:190} INFO - [2026-06-05T13:55:36.915+0000] {dagbag.py:588} INFO - Filling up the DagBag from /home/airflow/.local/lib/python3.12/site-packages/airflow/example_dags/example_time_delta_sensor_async.py
[2026-06-05T13:55:36.928+0000] {processor.py:925} INFO - DAG(s) 'example_time_delta_sensor_async' retrieved from /home/airflow/.local/lib/python3.12/site-packages/airflow/example_dags/example_time_delta_sensor_async.py
[2026-06-05T13:55:36.968+0000] {logging_mixin.py:190} INFO - [2026-06-05T13:55:36.967+0000] {dag.py:3239} INFO - Sync 1 DAGs
[2026-06-05T13:55:36.996+0000] {logging_mixin.py:190} INFO - [2026-06-05T13:55:36.996+0000] {dag.py:4180} INFO - Setting next_dagrun for example_time_delta_sensor_async to None, run_after=None
[2026-06-05T13:55:37.033+0000] {processor.py:208} INFO - Processing /home/airflow/.local/lib/python3.12/site-packages/airflow/example_dags/example_time_delta_sensor_async.py took 0.137 seconds
[2026-06-05T13:56:08.859+0000] {processor.py:186} INFO - Started process (PID=550) to work on /home/airflow/.local/lib/python3.12/site-packages/airflow/example_dags/example_time_delta_sensor_async.py
[2026-06-05T13:56:08.862+0000] {processor.py:914} INFO - Processing file /home/airflow/.local/lib/python3.12/site-packages/airflow/example_dags/example_time_delta_sensor_async.py for tasks to queue
[2026-06-05T13:56:08.871+0000] {logging_mixin.py:190} INFO - [2026-06-05T13:56:08.869+0000] {dagbag.py:588} INFO - Filling up the DagBag from /home/airflow/.local/lib/python3.12/site-packages/airflow/example_dags/example_time_delta_sensor_async.py
[2026-06-05T13:56:08.893+0000] {processor.py:925} INFO - DAG(s) 'example_time_delta_sensor_async' retrieved from /home/airflow/.local/lib/python3.12/site-packages/airflow/example_dags/example_time_delta_sensor_async.py
[2026-06-05T13:56:08.962+0000] {logging_mixin.py:190} INFO - [2026-06-05T13:56:08.962+0000] {dag.py:3239} INFO - Sync 1 DAGs
[2026-06-05T13:56:09.014+0000] {logging_mixin.py:190} INFO - [2026-06-05T13:56:09.013+0000] {dag.py:4180} INFO - Setting next_dagrun for example_time_delta_sensor_async to None, run_after=None
[2026-06-05T13:56:09.097+0000] {processor.py:208} INFO - Processing /home/airflow/.local/lib/python3.12/site-packages/airflow/example_dags/example_time_delta_sensor_async.py took 0.262 seconds
[2026-06-05T13:56:39.779+0000] {processor.py:186} INFO - Started process (PID=613) to work on /home/airflow/.local/lib/python3.12/site-packages/airflow/example_dags/example_time_delta_sensor_async.py
[2026-06-05T13:56:39.782+0000] {processor.py:914} INFO - Processing file /home/airflow/.local/lib/python3.12/site-packages/airflow/example_dags/example_time_delta_sensor_async.py for tasks to queue
[2026-06-05T13:56:39.789+0000] {logging_mixin.py:190} INFO - [2026-06-05T13:56:39.788+0000] {dagbag.py:588} INFO - Filling up the DagBag from /home/airflow/.local/lib/python3.12/site-packages/airflow/example_dags/example_time_delta_sensor_async.py
[2026-06-05T13:56:39.810+0000] {processor.py:925} INFO - DAG(s) 'example_time_delta_sensor_async' retrieved from /home/airflow/.local/lib/python3.12/site-packages/airflow/example_dags/example_time_delta_sensor_async.py
[2026-06-05T13:56:39.900+0000] {logging_mixin.py:190} INFO - [2026-06-05T13:56:39.898+0000] {dag.py:3239} INFO - Sync 1 DAGs
[2026-06-05T13:56:39.991+0000] {logging_mixin.py:190} INFO - [2026-06-05T13:56:39.990+0000] {dag.py:4180} INFO - Setting next_dagrun for example_time_delta_sensor_async to None, run_after=None
[2026-06-05T13:56:40.117+0000] {processor.py:208} INFO - Processing /home/airflow/.local/lib/python3.12/site-packages/airflow/example_dags/example_time_delta_sensor_async.py took 0.357 seconds
[2026-06-05T13:57:10.522+0000] {processor.py:186} INFO - Started process (PID=675) to work on /home/airflow/.local/lib/python3.12/site-packages/airflow/example_dags/example_time_delta_sensor_async.py
[2026-06-05T13:57:10.525+0000] {processor.py:914} INFO - Processing file /home/airflow/.local/lib/python3.12/site-packages/airflow/example_dags/example_time_delta_sensor_async.py for tasks to queue
[2026-06-05T13:57:10.533+0000] {logging_mixin.py:190} INFO - [2026-06-05T13:57:10.532+0000] {dagbag.py:588} INFO - Filling up the DagBag from /home/airflow/.local/lib/python3.12/site-packages/airflow/example_dags/example_time_delta_sensor_async.py
[2026-06-05T13:57:10.553+0000] {processor.py:925} INFO - DAG(s) 'example_time_delta_sensor_async' retrieved from /home/airflow/.local/lib/python3.12/site-packages/airflow/example_dags/example_time_delta_sensor_async.py
[2026-06-05T13:57:10.616+0000] {logging_mixin.py:190} INFO - [2026-06-05T13:57:10.616+0000] {dag.py:3239} INFO - Sync 1 DAGs
[2026-06-05T13:57:10.657+0000] {logging_mixin.py:190} INFO - [2026-06-05T13:57:10.656+0000] {dag.py:4180} INFO - Setting next_dagrun for example_time_delta_sensor_async to None, run_after=None
[2026-06-05T13:57:10.708+0000] {processor.py:208} INFO - Processing /home/airflow/.local/lib/python3.12/site-packages/airflow/example_dags/example_time_delta_sensor_async.py took 0.222 seconds
[2026-06-05T13:57:41.359+0000] {processor.py:186} INFO - Started process (PID=737) to work on /home/airflow/.local/lib/python3.12/site-packages/airflow/example_dags/example_time_delta_sensor_async.py
[2026-06-05T13:57:41.374+0000] {processor.py:914} INFO - Processing file /home/airflow/.local/lib/python3.12/site-packages/airflow/example_dags/example_time_delta_sensor_async.py for tasks to queue
[2026-06-05T13:57:41.387+0000] {logging_mixin.py:190} INFO - [2026-06-05T13:57:41.386+0000] {dagbag.py:588} INFO - Filling up the DagBag from /home/airflow/.local/lib/python3.12/site-packages/airflow/example_dags/example_time_delta_sensor_async.py
[2026-06-05T13:57:41.452+0000] {processor.py:925} INFO - DAG(s) 'example_time_delta_sensor_async' retrieved from /home/airflow/.local/lib/python3.12/site-packages/airflow/example_dags/example_time_delta_sensor_async.py
[2026-06-05T13:57:41.563+0000] {logging_mixin.py:190} INFO - [2026-06-05T13:57:41.562+0000] {dag.py:3239} INFO - Sync 1 DAGs
[2026-06-05T13:57:41.651+0000] {logging_mixin.py:190} INFO - [2026-06-05T13:57:41.650+0000] {dag.py:4180} INFO - Setting next_dagrun for example_time_delta_sensor_async to None, run_after=None
[2026-06-05T13:57:41.870+0000] {processor.py:208} INFO - Processing /home/airflow/.local/lib/python3.12/site-packages/airflow/example_dags/example_time_delta_sensor_async.py took 0.547 seconds
[2026-06-05T13:58:15.930+0000] {processor.py:186} INFO - Started process (PID=799) to work on /home/airflow/.local/lib/python3.12/site-packages/airflow/example_dags/example_time_delta_sensor_async.py
[2026-06-05T13:58:15.935+0000] {processor.py:914} INFO - Processing file /home/airflow/.local/lib/python3.12/site-packages/airflow/example_dags/example_time_delta_sensor_async.py for tasks to queue
[2026-06-05T13:58:15.961+0000] {logging_mixin.py:190} INFO - [2026-06-05T13:58:15.952+0000] {dagbag.py:588} INFO - Filling up the DagBag from /home/airflow/.local/lib/python3.12/site-packages/airflow/example_dags/example_time_delta_sensor_async.py
[2026-06-05T13:58:16.030+0000] {processor.py:925} INFO - DAG(s) 'example_time_delta_sensor_async' retrieved from /home/airflow/.local/lib/python3.12/site-packages/airflow/example_dags/example_time_delta_sensor_async.py
[2026-06-05T13:58:16.178+0000] {logging_mixin.py:190} INFO - [2026-06-05T13:58:16.178+0000] {dag.py:3239} INFO - Sync 1 DAGs
[2026-06-05T13:58:16.302+0000] {logging_mixin.py:190} INFO - [2026-06-05T13:58:16.301+0000] {dag.py:4180} INFO - Setting next_dagrun for example_time_delta_sensor_async to None, run_after=None
[2026-06-05T13:58:16.445+0000] {processor.py:208} INFO - Processing /home/airflow/.local/lib/python3.12/site-packages/airflow/example_dags/example_time_delta_sensor_async.py took 0.556 seconds
[2026-06-05T13:58:48.853+0000] {processor.py:186} INFO - Started process (PID=862) to work on /home/airflow/.local/lib/python3.12/site-packages/airflow/example_dags/example_time_delta_sensor_async.py
[2026-06-05T13:58:48.858+0000] {processor.py:914} INFO - Processing file /home/airflow/.local/lib/python3.12/site-packages/airflow/example_dags/example_time_delta_sensor_async.py for tasks to queue
[2026-06-05T13:58:48.875+0000] {logging_mixin.py:190} INFO - [2026-06-05T13:58:48.874+0000] {dagbag.py:588} INFO - Filling up the DagBag from /home/airflow/.local/lib/python3.12/site-packages/airflow/example_dags/example_time_delta_sensor_async.py
[2026-06-05T13:58:48.916+0000] {processor.py:925} INFO - DAG(s) 'example_time_delta_sensor_async' retrieved from /home/airflow/.local/lib/python3.12/site-packages/airflow/example_dags/example_time_delta_sensor_async.py
[2026-06-05T13:58:49.028+0000] {logging_mixin.py:190} INFO - [2026-06-05T13:58:49.026+0000] {dag.py:3239} INFO - Sync 1 DAGs
[2026-06-05T13:58:49.114+0000] {logging_mixin.py:190} INFO - [2026-06-05T13:58:49.113+0000] {dag.py:4180} INFO - Setting next_dagrun for example_time_delta_sensor_async to None, run_after=None
[2026-06-05T13:58:49.224+0000] {processor.py:208} INFO - Processing /home/airflow/.local/lib/python3.12/site-packages/airflow/example_dags/example_time_delta_sensor_async.py took 0.416 seconds
[2026-06-05T13:59:19.479+0000] {processor.py:186} INFO - Started process (PID=930) to work on /home/airflow/.local/lib/python3.12/site-packages/airflow/example_dags/example_time_delta_sensor_async.py
[2026-06-05T13:59:19.483+0000] {processor.py:914} INFO - Processing file /home/airflow/.local/lib/python3.12/site-packages/airflow/example_dags/example_time_delta_sensor_async.py for tasks to queue
[2026-06-05T13:59:19.497+0000] {logging_mixin.py:190} INFO - [2026-06-05T13:59:19.496+0000] {dagbag.py:588} INFO - Filling up the DagBag from /home/airflow/.local/lib/python3.12/site-packages/airflow/example_dags/example_time_delta_sensor_async.py
[2026-06-05T13:59:19.530+0000] {processor.py:925} INFO - DAG(s) 'example_time_delta_sensor_async' retrieved from /home/airflow/.local/lib/python3.12/site-packages/airflow/example_dags/example_time_delta_sensor_async.py
[2026-06-05T13:59:19.601+0000] {logging_mixin.py:190} INFO - [2026-06-05T13:59:19.600+0000] {dag.py:3239} INFO - Sync 1 DAGs
[2026-06-05T13:59:19.652+0000] {logging_mixin.py:190} INFO - [2026-06-05T13:59:19.651+0000] {dag.py:4180} INFO - Setting next_dagrun for example_time_delta_sensor_async to None, run_after=None
[2026-06-05T13:59:19.720+0000] {processor.py:208} INFO - Processing /home/airflow/.local/lib/python3.12/site-packages/airflow/example_dags/example_time_delta_sensor_async.py took 0.271 seconds
