[2026-06-05T13:52:39.986+0000] {processor.py:186} INFO - Started process (PID=137) to work on /home/airflow/.local/lib/python3.12/site-packages/airflow/example_dags/example_branch_operator.py
[2026-06-05T13:52:39.989+0000] {processor.py:914} INFO - Processing file /home/airflow/.local/lib/python3.12/site-packages/airflow/example_dags/example_branch_operator.py for tasks to queue
[2026-06-05T13:52:39.998+0000] {logging_mixin.py:190} INFO - [2026-06-05T13:52:39.997+0000] {dagbag.py:588} INFO - Filling up the DagBag from /home/airflow/.local/lib/python3.12/site-packages/airflow/example_dags/example_branch_operator.py
[2026-06-05T13:52:40.350+0000] {processor.py:925} INFO - DAG(s) 'example_branch_operator' retrieved from /home/airflow/.local/lib/python3.12/site-packages/airflow/example_dags/example_branch_operator.py
[2026-06-05T13:52:41.150+0000] {logging_mixin.py:190} INFO - [2026-06-05T13:52:41.149+0000] {override.py:1900} INFO - Created Permission View: can delete on DAG:example_branch_operator
[2026-06-05T13:52:41.265+0000] {logging_mixin.py:190} INFO - [2026-06-05T13:52:41.264+0000] {override.py:1900} INFO - Created Permission View: can read on DAG:example_branch_operator
[2026-06-05T13:52:41.341+0000] {logging_mixin.py:190} INFO - [2026-06-05T13:52:41.340+0000] {override.py:1900} INFO - Created Permission View: can edit on DAG:example_branch_operator
[2026-06-05T13:52:41.429+0000] {logging_mixin.py:190} INFO - [2026-06-05T13:52:41.428+0000] {override.py:1900} INFO - Created Permission View: menu access on DAG Run:example_branch_operator
[2026-06-05T13:52:41.472+0000] {logging_mixin.py:190} INFO - [2026-06-05T13:52:41.471+0000] {override.py:1900} INFO - Created Permission View: can delete on DAG Run:example_branch_operator
[2026-06-05T13:52:41.545+0000] {logging_mixin.py:190} INFO - [2026-06-05T13:52:41.544+0000] {override.py:1900} INFO - Created Permission View: can read on DAG Run:example_branch_operator
[2026-06-05T13:52:41.613+0000] {logging_mixin.py:190} INFO - [2026-06-05T13:52:41.612+0000] {override.py:1900} INFO - Created Permission View: can create on DAG Run:example_branch_operator
[2026-06-05T13:52:41.615+0000] {logging_mixin.py:190} INFO - [2026-06-05T13:52:41.615+0000] {dag.py:3239} INFO - Sync 1 DAGs
[2026-06-05T13:52:41.718+0000] {logging_mixin.py:190} INFO - [2026-06-05T13:52:41.717+0000] {dag.py:3262} INFO - Creating ORM DAG for example_branch_operator
[2026-06-05T13:52:41.786+0000] {logging_mixin.py:190} INFO - [2026-06-05T13:52:41.785+0000] {dag.py:4180} INFO - Setting next_dagrun for example_branch_operator to 2026-06-04 00:00:00+00:00, run_after=2026-06-05 00:00:00+00:00
[2026-06-05T13:52:41.882+0000] {processor.py:208} INFO - Processing /home/airflow/.local/lib/python3.12/site-packages/airflow/example_dags/example_branch_operator.py took 1.931 seconds
[2026-06-05T13:53:12.330+0000] {processor.py:186} INFO - Started process (PID=197) to work on /home/airflow/.local/lib/python3.12/site-packages/airflow/example_dags/example_branch_operator.py
[2026-06-05T13:53:12.333+0000] {processor.py:914} INFO - Processing file /home/airflow/.local/lib/python3.12/site-packages/airflow/example_dags/example_branch_operator.py for tasks to queue
[2026-06-05T13:53:12.338+0000] {logging_mixin.py:190} INFO - [2026-06-05T13:53:12.337+0000] {dagbag.py:588} INFO - Filling up the DagBag from /home/airflow/.local/lib/python3.12/site-packages/airflow/example_dags/example_branch_operator.py
[2026-06-05T13:53:12.367+0000] {processor.py:925} INFO - DAG(s) 'example_branch_operator' retrieved from /home/airflow/.local/lib/python3.12/site-packages/airflow/example_dags/example_branch_operator.py
[2026-06-05T13:53:12.414+0000] {logging_mixin.py:190} INFO - [2026-06-05T13:53:12.413+0000] {dag.py:3239} INFO - Sync 1 DAGs
[2026-06-05T13:53:12.453+0000] {logging_mixin.py:190} INFO - [2026-06-05T13:53:12.453+0000] {dag.py:4180} INFO - Setting next_dagrun for example_branch_operator to 2026-06-04 00:00:00+00:00, run_after=2026-06-05 00:00:00+00:00
[2026-06-05T13:53:12.485+0000] {processor.py:208} INFO - Processing /home/airflow/.local/lib/python3.12/site-packages/airflow/example_dags/example_branch_operator.py took 0.164 seconds
[2026-06-05T13:53:42.919+0000] {processor.py:186} INFO - Started process (PID=259) to work on /home/airflow/.local/lib/python3.12/site-packages/airflow/example_dags/example_branch_operator.py
[2026-06-05T13:53:42.921+0000] {processor.py:914} INFO - Processing file /home/airflow/.local/lib/python3.12/site-packages/airflow/example_dags/example_branch_operator.py for tasks to queue
[2026-06-05T13:53:42.925+0000] {logging_mixin.py:190} INFO - [2026-06-05T13:53:42.924+0000] {dagbag.py:588} INFO - Filling up the DagBag from /home/airflow/.local/lib/python3.12/site-packages/airflow/example_dags/example_branch_operator.py
[2026-06-05T13:53:42.951+0000] {processor.py:925} INFO - DAG(s) 'example_branch_operator' retrieved from /home/airflow/.local/lib/python3.12/site-packages/airflow/example_dags/example_branch_operator.py
[2026-06-05T13:53:42.991+0000] {logging_mixin.py:190} INFO - [2026-06-05T13:53:42.990+0000] {dag.py:3239} INFO - Sync 1 DAGs
[2026-06-05T13:53:43.025+0000] {logging_mixin.py:190} INFO - [2026-06-05T13:53:43.025+0000] {dag.py:4180} INFO - Setting next_dagrun for example_branch_operator to 2026-06-04 00:00:00+00:00, run_after=2026-06-05 00:00:00+00:00
[2026-06-05T13:53:43.056+0000] {processor.py:208} INFO - Processing /home/airflow/.local/lib/python3.12/site-packages/airflow/example_dags/example_branch_operator.py took 0.144 seconds
[2026-06-05T13:54:13.172+0000] {processor.py:186} INFO - Started process (PID=321) to work on /home/airflow/.local/lib/python3.12/site-packages/airflow/example_dags/example_branch_operator.py
[2026-06-05T13:54:13.175+0000] {processor.py:914} INFO - Processing file /home/airflow/.local/lib/python3.12/site-packages/airflow/example_dags/example_branch_operator.py for tasks to queue
[2026-06-05T13:54:13.181+0000] {logging_mixin.py:190} INFO - [2026-06-05T13:54:13.180+0000] {dagbag.py:588} INFO - Filling up the DagBag from /home/airflow/.local/lib/python3.12/site-packages/airflow/example_dags/example_branch_operator.py
[2026-06-05T13:54:13.212+0000] {processor.py:925} INFO - DAG(s) 'example_branch_operator' retrieved from /home/airflow/.local/lib/python3.12/site-packages/airflow/example_dags/example_branch_operator.py
[2026-06-05T13:54:13.258+0000] {logging_mixin.py:190} INFO - [2026-06-05T13:54:13.257+0000] {dag.py:3239} INFO - Sync 1 DAGs
[2026-06-05T13:54:13.296+0000] {logging_mixin.py:190} INFO - [2026-06-05T13:54:13.296+0000] {dag.py:4180} INFO - Setting next_dagrun for example_branch_operator to 2026-06-04 00:00:00+00:00, run_after=2026-06-05 00:00:00+00:00
[2026-06-05T13:54:13.327+0000] {processor.py:208} INFO - Processing /home/airflow/.local/lib/python3.12/site-packages/airflow/example_dags/example_branch_operator.py took 0.165 seconds
[2026-06-05T13:54:47.056+0000] {processor.py:186} INFO - Started process (PID=389) to work on /home/airflow/.local/lib/python3.12/site-packages/airflow/example_dags/example_branch_operator.py
[2026-06-05T13:54:47.121+0000] {processor.py:914} INFO - Processing file /home/airflow/.local/lib/python3.12/site-packages/airflow/example_dags/example_branch_operator.py for tasks to queue
[2026-06-05T13:54:47.207+0000] {logging_mixin.py:190} INFO - [2026-06-05T13:54:47.192+0000] {dagbag.py:588} INFO - Filling up the DagBag from /home/airflow/.local/lib/python3.12/site-packages/airflow/example_dags/example_branch_operator.py
[2026-06-05T13:54:47.654+0000] {processor.py:925} INFO - DAG(s) 'example_branch_operator' retrieved from /home/airflow/.local/lib/python3.12/site-packages/airflow/example_dags/example_branch_operator.py
[2026-06-05T13:54:48.230+0000] {logging_mixin.py:190} INFO - [2026-06-05T13:54:48.222+0000] {dag.py:3239} INFO - Sync 1 DAGs
[2026-06-05T13:54:48.705+0000] {logging_mixin.py:190} INFO - [2026-06-05T13:54:48.704+0000] {dag.py:4180} INFO - Setting next_dagrun for example_branch_operator to 2026-06-04 00:00:00+00:00, run_after=2026-06-05 00:00:00+00:00
[2026-06-05T13:54:48.885+0000] {processor.py:208} INFO - Processing /home/airflow/.local/lib/python3.12/site-packages/airflow/example_dags/example_branch_operator.py took 1.967 seconds
[2026-06-05T13:55:19.252+0000] {processor.py:186} INFO - Started process (PID=451) to work on /home/airflow/.local/lib/python3.12/site-packages/airflow/example_dags/example_branch_operator.py
[2026-06-05T13:55:19.254+0000] {processor.py:914} INFO - Processing file /home/airflow/.local/lib/python3.12/site-packages/airflow/example_dags/example_branch_operator.py for tasks to queue
[2026-06-05T13:55:19.259+0000] {logging_mixin.py:190} INFO - [2026-06-05T13:55:19.258+0000] {dagbag.py:588} INFO - Filling up the DagBag from /home/airflow/.local/lib/python3.12/site-packages/airflow/example_dags/example_branch_operator.py
[2026-06-05T13:55:19.301+0000] {processor.py:925} INFO - DAG(s) 'example_branch_operator' retrieved from /home/airflow/.local/lib/python3.12/site-packages/airflow/example_dags/example_branch_operator.py
[2026-06-05T13:55:19.351+0000] {logging_mixin.py:190} INFO - [2026-06-05T13:55:19.351+0000] {dag.py:3239} INFO - Sync 1 DAGs
[2026-06-05T13:55:19.404+0000] {logging_mixin.py:190} INFO - [2026-06-05T13:55:19.403+0000] {dag.py:4180} INFO - Setting next_dagrun for example_branch_operator to 2026-06-04 00:00:00+00:00, run_after=2026-06-05 00:00:00+00:00
[2026-06-05T13:55:19.446+0000] {processor.py:208} INFO - Processing /home/airflow/.local/lib/python3.12/site-packages/airflow/example_dags/example_branch_operator.py took 0.208 seconds
[2026-06-05T13:55:50.390+0000] {processor.py:186} INFO - Started process (PID=514) to work on /home/airflow/.local/lib/python3.12/site-packages/airflow/example_dags/example_branch_operator.py
[2026-06-05T13:55:50.394+0000] {processor.py:914} INFO - Processing file /home/airflow/.local/lib/python3.12/site-packages/airflow/example_dags/example_branch_operator.py for tasks to queue
[2026-06-05T13:55:50.402+0000] {logging_mixin.py:190} INFO - [2026-06-05T13:55:50.401+0000] {dagbag.py:588} INFO - Filling up the DagBag from /home/airflow/.local/lib/python3.12/site-packages/airflow/example_dags/example_branch_operator.py
[2026-06-05T13:55:50.504+0000] {processor.py:925} INFO - DAG(s) 'example_branch_operator' retrieved from /home/airflow/.local/lib/python3.12/site-packages/airflow/example_dags/example_branch_operator.py
[2026-06-05T13:55:50.603+0000] {logging_mixin.py:190} INFO - [2026-06-05T13:55:50.602+0000] {dag.py:3239} INFO - Sync 1 DAGs
[2026-06-05T13:55:50.711+0000] {logging_mixin.py:190} INFO - [2026-06-05T13:55:50.710+0000] {dag.py:4180} INFO - Setting next_dagrun for example_branch_operator to 2026-06-04 00:00:00+00:00, run_after=2026-06-05 00:00:00+00:00
[2026-06-05T13:55:50.834+0000] {processor.py:208} INFO - Processing /home/airflow/.local/lib/python3.12/site-packages/airflow/example_dags/example_branch_operator.py took 0.478 seconds
[2026-06-05T13:56:21.814+0000] {processor.py:186} INFO - Started process (PID=577) to work on /home/airflow/.local/lib/python3.12/site-packages/airflow/example_dags/example_branch_operator.py
[2026-06-05T13:56:21.818+0000] {processor.py:914} INFO - Processing file /home/airflow/.local/lib/python3.12/site-packages/airflow/example_dags/example_branch_operator.py for tasks to queue
[2026-06-05T13:56:21.825+0000] {logging_mixin.py:190} INFO - [2026-06-05T13:56:21.824+0000] {dagbag.py:588} INFO - Filling up the DagBag from /home/airflow/.local/lib/python3.12/site-packages/airflow/example_dags/example_branch_operator.py
[2026-06-05T13:56:21.875+0000] {processor.py:925} INFO - DAG(s) 'example_branch_operator' retrieved from /home/airflow/.local/lib/python3.12/site-packages/airflow/example_dags/example_branch_operator.py
[2026-06-05T13:56:21.952+0000] {logging_mixin.py:190} INFO - [2026-06-05T13:56:21.951+0000] {dag.py:3239} INFO - Sync 1 DAGs
[2026-06-05T13:56:22.025+0000] {logging_mixin.py:190} INFO - [2026-06-05T13:56:22.025+0000] {dag.py:4180} INFO - Setting next_dagrun for example_branch_operator to 2026-06-04 00:00:00+00:00, run_after=2026-06-05 00:00:00+00:00
[2026-06-05T13:56:22.096+0000] {processor.py:208} INFO - Processing /home/airflow/.local/lib/python3.12/site-packages/airflow/example_dags/example_branch_operator.py took 0.302 seconds
[2026-06-05T13:56:53.445+0000] {processor.py:186} INFO - Started process (PID=639) to work on /home/airflow/.local/lib/python3.12/site-packages/airflow/example_dags/example_branch_operator.py
[2026-06-05T13:56:53.449+0000] {processor.py:914} INFO - Processing file /home/airflow/.local/lib/python3.12/site-packages/airflow/example_dags/example_branch_operator.py for tasks to queue
[2026-06-05T13:56:53.475+0000] {logging_mixin.py:190} INFO - [2026-06-05T13:56:53.466+0000] {dagbag.py:588} INFO - Filling up the DagBag from /home/airflow/.local/lib/python3.12/site-packages/airflow/example_dags/example_branch_operator.py
[2026-06-05T13:56:53.596+0000] {processor.py:925} INFO - DAG(s) 'example_branch_operator' retrieved from /home/airflow/.local/lib/python3.12/site-packages/airflow/example_dags/example_branch_operator.py
[2026-06-05T13:56:53.720+0000] {logging_mixin.py:190} INFO - [2026-06-05T13:56:53.719+0000] {dag.py:3239} INFO - Sync 1 DAGs
[2026-06-05T13:56:53.862+0000] {logging_mixin.py:190} INFO - [2026-06-05T13:56:53.861+0000] {dag.py:4180} INFO - Setting next_dagrun for example_branch_operator to 2026-06-04 00:00:00+00:00, run_after=2026-06-05 00:00:00+00:00
[2026-06-05T13:56:53.937+0000] {processor.py:208} INFO - Processing /home/airflow/.local/lib/python3.12/site-packages/airflow/example_dags/example_branch_operator.py took 0.533 seconds
[2026-06-05T13:57:25.323+0000] {processor.py:186} INFO - Started process (PID=701) to work on /home/airflow/.local/lib/python3.12/site-packages/airflow/example_dags/example_branch_operator.py
[2026-06-05T13:57:25.327+0000] {processor.py:914} INFO - Processing file /home/airflow/.local/lib/python3.12/site-packages/airflow/example_dags/example_branch_operator.py for tasks to queue
[2026-06-05T13:57:25.337+0000] {logging_mixin.py:190} INFO - [2026-06-05T13:57:25.336+0000] {dagbag.py:588} INFO - Filling up the DagBag from /home/airflow/.local/lib/python3.12/site-packages/airflow/example_dags/example_branch_operator.py
[2026-06-05T13:57:25.417+0000] {processor.py:925} INFO - DAG(s) 'example_branch_operator' retrieved from /home/airflow/.local/lib/python3.12/site-packages/airflow/example_dags/example_branch_operator.py
[2026-06-05T13:57:25.584+0000] {logging_mixin.py:190} INFO - [2026-06-05T13:57:25.574+0000] {dag.py:3239} INFO - Sync 1 DAGs
[2026-06-05T13:57:25.717+0000] {logging_mixin.py:190} INFO - [2026-06-05T13:57:25.716+0000] {dag.py:4180} INFO - Setting next_dagrun for example_branch_operator to 2026-06-04 00:00:00+00:00, run_after=2026-06-05 00:00:00+00:00
[2026-06-05T13:57:25.845+0000] {processor.py:208} INFO - Processing /home/airflow/.local/lib/python3.12/site-packages/airflow/example_dags/example_branch_operator.py took 0.550 seconds
[2026-06-05T13:57:56.510+0000] {processor.py:186} INFO - Started process (PID=763) to work on /home/airflow/.local/lib/python3.12/site-packages/airflow/example_dags/example_branch_operator.py
[2026-06-05T13:57:56.513+0000] {processor.py:914} INFO - Processing file /home/airflow/.local/lib/python3.12/site-packages/airflow/example_dags/example_branch_operator.py for tasks to queue
[2026-06-05T13:57:56.521+0000] {logging_mixin.py:190} INFO - [2026-06-05T13:57:56.520+0000] {dagbag.py:588} INFO - Filling up the DagBag from /home/airflow/.local/lib/python3.12/site-packages/airflow/example_dags/example_branch_operator.py
[2026-06-05T13:57:56.574+0000] {processor.py:925} INFO - DAG(s) 'example_branch_operator' retrieved from /home/airflow/.local/lib/python3.12/site-packages/airflow/example_dags/example_branch_operator.py
[2026-06-05T13:57:56.704+0000] {logging_mixin.py:190} INFO - [2026-06-05T13:57:56.702+0000] {dag.py:3239} INFO - Sync 1 DAGs
[2026-06-05T13:57:56.811+0000] {logging_mixin.py:190} INFO - [2026-06-05T13:57:56.811+0000] {dag.py:4180} INFO - Setting next_dagrun for example_branch_operator to 2026-06-04 00:00:00+00:00, run_after=2026-06-05 00:00:00+00:00
[2026-06-05T13:57:57.133+0000] {processor.py:208} INFO - Processing /home/airflow/.local/lib/python3.12/site-packages/airflow/example_dags/example_branch_operator.py took 0.644 seconds
[2026-06-05T13:58:27.833+0000] {processor.py:186} INFO - Started process (PID=825) to work on /home/airflow/.local/lib/python3.12/site-packages/airflow/example_dags/example_branch_operator.py
[2026-06-05T13:58:27.836+0000] {processor.py:914} INFO - Processing file /home/airflow/.local/lib/python3.12/site-packages/airflow/example_dags/example_branch_operator.py for tasks to queue
[2026-06-05T13:58:27.849+0000] {logging_mixin.py:190} INFO - [2026-06-05T13:58:27.848+0000] {dagbag.py:588} INFO - Filling up the DagBag from /home/airflow/.local/lib/python3.12/site-packages/airflow/example_dags/example_branch_operator.py
[2026-06-05T13:58:27.924+0000] {processor.py:925} INFO - DAG(s) 'example_branch_operator' retrieved from /home/airflow/.local/lib/python3.12/site-packages/airflow/example_dags/example_branch_operator.py
[2026-06-05T13:58:28.029+0000] {logging_mixin.py:190} INFO - [2026-06-05T13:58:28.028+0000] {dag.py:3239} INFO - Sync 1 DAGs
[2026-06-05T13:58:28.113+0000] {logging_mixin.py:190} INFO - [2026-06-05T13:58:28.113+0000] {dag.py:4180} INFO - Setting next_dagrun for example_branch_operator to 2026-06-04 00:00:00+00:00, run_after=2026-06-05 00:00:00+00:00
[2026-06-05T13:58:28.189+0000] {processor.py:208} INFO - Processing /home/airflow/.local/lib/python3.12/site-packages/airflow/example_dags/example_branch_operator.py took 0.385 seconds
[2026-06-05T13:58:58.725+0000] {processor.py:186} INFO - Started process (PID=887) to work on /home/airflow/.local/lib/python3.12/site-packages/airflow/example_dags/example_branch_operator.py
[2026-06-05T13:58:58.728+0000] {processor.py:914} INFO - Processing file /home/airflow/.local/lib/python3.12/site-packages/airflow/example_dags/example_branch_operator.py for tasks to queue
[2026-06-05T13:58:58.740+0000] {logging_mixin.py:190} INFO - [2026-06-05T13:58:58.738+0000] {dagbag.py:588} INFO - Filling up the DagBag from /home/airflow/.local/lib/python3.12/site-packages/airflow/example_dags/example_branch_operator.py
[2026-06-05T13:58:58.822+0000] {processor.py:925} INFO - DAG(s) 'example_branch_operator' retrieved from /home/airflow/.local/lib/python3.12/site-packages/airflow/example_dags/example_branch_operator.py
[2026-06-05T13:58:58.964+0000] {logging_mixin.py:190} INFO - [2026-06-05T13:58:58.963+0000] {dag.py:3239} INFO - Sync 1 DAGs
[2026-06-05T13:58:59.126+0000] {logging_mixin.py:190} INFO - [2026-06-05T13:58:59.125+0000] {dag.py:4180} INFO - Setting next_dagrun for example_branch_operator to 2026-06-04 00:00:00+00:00, run_after=2026-06-05 00:00:00+00:00
[2026-06-05T13:58:59.268+0000] {processor.py:208} INFO - Processing /home/airflow/.local/lib/python3.12/site-packages/airflow/example_dags/example_branch_operator.py took 0.572 seconds
