[2026-06-05T13:52:44.512+0000] {processor.py:186} INFO - Started process (PID=140) to work on /home/airflow/.local/lib/python3.12/site-packages/airflow/example_dags/example_sla_dag.py
[2026-06-05T13:52:44.519+0000] {processor.py:914} INFO - Processing file /home/airflow/.local/lib/python3.12/site-packages/airflow/example_dags/example_sla_dag.py for tasks to queue
[2026-06-05T13:52:44.531+0000] {logging_mixin.py:190} INFO - [2026-06-05T13:52:44.528+0000] {dagbag.py:588} INFO - Filling up the DagBag from /home/airflow/.local/lib/python3.12/site-packages/airflow/example_dags/example_sla_dag.py
[2026-06-05T13:52:44.586+0000] {processor.py:925} INFO - DAG(s) 'example_sla_dag' retrieved from /home/airflow/.local/lib/python3.12/site-packages/airflow/example_dags/example_sla_dag.py
[2026-06-05T13:52:45.219+0000] {logging_mixin.py:190} INFO - [2026-06-05T13:52:45.212+0000] {override.py:1900} INFO - Created Permission View: can delete on DAG:example_sla_dag
[2026-06-05T13:52:45.289+0000] {logging_mixin.py:190} INFO - [2026-06-05T13:52:45.288+0000] {override.py:1900} INFO - Created Permission View: can read on DAG:example_sla_dag
[2026-06-05T13:52:45.362+0000] {logging_mixin.py:190} INFO - [2026-06-05T13:52:45.352+0000] {override.py:1900} INFO - Created Permission View: can edit on DAG:example_sla_dag
[2026-06-05T13:52:45.445+0000] {logging_mixin.py:190} INFO - [2026-06-05T13:52:45.443+0000] {override.py:1900} INFO - Created Permission View: menu access on DAG Run:example_sla_dag
[2026-06-05T13:52:45.502+0000] {logging_mixin.py:190} INFO - [2026-06-05T13:52:45.501+0000] {override.py:1900} INFO - Created Permission View: can delete on DAG Run:example_sla_dag
[2026-06-05T13:52:45.545+0000] {logging_mixin.py:190} INFO - [2026-06-05T13:52:45.544+0000] {override.py:1900} INFO - Created Permission View: can read on DAG Run:example_sla_dag
[2026-06-05T13:52:45.585+0000] {logging_mixin.py:190} INFO - [2026-06-05T13:52:45.584+0000] {override.py:1900} INFO - Created Permission View: can create on DAG Run:example_sla_dag
[2026-06-05T13:52:45.588+0000] {logging_mixin.py:190} INFO - [2026-06-05T13:52:45.587+0000] {dag.py:3239} INFO - Sync 1 DAGs
[2026-06-05T13:52:45.692+0000] {logging_mixin.py:190} INFO - [2026-06-05T13:52:45.660+0000] {dag.py:3262} INFO - Creating ORM DAG for example_sla_dag
[2026-06-05T13:52:45.778+0000] {logging_mixin.py:190} INFO - [2026-06-05T13:52:45.778+0000] {dag.py:4180} INFO - Setting next_dagrun for example_sla_dag to 2026-06-05 13:50:00+00:00, run_after=2026-06-05 13:52:00+00:00
[2026-06-05T13:52:45.847+0000] {processor.py:208} INFO - Processing /home/airflow/.local/lib/python3.12/site-packages/airflow/example_dags/example_sla_dag.py took 1.360 seconds
[2026-06-05T13:53:16.055+0000] {processor.py:186} INFO - Started process (PID=207) to work on /home/airflow/.local/lib/python3.12/site-packages/airflow/example_dags/example_sla_dag.py
[2026-06-05T13:53:16.057+0000] {processor.py:914} INFO - Processing file /home/airflow/.local/lib/python3.12/site-packages/airflow/example_dags/example_sla_dag.py for tasks to queue
[2026-06-05T13:53:16.061+0000] {logging_mixin.py:190} INFO - [2026-06-05T13:53:16.060+0000] {dagbag.py:588} INFO - Filling up the DagBag from /home/airflow/.local/lib/python3.12/site-packages/airflow/example_dags/example_sla_dag.py
[2026-06-05T13:53:16.078+0000] {processor.py:925} INFO - DAG(s) 'example_sla_dag' retrieved from /home/airflow/.local/lib/python3.12/site-packages/airflow/example_dags/example_sla_dag.py
[2026-06-05T13:53:16.110+0000] {logging_mixin.py:190} INFO - [2026-06-05T13:53:16.109+0000] {dag.py:3239} INFO - Sync 1 DAGs
[2026-06-05T13:53:16.158+0000] {logging_mixin.py:190} INFO - [2026-06-05T13:53:16.158+0000] {dag.py:4180} INFO - Setting next_dagrun for example_sla_dag to 2026-06-05 13:50:00+00:00, run_after=2026-06-05 13:52:00+00:00
[2026-06-05T13:53:16.196+0000] {processor.py:208} INFO - Processing /home/airflow/.local/lib/python3.12/site-packages/airflow/example_dags/example_sla_dag.py took 0.151 seconds
[2026-06-05T13:53:46.387+0000] {processor.py:186} INFO - Started process (PID=269) to work on /home/airflow/.local/lib/python3.12/site-packages/airflow/example_dags/example_sla_dag.py
[2026-06-05T13:53:46.389+0000] {processor.py:914} INFO - Processing file /home/airflow/.local/lib/python3.12/site-packages/airflow/example_dags/example_sla_dag.py for tasks to queue
[2026-06-05T13:53:46.393+0000] {logging_mixin.py:190} INFO - [2026-06-05T13:53:46.393+0000] {dagbag.py:588} INFO - Filling up the DagBag from /home/airflow/.local/lib/python3.12/site-packages/airflow/example_dags/example_sla_dag.py
[2026-06-05T13:53:46.412+0000] {processor.py:925} INFO - DAG(s) 'example_sla_dag' retrieved from /home/airflow/.local/lib/python3.12/site-packages/airflow/example_dags/example_sla_dag.py
[2026-06-05T13:53:46.451+0000] {logging_mixin.py:190} INFO - [2026-06-05T13:53:46.450+0000] {dag.py:3239} INFO - Sync 1 DAGs
[2026-06-05T13:53:46.502+0000] {logging_mixin.py:190} INFO - [2026-06-05T13:53:46.502+0000] {dag.py:4180} INFO - Setting next_dagrun for example_sla_dag to 2026-06-05 13:50:00+00:00, run_after=2026-06-05 13:52:00+00:00
[2026-06-05T13:53:46.549+0000] {processor.py:208} INFO - Processing /home/airflow/.local/lib/python3.12/site-packages/airflow/example_dags/example_sla_dag.py took 0.173 seconds
[2026-06-05T13:54:16.620+0000] {processor.py:186} INFO - Started process (PID=330) to work on /home/airflow/.local/lib/python3.12/site-packages/airflow/example_dags/example_sla_dag.py
[2026-06-05T13:54:16.623+0000] {processor.py:914} INFO - Processing file /home/airflow/.local/lib/python3.12/site-packages/airflow/example_dags/example_sla_dag.py for tasks to queue
[2026-06-05T13:54:16.627+0000] {logging_mixin.py:190} INFO - [2026-06-05T13:54:16.627+0000] {dagbag.py:588} INFO - Filling up the DagBag from /home/airflow/.local/lib/python3.12/site-packages/airflow/example_dags/example_sla_dag.py
[2026-06-05T13:54:16.643+0000] {processor.py:925} INFO - DAG(s) 'example_sla_dag' retrieved from /home/airflow/.local/lib/python3.12/site-packages/airflow/example_dags/example_sla_dag.py
[2026-06-05T13:54:16.676+0000] {logging_mixin.py:190} INFO - [2026-06-05T13:54:16.675+0000] {dag.py:3239} INFO - Sync 1 DAGs
[2026-06-05T13:54:16.714+0000] {logging_mixin.py:190} INFO - [2026-06-05T13:54:16.714+0000] {dag.py:4180} INFO - Setting next_dagrun for example_sla_dag to 2026-06-05 13:52:00+00:00, run_after=2026-06-05 13:54:00+00:00
[2026-06-05T13:54:16.751+0000] {processor.py:208} INFO - Processing /home/airflow/.local/lib/python3.12/site-packages/airflow/example_dags/example_sla_dag.py took 0.140 seconds
[2026-06-05T13:54:49.954+0000] {processor.py:186} INFO - Started process (PID=393) to work on /home/airflow/.local/lib/python3.12/site-packages/airflow/example_dags/example_sla_dag.py
[2026-06-05T13:54:49.967+0000] {processor.py:914} INFO - Processing file /home/airflow/.local/lib/python3.12/site-packages/airflow/example_dags/example_sla_dag.py for tasks to queue
[2026-06-05T13:54:49.977+0000] {logging_mixin.py:190} INFO - [2026-06-05T13:54:49.975+0000] {dagbag.py:588} INFO - Filling up the DagBag from /home/airflow/.local/lib/python3.12/site-packages/airflow/example_dags/example_sla_dag.py
[2026-06-05T13:54:50.036+0000] {processor.py:925} INFO - DAG(s) 'example_sla_dag' retrieved from /home/airflow/.local/lib/python3.12/site-packages/airflow/example_dags/example_sla_dag.py
[2026-06-05T13:54:50.202+0000] {logging_mixin.py:190} INFO - [2026-06-05T13:54:50.201+0000] {dag.py:3239} INFO - Sync 1 DAGs
[2026-06-05T13:54:50.397+0000] {logging_mixin.py:190} INFO - [2026-06-05T13:54:50.396+0000] {dag.py:4180} INFO - Setting next_dagrun for example_sla_dag to 2026-06-05 13:52:00+00:00, run_after=2026-06-05 13:54:00+00:00
[2026-06-05T13:54:50.501+0000] {processor.py:208} INFO - Processing /home/airflow/.local/lib/python3.12/site-packages/airflow/example_dags/example_sla_dag.py took 0.586 seconds
[2026-06-05T13:55:20.709+0000] {processor.py:186} INFO - Started process (PID=454) to work on /home/airflow/.local/lib/python3.12/site-packages/airflow/example_dags/example_sla_dag.py
[2026-06-05T13:55:20.711+0000] {processor.py:914} INFO - Processing file /home/airflow/.local/lib/python3.12/site-packages/airflow/example_dags/example_sla_dag.py for tasks to queue
[2026-06-05T13:55:20.716+0000] {logging_mixin.py:190} INFO - [2026-06-05T13:55:20.715+0000] {dagbag.py:588} INFO - Filling up the DagBag from /home/airflow/.local/lib/python3.12/site-packages/airflow/example_dags/example_sla_dag.py
[2026-06-05T13:55:20.733+0000] {processor.py:925} INFO - DAG(s) 'example_sla_dag' retrieved from /home/airflow/.local/lib/python3.12/site-packages/airflow/example_dags/example_sla_dag.py
[2026-06-05T13:55:20.765+0000] {logging_mixin.py:190} INFO - [2026-06-05T13:55:20.764+0000] {dag.py:3239} INFO - Sync 1 DAGs
[2026-06-05T13:55:20.802+0000] {logging_mixin.py:190} INFO - [2026-06-05T13:55:20.802+0000] {dag.py:4180} INFO - Setting next_dagrun for example_sla_dag to 2026-06-05 13:52:00+00:00, run_after=2026-06-05 13:54:00+00:00
[2026-06-05T13:55:20.845+0000] {processor.py:208} INFO - Processing /home/airflow/.local/lib/python3.12/site-packages/airflow/example_dags/example_sla_dag.py took 0.146 seconds
[2026-06-05T13:55:51.614+0000] {processor.py:186} INFO - Started process (PID=517) to work on /home/airflow/.local/lib/python3.12/site-packages/airflow/example_dags/example_sla_dag.py
[2026-06-05T13:55:51.619+0000] {processor.py:914} INFO - Processing file /home/airflow/.local/lib/python3.12/site-packages/airflow/example_dags/example_sla_dag.py for tasks to queue
[2026-06-05T13:55:51.644+0000] {logging_mixin.py:190} INFO - [2026-06-05T13:55:51.643+0000] {dagbag.py:588} INFO - Filling up the DagBag from /home/airflow/.local/lib/python3.12/site-packages/airflow/example_dags/example_sla_dag.py
[2026-06-05T13:55:51.702+0000] {processor.py:925} INFO - DAG(s) 'example_sla_dag' retrieved from /home/airflow/.local/lib/python3.12/site-packages/airflow/example_dags/example_sla_dag.py
[2026-06-05T13:55:51.838+0000] {logging_mixin.py:190} INFO - [2026-06-05T13:55:51.837+0000] {dag.py:3239} INFO - Sync 1 DAGs
[2026-06-05T13:55:52.088+0000] {logging_mixin.py:190} INFO - [2026-06-05T13:55:52.088+0000] {dag.py:4180} INFO - Setting next_dagrun for example_sla_dag to 2026-06-05 13:52:00+00:00, run_after=2026-06-05 13:54:00+00:00
[2026-06-05T13:55:52.204+0000] {processor.py:208} INFO - Processing /home/airflow/.local/lib/python3.12/site-packages/airflow/example_dags/example_sla_dag.py took 0.634 seconds
[2026-06-05T13:56:22.487+0000] {processor.py:186} INFO - Started process (PID=580) to work on /home/airflow/.local/lib/python3.12/site-packages/airflow/example_dags/example_sla_dag.py
[2026-06-05T13:56:22.489+0000] {processor.py:914} INFO - Processing file /home/airflow/.local/lib/python3.12/site-packages/airflow/example_dags/example_sla_dag.py for tasks to queue
[2026-06-05T13:56:22.495+0000] {logging_mixin.py:190} INFO - [2026-06-05T13:56:22.495+0000] {dagbag.py:588} INFO - Filling up the DagBag from /home/airflow/.local/lib/python3.12/site-packages/airflow/example_dags/example_sla_dag.py
[2026-06-05T13:56:22.520+0000] {processor.py:925} INFO - DAG(s) 'example_sla_dag' retrieved from /home/airflow/.local/lib/python3.12/site-packages/airflow/example_dags/example_sla_dag.py
[2026-06-05T13:56:22.565+0000] {logging_mixin.py:190} INFO - [2026-06-05T13:56:22.564+0000] {dag.py:3239} INFO - Sync 1 DAGs
[2026-06-05T13:56:22.612+0000] {logging_mixin.py:190} INFO - [2026-06-05T13:56:22.611+0000] {dag.py:4180} INFO - Setting next_dagrun for example_sla_dag to 2026-06-05 13:54:00+00:00, run_after=2026-06-05 13:56:00+00:00
[2026-06-05T13:56:22.661+0000] {processor.py:208} INFO - Processing /home/airflow/.local/lib/python3.12/site-packages/airflow/example_dags/example_sla_dag.py took 0.189 seconds
[2026-06-05T13:56:54.547+0000] {processor.py:186} INFO - Started process (PID=642) to work on /home/airflow/.local/lib/python3.12/site-packages/airflow/example_dags/example_sla_dag.py
[2026-06-05T13:56:54.551+0000] {processor.py:914} INFO - Processing file /home/airflow/.local/lib/python3.12/site-packages/airflow/example_dags/example_sla_dag.py for tasks to queue
[2026-06-05T13:56:54.560+0000] {logging_mixin.py:190} INFO - [2026-06-05T13:56:54.558+0000] {dagbag.py:588} INFO - Filling up the DagBag from /home/airflow/.local/lib/python3.12/site-packages/airflow/example_dags/example_sla_dag.py
[2026-06-05T13:56:54.617+0000] {processor.py:925} INFO - DAG(s) 'example_sla_dag' retrieved from /home/airflow/.local/lib/python3.12/site-packages/airflow/example_dags/example_sla_dag.py
[2026-06-05T13:56:54.712+0000] {logging_mixin.py:190} INFO - [2026-06-05T13:56:54.711+0000] {dag.py:3239} INFO - Sync 1 DAGs
[2026-06-05T13:56:54.815+0000] {logging_mixin.py:190} INFO - [2026-06-05T13:56:54.815+0000] {dag.py:4180} INFO - Setting next_dagrun for example_sla_dag to 2026-06-05 13:54:00+00:00, run_after=2026-06-05 13:56:00+00:00
[2026-06-05T13:56:54.886+0000] {processor.py:208} INFO - Processing /home/airflow/.local/lib/python3.12/site-packages/airflow/example_dags/example_sla_dag.py took 0.369 seconds
[2026-06-05T13:57:26.954+0000] {processor.py:186} INFO - Started process (PID=704) to work on /home/airflow/.local/lib/python3.12/site-packages/airflow/example_dags/example_sla_dag.py
[2026-06-05T13:57:26.958+0000] {processor.py:914} INFO - Processing file /home/airflow/.local/lib/python3.12/site-packages/airflow/example_dags/example_sla_dag.py for tasks to queue
[2026-06-05T13:57:26.976+0000] {logging_mixin.py:190} INFO - [2026-06-05T13:57:26.974+0000] {dagbag.py:588} INFO - Filling up the DagBag from /home/airflow/.local/lib/python3.12/site-packages/airflow/example_dags/example_sla_dag.py
[2026-06-05T13:57:27.034+0000] {processor.py:925} INFO - DAG(s) 'example_sla_dag' retrieved from /home/airflow/.local/lib/python3.12/site-packages/airflow/example_dags/example_sla_dag.py
[2026-06-05T13:57:27.123+0000] {logging_mixin.py:190} INFO - [2026-06-05T13:57:27.121+0000] {dag.py:3239} INFO - Sync 1 DAGs
[2026-06-05T13:57:27.249+0000] {logging_mixin.py:190} INFO - [2026-06-05T13:57:27.248+0000] {dag.py:4180} INFO - Setting next_dagrun for example_sla_dag to 2026-06-05 13:54:00+00:00, run_after=2026-06-05 13:56:00+00:00
[2026-06-05T13:57:27.373+0000] {processor.py:208} INFO - Processing /home/airflow/.local/lib/python3.12/site-packages/airflow/example_dags/example_sla_dag.py took 0.455 seconds
[2026-06-05T13:57:58.195+0000] {processor.py:186} INFO - Started process (PID=766) to work on /home/airflow/.local/lib/python3.12/site-packages/airflow/example_dags/example_sla_dag.py
[2026-06-05T13:57:58.199+0000] {processor.py:914} INFO - Processing file /home/airflow/.local/lib/python3.12/site-packages/airflow/example_dags/example_sla_dag.py for tasks to queue
[2026-06-05T13:57:58.213+0000] {logging_mixin.py:190} INFO - [2026-06-05T13:57:58.211+0000] {dagbag.py:588} INFO - Filling up the DagBag from /home/airflow/.local/lib/python3.12/site-packages/airflow/example_dags/example_sla_dag.py
[2026-06-05T13:57:58.268+0000] {processor.py:925} INFO - DAG(s) 'example_sla_dag' retrieved from /home/airflow/.local/lib/python3.12/site-packages/airflow/example_dags/example_sla_dag.py
[2026-06-05T13:57:58.338+0000] {logging_mixin.py:190} INFO - [2026-06-05T13:57:58.338+0000] {dag.py:3239} INFO - Sync 1 DAGs
[2026-06-05T13:57:58.479+0000] {logging_mixin.py:190} INFO - [2026-06-05T13:57:58.478+0000] {dag.py:4180} INFO - Setting next_dagrun for example_sla_dag to 2026-06-05 13:54:00+00:00, run_after=2026-06-05 13:56:00+00:00
[2026-06-05T13:57:59.062+0000] {processor.py:208} INFO - Processing /home/airflow/.local/lib/python3.12/site-packages/airflow/example_dags/example_sla_dag.py took 0.892 seconds
[2026-06-05T13:58:29.605+0000] {processor.py:186} INFO - Started process (PID=829) to work on /home/airflow/.local/lib/python3.12/site-packages/airflow/example_dags/example_sla_dag.py
[2026-06-05T13:58:29.610+0000] {processor.py:914} INFO - Processing file /home/airflow/.local/lib/python3.12/site-packages/airflow/example_dags/example_sla_dag.py for tasks to queue
[2026-06-05T13:58:29.626+0000] {logging_mixin.py:190} INFO - [2026-06-05T13:58:29.625+0000] {dagbag.py:588} INFO - Filling up the DagBag from /home/airflow/.local/lib/python3.12/site-packages/airflow/example_dags/example_sla_dag.py
[2026-06-05T13:58:29.700+0000] {processor.py:925} INFO - DAG(s) 'example_sla_dag' retrieved from /home/airflow/.local/lib/python3.12/site-packages/airflow/example_dags/example_sla_dag.py
[2026-06-05T13:58:29.835+0000] {logging_mixin.py:190} INFO - [2026-06-05T13:58:29.834+0000] {dag.py:3239} INFO - Sync 1 DAGs
[2026-06-05T13:58:29.992+0000] {logging_mixin.py:190} INFO - [2026-06-05T13:58:29.991+0000] {dag.py:4180} INFO - Setting next_dagrun for example_sla_dag to 2026-06-05 13:56:00+00:00, run_after=2026-06-05 13:58:00+00:00
[2026-06-05T13:58:30.087+0000] {processor.py:208} INFO - Processing /home/airflow/.local/lib/python3.12/site-packages/airflow/example_dags/example_sla_dag.py took 0.520 seconds
[2026-06-05T13:59:01.194+0000] {processor.py:186} INFO - Started process (PID=891) to work on /home/airflow/.local/lib/python3.12/site-packages/airflow/example_dags/example_sla_dag.py
[2026-06-05T13:59:01.200+0000] {processor.py:914} INFO - Processing file /home/airflow/.local/lib/python3.12/site-packages/airflow/example_dags/example_sla_dag.py for tasks to queue
[2026-06-05T13:59:01.215+0000] {logging_mixin.py:190} INFO - [2026-06-05T13:59:01.214+0000] {dagbag.py:588} INFO - Filling up the DagBag from /home/airflow/.local/lib/python3.12/site-packages/airflow/example_dags/example_sla_dag.py
[2026-06-05T13:59:01.269+0000] {processor.py:925} INFO - DAG(s) 'example_sla_dag' retrieved from /home/airflow/.local/lib/python3.12/site-packages/airflow/example_dags/example_sla_dag.py
[2026-06-05T13:59:01.436+0000] {logging_mixin.py:190} INFO - [2026-06-05T13:59:01.425+0000] {dag.py:3239} INFO - Sync 1 DAGs
[2026-06-05T13:59:01.599+0000] {logging_mixin.py:190} INFO - [2026-06-05T13:59:01.598+0000] {dag.py:4180} INFO - Setting next_dagrun for example_sla_dag to 2026-06-05 13:56:00+00:00, run_after=2026-06-05 13:58:00+00:00
[2026-06-05T13:59:01.718+0000] {processor.py:208} INFO - Processing /home/airflow/.local/lib/python3.12/site-packages/airflow/example_dags/example_sla_dag.py took 0.558 seconds
