[2026-06-05T13:52:29.763+0000] {processor.py:186} INFO - Started process (PID=123) to work on /home/airflow/.local/lib/python3.12/site-packages/airflow/example_dags/example_short_circuit_decorator.py
[2026-06-05T13:52:29.767+0000] {processor.py:914} INFO - Processing file /home/airflow/.local/lib/python3.12/site-packages/airflow/example_dags/example_short_circuit_decorator.py for tasks to queue
[2026-06-05T13:52:29.777+0000] {logging_mixin.py:190} INFO - [2026-06-05T13:52:29.775+0000] {dagbag.py:588} INFO - Filling up the DagBag from /home/airflow/.local/lib/python3.12/site-packages/airflow/example_dags/example_short_circuit_decorator.py
[2026-06-05T13:52:29.831+0000] {processor.py:925} INFO - DAG(s) 'example_short_circuit_decorator' retrieved from /home/airflow/.local/lib/python3.12/site-packages/airflow/example_dags/example_short_circuit_decorator.py
[2026-06-05T13:52:30.374+0000] {logging_mixin.py:190} INFO - [2026-06-05T13:52:30.372+0000] {override.py:1900} INFO - Created Permission View: can delete on DAG:example_short_circuit_decorator
[2026-06-05T13:52:30.438+0000] {logging_mixin.py:190} INFO - [2026-06-05T13:52:30.437+0000] {override.py:1900} INFO - Created Permission View: can read on DAG:example_short_circuit_decorator
[2026-06-05T13:52:30.478+0000] {logging_mixin.py:190} INFO - [2026-06-05T13:52:30.477+0000] {override.py:1900} INFO - Created Permission View: can edit on DAG:example_short_circuit_decorator
[2026-06-05T13:52:30.512+0000] {logging_mixin.py:190} INFO - [2026-06-05T13:52:30.511+0000] {override.py:1900} INFO - Created Permission View: menu access on DAG Run:example_short_circuit_decorator
[2026-06-05T13:52:30.539+0000] {logging_mixin.py:190} INFO - [2026-06-05T13:52:30.538+0000] {override.py:1900} INFO - Created Permission View: can delete on DAG Run:example_short_circuit_decorator
[2026-06-05T13:52:30.578+0000] {logging_mixin.py:190} INFO - [2026-06-05T13:52:30.577+0000] {override.py:1900} INFO - Created Permission View: can read on DAG Run:example_short_circuit_decorator
[2026-06-05T13:52:30.614+0000] {logging_mixin.py:190} INFO - [2026-06-05T13:52:30.614+0000] {override.py:1900} INFO - Created Permission View: can create on DAG Run:example_short_circuit_decorator
[2026-06-05T13:52:30.617+0000] {logging_mixin.py:190} INFO - [2026-06-05T13:52:30.616+0000] {dag.py:3239} INFO - Sync 1 DAGs
[2026-06-05T13:52:30.684+0000] {logging_mixin.py:190} INFO - [2026-06-05T13:52:30.683+0000] {dag.py:3262} INFO - Creating ORM DAG for example_short_circuit_decorator
[2026-06-05T13:52:30.697+0000] {logging_mixin.py:190} INFO - [2026-06-05T13:52:30.696+0000] {dag.py:4180} INFO - Setting next_dagrun for example_short_circuit_decorator to None, run_after=None
[2026-06-05T13:52:30.832+0000] {processor.py:208} INFO - Processing /home/airflow/.local/lib/python3.12/site-packages/airflow/example_dags/example_short_circuit_decorator.py took 1.096 seconds
[2026-06-05T13:53:01.118+0000] {processor.py:186} INFO - Started process (PID=184) to work on /home/airflow/.local/lib/python3.12/site-packages/airflow/example_dags/example_short_circuit_decorator.py
[2026-06-05T13:53:01.122+0000] {processor.py:914} INFO - Processing file /home/airflow/.local/lib/python3.12/site-packages/airflow/example_dags/example_short_circuit_decorator.py for tasks to queue
[2026-06-05T13:53:01.138+0000] {logging_mixin.py:190} INFO - [2026-06-05T13:53:01.137+0000] {dagbag.py:588} INFO - Filling up the DagBag from /home/airflow/.local/lib/python3.12/site-packages/airflow/example_dags/example_short_circuit_decorator.py
[2026-06-05T13:53:01.186+0000] {processor.py:925} INFO - DAG(s) 'example_short_circuit_decorator' retrieved from /home/airflow/.local/lib/python3.12/site-packages/airflow/example_dags/example_short_circuit_decorator.py
[2026-06-05T13:53:01.283+0000] {logging_mixin.py:190} INFO - [2026-06-05T13:53:01.282+0000] {dag.py:3239} INFO - Sync 1 DAGs
[2026-06-05T13:53:01.357+0000] {logging_mixin.py:190} INFO - [2026-06-05T13:53:01.356+0000] {dag.py:4180} INFO - Setting next_dagrun for example_short_circuit_decorator to None, run_after=None
[2026-06-05T13:53:01.427+0000] {processor.py:208} INFO - Processing /home/airflow/.local/lib/python3.12/site-packages/airflow/example_dags/example_short_circuit_decorator.py took 0.337 seconds
[2026-06-05T13:53:33.686+0000] {processor.py:186} INFO - Started process (PID=246) to work on /home/airflow/.local/lib/python3.12/site-packages/airflow/example_dags/example_short_circuit_decorator.py
[2026-06-05T13:53:33.692+0000] {processor.py:914} INFO - Processing file /home/airflow/.local/lib/python3.12/site-packages/airflow/example_dags/example_short_circuit_decorator.py for tasks to queue
[2026-06-05T13:53:33.703+0000] {logging_mixin.py:190} INFO - [2026-06-05T13:53:33.702+0000] {dagbag.py:588} INFO - Filling up the DagBag from /home/airflow/.local/lib/python3.12/site-packages/airflow/example_dags/example_short_circuit_decorator.py
[2026-06-05T13:53:33.758+0000] {processor.py:925} INFO - DAG(s) 'example_short_circuit_decorator' retrieved from /home/airflow/.local/lib/python3.12/site-packages/airflow/example_dags/example_short_circuit_decorator.py
[2026-06-05T13:53:34.054+0000] {logging_mixin.py:190} INFO - [2026-06-05T13:53:34.049+0000] {dag.py:3239} INFO - Sync 1 DAGs
[2026-06-05T13:53:34.180+0000] {logging_mixin.py:190} INFO - [2026-06-05T13:53:34.179+0000] {dag.py:4180} INFO - Setting next_dagrun for example_short_circuit_decorator to None, run_after=None
[2026-06-05T13:53:34.287+0000] {processor.py:208} INFO - Processing /home/airflow/.local/lib/python3.12/site-packages/airflow/example_dags/example_short_circuit_decorator.py took 0.661 seconds
[2026-06-05T13:54:05.053+0000] {processor.py:186} INFO - Started process (PID=308) to work on /home/airflow/.local/lib/python3.12/site-packages/airflow/example_dags/example_short_circuit_decorator.py
[2026-06-05T13:54:05.057+0000] {processor.py:914} INFO - Processing file /home/airflow/.local/lib/python3.12/site-packages/airflow/example_dags/example_short_circuit_decorator.py for tasks to queue
[2026-06-05T13:54:05.077+0000] {logging_mixin.py:190} INFO - [2026-06-05T13:54:05.074+0000] {dagbag.py:588} INFO - Filling up the DagBag from /home/airflow/.local/lib/python3.12/site-packages/airflow/example_dags/example_short_circuit_decorator.py
[2026-06-05T13:54:05.119+0000] {processor.py:925} INFO - DAG(s) 'example_short_circuit_decorator' retrieved from /home/airflow/.local/lib/python3.12/site-packages/airflow/example_dags/example_short_circuit_decorator.py
[2026-06-05T13:54:05.189+0000] {logging_mixin.py:190} INFO - [2026-06-05T13:54:05.188+0000] {dag.py:3239} INFO - Sync 1 DAGs
[2026-06-05T13:54:05.231+0000] {logging_mixin.py:190} INFO - [2026-06-05T13:54:05.231+0000] {dag.py:4180} INFO - Setting next_dagrun for example_short_circuit_decorator to None, run_after=None
[2026-06-05T13:54:05.288+0000] {processor.py:208} INFO - Processing /home/airflow/.local/lib/python3.12/site-packages/airflow/example_dags/example_short_circuit_decorator.py took 0.274 seconds
[2026-06-05T13:54:35.987+0000] {processor.py:186} INFO - Started process (PID=370) to work on /home/airflow/.local/lib/python3.12/site-packages/airflow/example_dags/example_short_circuit_decorator.py
[2026-06-05T13:54:35.990+0000] {processor.py:914} INFO - Processing file /home/airflow/.local/lib/python3.12/site-packages/airflow/example_dags/example_short_circuit_decorator.py for tasks to queue
[2026-06-05T13:54:35.996+0000] {logging_mixin.py:190} INFO - [2026-06-05T13:54:35.995+0000] {dagbag.py:588} INFO - Filling up the DagBag from /home/airflow/.local/lib/python3.12/site-packages/airflow/example_dags/example_short_circuit_decorator.py
[2026-06-05T13:54:36.021+0000] {processor.py:925} INFO - DAG(s) 'example_short_circuit_decorator' retrieved from /home/airflow/.local/lib/python3.12/site-packages/airflow/example_dags/example_short_circuit_decorator.py
[2026-06-05T13:54:36.067+0000] {logging_mixin.py:190} INFO - [2026-06-05T13:54:36.067+0000] {dag.py:3239} INFO - Sync 1 DAGs
[2026-06-05T13:54:36.101+0000] {logging_mixin.py:190} INFO - [2026-06-05T13:54:36.100+0000] {dag.py:4180} INFO - Setting next_dagrun for example_short_circuit_decorator to None, run_after=None
[2026-06-05T13:54:36.143+0000] {processor.py:208} INFO - Processing /home/airflow/.local/lib/python3.12/site-packages/airflow/example_dags/example_short_circuit_decorator.py took 0.169 seconds
[2026-06-05T13:55:07.629+0000] {processor.py:186} INFO - Started process (PID=432) to work on /home/airflow/.local/lib/python3.12/site-packages/airflow/example_dags/example_short_circuit_decorator.py
[2026-06-05T13:55:07.632+0000] {processor.py:914} INFO - Processing file /home/airflow/.local/lib/python3.12/site-packages/airflow/example_dags/example_short_circuit_decorator.py for tasks to queue
[2026-06-05T13:55:07.638+0000] {logging_mixin.py:190} INFO - [2026-06-05T13:55:07.637+0000] {dagbag.py:588} INFO - Filling up the DagBag from /home/airflow/.local/lib/python3.12/site-packages/airflow/example_dags/example_short_circuit_decorator.py
[2026-06-05T13:55:07.666+0000] {processor.py:925} INFO - DAG(s) 'example_short_circuit_decorator' retrieved from /home/airflow/.local/lib/python3.12/site-packages/airflow/example_dags/example_short_circuit_decorator.py
[2026-06-05T13:55:07.723+0000] {logging_mixin.py:190} INFO - [2026-06-05T13:55:07.723+0000] {dag.py:3239} INFO - Sync 1 DAGs
[2026-06-05T13:55:07.763+0000] {logging_mixin.py:190} INFO - [2026-06-05T13:55:07.762+0000] {dag.py:4180} INFO - Setting next_dagrun for example_short_circuit_decorator to None, run_after=None
[2026-06-05T13:55:07.811+0000] {processor.py:208} INFO - Processing /home/airflow/.local/lib/python3.12/site-packages/airflow/example_dags/example_short_circuit_decorator.py took 0.200 seconds
[2026-06-05T13:55:38.014+0000] {processor.py:186} INFO - Started process (PID=494) to work on /home/airflow/.local/lib/python3.12/site-packages/airflow/example_dags/example_short_circuit_decorator.py
[2026-06-05T13:55:38.017+0000] {processor.py:914} INFO - Processing file /home/airflow/.local/lib/python3.12/site-packages/airflow/example_dags/example_short_circuit_decorator.py for tasks to queue
[2026-06-05T13:55:38.024+0000] {logging_mixin.py:190} INFO - [2026-06-05T13:55:38.023+0000] {dagbag.py:588} INFO - Filling up the DagBag from /home/airflow/.local/lib/python3.12/site-packages/airflow/example_dags/example_short_circuit_decorator.py
[2026-06-05T13:55:38.053+0000] {processor.py:925} INFO - DAG(s) 'example_short_circuit_decorator' retrieved from /home/airflow/.local/lib/python3.12/site-packages/airflow/example_dags/example_short_circuit_decorator.py
[2026-06-05T13:55:38.111+0000] {logging_mixin.py:190} INFO - [2026-06-05T13:55:38.110+0000] {dag.py:3239} INFO - Sync 1 DAGs
[2026-06-05T13:55:38.188+0000] {logging_mixin.py:190} INFO - [2026-06-05T13:55:38.188+0000] {dag.py:4180} INFO - Setting next_dagrun for example_short_circuit_decorator to None, run_after=None
[2026-06-05T13:55:38.276+0000] {processor.py:208} INFO - Processing /home/airflow/.local/lib/python3.12/site-packages/airflow/example_dags/example_short_circuit_decorator.py took 0.277 seconds
[2026-06-05T13:56:10.874+0000] {processor.py:186} INFO - Started process (PID=557) to work on /home/airflow/.local/lib/python3.12/site-packages/airflow/example_dags/example_short_circuit_decorator.py
[2026-06-05T13:56:10.885+0000] {processor.py:914} INFO - Processing file /home/airflow/.local/lib/python3.12/site-packages/airflow/example_dags/example_short_circuit_decorator.py for tasks to queue
[2026-06-05T13:56:10.896+0000] {logging_mixin.py:190} INFO - [2026-06-05T13:56:10.895+0000] {dagbag.py:588} INFO - Filling up the DagBag from /home/airflow/.local/lib/python3.12/site-packages/airflow/example_dags/example_short_circuit_decorator.py
[2026-06-05T13:56:10.963+0000] {processor.py:925} INFO - DAG(s) 'example_short_circuit_decorator' retrieved from /home/airflow/.local/lib/python3.12/site-packages/airflow/example_dags/example_short_circuit_decorator.py
[2026-06-05T13:56:11.100+0000] {logging_mixin.py:190} INFO - [2026-06-05T13:56:11.099+0000] {dag.py:3239} INFO - Sync 1 DAGs
[2026-06-05T13:56:11.196+0000] {logging_mixin.py:190} INFO - [2026-06-05T13:56:11.195+0000] {dag.py:4180} INFO - Setting next_dagrun for example_short_circuit_decorator to None, run_after=None
[2026-06-05T13:56:11.424+0000] {processor.py:208} INFO - Processing /home/airflow/.local/lib/python3.12/site-packages/airflow/example_dags/example_short_circuit_decorator.py took 0.573 seconds
[2026-06-05T13:56:43.130+0000] {processor.py:186} INFO - Started process (PID=620) to work on /home/airflow/.local/lib/python3.12/site-packages/airflow/example_dags/example_short_circuit_decorator.py
[2026-06-05T13:56:43.138+0000] {processor.py:914} INFO - Processing file /home/airflow/.local/lib/python3.12/site-packages/airflow/example_dags/example_short_circuit_decorator.py for tasks to queue
[2026-06-05T13:56:43.157+0000] {logging_mixin.py:190} INFO - [2026-06-05T13:56:43.156+0000] {dagbag.py:588} INFO - Filling up the DagBag from /home/airflow/.local/lib/python3.12/site-packages/airflow/example_dags/example_short_circuit_decorator.py
[2026-06-05T13:56:43.224+0000] {processor.py:925} INFO - DAG(s) 'example_short_circuit_decorator' retrieved from /home/airflow/.local/lib/python3.12/site-packages/airflow/example_dags/example_short_circuit_decorator.py
[2026-06-05T13:56:43.348+0000] {logging_mixin.py:190} INFO - [2026-06-05T13:56:43.347+0000] {dag.py:3239} INFO - Sync 1 DAGs
[2026-06-05T13:56:43.444+0000] {logging_mixin.py:190} INFO - [2026-06-05T13:56:43.444+0000] {dag.py:4180} INFO - Setting next_dagrun for example_short_circuit_decorator to None, run_after=None
[2026-06-05T13:56:43.578+0000] {processor.py:208} INFO - Processing /home/airflow/.local/lib/python3.12/site-packages/airflow/example_dags/example_short_circuit_decorator.py took 0.481 seconds
[2026-06-05T13:57:14.454+0000] {processor.py:186} INFO - Started process (PID=682) to work on /home/airflow/.local/lib/python3.12/site-packages/airflow/example_dags/example_short_circuit_decorator.py
[2026-06-05T13:57:14.457+0000] {processor.py:914} INFO - Processing file /home/airflow/.local/lib/python3.12/site-packages/airflow/example_dags/example_short_circuit_decorator.py for tasks to queue
[2026-06-05T13:57:14.461+0000] {logging_mixin.py:190} INFO - [2026-06-05T13:57:14.461+0000] {dagbag.py:588} INFO - Filling up the DagBag from /home/airflow/.local/lib/python3.12/site-packages/airflow/example_dags/example_short_circuit_decorator.py
[2026-06-05T13:57:14.486+0000] {processor.py:925} INFO - DAG(s) 'example_short_circuit_decorator' retrieved from /home/airflow/.local/lib/python3.12/site-packages/airflow/example_dags/example_short_circuit_decorator.py
[2026-06-05T13:57:14.530+0000] {logging_mixin.py:190} INFO - [2026-06-05T13:57:14.529+0000] {dag.py:3239} INFO - Sync 1 DAGs
[2026-06-05T13:57:14.558+0000] {logging_mixin.py:190} INFO - [2026-06-05T13:57:14.557+0000] {dag.py:4180} INFO - Setting next_dagrun for example_short_circuit_decorator to None, run_after=None
[2026-06-05T13:57:14.602+0000] {processor.py:208} INFO - Processing /home/airflow/.local/lib/python3.12/site-packages/airflow/example_dags/example_short_circuit_decorator.py took 0.159 seconds
[2026-06-05T13:57:45.448+0000] {processor.py:186} INFO - Started process (PID=744) to work on /home/airflow/.local/lib/python3.12/site-packages/airflow/example_dags/example_short_circuit_decorator.py
[2026-06-05T13:57:45.475+0000] {processor.py:914} INFO - Processing file /home/airflow/.local/lib/python3.12/site-packages/airflow/example_dags/example_short_circuit_decorator.py for tasks to queue
[2026-06-05T13:57:45.486+0000] {logging_mixin.py:190} INFO - [2026-06-05T13:57:45.485+0000] {dagbag.py:588} INFO - Filling up the DagBag from /home/airflow/.local/lib/python3.12/site-packages/airflow/example_dags/example_short_circuit_decorator.py
[2026-06-05T13:57:45.559+0000] {processor.py:925} INFO - DAG(s) 'example_short_circuit_decorator' retrieved from /home/airflow/.local/lib/python3.12/site-packages/airflow/example_dags/example_short_circuit_decorator.py
[2026-06-05T13:57:45.686+0000] {logging_mixin.py:190} INFO - [2026-06-05T13:57:45.685+0000] {dag.py:3239} INFO - Sync 1 DAGs
[2026-06-05T13:57:45.746+0000] {logging_mixin.py:190} INFO - [2026-06-05T13:57:45.746+0000] {dag.py:4180} INFO - Setting next_dagrun for example_short_circuit_decorator to None, run_after=None
[2026-06-05T13:57:45.822+0000] {processor.py:208} INFO - Processing /home/airflow/.local/lib/python3.12/site-packages/airflow/example_dags/example_short_circuit_decorator.py took 0.429 seconds
[2026-06-05T13:58:18.218+0000] {processor.py:186} INFO - Started process (PID=806) to work on /home/airflow/.local/lib/python3.12/site-packages/airflow/example_dags/example_short_circuit_decorator.py
[2026-06-05T13:58:18.230+0000] {processor.py:914} INFO - Processing file /home/airflow/.local/lib/python3.12/site-packages/airflow/example_dags/example_short_circuit_decorator.py for tasks to queue
[2026-06-05T13:58:18.246+0000] {logging_mixin.py:190} INFO - [2026-06-05T13:58:18.245+0000] {dagbag.py:588} INFO - Filling up the DagBag from /home/airflow/.local/lib/python3.12/site-packages/airflow/example_dags/example_short_circuit_decorator.py
[2026-06-05T13:58:18.317+0000] {processor.py:925} INFO - DAG(s) 'example_short_circuit_decorator' retrieved from /home/airflow/.local/lib/python3.12/site-packages/airflow/example_dags/example_short_circuit_decorator.py
[2026-06-05T13:58:18.464+0000] {logging_mixin.py:190} INFO - [2026-06-05T13:58:18.463+0000] {dag.py:3239} INFO - Sync 1 DAGs
[2026-06-05T13:58:18.549+0000] {logging_mixin.py:190} INFO - [2026-06-05T13:58:18.549+0000] {dag.py:4180} INFO - Setting next_dagrun for example_short_circuit_decorator to None, run_after=None
[2026-06-05T13:58:18.667+0000] {processor.py:208} INFO - Processing /home/airflow/.local/lib/python3.12/site-packages/airflow/example_dags/example_short_circuit_decorator.py took 0.487 seconds
[2026-06-05T13:58:52.151+0000] {processor.py:186} INFO - Started process (PID=875) to work on /home/airflow/.local/lib/python3.12/site-packages/airflow/example_dags/example_short_circuit_decorator.py
[2026-06-05T13:58:52.165+0000] {processor.py:914} INFO - Processing file /home/airflow/.local/lib/python3.12/site-packages/airflow/example_dags/example_short_circuit_decorator.py for tasks to queue
[2026-06-05T13:58:52.189+0000] {logging_mixin.py:190} INFO - [2026-06-05T13:58:52.188+0000] {dagbag.py:588} INFO - Filling up the DagBag from /home/airflow/.local/lib/python3.12/site-packages/airflow/example_dags/example_short_circuit_decorator.py
[2026-06-05T13:58:52.265+0000] {processor.py:925} INFO - DAG(s) 'example_short_circuit_decorator' retrieved from /home/airflow/.local/lib/python3.12/site-packages/airflow/example_dags/example_short_circuit_decorator.py
[2026-06-05T13:58:52.407+0000] {logging_mixin.py:190} INFO - [2026-06-05T13:58:52.406+0000] {dag.py:3239} INFO - Sync 1 DAGs
[2026-06-05T13:58:52.482+0000] {logging_mixin.py:190} INFO - [2026-06-05T13:58:52.481+0000] {dag.py:4180} INFO - Setting next_dagrun for example_short_circuit_decorator to None, run_after=None
[2026-06-05T13:58:52.554+0000] {processor.py:208} INFO - Processing /home/airflow/.local/lib/python3.12/site-packages/airflow/example_dags/example_short_circuit_decorator.py took 0.459 seconds
[2026-06-05T13:59:23.215+0000] {processor.py:186} INFO - Started process (PID=937) to work on /home/airflow/.local/lib/python3.12/site-packages/airflow/example_dags/example_short_circuit_decorator.py
[2026-06-05T13:59:23.221+0000] {processor.py:914} INFO - Processing file /home/airflow/.local/lib/python3.12/site-packages/airflow/example_dags/example_short_circuit_decorator.py for tasks to queue
[2026-06-05T13:59:23.228+0000] {logging_mixin.py:190} INFO - [2026-06-05T13:59:23.227+0000] {dagbag.py:588} INFO - Filling up the DagBag from /home/airflow/.local/lib/python3.12/site-packages/airflow/example_dags/example_short_circuit_decorator.py
[2026-06-05T13:59:23.265+0000] {processor.py:925} INFO - DAG(s) 'example_short_circuit_decorator' retrieved from /home/airflow/.local/lib/python3.12/site-packages/airflow/example_dags/example_short_circuit_decorator.py
[2026-06-05T13:59:23.343+0000] {logging_mixin.py:190} INFO - [2026-06-05T13:59:23.342+0000] {dag.py:3239} INFO - Sync 1 DAGs
[2026-06-05T13:59:23.392+0000] {logging_mixin.py:190} INFO - [2026-06-05T13:59:23.392+0000] {dag.py:4180} INFO - Setting next_dagrun for example_short_circuit_decorator to None, run_after=None
[2026-06-05T13:59:23.456+0000] {processor.py:208} INFO - Processing /home/airflow/.local/lib/python3.12/site-packages/airflow/example_dags/example_short_circuit_decorator.py took 0.263 seconds
