[2026-06-05T13:52:07.982+0000] {processor.py:186} INFO - Started process (PID=98) to work on /home/airflow/.local/lib/python3.12/site-packages/airflow/example_dags/example_xcom.py
[2026-06-05T13:52:07.987+0000] {processor.py:914} INFO - Processing file /home/airflow/.local/lib/python3.12/site-packages/airflow/example_dags/example_xcom.py for tasks to queue
[2026-06-05T13:52:07.997+0000] {logging_mixin.py:190} INFO - [2026-06-05T13:52:07.995+0000] {dagbag.py:588} INFO - Filling up the DagBag from /home/airflow/.local/lib/python3.12/site-packages/airflow/example_dags/example_xcom.py
[2026-06-05T13:52:08.044+0000] {processor.py:925} INFO - DAG(s) 'example_xcom' retrieved from /home/airflow/.local/lib/python3.12/site-packages/airflow/example_dags/example_xcom.py
[2026-06-05T13:52:08.892+0000] {logging_mixin.py:190} INFO - [2026-06-05T13:52:08.883+0000] {override.py:1900} INFO - Created Permission View: can delete on DAG:example_xcom
[2026-06-05T13:52:08.992+0000] {logging_mixin.py:190} INFO - [2026-06-05T13:52:08.991+0000] {override.py:1900} INFO - Created Permission View: can read on DAG:example_xcom
[2026-06-05T13:52:09.042+0000] {logging_mixin.py:190} INFO - [2026-06-05T13:52:09.041+0000] {override.py:1900} INFO - Created Permission View: can edit on DAG:example_xcom
[2026-06-05T13:52:09.135+0000] {logging_mixin.py:190} INFO - [2026-06-05T13:52:09.134+0000] {override.py:1900} INFO - Created Permission View: menu access on DAG Run:example_xcom
[2026-06-05T13:52:09.209+0000] {logging_mixin.py:190} INFO - [2026-06-05T13:52:09.209+0000] {override.py:1900} INFO - Created Permission View: can delete on DAG Run:example_xcom
[2026-06-05T13:52:09.257+0000] {logging_mixin.py:190} INFO - [2026-06-05T13:52:09.256+0000] {override.py:1900} INFO - Created Permission View: can read on DAG Run:example_xcom
[2026-06-05T13:52:09.330+0000] {logging_mixin.py:190} INFO - [2026-06-05T13:52:09.329+0000] {override.py:1900} INFO - Created Permission View: can create on DAG Run:example_xcom
[2026-06-05T13:52:09.337+0000] {logging_mixin.py:190} INFO - [2026-06-05T13:52:09.337+0000] {dag.py:3239} INFO - Sync 1 DAGs
[2026-06-05T13:52:09.394+0000] {logging_mixin.py:190} INFO - [2026-06-05T13:52:09.393+0000] {dag.py:3262} INFO - Creating ORM DAG for example_xcom
[2026-06-05T13:52:09.451+0000] {logging_mixin.py:190} INFO - [2026-06-05T13:52:09.450+0000] {dag.py:4180} INFO - Setting next_dagrun for example_xcom to 2021-01-01 00:00:00+00:00, run_after=2021-01-01 00:00:00+00:00
[2026-06-05T13:52:09.548+0000] {processor.py:208} INFO - Processing /home/airflow/.local/lib/python3.12/site-packages/airflow/example_dags/example_xcom.py took 1.589 seconds
[2026-06-05T13:52:53.179+0000] {processor.py:186} INFO - Started process (PID=165) to work on /home/airflow/.local/lib/python3.12/site-packages/airflow/example_dags/example_xcom.py
[2026-06-05T13:52:53.182+0000] {processor.py:914} INFO - Processing file /home/airflow/.local/lib/python3.12/site-packages/airflow/example_dags/example_xcom.py for tasks to queue
[2026-06-05T13:52:53.206+0000] {logging_mixin.py:190} INFO - [2026-06-05T13:52:53.203+0000] {dagbag.py:588} INFO - Filling up the DagBag from /home/airflow/.local/lib/python3.12/site-packages/airflow/example_dags/example_xcom.py
[2026-06-05T13:52:53.237+0000] {processor.py:925} INFO - DAG(s) 'example_xcom' retrieved from /home/airflow/.local/lib/python3.12/site-packages/airflow/example_dags/example_xcom.py
[2026-06-05T13:52:53.309+0000] {logging_mixin.py:190} INFO - [2026-06-05T13:52:53.308+0000] {dag.py:3239} INFO - Sync 1 DAGs
[2026-06-05T13:52:53.387+0000] {logging_mixin.py:190} INFO - [2026-06-05T13:52:53.387+0000] {dag.py:4180} INFO - Setting next_dagrun for example_xcom to 2021-01-01 00:00:00+00:00, run_after=2021-01-01 00:00:00+00:00
[2026-06-05T13:52:53.461+0000] {processor.py:208} INFO - Processing /home/airflow/.local/lib/python3.12/site-packages/airflow/example_dags/example_xcom.py took 0.300 seconds
[2026-06-05T13:53:23.851+0000] {processor.py:186} INFO - Started process (PID=227) to work on /home/airflow/.local/lib/python3.12/site-packages/airflow/example_dags/example_xcom.py
[2026-06-05T13:53:23.856+0000] {processor.py:914} INFO - Processing file /home/airflow/.local/lib/python3.12/site-packages/airflow/example_dags/example_xcom.py for tasks to queue
[2026-06-05T13:53:23.862+0000] {logging_mixin.py:190} INFO - [2026-06-05T13:53:23.861+0000] {dagbag.py:588} INFO - Filling up the DagBag from /home/airflow/.local/lib/python3.12/site-packages/airflow/example_dags/example_xcom.py
[2026-06-05T13:53:23.891+0000] {processor.py:925} INFO - DAG(s) 'example_xcom' retrieved from /home/airflow/.local/lib/python3.12/site-packages/airflow/example_dags/example_xcom.py
[2026-06-05T13:53:23.966+0000] {logging_mixin.py:190} INFO - [2026-06-05T13:53:23.964+0000] {dag.py:3239} INFO - Sync 1 DAGs
[2026-06-05T13:53:24.044+0000] {logging_mixin.py:190} INFO - [2026-06-05T13:53:24.043+0000] {dag.py:4180} INFO - Setting next_dagrun for example_xcom to 2021-01-01 00:00:00+00:00, run_after=2021-01-01 00:00:00+00:00
[2026-06-05T13:53:24.102+0000] {processor.py:208} INFO - Processing /home/airflow/.local/lib/python3.12/site-packages/airflow/example_dags/example_xcom.py took 0.269 seconds
[2026-06-05T13:53:54.404+0000] {processor.py:186} INFO - Started process (PID=289) to work on /home/airflow/.local/lib/python3.12/site-packages/airflow/example_dags/example_xcom.py
[2026-06-05T13:53:54.407+0000] {processor.py:914} INFO - Processing file /home/airflow/.local/lib/python3.12/site-packages/airflow/example_dags/example_xcom.py for tasks to queue
[2026-06-05T13:53:54.414+0000] {logging_mixin.py:190} INFO - [2026-06-05T13:53:54.413+0000] {dagbag.py:588} INFO - Filling up the DagBag from /home/airflow/.local/lib/python3.12/site-packages/airflow/example_dags/example_xcom.py
[2026-06-05T13:53:54.444+0000] {processor.py:925} INFO - DAG(s) 'example_xcom' retrieved from /home/airflow/.local/lib/python3.12/site-packages/airflow/example_dags/example_xcom.py
[2026-06-05T13:53:54.507+0000] {logging_mixin.py:190} INFO - [2026-06-05T13:53:54.507+0000] {dag.py:3239} INFO - Sync 1 DAGs
[2026-06-05T13:53:54.569+0000] {logging_mixin.py:190} INFO - [2026-06-05T13:53:54.569+0000] {dag.py:4180} INFO - Setting next_dagrun for example_xcom to 2021-01-01 00:00:00+00:00, run_after=2021-01-01 00:00:00+00:00
[2026-06-05T13:53:54.615+0000] {processor.py:208} INFO - Processing /home/airflow/.local/lib/python3.12/site-packages/airflow/example_dags/example_xcom.py took 0.227 seconds
[2026-06-05T13:54:24.979+0000] {processor.py:186} INFO - Started process (PID=351) to work on /home/airflow/.local/lib/python3.12/site-packages/airflow/example_dags/example_xcom.py
[2026-06-05T13:54:24.981+0000] {processor.py:914} INFO - Processing file /home/airflow/.local/lib/python3.12/site-packages/airflow/example_dags/example_xcom.py for tasks to queue
[2026-06-05T13:54:24.986+0000] {logging_mixin.py:190} INFO - [2026-06-05T13:54:24.985+0000] {dagbag.py:588} INFO - Filling up the DagBag from /home/airflow/.local/lib/python3.12/site-packages/airflow/example_dags/example_xcom.py
[2026-06-05T13:54:25.007+0000] {processor.py:925} INFO - DAG(s) 'example_xcom' retrieved from /home/airflow/.local/lib/python3.12/site-packages/airflow/example_dags/example_xcom.py
[2026-06-05T13:54:25.059+0000] {logging_mixin.py:190} INFO - [2026-06-05T13:54:25.059+0000] {dag.py:3239} INFO - Sync 1 DAGs
[2026-06-05T13:54:25.114+0000] {logging_mixin.py:190} INFO - [2026-06-05T13:54:25.113+0000] {dag.py:4180} INFO - Setting next_dagrun for example_xcom to 2021-01-01 00:00:00+00:00, run_after=2021-01-01 00:00:00+00:00
[2026-06-05T13:54:25.157+0000] {processor.py:208} INFO - Processing /home/airflow/.local/lib/python3.12/site-packages/airflow/example_dags/example_xcom.py took 0.191 seconds
[2026-06-05T13:55:03.122+0000] {processor.py:186} INFO - Started process (PID=413) to work on /home/airflow/.local/lib/python3.12/site-packages/airflow/example_dags/example_xcom.py
[2026-06-05T13:55:03.125+0000] {processor.py:914} INFO - Processing file /home/airflow/.local/lib/python3.12/site-packages/airflow/example_dags/example_xcom.py for tasks to queue
[2026-06-05T13:55:03.134+0000] {logging_mixin.py:190} INFO - [2026-06-05T13:55:03.133+0000] {dagbag.py:588} INFO - Filling up the DagBag from /home/airflow/.local/lib/python3.12/site-packages/airflow/example_dags/example_xcom.py
[2026-06-05T13:55:03.167+0000] {processor.py:925} INFO - DAG(s) 'example_xcom' retrieved from /home/airflow/.local/lib/python3.12/site-packages/airflow/example_dags/example_xcom.py
[2026-06-05T13:55:03.242+0000] {logging_mixin.py:190} INFO - [2026-06-05T13:55:03.241+0000] {dag.py:3239} INFO - Sync 1 DAGs
[2026-06-05T13:55:03.361+0000] {logging_mixin.py:190} INFO - [2026-06-05T13:55:03.360+0000] {dag.py:4180} INFO - Setting next_dagrun for example_xcom to 2021-01-01 00:00:00+00:00, run_after=2021-01-01 00:00:00+00:00
[2026-06-05T13:55:03.438+0000] {processor.py:208} INFO - Processing /home/airflow/.local/lib/python3.12/site-packages/airflow/example_dags/example_xcom.py took 0.334 seconds
[2026-06-05T13:55:33.713+0000] {processor.py:186} INFO - Started process (PID=475) to work on /home/airflow/.local/lib/python3.12/site-packages/airflow/example_dags/example_xcom.py
[2026-06-05T13:55:33.715+0000] {processor.py:914} INFO - Processing file /home/airflow/.local/lib/python3.12/site-packages/airflow/example_dags/example_xcom.py for tasks to queue
[2026-06-05T13:55:33.720+0000] {logging_mixin.py:190} INFO - [2026-06-05T13:55:33.719+0000] {dagbag.py:588} INFO - Filling up the DagBag from /home/airflow/.local/lib/python3.12/site-packages/airflow/example_dags/example_xcom.py
[2026-06-05T13:55:33.760+0000] {processor.py:925} INFO - DAG(s) 'example_xcom' retrieved from /home/airflow/.local/lib/python3.12/site-packages/airflow/example_dags/example_xcom.py
[2026-06-05T13:55:33.809+0000] {logging_mixin.py:190} INFO - [2026-06-05T13:55:33.808+0000] {dag.py:3239} INFO - Sync 1 DAGs
[2026-06-05T13:55:33.856+0000] {logging_mixin.py:190} INFO - [2026-06-05T13:55:33.856+0000] {dag.py:4180} INFO - Setting next_dagrun for example_xcom to 2021-01-01 00:00:00+00:00, run_after=2021-01-01 00:00:00+00:00
[2026-06-05T13:55:33.905+0000] {processor.py:208} INFO - Processing /home/airflow/.local/lib/python3.12/site-packages/airflow/example_dags/example_xcom.py took 0.204 seconds
[2026-06-05T13:56:05.163+0000] {processor.py:186} INFO - Started process (PID=537) to work on /home/airflow/.local/lib/python3.12/site-packages/airflow/example_dags/example_xcom.py
[2026-06-05T13:56:05.166+0000] {processor.py:914} INFO - Processing file /home/airflow/.local/lib/python3.12/site-packages/airflow/example_dags/example_xcom.py for tasks to queue
[2026-06-05T13:56:05.174+0000] {logging_mixin.py:190} INFO - [2026-06-05T13:56:05.172+0000] {dagbag.py:588} INFO - Filling up the DagBag from /home/airflow/.local/lib/python3.12/site-packages/airflow/example_dags/example_xcom.py
[2026-06-05T13:56:05.199+0000] {processor.py:925} INFO - DAG(s) 'example_xcom' retrieved from /home/airflow/.local/lib/python3.12/site-packages/airflow/example_dags/example_xcom.py
[2026-06-05T13:56:05.258+0000] {logging_mixin.py:190} INFO - [2026-06-05T13:56:05.257+0000] {dag.py:3239} INFO - Sync 1 DAGs
[2026-06-05T13:56:05.320+0000] {logging_mixin.py:190} INFO - [2026-06-05T13:56:05.319+0000] {dag.py:4180} INFO - Setting next_dagrun for example_xcom to 2021-01-01 00:00:00+00:00, run_after=2021-01-01 00:00:00+00:00
[2026-06-05T13:56:05.377+0000] {processor.py:208} INFO - Processing /home/airflow/.local/lib/python3.12/site-packages/airflow/example_dags/example_xcom.py took 0.237 seconds
[2026-06-05T13:56:35.641+0000] {processor.py:186} INFO - Started process (PID=600) to work on /home/airflow/.local/lib/python3.12/site-packages/airflow/example_dags/example_xcom.py
[2026-06-05T13:56:35.644+0000] {processor.py:914} INFO - Processing file /home/airflow/.local/lib/python3.12/site-packages/airflow/example_dags/example_xcom.py for tasks to queue
[2026-06-05T13:56:35.653+0000] {logging_mixin.py:190} INFO - [2026-06-05T13:56:35.651+0000] {dagbag.py:588} INFO - Filling up the DagBag from /home/airflow/.local/lib/python3.12/site-packages/airflow/example_dags/example_xcom.py
[2026-06-05T13:56:35.699+0000] {processor.py:925} INFO - DAG(s) 'example_xcom' retrieved from /home/airflow/.local/lib/python3.12/site-packages/airflow/example_dags/example_xcom.py
[2026-06-05T13:56:35.762+0000] {logging_mixin.py:190} INFO - [2026-06-05T13:56:35.761+0000] {dag.py:3239} INFO - Sync 1 DAGs
[2026-06-05T13:56:35.833+0000] {logging_mixin.py:190} INFO - [2026-06-05T13:56:35.833+0000] {dag.py:4180} INFO - Setting next_dagrun for example_xcom to 2021-01-01 00:00:00+00:00, run_after=2021-01-01 00:00:00+00:00
[2026-06-05T13:56:35.909+0000] {processor.py:208} INFO - Processing /home/airflow/.local/lib/python3.12/site-packages/airflow/example_dags/example_xcom.py took 0.290 seconds
[2026-06-05T13:57:06.213+0000] {processor.py:186} INFO - Started process (PID=662) to work on /home/airflow/.local/lib/python3.12/site-packages/airflow/example_dags/example_xcom.py
[2026-06-05T13:57:06.216+0000] {processor.py:914} INFO - Processing file /home/airflow/.local/lib/python3.12/site-packages/airflow/example_dags/example_xcom.py for tasks to queue
[2026-06-05T13:57:06.224+0000] {logging_mixin.py:190} INFO - [2026-06-05T13:57:06.223+0000] {dagbag.py:588} INFO - Filling up the DagBag from /home/airflow/.local/lib/python3.12/site-packages/airflow/example_dags/example_xcom.py
[2026-06-05T13:57:06.265+0000] {processor.py:925} INFO - DAG(s) 'example_xcom' retrieved from /home/airflow/.local/lib/python3.12/site-packages/airflow/example_dags/example_xcom.py
[2026-06-05T13:57:06.357+0000] {logging_mixin.py:190} INFO - [2026-06-05T13:57:06.357+0000] {dag.py:3239} INFO - Sync 1 DAGs
[2026-06-05T13:57:06.430+0000] {logging_mixin.py:190} INFO - [2026-06-05T13:57:06.429+0000] {dag.py:4180} INFO - Setting next_dagrun for example_xcom to 2021-01-01 00:00:00+00:00, run_after=2021-01-01 00:00:00+00:00
[2026-06-05T13:57:06.498+0000] {processor.py:208} INFO - Processing /home/airflow/.local/lib/python3.12/site-packages/airflow/example_dags/example_xcom.py took 0.307 seconds
[2026-06-05T13:57:37.693+0000] {processor.py:186} INFO - Started process (PID=723) to work on /home/airflow/.local/lib/python3.12/site-packages/airflow/example_dags/example_xcom.py
[2026-06-05T13:57:37.697+0000] {processor.py:914} INFO - Processing file /home/airflow/.local/lib/python3.12/site-packages/airflow/example_dags/example_xcom.py for tasks to queue
[2026-06-05T13:57:37.706+0000] {logging_mixin.py:190} INFO - [2026-06-05T13:57:37.704+0000] {dagbag.py:588} INFO - Filling up the DagBag from /home/airflow/.local/lib/python3.12/site-packages/airflow/example_dags/example_xcom.py
[2026-06-05T13:57:37.751+0000] {processor.py:925} INFO - DAG(s) 'example_xcom' retrieved from /home/airflow/.local/lib/python3.12/site-packages/airflow/example_dags/example_xcom.py
[2026-06-05T13:57:37.825+0000] {logging_mixin.py:190} INFO - [2026-06-05T13:57:37.825+0000] {dag.py:3239} INFO - Sync 1 DAGs
[2026-06-05T13:57:37.917+0000] {logging_mixin.py:190} INFO - [2026-06-05T13:57:37.916+0000] {dag.py:4180} INFO - Setting next_dagrun for example_xcom to 2021-01-01 00:00:00+00:00, run_after=2021-01-01 00:00:00+00:00
[2026-06-05T13:57:37.990+0000] {processor.py:208} INFO - Processing /home/airflow/.local/lib/python3.12/site-packages/airflow/example_dags/example_xcom.py took 0.317 seconds
[2026-06-05T13:58:09.144+0000] {processor.py:186} INFO - Started process (PID=785) to work on /home/airflow/.local/lib/python3.12/site-packages/airflow/example_dags/example_xcom.py
[2026-06-05T13:58:09.148+0000] {processor.py:914} INFO - Processing file /home/airflow/.local/lib/python3.12/site-packages/airflow/example_dags/example_xcom.py for tasks to queue
[2026-06-05T13:58:09.165+0000] {logging_mixin.py:190} INFO - [2026-06-05T13:58:09.163+0000] {dagbag.py:588} INFO - Filling up the DagBag from /home/airflow/.local/lib/python3.12/site-packages/airflow/example_dags/example_xcom.py
[2026-06-05T13:58:09.207+0000] {processor.py:925} INFO - DAG(s) 'example_xcom' retrieved from /home/airflow/.local/lib/python3.12/site-packages/airflow/example_dags/example_xcom.py
[2026-06-05T13:58:09.342+0000] {logging_mixin.py:190} INFO - [2026-06-05T13:58:09.332+0000] {dag.py:3239} INFO - Sync 1 DAGs
[2026-06-05T13:58:09.526+0000] {logging_mixin.py:190} INFO - [2026-06-05T13:58:09.525+0000] {dag.py:4180} INFO - Setting next_dagrun for example_xcom to 2021-01-01 00:00:00+00:00, run_after=2021-01-01 00:00:00+00:00
[2026-06-05T13:58:09.626+0000] {processor.py:208} INFO - Processing /home/airflow/.local/lib/python3.12/site-packages/airflow/example_dags/example_xcom.py took 0.523 seconds
[2026-06-05T13:58:40.771+0000] {processor.py:186} INFO - Started process (PID=848) to work on /home/airflow/.local/lib/python3.12/site-packages/airflow/example_dags/example_xcom.py
[2026-06-05T13:58:40.778+0000] {processor.py:914} INFO - Processing file /home/airflow/.local/lib/python3.12/site-packages/airflow/example_dags/example_xcom.py for tasks to queue
[2026-06-05T13:58:40.789+0000] {logging_mixin.py:190} INFO - [2026-06-05T13:58:40.788+0000] {dagbag.py:588} INFO - Filling up the DagBag from /home/airflow/.local/lib/python3.12/site-packages/airflow/example_dags/example_xcom.py
[2026-06-05T13:58:40.826+0000] {processor.py:925} INFO - DAG(s) 'example_xcom' retrieved from /home/airflow/.local/lib/python3.12/site-packages/airflow/example_dags/example_xcom.py
[2026-06-05T13:58:40.924+0000] {logging_mixin.py:190} INFO - [2026-06-05T13:58:40.923+0000] {dag.py:3239} INFO - Sync 1 DAGs
[2026-06-05T13:58:41.089+0000] {logging_mixin.py:190} INFO - [2026-06-05T13:58:41.088+0000] {dag.py:4180} INFO - Setting next_dagrun for example_xcom to 2021-01-01 00:00:00+00:00, run_after=2021-01-01 00:00:00+00:00
[2026-06-05T13:58:41.234+0000] {processor.py:208} INFO - Processing /home/airflow/.local/lib/python3.12/site-packages/airflow/example_dags/example_xcom.py took 0.489 seconds
[2026-06-05T13:59:11.580+0000] {processor.py:186} INFO - Started process (PID=910) to work on /home/airflow/.local/lib/python3.12/site-packages/airflow/example_dags/example_xcom.py
[2026-06-05T13:59:11.584+0000] {processor.py:914} INFO - Processing file /home/airflow/.local/lib/python3.12/site-packages/airflow/example_dags/example_xcom.py for tasks to queue
[2026-06-05T13:59:11.593+0000] {logging_mixin.py:190} INFO - [2026-06-05T13:59:11.592+0000] {dagbag.py:588} INFO - Filling up the DagBag from /home/airflow/.local/lib/python3.12/site-packages/airflow/example_dags/example_xcom.py
[2026-06-05T13:59:11.634+0000] {processor.py:925} INFO - DAG(s) 'example_xcom' retrieved from /home/airflow/.local/lib/python3.12/site-packages/airflow/example_dags/example_xcom.py
[2026-06-05T13:59:11.758+0000] {logging_mixin.py:190} INFO - [2026-06-05T13:59:11.755+0000] {dag.py:3239} INFO - Sync 1 DAGs
[2026-06-05T13:59:11.844+0000] {logging_mixin.py:190} INFO - [2026-06-05T13:59:11.843+0000] {dag.py:4180} INFO - Setting next_dagrun for example_xcom to 2021-01-01 00:00:00+00:00, run_after=2021-01-01 00:00:00+00:00
[2026-06-05T13:59:11.906+0000] {processor.py:208} INFO - Processing /home/airflow/.local/lib/python3.12/site-packages/airflow/example_dags/example_xcom.py took 0.350 seconds
