[2026-06-05T13:52:29.349+0000] {processor.py:186} INFO - Started process (PID=122) to work on /home/airflow/.local/lib/python3.12/site-packages/airflow/example_dags/example_workday_timetable.py
[2026-06-05T13:52:29.352+0000] {processor.py:914} INFO - Processing file /home/airflow/.local/lib/python3.12/site-packages/airflow/example_dags/example_workday_timetable.py for tasks to queue
[2026-06-05T13:52:29.363+0000] {logging_mixin.py:190} INFO - [2026-06-05T13:52:29.362+0000] {dagbag.py:588} INFO - Filling up the DagBag from /home/airflow/.local/lib/python3.12/site-packages/airflow/example_dags/example_workday_timetable.py
[2026-06-05T13:52:29.389+0000] {processor.py:925} INFO - DAG(s) 'example_workday_timetable' retrieved from /home/airflow/.local/lib/python3.12/site-packages/airflow/example_dags/example_workday_timetable.py
[2026-06-05T13:52:29.874+0000] {logging_mixin.py:190} INFO - [2026-06-05T13:52:29.872+0000] {override.py:1900} INFO - Created Permission View: can delete on DAG:example_workday_timetable
[2026-06-05T13:52:29.919+0000] {logging_mixin.py:190} INFO - [2026-06-05T13:52:29.918+0000] {override.py:1900} INFO - Created Permission View: can read on DAG:example_workday_timetable
[2026-06-05T13:52:29.951+0000] {logging_mixin.py:190} INFO - [2026-06-05T13:52:29.950+0000] {override.py:1900} INFO - Created Permission View: can edit on DAG:example_workday_timetable
[2026-06-05T13:52:29.984+0000] {logging_mixin.py:190} INFO - [2026-06-05T13:52:29.983+0000] {override.py:1900} INFO - Created Permission View: menu access on DAG Run:example_workday_timetable
[2026-06-05T13:52:30.005+0000] {logging_mixin.py:190} INFO - [2026-06-05T13:52:30.005+0000] {override.py:1900} INFO - Created Permission View: can delete on DAG Run:example_workday_timetable
[2026-06-05T13:52:30.038+0000] {logging_mixin.py:190} INFO - [2026-06-05T13:52:30.037+0000] {override.py:1900} INFO - Created Permission View: can read on DAG Run:example_workday_timetable
[2026-06-05T13:52:30.070+0000] {logging_mixin.py:190} INFO - [2026-06-05T13:52:30.069+0000] {override.py:1900} INFO - Created Permission View: can create on DAG Run:example_workday_timetable
[2026-06-05T13:52:30.078+0000] {logging_mixin.py:190} INFO - [2026-06-05T13:52:30.077+0000] {dag.py:3239} INFO - Sync 1 DAGs
[2026-06-05T13:52:30.146+0000] {logging_mixin.py:190} INFO - [2026-06-05T13:52:30.146+0000] {dag.py:3262} INFO - Creating ORM DAG for example_workday_timetable
[2026-06-05T13:52:30.497+0000] {logging_mixin.py:190} INFO - [2026-06-05T13:52:30.496+0000] {dag.py:4180} INFO - Setting next_dagrun for example_workday_timetable to 2021-01-04 00:00:00+00:00, run_after=2021-01-05 00:00:00+00:00
[2026-06-05T13:52:30.589+0000] {processor.py:208} INFO - Processing /home/airflow/.local/lib/python3.12/site-packages/airflow/example_dags/example_workday_timetable.py took 1.266 seconds
[2026-06-05T13:53:00.939+0000] {processor.py:186} INFO - Started process (PID=183) to work on /home/airflow/.local/lib/python3.12/site-packages/airflow/example_dags/example_workday_timetable.py
[2026-06-05T13:53:00.948+0000] {processor.py:914} INFO - Processing file /home/airflow/.local/lib/python3.12/site-packages/airflow/example_dags/example_workday_timetable.py for tasks to queue
[2026-06-05T13:53:00.970+0000] {logging_mixin.py:190} INFO - [2026-06-05T13:53:00.969+0000] {dagbag.py:588} INFO - Filling up the DagBag from /home/airflow/.local/lib/python3.12/site-packages/airflow/example_dags/example_workday_timetable.py
[2026-06-05T13:53:01.011+0000] {processor.py:925} INFO - DAG(s) 'example_workday_timetable' retrieved from /home/airflow/.local/lib/python3.12/site-packages/airflow/example_dags/example_workday_timetable.py
[2026-06-05T13:53:01.100+0000] {logging_mixin.py:190} INFO - [2026-06-05T13:53:01.099+0000] {dag.py:3239} INFO - Sync 1 DAGs
[2026-06-05T13:53:01.434+0000] {logging_mixin.py:190} INFO - [2026-06-05T13:53:01.433+0000] {dag.py:4180} INFO - Setting next_dagrun for example_workday_timetable to 2021-01-04 00:00:00+00:00, run_after=2021-01-05 00:00:00+00:00
[2026-06-05T13:53:01.499+0000] {processor.py:208} INFO - Processing /home/airflow/.local/lib/python3.12/site-packages/airflow/example_dags/example_workday_timetable.py took 0.591 seconds
[2026-06-05T13:53:33.324+0000] {processor.py:186} INFO - Started process (PID=245) to work on /home/airflow/.local/lib/python3.12/site-packages/airflow/example_dags/example_workday_timetable.py
[2026-06-05T13:53:33.339+0000] {processor.py:914} INFO - Processing file /home/airflow/.local/lib/python3.12/site-packages/airflow/example_dags/example_workday_timetable.py for tasks to queue
[2026-06-05T13:53:33.358+0000] {logging_mixin.py:190} INFO - [2026-06-05T13:53:33.357+0000] {dagbag.py:588} INFO - Filling up the DagBag from /home/airflow/.local/lib/python3.12/site-packages/airflow/example_dags/example_workday_timetable.py
[2026-06-05T13:53:33.393+0000] {processor.py:925} INFO - DAG(s) 'example_workday_timetable' retrieved from /home/airflow/.local/lib/python3.12/site-packages/airflow/example_dags/example_workday_timetable.py
[2026-06-05T13:53:33.495+0000] {logging_mixin.py:190} INFO - [2026-06-05T13:53:33.493+0000] {dag.py:3239} INFO - Sync 1 DAGs
[2026-06-05T13:53:33.948+0000] {logging_mixin.py:190} INFO - [2026-06-05T13:53:33.947+0000] {dag.py:4180} INFO - Setting next_dagrun for example_workday_timetable to 2021-01-04 00:00:00+00:00, run_after=2021-01-05 00:00:00+00:00
[2026-06-05T13:53:34.101+0000] {processor.py:208} INFO - Processing /home/airflow/.local/lib/python3.12/site-packages/airflow/example_dags/example_workday_timetable.py took 0.824 seconds
[2026-06-05T13:54:05.046+0000] {processor.py:186} INFO - Started process (PID=307) to work on /home/airflow/.local/lib/python3.12/site-packages/airflow/example_dags/example_workday_timetable.py
[2026-06-05T13:54:05.059+0000] {processor.py:914} INFO - Processing file /home/airflow/.local/lib/python3.12/site-packages/airflow/example_dags/example_workday_timetable.py for tasks to queue
[2026-06-05T13:54:05.067+0000] {logging_mixin.py:190} INFO - [2026-06-05T13:54:05.065+0000] {dagbag.py:588} INFO - Filling up the DagBag from /home/airflow/.local/lib/python3.12/site-packages/airflow/example_dags/example_workday_timetable.py
[2026-06-05T13:54:05.092+0000] {processor.py:925} INFO - DAG(s) 'example_workday_timetable' retrieved from /home/airflow/.local/lib/python3.12/site-packages/airflow/example_dags/example_workday_timetable.py
[2026-06-05T13:54:05.152+0000] {logging_mixin.py:190} INFO - [2026-06-05T13:54:05.152+0000] {dag.py:3239} INFO - Sync 1 DAGs
[2026-06-05T13:54:05.338+0000] {logging_mixin.py:190} INFO - [2026-06-05T13:54:05.337+0000] {dag.py:4180} INFO - Setting next_dagrun for example_workday_timetable to 2021-01-04 00:00:00+00:00, run_after=2021-01-05 00:00:00+00:00
[2026-06-05T13:54:05.392+0000] {processor.py:208} INFO - Processing /home/airflow/.local/lib/python3.12/site-packages/airflow/example_dags/example_workday_timetable.py took 0.379 seconds
[2026-06-05T13:54:35.985+0000] {processor.py:186} INFO - Started process (PID=369) to work on /home/airflow/.local/lib/python3.12/site-packages/airflow/example_dags/example_workday_timetable.py
[2026-06-05T13:54:35.988+0000] {processor.py:914} INFO - Processing file /home/airflow/.local/lib/python3.12/site-packages/airflow/example_dags/example_workday_timetable.py for tasks to queue
[2026-06-05T13:54:35.995+0000] {logging_mixin.py:190} INFO - [2026-06-05T13:54:35.994+0000] {dagbag.py:588} INFO - Filling up the DagBag from /home/airflow/.local/lib/python3.12/site-packages/airflow/example_dags/example_workday_timetable.py
[2026-06-05T13:54:36.006+0000] {processor.py:925} INFO - DAG(s) 'example_workday_timetable' retrieved from /home/airflow/.local/lib/python3.12/site-packages/airflow/example_dags/example_workday_timetable.py
[2026-06-05T13:54:36.053+0000] {logging_mixin.py:190} INFO - [2026-06-05T13:54:36.052+0000] {dag.py:3239} INFO - Sync 1 DAGs
[2026-06-05T13:54:36.208+0000] {logging_mixin.py:190} INFO - [2026-06-05T13:54:36.207+0000] {dag.py:4180} INFO - Setting next_dagrun for example_workday_timetable to 2021-01-04 00:00:00+00:00, run_after=2021-01-05 00:00:00+00:00
[2026-06-05T13:54:36.258+0000] {processor.py:208} INFO - Processing /home/airflow/.local/lib/python3.12/site-packages/airflow/example_dags/example_workday_timetable.py took 0.285 seconds
[2026-06-05T13:55:07.167+0000] {processor.py:186} INFO - Started process (PID=431) to work on /home/airflow/.local/lib/python3.12/site-packages/airflow/example_dags/example_workday_timetable.py
[2026-06-05T13:55:07.170+0000] {processor.py:914} INFO - Processing file /home/airflow/.local/lib/python3.12/site-packages/airflow/example_dags/example_workday_timetable.py for tasks to queue
[2026-06-05T13:55:07.179+0000] {logging_mixin.py:190} INFO - [2026-06-05T13:55:07.178+0000] {dagbag.py:588} INFO - Filling up the DagBag from /home/airflow/.local/lib/python3.12/site-packages/airflow/example_dags/example_workday_timetable.py
[2026-06-05T13:55:07.201+0000] {processor.py:925} INFO - DAG(s) 'example_workday_timetable' retrieved from /home/airflow/.local/lib/python3.12/site-packages/airflow/example_dags/example_workday_timetable.py
[2026-06-05T13:55:07.265+0000] {logging_mixin.py:190} INFO - [2026-06-05T13:55:07.264+0000] {dag.py:3239} INFO - Sync 1 DAGs
[2026-06-05T13:55:07.440+0000] {logging_mixin.py:190} INFO - [2026-06-05T13:55:07.440+0000] {dag.py:4180} INFO - Setting next_dagrun for example_workday_timetable to 2021-01-04 00:00:00+00:00, run_after=2021-01-05 00:00:00+00:00
[2026-06-05T13:55:07.496+0000] {processor.py:208} INFO - Processing /home/airflow/.local/lib/python3.12/site-packages/airflow/example_dags/example_workday_timetable.py took 0.349 seconds
[2026-06-05T13:55:37.962+0000] {processor.py:186} INFO - Started process (PID=493) to work on /home/airflow/.local/lib/python3.12/site-packages/airflow/example_dags/example_workday_timetable.py
[2026-06-05T13:55:37.972+0000] {processor.py:914} INFO - Processing file /home/airflow/.local/lib/python3.12/site-packages/airflow/example_dags/example_workday_timetable.py for tasks to queue
[2026-06-05T13:55:37.980+0000] {logging_mixin.py:190} INFO - [2026-06-05T13:55:37.978+0000] {dagbag.py:588} INFO - Filling up the DagBag from /home/airflow/.local/lib/python3.12/site-packages/airflow/example_dags/example_workday_timetable.py
[2026-06-05T13:55:38.000+0000] {processor.py:925} INFO - DAG(s) 'example_workday_timetable' retrieved from /home/airflow/.local/lib/python3.12/site-packages/airflow/example_dags/example_workday_timetable.py
[2026-06-05T13:55:38.045+0000] {logging_mixin.py:190} INFO - [2026-06-05T13:55:38.045+0000] {dag.py:3239} INFO - Sync 1 DAGs
[2026-06-05T13:55:38.302+0000] {logging_mixin.py:190} INFO - [2026-06-05T13:55:38.301+0000] {dag.py:4180} INFO - Setting next_dagrun for example_workday_timetable to 2021-01-04 00:00:00+00:00, run_after=2021-01-05 00:00:00+00:00
[2026-06-05T13:55:38.372+0000] {processor.py:208} INFO - Processing /home/airflow/.local/lib/python3.12/site-packages/airflow/example_dags/example_workday_timetable.py took 0.427 seconds
[2026-06-05T13:56:10.502+0000] {processor.py:186} INFO - Started process (PID=556) to work on /home/airflow/.local/lib/python3.12/site-packages/airflow/example_dags/example_workday_timetable.py
[2026-06-05T13:56:10.511+0000] {processor.py:914} INFO - Processing file /home/airflow/.local/lib/python3.12/site-packages/airflow/example_dags/example_workday_timetable.py for tasks to queue
[2026-06-05T13:56:10.522+0000] {logging_mixin.py:190} INFO - [2026-06-05T13:56:10.520+0000] {dagbag.py:588} INFO - Filling up the DagBag from /home/airflow/.local/lib/python3.12/site-packages/airflow/example_dags/example_workday_timetable.py
[2026-06-05T13:56:10.564+0000] {processor.py:925} INFO - DAG(s) 'example_workday_timetable' retrieved from /home/airflow/.local/lib/python3.12/site-packages/airflow/example_dags/example_workday_timetable.py
[2026-06-05T13:56:10.675+0000] {logging_mixin.py:190} INFO - [2026-06-05T13:56:10.674+0000] {dag.py:3239} INFO - Sync 1 DAGs
[2026-06-05T13:56:11.081+0000] {logging_mixin.py:190} INFO - [2026-06-05T13:56:11.077+0000] {dag.py:4180} INFO - Setting next_dagrun for example_workday_timetable to 2021-01-04 00:00:00+00:00, run_after=2021-01-05 00:00:00+00:00
[2026-06-05T13:56:11.183+0000] {processor.py:208} INFO - Processing /home/airflow/.local/lib/python3.12/site-packages/airflow/example_dags/example_workday_timetable.py took 0.706 seconds
[2026-06-05T13:56:42.948+0000] {processor.py:186} INFO - Started process (PID=619) to work on /home/airflow/.local/lib/python3.12/site-packages/airflow/example_dags/example_workday_timetable.py
[2026-06-05T13:56:42.959+0000] {processor.py:914} INFO - Processing file /home/airflow/.local/lib/python3.12/site-packages/airflow/example_dags/example_workday_timetable.py for tasks to queue
[2026-06-05T13:56:42.977+0000] {logging_mixin.py:190} INFO - [2026-06-05T13:56:42.976+0000] {dagbag.py:588} INFO - Filling up the DagBag from /home/airflow/.local/lib/python3.12/site-packages/airflow/example_dags/example_workday_timetable.py
[2026-06-05T13:56:43.009+0000] {processor.py:925} INFO - DAG(s) 'example_workday_timetable' retrieved from /home/airflow/.local/lib/python3.12/site-packages/airflow/example_dags/example_workday_timetable.py
[2026-06-05T13:56:43.119+0000] {logging_mixin.py:190} INFO - [2026-06-05T13:56:43.118+0000] {dag.py:3239} INFO - Sync 1 DAGs
[2026-06-05T13:56:43.670+0000] {logging_mixin.py:190} INFO - [2026-06-05T13:56:43.669+0000] {dag.py:4180} INFO - Setting next_dagrun for example_workday_timetable to 2021-01-04 00:00:00+00:00, run_after=2021-01-05 00:00:00+00:00
[2026-06-05T13:56:43.820+0000] {processor.py:208} INFO - Processing /home/airflow/.local/lib/python3.12/site-packages/airflow/example_dags/example_workday_timetable.py took 0.905 seconds
[2026-06-05T13:57:14.454+0000] {processor.py:186} INFO - Started process (PID=681) to work on /home/airflow/.local/lib/python3.12/site-packages/airflow/example_dags/example_workday_timetable.py
[2026-06-05T13:57:14.457+0000] {processor.py:914} INFO - Processing file /home/airflow/.local/lib/python3.12/site-packages/airflow/example_dags/example_workday_timetable.py for tasks to queue
[2026-06-05T13:57:14.462+0000] {logging_mixin.py:190} INFO - [2026-06-05T13:57:14.462+0000] {dagbag.py:588} INFO - Filling up the DagBag from /home/airflow/.local/lib/python3.12/site-packages/airflow/example_dags/example_workday_timetable.py
[2026-06-05T13:57:14.475+0000] {processor.py:925} INFO - DAG(s) 'example_workday_timetable' retrieved from /home/airflow/.local/lib/python3.12/site-packages/airflow/example_dags/example_workday_timetable.py
[2026-06-05T13:57:14.516+0000] {logging_mixin.py:190} INFO - [2026-06-05T13:57:14.516+0000] {dag.py:3239} INFO - Sync 1 DAGs
[2026-06-05T13:57:14.694+0000] {logging_mixin.py:190} INFO - [2026-06-05T13:57:14.693+0000] {dag.py:4180} INFO - Setting next_dagrun for example_workday_timetable to 2021-01-04 00:00:00+00:00, run_after=2021-01-05 00:00:00+00:00
[2026-06-05T13:57:14.755+0000] {processor.py:208} INFO - Processing /home/airflow/.local/lib/python3.12/site-packages/airflow/example_dags/example_workday_timetable.py took 0.313 seconds
[2026-06-05T13:57:45.437+0000] {processor.py:186} INFO - Started process (PID=743) to work on /home/airflow/.local/lib/python3.12/site-packages/airflow/example_dags/example_workday_timetable.py
[2026-06-05T13:57:45.475+0000] {processor.py:914} INFO - Processing file /home/airflow/.local/lib/python3.12/site-packages/airflow/example_dags/example_workday_timetable.py for tasks to queue
[2026-06-05T13:57:45.495+0000] {logging_mixin.py:190} INFO - [2026-06-05T13:57:45.485+0000] {dagbag.py:588} INFO - Filling up the DagBag from /home/airflow/.local/lib/python3.12/site-packages/airflow/example_dags/example_workday_timetable.py
[2026-06-05T13:57:45.528+0000] {processor.py:925} INFO - DAG(s) 'example_workday_timetable' retrieved from /home/airflow/.local/lib/python3.12/site-packages/airflow/example_dags/example_workday_timetable.py
[2026-06-05T13:57:45.640+0000] {logging_mixin.py:190} INFO - [2026-06-05T13:57:45.638+0000] {dag.py:3239} INFO - Sync 1 DAGs
[2026-06-05T13:57:45.955+0000] {logging_mixin.py:190} INFO - [2026-06-05T13:57:45.953+0000] {dag.py:4180} INFO - Setting next_dagrun for example_workday_timetable to 2021-01-04 00:00:00+00:00, run_after=2021-01-05 00:00:00+00:00
[2026-06-05T13:57:46.152+0000] {processor.py:208} INFO - Processing /home/airflow/.local/lib/python3.12/site-packages/airflow/example_dags/example_workday_timetable.py took 0.766 seconds
[2026-06-05T13:58:17.884+0000] {processor.py:186} INFO - Started process (PID=805) to work on /home/airflow/.local/lib/python3.12/site-packages/airflow/example_dags/example_workday_timetable.py
[2026-06-05T13:58:17.895+0000] {processor.py:914} INFO - Processing file /home/airflow/.local/lib/python3.12/site-packages/airflow/example_dags/example_workday_timetable.py for tasks to queue
[2026-06-05T13:58:17.913+0000] {logging_mixin.py:190} INFO - [2026-06-05T13:58:17.912+0000] {dagbag.py:588} INFO - Filling up the DagBag from /home/airflow/.local/lib/python3.12/site-packages/airflow/example_dags/example_workday_timetable.py
[2026-06-05T13:58:17.941+0000] {processor.py:925} INFO - DAG(s) 'example_workday_timetable' retrieved from /home/airflow/.local/lib/python3.12/site-packages/airflow/example_dags/example_workday_timetable.py
[2026-06-05T13:58:18.100+0000] {logging_mixin.py:190} INFO - [2026-06-05T13:58:18.099+0000] {dag.py:3239} INFO - Sync 1 DAGs
[2026-06-05T13:58:18.580+0000] {logging_mixin.py:190} INFO - [2026-06-05T13:58:18.580+0000] {dag.py:4180} INFO - Setting next_dagrun for example_workday_timetable to 2021-01-04 00:00:00+00:00, run_after=2021-01-05 00:00:00+00:00
[2026-06-05T13:58:18.700+0000] {processor.py:208} INFO - Processing /home/airflow/.local/lib/python3.12/site-packages/airflow/example_dags/example_workday_timetable.py took 0.853 seconds
[2026-06-05T13:58:51.863+0000] {processor.py:186} INFO - Started process (PID=874) to work on /home/airflow/.local/lib/python3.12/site-packages/airflow/example_dags/example_workday_timetable.py
[2026-06-05T13:58:51.874+0000] {processor.py:914} INFO - Processing file /home/airflow/.local/lib/python3.12/site-packages/airflow/example_dags/example_workday_timetable.py for tasks to queue
[2026-06-05T13:58:51.894+0000] {logging_mixin.py:190} INFO - [2026-06-05T13:58:51.882+0000] {dagbag.py:588} INFO - Filling up the DagBag from /home/airflow/.local/lib/python3.12/site-packages/airflow/example_dags/example_workday_timetable.py
[2026-06-05T13:58:51.939+0000] {processor.py:925} INFO - DAG(s) 'example_workday_timetable' retrieved from /home/airflow/.local/lib/python3.12/site-packages/airflow/example_dags/example_workday_timetable.py
[2026-06-05T13:58:52.050+0000] {logging_mixin.py:190} INFO - [2026-06-05T13:58:52.049+0000] {dag.py:3239} INFO - Sync 1 DAGs
[2026-06-05T13:58:52.478+0000] {logging_mixin.py:190} INFO - [2026-06-05T13:58:52.477+0000] {dag.py:4180} INFO - Setting next_dagrun for example_workday_timetable to 2021-01-04 00:00:00+00:00, run_after=2021-01-05 00:00:00+00:00
[2026-06-05T13:58:52.543+0000] {processor.py:208} INFO - Processing /home/airflow/.local/lib/python3.12/site-packages/airflow/example_dags/example_workday_timetable.py took 0.730 seconds
[2026-06-05T13:59:22.684+0000] {processor.py:186} INFO - Started process (PID=936) to work on /home/airflow/.local/lib/python3.12/site-packages/airflow/example_dags/example_workday_timetable.py
[2026-06-05T13:59:22.686+0000] {processor.py:914} INFO - Processing file /home/airflow/.local/lib/python3.12/site-packages/airflow/example_dags/example_workday_timetable.py for tasks to queue
[2026-06-05T13:59:22.695+0000] {logging_mixin.py:190} INFO - [2026-06-05T13:59:22.694+0000] {dagbag.py:588} INFO - Filling up the DagBag from /home/airflow/.local/lib/python3.12/site-packages/airflow/example_dags/example_workday_timetable.py
[2026-06-05T13:59:22.715+0000] {processor.py:925} INFO - DAG(s) 'example_workday_timetable' retrieved from /home/airflow/.local/lib/python3.12/site-packages/airflow/example_dags/example_workday_timetable.py
[2026-06-05T13:59:22.767+0000] {logging_mixin.py:190} INFO - [2026-06-05T13:59:22.767+0000] {dag.py:3239} INFO - Sync 1 DAGs
[2026-06-05T13:59:22.978+0000] {logging_mixin.py:190} INFO - [2026-06-05T13:59:22.978+0000] {dag.py:4180} INFO - Setting next_dagrun for example_workday_timetable to 2021-01-04 00:00:00+00:00, run_after=2021-01-05 00:00:00+00:00
[2026-06-05T13:59:23.046+0000] {processor.py:208} INFO - Processing /home/airflow/.local/lib/python3.12/site-packages/airflow/example_dags/example_workday_timetable.py took 0.380 seconds
