[2026-06-05T13:52:45.557+0000] {processor.py:186} INFO - Started process (PID=142) to work on /home/airflow/.local/lib/python3.12/site-packages/airflow/example_dags/tutorial_taskflow_api.py
[2026-06-05T13:52:45.561+0000] {processor.py:914} INFO - Processing file /home/airflow/.local/lib/python3.12/site-packages/airflow/example_dags/tutorial_taskflow_api.py for tasks to queue
[2026-06-05T13:52:45.574+0000] {logging_mixin.py:190} INFO - [2026-06-05T13:52:45.573+0000] {dagbag.py:588} INFO - Filling up the DagBag from /home/airflow/.local/lib/python3.12/site-packages/airflow/example_dags/tutorial_taskflow_api.py
[2026-06-05T13:52:45.615+0000] {processor.py:925} INFO - DAG(s) 'tutorial_taskflow_api' retrieved from /home/airflow/.local/lib/python3.12/site-packages/airflow/example_dags/tutorial_taskflow_api.py
[2026-06-05T13:52:46.211+0000] {logging_mixin.py:190} INFO - [2026-06-05T13:52:46.210+0000] {override.py:1900} INFO - Created Permission View: can delete on DAG:tutorial_taskflow_api
[2026-06-05T13:52:46.295+0000] {logging_mixin.py:190} INFO - [2026-06-05T13:52:46.294+0000] {override.py:1900} INFO - Created Permission View: can read on DAG:tutorial_taskflow_api
[2026-06-05T13:52:46.328+0000] {logging_mixin.py:190} INFO - [2026-06-05T13:52:46.327+0000] {override.py:1900} INFO - Created Permission View: can edit on DAG:tutorial_taskflow_api
[2026-06-05T13:52:46.381+0000] {logging_mixin.py:190} INFO - [2026-06-05T13:52:46.380+0000] {override.py:1900} INFO - Created Permission View: menu access on DAG Run:tutorial_taskflow_api
[2026-06-05T13:52:46.451+0000] {logging_mixin.py:190} INFO - [2026-06-05T13:52:46.451+0000] {override.py:1900} INFO - Created Permission View: can delete on DAG Run:tutorial_taskflow_api
[2026-06-05T13:52:46.494+0000] {logging_mixin.py:190} INFO - [2026-06-05T13:52:46.493+0000] {override.py:1900} INFO - Created Permission View: can read on DAG Run:tutorial_taskflow_api
[2026-06-05T13:52:46.525+0000] {logging_mixin.py:190} INFO - [2026-06-05T13:52:46.523+0000] {override.py:1900} INFO - Created Permission View: can create on DAG Run:tutorial_taskflow_api
[2026-06-05T13:52:46.532+0000] {logging_mixin.py:190} INFO - [2026-06-05T13:52:46.531+0000] {dag.py:3239} INFO - Sync 1 DAGs
[2026-06-05T13:52:46.611+0000] {logging_mixin.py:190} INFO - [2026-06-05T13:52:46.610+0000] {dag.py:3262} INFO - Creating ORM DAG for tutorial_taskflow_api
[2026-06-05T13:52:46.620+0000] {logging_mixin.py:190} INFO - [2026-06-05T13:52:46.619+0000] {dag.py:4180} INFO - Setting next_dagrun for tutorial_taskflow_api to None, run_after=None
[2026-06-05T13:52:46.698+0000] {processor.py:208} INFO - Processing /home/airflow/.local/lib/python3.12/site-packages/airflow/example_dags/tutorial_taskflow_api.py took 1.167 seconds
[2026-06-05T13:53:17.078+0000] {processor.py:186} INFO - Started process (PID=208) to work on /home/airflow/.local/lib/python3.12/site-packages/airflow/example_dags/tutorial_taskflow_api.py
[2026-06-05T13:53:17.080+0000] {processor.py:914} INFO - Processing file /home/airflow/.local/lib/python3.12/site-packages/airflow/example_dags/tutorial_taskflow_api.py for tasks to queue
[2026-06-05T13:53:17.085+0000] {logging_mixin.py:190} INFO - [2026-06-05T13:53:17.085+0000] {dagbag.py:588} INFO - Filling up the DagBag from /home/airflow/.local/lib/python3.12/site-packages/airflow/example_dags/tutorial_taskflow_api.py
[2026-06-05T13:53:17.100+0000] {processor.py:925} INFO - DAG(s) 'tutorial_taskflow_api' retrieved from /home/airflow/.local/lib/python3.12/site-packages/airflow/example_dags/tutorial_taskflow_api.py
[2026-06-05T13:53:17.140+0000] {logging_mixin.py:190} INFO - [2026-06-05T13:53:17.138+0000] {dag.py:3239} INFO - Sync 1 DAGs
[2026-06-05T13:53:17.179+0000] {logging_mixin.py:190} INFO - [2026-06-05T13:53:17.179+0000] {dag.py:4180} INFO - Setting next_dagrun for tutorial_taskflow_api to None, run_after=None
[2026-06-05T13:53:17.221+0000] {processor.py:208} INFO - Processing /home/airflow/.local/lib/python3.12/site-packages/airflow/example_dags/tutorial_taskflow_api.py took 0.158 seconds
[2026-06-05T13:53:47.662+0000] {processor.py:186} INFO - Started process (PID=270) to work on /home/airflow/.local/lib/python3.12/site-packages/airflow/example_dags/tutorial_taskflow_api.py
[2026-06-05T13:53:47.664+0000] {processor.py:914} INFO - Processing file /home/airflow/.local/lib/python3.12/site-packages/airflow/example_dags/tutorial_taskflow_api.py for tasks to queue
[2026-06-05T13:53:47.668+0000] {logging_mixin.py:190} INFO - [2026-06-05T13:53:47.668+0000] {dagbag.py:588} INFO - Filling up the DagBag from /home/airflow/.local/lib/python3.12/site-packages/airflow/example_dags/tutorial_taskflow_api.py
[2026-06-05T13:53:47.686+0000] {processor.py:925} INFO - DAG(s) 'tutorial_taskflow_api' retrieved from /home/airflow/.local/lib/python3.12/site-packages/airflow/example_dags/tutorial_taskflow_api.py
[2026-06-05T13:53:47.734+0000] {logging_mixin.py:190} INFO - [2026-06-05T13:53:47.733+0000] {dag.py:3239} INFO - Sync 1 DAGs
[2026-06-05T13:53:47.771+0000] {logging_mixin.py:190} INFO - [2026-06-05T13:53:47.771+0000] {dag.py:4180} INFO - Setting next_dagrun for tutorial_taskflow_api to None, run_after=None
[2026-06-05T13:53:47.816+0000] {processor.py:208} INFO - Processing /home/airflow/.local/lib/python3.12/site-packages/airflow/example_dags/tutorial_taskflow_api.py took 0.168 seconds
[2026-06-05T13:54:18.272+0000] {processor.py:186} INFO - Started process (PID=332) to work on /home/airflow/.local/lib/python3.12/site-packages/airflow/example_dags/tutorial_taskflow_api.py
[2026-06-05T13:54:18.275+0000] {processor.py:914} INFO - Processing file /home/airflow/.local/lib/python3.12/site-packages/airflow/example_dags/tutorial_taskflow_api.py for tasks to queue
[2026-06-05T13:54:18.279+0000] {logging_mixin.py:190} INFO - [2026-06-05T13:54:18.279+0000] {dagbag.py:588} INFO - Filling up the DagBag from /home/airflow/.local/lib/python3.12/site-packages/airflow/example_dags/tutorial_taskflow_api.py
[2026-06-05T13:54:18.294+0000] {processor.py:925} INFO - DAG(s) 'tutorial_taskflow_api' retrieved from /home/airflow/.local/lib/python3.12/site-packages/airflow/example_dags/tutorial_taskflow_api.py
[2026-06-05T13:54:18.332+0000] {logging_mixin.py:190} INFO - [2026-06-05T13:54:18.331+0000] {dag.py:3239} INFO - Sync 1 DAGs
[2026-06-05T13:54:18.372+0000] {logging_mixin.py:190} INFO - [2026-06-05T13:54:18.371+0000] {dag.py:4180} INFO - Setting next_dagrun for tutorial_taskflow_api to None, run_after=None
[2026-06-05T13:54:18.411+0000] {processor.py:208} INFO - Processing /home/airflow/.local/lib/python3.12/site-packages/airflow/example_dags/tutorial_taskflow_api.py took 0.149 seconds
[2026-06-05T13:54:50.861+0000] {processor.py:186} INFO - Started process (PID=394) to work on /home/airflow/.local/lib/python3.12/site-packages/airflow/example_dags/tutorial_taskflow_api.py
[2026-06-05T13:54:50.885+0000] {processor.py:914} INFO - Processing file /home/airflow/.local/lib/python3.12/site-packages/airflow/example_dags/tutorial_taskflow_api.py for tasks to queue
[2026-06-05T13:54:50.898+0000] {logging_mixin.py:190} INFO - [2026-06-05T13:54:50.897+0000] {dagbag.py:588} INFO - Filling up the DagBag from /home/airflow/.local/lib/python3.12/site-packages/airflow/example_dags/tutorial_taskflow_api.py
[2026-06-05T13:54:50.986+0000] {processor.py:925} INFO - DAG(s) 'tutorial_taskflow_api' retrieved from /home/airflow/.local/lib/python3.12/site-packages/airflow/example_dags/tutorial_taskflow_api.py
[2026-06-05T13:54:51.436+0000] {logging_mixin.py:190} INFO - [2026-06-05T13:54:51.435+0000] {dag.py:3239} INFO - Sync 1 DAGs
[2026-06-05T13:54:51.742+0000] {logging_mixin.py:190} INFO - [2026-06-05T13:54:51.741+0000] {dag.py:4180} INFO - Setting next_dagrun for tutorial_taskflow_api to None, run_after=None
[2026-06-05T13:54:51.965+0000] {processor.py:208} INFO - Processing /home/airflow/.local/lib/python3.12/site-packages/airflow/example_dags/tutorial_taskflow_api.py took 1.142 seconds
[2026-06-05T13:55:22.752+0000] {processor.py:186} INFO - Started process (PID=455) to work on /home/airflow/.local/lib/python3.12/site-packages/airflow/example_dags/tutorial_taskflow_api.py
[2026-06-05T13:55:22.754+0000] {processor.py:914} INFO - Processing file /home/airflow/.local/lib/python3.12/site-packages/airflow/example_dags/tutorial_taskflow_api.py for tasks to queue
[2026-06-05T13:55:22.762+0000] {logging_mixin.py:190} INFO - [2026-06-05T13:55:22.760+0000] {dagbag.py:588} INFO - Filling up the DagBag from /home/airflow/.local/lib/python3.12/site-packages/airflow/example_dags/tutorial_taskflow_api.py
[2026-06-05T13:55:22.782+0000] {processor.py:925} INFO - DAG(s) 'tutorial_taskflow_api' retrieved from /home/airflow/.local/lib/python3.12/site-packages/airflow/example_dags/tutorial_taskflow_api.py
[2026-06-05T13:55:22.827+0000] {logging_mixin.py:190} INFO - [2026-06-05T13:55:22.827+0000] {dag.py:3239} INFO - Sync 1 DAGs
[2026-06-05T13:55:22.858+0000] {logging_mixin.py:190} INFO - [2026-06-05T13:55:22.858+0000] {dag.py:4180} INFO - Setting next_dagrun for tutorial_taskflow_api to None, run_after=None
[2026-06-05T13:55:22.913+0000] {processor.py:208} INFO - Processing /home/airflow/.local/lib/python3.12/site-packages/airflow/example_dags/tutorial_taskflow_api.py took 0.177 seconds
[2026-06-05T13:55:53.443+0000] {processor.py:186} INFO - Started process (PID=518) to work on /home/airflow/.local/lib/python3.12/site-packages/airflow/example_dags/tutorial_taskflow_api.py
[2026-06-05T13:55:53.447+0000] {processor.py:914} INFO - Processing file /home/airflow/.local/lib/python3.12/site-packages/airflow/example_dags/tutorial_taskflow_api.py for tasks to queue
[2026-06-05T13:55:53.458+0000] {logging_mixin.py:190} INFO - [2026-06-05T13:55:53.457+0000] {dagbag.py:588} INFO - Filling up the DagBag from /home/airflow/.local/lib/python3.12/site-packages/airflow/example_dags/tutorial_taskflow_api.py
[2026-06-05T13:55:53.496+0000] {processor.py:925} INFO - DAG(s) 'tutorial_taskflow_api' retrieved from /home/airflow/.local/lib/python3.12/site-packages/airflow/example_dags/tutorial_taskflow_api.py
[2026-06-05T13:55:53.592+0000] {logging_mixin.py:190} INFO - [2026-06-05T13:55:53.592+0000] {dag.py:3239} INFO - Sync 1 DAGs
[2026-06-05T13:55:53.678+0000] {logging_mixin.py:190} INFO - [2026-06-05T13:55:53.678+0000] {dag.py:4180} INFO - Setting next_dagrun for tutorial_taskflow_api to None, run_after=None
[2026-06-05T13:55:53.779+0000] {processor.py:208} INFO - Processing /home/airflow/.local/lib/python3.12/site-packages/airflow/example_dags/tutorial_taskflow_api.py took 0.368 seconds
[2026-06-05T13:56:24.505+0000] {processor.py:186} INFO - Started process (PID=581) to work on /home/airflow/.local/lib/python3.12/site-packages/airflow/example_dags/tutorial_taskflow_api.py
[2026-06-05T13:56:24.507+0000] {processor.py:914} INFO - Processing file /home/airflow/.local/lib/python3.12/site-packages/airflow/example_dags/tutorial_taskflow_api.py for tasks to queue
[2026-06-05T13:56:24.511+0000] {logging_mixin.py:190} INFO - [2026-06-05T13:56:24.511+0000] {dagbag.py:588} INFO - Filling up the DagBag from /home/airflow/.local/lib/python3.12/site-packages/airflow/example_dags/tutorial_taskflow_api.py
[2026-06-05T13:56:24.525+0000] {processor.py:925} INFO - DAG(s) 'tutorial_taskflow_api' retrieved from /home/airflow/.local/lib/python3.12/site-packages/airflow/example_dags/tutorial_taskflow_api.py
[2026-06-05T13:56:24.564+0000] {logging_mixin.py:190} INFO - [2026-06-05T13:56:24.564+0000] {dag.py:3239} INFO - Sync 1 DAGs
[2026-06-05T13:56:24.587+0000] {logging_mixin.py:190} INFO - [2026-06-05T13:56:24.587+0000] {dag.py:4180} INFO - Setting next_dagrun for tutorial_taskflow_api to None, run_after=None
[2026-06-05T13:56:24.644+0000] {processor.py:208} INFO - Processing /home/airflow/.local/lib/python3.12/site-packages/airflow/example_dags/tutorial_taskflow_api.py took 0.149 seconds
[2026-06-05T13:56:55.043+0000] {processor.py:186} INFO - Started process (PID=643) to work on /home/airflow/.local/lib/python3.12/site-packages/airflow/example_dags/tutorial_taskflow_api.py
[2026-06-05T13:56:55.046+0000] {processor.py:914} INFO - Processing file /home/airflow/.local/lib/python3.12/site-packages/airflow/example_dags/tutorial_taskflow_api.py for tasks to queue
[2026-06-05T13:56:55.052+0000] {logging_mixin.py:190} INFO - [2026-06-05T13:56:55.052+0000] {dagbag.py:588} INFO - Filling up the DagBag from /home/airflow/.local/lib/python3.12/site-packages/airflow/example_dags/tutorial_taskflow_api.py
[2026-06-05T13:56:55.079+0000] {processor.py:925} INFO - DAG(s) 'tutorial_taskflow_api' retrieved from /home/airflow/.local/lib/python3.12/site-packages/airflow/example_dags/tutorial_taskflow_api.py
[2026-06-05T13:56:55.129+0000] {logging_mixin.py:190} INFO - [2026-06-05T13:56:55.129+0000] {dag.py:3239} INFO - Sync 1 DAGs
[2026-06-05T13:56:55.162+0000] {logging_mixin.py:190} INFO - [2026-06-05T13:56:55.161+0000] {dag.py:4180} INFO - Setting next_dagrun for tutorial_taskflow_api to None, run_after=None
[2026-06-05T13:56:55.208+0000] {processor.py:208} INFO - Processing /home/airflow/.local/lib/python3.12/site-packages/airflow/example_dags/tutorial_taskflow_api.py took 0.181 seconds
[2026-06-05T13:57:27.105+0000] {processor.py:186} INFO - Started process (PID=705) to work on /home/airflow/.local/lib/python3.12/site-packages/airflow/example_dags/tutorial_taskflow_api.py
[2026-06-05T13:57:27.112+0000] {processor.py:914} INFO - Processing file /home/airflow/.local/lib/python3.12/site-packages/airflow/example_dags/tutorial_taskflow_api.py for tasks to queue
[2026-06-05T13:57:27.125+0000] {logging_mixin.py:190} INFO - [2026-06-05T13:57:27.124+0000] {dagbag.py:588} INFO - Filling up the DagBag from /home/airflow/.local/lib/python3.12/site-packages/airflow/example_dags/tutorial_taskflow_api.py
[2026-06-05T13:57:27.163+0000] {processor.py:925} INFO - DAG(s) 'tutorial_taskflow_api' retrieved from /home/airflow/.local/lib/python3.12/site-packages/airflow/example_dags/tutorial_taskflow_api.py
[2026-06-05T13:57:27.250+0000] {logging_mixin.py:190} INFO - [2026-06-05T13:57:27.250+0000] {dag.py:3239} INFO - Sync 1 DAGs
[2026-06-05T13:57:27.321+0000] {logging_mixin.py:190} INFO - [2026-06-05T13:57:27.320+0000] {dag.py:4180} INFO - Setting next_dagrun for tutorial_taskflow_api to None, run_after=None
[2026-06-05T13:57:27.440+0000] {processor.py:208} INFO - Processing /home/airflow/.local/lib/python3.12/site-packages/airflow/example_dags/tutorial_taskflow_api.py took 0.365 seconds
[2026-06-05T13:57:59.145+0000] {processor.py:186} INFO - Started process (PID=767) to work on /home/airflow/.local/lib/python3.12/site-packages/airflow/example_dags/tutorial_taskflow_api.py
[2026-06-05T13:57:59.148+0000] {processor.py:914} INFO - Processing file /home/airflow/.local/lib/python3.12/site-packages/airflow/example_dags/tutorial_taskflow_api.py for tasks to queue
[2026-06-05T13:57:59.172+0000] {logging_mixin.py:190} INFO - [2026-06-05T13:57:59.170+0000] {dagbag.py:588} INFO - Filling up the DagBag from /home/airflow/.local/lib/python3.12/site-packages/airflow/example_dags/tutorial_taskflow_api.py
[2026-06-05T13:57:59.225+0000] {processor.py:925} INFO - DAG(s) 'tutorial_taskflow_api' retrieved from /home/airflow/.local/lib/python3.12/site-packages/airflow/example_dags/tutorial_taskflow_api.py
[2026-06-05T13:57:59.332+0000] {logging_mixin.py:190} INFO - [2026-06-05T13:57:59.331+0000] {dag.py:3239} INFO - Sync 1 DAGs
[2026-06-05T13:57:59.416+0000] {logging_mixin.py:190} INFO - [2026-06-05T13:57:59.415+0000] {dag.py:4180} INFO - Setting next_dagrun for tutorial_taskflow_api to None, run_after=None
[2026-06-05T13:57:59.733+0000] {processor.py:208} INFO - Processing /home/airflow/.local/lib/python3.12/site-packages/airflow/example_dags/tutorial_taskflow_api.py took 0.626 seconds
[2026-06-05T13:58:29.978+0000] {processor.py:186} INFO - Started process (PID=830) to work on /home/airflow/.local/lib/python3.12/site-packages/airflow/example_dags/tutorial_taskflow_api.py
[2026-06-05T13:58:29.984+0000] {processor.py:914} INFO - Processing file /home/airflow/.local/lib/python3.12/site-packages/airflow/example_dags/tutorial_taskflow_api.py for tasks to queue
[2026-06-05T13:58:29.999+0000] {logging_mixin.py:190} INFO - [2026-06-05T13:58:29.995+0000] {dagbag.py:588} INFO - Filling up the DagBag from /home/airflow/.local/lib/python3.12/site-packages/airflow/example_dags/tutorial_taskflow_api.py
[2026-06-05T13:58:30.047+0000] {processor.py:925} INFO - DAG(s) 'tutorial_taskflow_api' retrieved from /home/airflow/.local/lib/python3.12/site-packages/airflow/example_dags/tutorial_taskflow_api.py
[2026-06-05T13:58:30.166+0000] {logging_mixin.py:190} INFO - [2026-06-05T13:58:30.162+0000] {dag.py:3239} INFO - Sync 1 DAGs
[2026-06-05T13:58:30.289+0000] {logging_mixin.py:190} INFO - [2026-06-05T13:58:30.288+0000] {dag.py:4180} INFO - Setting next_dagrun for tutorial_taskflow_api to None, run_after=None
[2026-06-05T13:58:30.361+0000] {processor.py:208} INFO - Processing /home/airflow/.local/lib/python3.12/site-packages/airflow/example_dags/tutorial_taskflow_api.py took 0.431 seconds
[2026-06-05T13:59:01.946+0000] {processor.py:186} INFO - Started process (PID=892) to work on /home/airflow/.local/lib/python3.12/site-packages/airflow/example_dags/tutorial_taskflow_api.py
[2026-06-05T13:59:01.955+0000] {processor.py:914} INFO - Processing file /home/airflow/.local/lib/python3.12/site-packages/airflow/example_dags/tutorial_taskflow_api.py for tasks to queue
[2026-06-05T13:59:01.966+0000] {logging_mixin.py:190} INFO - [2026-06-05T13:59:01.964+0000] {dagbag.py:588} INFO - Filling up the DagBag from /home/airflow/.local/lib/python3.12/site-packages/airflow/example_dags/tutorial_taskflow_api.py
[2026-06-05T13:59:02.021+0000] {processor.py:925} INFO - DAG(s) 'tutorial_taskflow_api' retrieved from /home/airflow/.local/lib/python3.12/site-packages/airflow/example_dags/tutorial_taskflow_api.py
[2026-06-05T13:59:02.129+0000] {logging_mixin.py:190} INFO - [2026-06-05T13:59:02.128+0000] {dag.py:3239} INFO - Sync 1 DAGs
[2026-06-05T13:59:02.192+0000] {logging_mixin.py:190} INFO - [2026-06-05T13:59:02.191+0000] {dag.py:4180} INFO - Setting next_dagrun for tutorial_taskflow_api to None, run_after=None
[2026-06-05T13:59:02.263+0000] {processor.py:208} INFO - Processing /home/airflow/.local/lib/python3.12/site-packages/airflow/example_dags/tutorial_taskflow_api.py took 0.350 seconds
