[2026-06-05T13:51:58.287+0000] {processor.py:186} INFO - Started process (PID=89) to work on /home/airflow/.local/lib/python3.12/site-packages/airflow/example_dags/tutorial_dag.py
[2026-06-05T13:51:58.292+0000] {processor.py:914} INFO - Processing file /home/airflow/.local/lib/python3.12/site-packages/airflow/example_dags/tutorial_dag.py for tasks to queue
[2026-06-05T13:51:58.303+0000] {logging_mixin.py:190} INFO - [2026-06-05T13:51:58.302+0000] {dagbag.py:588} INFO - Filling up the DagBag from /home/airflow/.local/lib/python3.12/site-packages/airflow/example_dags/tutorial_dag.py
[2026-06-05T13:51:58.357+0000] {processor.py:925} INFO - DAG(s) 'tutorial_dag' retrieved from /home/airflow/.local/lib/python3.12/site-packages/airflow/example_dags/tutorial_dag.py
[2026-06-05T13:51:59.132+0000] {logging_mixin.py:190} INFO - [2026-06-05T13:51:59.127+0000] {override.py:1900} INFO - Created Permission View: can delete on DAG:tutorial_dag
[2026-06-05T13:51:59.159+0000] {logging_mixin.py:190} INFO - [2026-06-05T13:51:59.158+0000] {override.py:1900} INFO - Created Permission View: can read on DAG:tutorial_dag
[2026-06-05T13:51:59.180+0000] {logging_mixin.py:190} INFO - [2026-06-05T13:51:59.180+0000] {override.py:1900} INFO - Created Permission View: can edit on DAG:tutorial_dag
[2026-06-05T13:51:59.202+0000] {logging_mixin.py:190} INFO - [2026-06-05T13:51:59.201+0000] {override.py:1900} INFO - Created Permission View: menu access on DAG Run:tutorial_dag
[2026-06-05T13:51:59.220+0000] {logging_mixin.py:190} INFO - [2026-06-05T13:51:59.219+0000] {override.py:1900} INFO - Created Permission View: can delete on DAG Run:tutorial_dag
[2026-06-05T13:51:59.238+0000] {logging_mixin.py:190} INFO - [2026-06-05T13:51:59.237+0000] {override.py:1900} INFO - Created Permission View: can read on DAG Run:tutorial_dag
[2026-06-05T13:51:59.256+0000] {logging_mixin.py:190} INFO - [2026-06-05T13:51:59.255+0000] {override.py:1900} INFO - Created Permission View: can create on DAG Run:tutorial_dag
[2026-06-05T13:51:59.258+0000] {logging_mixin.py:190} INFO - [2026-06-05T13:51:59.257+0000] {dag.py:3239} INFO - Sync 1 DAGs
[2026-06-05T13:51:59.290+0000] {logging_mixin.py:190} INFO - [2026-06-05T13:51:59.289+0000] {dag.py:3262} INFO - Creating ORM DAG for tutorial_dag
[2026-06-05T13:51:59.292+0000] {logging_mixin.py:190} INFO - [2026-06-05T13:51:59.292+0000] {dag.py:4180} INFO - Setting next_dagrun for tutorial_dag to None, run_after=None
[2026-06-05T13:51:59.346+0000] {processor.py:208} INFO - Processing /home/airflow/.local/lib/python3.12/site-packages/airflow/example_dags/tutorial_dag.py took 1.084 seconds
[2026-06-05T13:52:49.681+0000] {processor.py:186} INFO - Started process (PID=156) to work on /home/airflow/.local/lib/python3.12/site-packages/airflow/example_dags/tutorial_dag.py
[2026-06-05T13:52:49.694+0000] {processor.py:914} INFO - Processing file /home/airflow/.local/lib/python3.12/site-packages/airflow/example_dags/tutorial_dag.py for tasks to queue
[2026-06-05T13:52:49.702+0000] {logging_mixin.py:190} INFO - [2026-06-05T13:52:49.701+0000] {dagbag.py:588} INFO - Filling up the DagBag from /home/airflow/.local/lib/python3.12/site-packages/airflow/example_dags/tutorial_dag.py
[2026-06-05T13:52:49.731+0000] {processor.py:925} INFO - DAG(s) 'tutorial_dag' retrieved from /home/airflow/.local/lib/python3.12/site-packages/airflow/example_dags/tutorial_dag.py
[2026-06-05T13:52:49.799+0000] {logging_mixin.py:190} INFO - [2026-06-05T13:52:49.798+0000] {dag.py:3239} INFO - Sync 1 DAGs
[2026-06-05T13:52:49.877+0000] {logging_mixin.py:190} INFO - [2026-06-05T13:52:49.877+0000] {dag.py:4180} INFO - Setting next_dagrun for tutorial_dag to None, run_after=None
[2026-06-05T13:52:49.968+0000] {processor.py:208} INFO - Processing /home/airflow/.local/lib/python3.12/site-packages/airflow/example_dags/tutorial_dag.py took 0.317 seconds
[2026-06-05T13:53:20.758+0000] {processor.py:186} INFO - Started process (PID=218) to work on /home/airflow/.local/lib/python3.12/site-packages/airflow/example_dags/tutorial_dag.py
[2026-06-05T13:53:20.762+0000] {processor.py:914} INFO - Processing file /home/airflow/.local/lib/python3.12/site-packages/airflow/example_dags/tutorial_dag.py for tasks to queue
[2026-06-05T13:53:20.769+0000] {logging_mixin.py:190} INFO - [2026-06-05T13:53:20.767+0000] {dagbag.py:588} INFO - Filling up the DagBag from /home/airflow/.local/lib/python3.12/site-packages/airflow/example_dags/tutorial_dag.py
[2026-06-05T13:53:20.791+0000] {processor.py:925} INFO - DAG(s) 'tutorial_dag' retrieved from /home/airflow/.local/lib/python3.12/site-packages/airflow/example_dags/tutorial_dag.py
[2026-06-05T13:53:20.872+0000] {logging_mixin.py:190} INFO - [2026-06-05T13:53:20.871+0000] {dag.py:3239} INFO - Sync 1 DAGs
[2026-06-05T13:53:20.944+0000] {logging_mixin.py:190} INFO - [2026-06-05T13:53:20.944+0000] {dag.py:4180} INFO - Setting next_dagrun for tutorial_dag to None, run_after=None
[2026-06-05T13:53:21.013+0000] {processor.py:208} INFO - Processing /home/airflow/.local/lib/python3.12/site-packages/airflow/example_dags/tutorial_dag.py took 0.277 seconds
[2026-06-05T13:53:51.711+0000] {processor.py:186} INFO - Started process (PID=280) to work on /home/airflow/.local/lib/python3.12/site-packages/airflow/example_dags/tutorial_dag.py
[2026-06-05T13:53:51.727+0000] {processor.py:914} INFO - Processing file /home/airflow/.local/lib/python3.12/site-packages/airflow/example_dags/tutorial_dag.py for tasks to queue
[2026-06-05T13:53:51.759+0000] {logging_mixin.py:190} INFO - [2026-06-05T13:53:51.758+0000] {dagbag.py:588} INFO - Filling up the DagBag from /home/airflow/.local/lib/python3.12/site-packages/airflow/example_dags/tutorial_dag.py
[2026-06-05T13:53:51.821+0000] {processor.py:925} INFO - DAG(s) 'tutorial_dag' retrieved from /home/airflow/.local/lib/python3.12/site-packages/airflow/example_dags/tutorial_dag.py
[2026-06-05T13:53:51.910+0000] {logging_mixin.py:190} INFO - [2026-06-05T13:53:51.909+0000] {dag.py:3239} INFO - Sync 1 DAGs
[2026-06-05T13:53:51.946+0000] {logging_mixin.py:190} INFO - [2026-06-05T13:53:51.945+0000] {dag.py:4180} INFO - Setting next_dagrun for tutorial_dag to None, run_after=None
[2026-06-05T13:53:52.016+0000] {processor.py:208} INFO - Processing /home/airflow/.local/lib/python3.12/site-packages/airflow/example_dags/tutorial_dag.py took 0.344 seconds
[2026-06-05T13:54:22.335+0000] {processor.py:186} INFO - Started process (PID=342) to work on /home/airflow/.local/lib/python3.12/site-packages/airflow/example_dags/tutorial_dag.py
[2026-06-05T13:54:22.337+0000] {processor.py:914} INFO - Processing file /home/airflow/.local/lib/python3.12/site-packages/airflow/example_dags/tutorial_dag.py for tasks to queue
[2026-06-05T13:54:22.343+0000] {logging_mixin.py:190} INFO - [2026-06-05T13:54:22.343+0000] {dagbag.py:588} INFO - Filling up the DagBag from /home/airflow/.local/lib/python3.12/site-packages/airflow/example_dags/tutorial_dag.py
[2026-06-05T13:54:22.355+0000] {processor.py:925} INFO - DAG(s) 'tutorial_dag' retrieved from /home/airflow/.local/lib/python3.12/site-packages/airflow/example_dags/tutorial_dag.py
[2026-06-05T13:54:22.390+0000] {logging_mixin.py:190} INFO - [2026-06-05T13:54:22.389+0000] {dag.py:3239} INFO - Sync 1 DAGs
[2026-06-05T13:54:22.421+0000] {logging_mixin.py:190} INFO - [2026-06-05T13:54:22.420+0000] {dag.py:4180} INFO - Setting next_dagrun for tutorial_dag to None, run_after=None
[2026-06-05T13:54:22.465+0000] {processor.py:208} INFO - Processing /home/airflow/.local/lib/python3.12/site-packages/airflow/example_dags/tutorial_dag.py took 0.138 seconds
[2026-06-05T13:54:56.344+0000] {processor.py:186} INFO - Started process (PID=400) to work on /home/airflow/.local/lib/python3.12/site-packages/airflow/example_dags/tutorial_dag.py
[2026-06-05T13:54:56.374+0000] {processor.py:914} INFO - Processing file /home/airflow/.local/lib/python3.12/site-packages/airflow/example_dags/tutorial_dag.py for tasks to queue
[2026-06-05T13:54:56.467+0000] {logging_mixin.py:190} INFO - [2026-06-05T13:54:56.451+0000] {dagbag.py:588} INFO - Filling up the DagBag from /home/airflow/.local/lib/python3.12/site-packages/airflow/example_dags/tutorial_dag.py
[2026-06-05T13:54:56.671+0000] {processor.py:925} INFO - DAG(s) 'tutorial_dag' retrieved from /home/airflow/.local/lib/python3.12/site-packages/airflow/example_dags/tutorial_dag.py
[2026-06-05T13:54:56.858+0000] {logging_mixin.py:190} INFO - [2026-06-05T13:54:56.857+0000] {dag.py:3239} INFO - Sync 1 DAGs
[2026-06-05T13:54:57.276+0000] {logging_mixin.py:190} INFO - [2026-06-05T13:54:57.276+0000] {dag.py:4180} INFO - Setting next_dagrun for tutorial_dag to None, run_after=None
[2026-06-05T13:54:57.649+0000] {processor.py:208} INFO - Processing /home/airflow/.local/lib/python3.12/site-packages/airflow/example_dags/tutorial_dag.py took 1.490 seconds
[2026-06-05T13:55:28.545+0000] {processor.py:186} INFO - Started process (PID=462) to work on /home/airflow/.local/lib/python3.12/site-packages/airflow/example_dags/tutorial_dag.py
[2026-06-05T13:55:28.548+0000] {processor.py:914} INFO - Processing file /home/airflow/.local/lib/python3.12/site-packages/airflow/example_dags/tutorial_dag.py for tasks to queue
[2026-06-05T13:55:28.553+0000] {logging_mixin.py:190} INFO - [2026-06-05T13:55:28.552+0000] {dagbag.py:588} INFO - Filling up the DagBag from /home/airflow/.local/lib/python3.12/site-packages/airflow/example_dags/tutorial_dag.py
[2026-06-05T13:55:28.570+0000] {processor.py:925} INFO - DAG(s) 'tutorial_dag' retrieved from /home/airflow/.local/lib/python3.12/site-packages/airflow/example_dags/tutorial_dag.py
[2026-06-05T13:55:28.619+0000] {logging_mixin.py:190} INFO - [2026-06-05T13:55:28.618+0000] {dag.py:3239} INFO - Sync 1 DAGs
[2026-06-05T13:55:28.657+0000] {logging_mixin.py:190} INFO - [2026-06-05T13:55:28.657+0000] {dag.py:4180} INFO - Setting next_dagrun for tutorial_dag to None, run_after=None
[2026-06-05T13:55:28.742+0000] {processor.py:208} INFO - Processing /home/airflow/.local/lib/python3.12/site-packages/airflow/example_dags/tutorial_dag.py took 0.212 seconds
[2026-06-05T13:55:59.202+0000] {processor.py:186} INFO - Started process (PID=525) to work on /home/airflow/.local/lib/python3.12/site-packages/airflow/example_dags/tutorial_dag.py
[2026-06-05T13:55:59.205+0000] {processor.py:914} INFO - Processing file /home/airflow/.local/lib/python3.12/site-packages/airflow/example_dags/tutorial_dag.py for tasks to queue
[2026-06-05T13:55:59.212+0000] {logging_mixin.py:190} INFO - [2026-06-05T13:55:59.211+0000] {dagbag.py:588} INFO - Filling up the DagBag from /home/airflow/.local/lib/python3.12/site-packages/airflow/example_dags/tutorial_dag.py
[2026-06-05T13:55:59.240+0000] {processor.py:925} INFO - DAG(s) 'tutorial_dag' retrieved from /home/airflow/.local/lib/python3.12/site-packages/airflow/example_dags/tutorial_dag.py
[2026-06-05T13:55:59.328+0000] {logging_mixin.py:190} INFO - [2026-06-05T13:55:59.327+0000] {dag.py:3239} INFO - Sync 1 DAGs
[2026-06-05T13:55:59.389+0000] {logging_mixin.py:190} INFO - [2026-06-05T13:55:59.388+0000] {dag.py:4180} INFO - Setting next_dagrun for tutorial_dag to None, run_after=None
[2026-06-05T13:55:59.485+0000] {processor.py:208} INFO - Processing /home/airflow/.local/lib/python3.12/site-packages/airflow/example_dags/tutorial_dag.py took 0.301 seconds
[2026-06-05T13:56:29.898+0000] {processor.py:186} INFO - Started process (PID=588) to work on /home/airflow/.local/lib/python3.12/site-packages/airflow/example_dags/tutorial_dag.py
[2026-06-05T13:56:29.901+0000] {processor.py:914} INFO - Processing file /home/airflow/.local/lib/python3.12/site-packages/airflow/example_dags/tutorial_dag.py for tasks to queue
[2026-06-05T13:56:29.909+0000] {logging_mixin.py:190} INFO - [2026-06-05T13:56:29.908+0000] {dagbag.py:588} INFO - Filling up the DagBag from /home/airflow/.local/lib/python3.12/site-packages/airflow/example_dags/tutorial_dag.py
[2026-06-05T13:56:29.924+0000] {processor.py:925} INFO - DAG(s) 'tutorial_dag' retrieved from /home/airflow/.local/lib/python3.12/site-packages/airflow/example_dags/tutorial_dag.py
[2026-06-05T13:56:29.967+0000] {logging_mixin.py:190} INFO - [2026-06-05T13:56:29.966+0000] {dag.py:3239} INFO - Sync 1 DAGs
[2026-06-05T13:56:29.996+0000] {logging_mixin.py:190} INFO - [2026-06-05T13:56:29.995+0000] {dag.py:4180} INFO - Setting next_dagrun for tutorial_dag to None, run_after=None
[2026-06-05T13:56:30.051+0000] {processor.py:208} INFO - Processing /home/airflow/.local/lib/python3.12/site-packages/airflow/example_dags/tutorial_dag.py took 0.165 seconds
[2026-06-05T13:57:00.862+0000] {processor.py:186} INFO - Started process (PID=650) to work on /home/airflow/.local/lib/python3.12/site-packages/airflow/example_dags/tutorial_dag.py
[2026-06-05T13:57:00.864+0000] {processor.py:914} INFO - Processing file /home/airflow/.local/lib/python3.12/site-packages/airflow/example_dags/tutorial_dag.py for tasks to queue
[2026-06-05T13:57:00.869+0000] {logging_mixin.py:190} INFO - [2026-06-05T13:57:00.869+0000] {dagbag.py:588} INFO - Filling up the DagBag from /home/airflow/.local/lib/python3.12/site-packages/airflow/example_dags/tutorial_dag.py
[2026-06-05T13:57:00.886+0000] {processor.py:925} INFO - DAG(s) 'tutorial_dag' retrieved from /home/airflow/.local/lib/python3.12/site-packages/airflow/example_dags/tutorial_dag.py
[2026-06-05T13:57:00.948+0000] {logging_mixin.py:190} INFO - [2026-06-05T13:57:00.948+0000] {dag.py:3239} INFO - Sync 1 DAGs
[2026-06-05T13:57:00.994+0000] {logging_mixin.py:190} INFO - [2026-06-05T13:57:00.993+0000] {dag.py:4180} INFO - Setting next_dagrun for tutorial_dag to None, run_after=None
[2026-06-05T13:57:01.057+0000] {processor.py:208} INFO - Processing /home/airflow/.local/lib/python3.12/site-packages/airflow/example_dags/tutorial_dag.py took 0.203 seconds
[2026-06-05T13:57:31.482+0000] {processor.py:186} INFO - Started process (PID=712) to work on /home/airflow/.local/lib/python3.12/site-packages/airflow/example_dags/tutorial_dag.py
[2026-06-05T13:57:31.486+0000] {processor.py:914} INFO - Processing file /home/airflow/.local/lib/python3.12/site-packages/airflow/example_dags/tutorial_dag.py for tasks to queue
[2026-06-05T13:57:31.495+0000] {logging_mixin.py:190} INFO - [2026-06-05T13:57:31.494+0000] {dagbag.py:588} INFO - Filling up the DagBag from /home/airflow/.local/lib/python3.12/site-packages/airflow/example_dags/tutorial_dag.py
[2026-06-05T13:57:31.546+0000] {processor.py:925} INFO - DAG(s) 'tutorial_dag' retrieved from /home/airflow/.local/lib/python3.12/site-packages/airflow/example_dags/tutorial_dag.py
[2026-06-05T13:57:31.673+0000] {logging_mixin.py:190} INFO - [2026-06-05T13:57:31.661+0000] {dag.py:3239} INFO - Sync 1 DAGs
[2026-06-05T13:57:31.767+0000] {logging_mixin.py:190} INFO - [2026-06-05T13:57:31.766+0000] {dag.py:4180} INFO - Setting next_dagrun for tutorial_dag to None, run_after=None
[2026-06-05T13:57:31.852+0000] {processor.py:208} INFO - Processing /home/airflow/.local/lib/python3.12/site-packages/airflow/example_dags/tutorial_dag.py took 0.408 seconds
[2026-06-05T13:58:02.484+0000] {processor.py:186} INFO - Started process (PID=774) to work on /home/airflow/.local/lib/python3.12/site-packages/airflow/example_dags/tutorial_dag.py
[2026-06-05T13:58:02.487+0000] {processor.py:914} INFO - Processing file /home/airflow/.local/lib/python3.12/site-packages/airflow/example_dags/tutorial_dag.py for tasks to queue
[2026-06-05T13:58:02.498+0000] {logging_mixin.py:190} INFO - [2026-06-05T13:58:02.497+0000] {dagbag.py:588} INFO - Filling up the DagBag from /home/airflow/.local/lib/python3.12/site-packages/airflow/example_dags/tutorial_dag.py
[2026-06-05T13:58:02.538+0000] {processor.py:925} INFO - DAG(s) 'tutorial_dag' retrieved from /home/airflow/.local/lib/python3.12/site-packages/airflow/example_dags/tutorial_dag.py
[2026-06-05T13:58:02.653+0000] {logging_mixin.py:190} INFO - [2026-06-05T13:58:02.652+0000] {dag.py:3239} INFO - Sync 1 DAGs
[2026-06-05T13:58:02.717+0000] {logging_mixin.py:190} INFO - [2026-06-05T13:58:02.716+0000] {dag.py:4180} INFO - Setting next_dagrun for tutorial_dag to None, run_after=None
[2026-06-05T13:58:02.832+0000] {processor.py:208} INFO - Processing /home/airflow/.local/lib/python3.12/site-packages/airflow/example_dags/tutorial_dag.py took 0.378 seconds
[2026-06-05T13:58:33.218+0000] {processor.py:186} INFO - Started process (PID=836) to work on /home/airflow/.local/lib/python3.12/site-packages/airflow/example_dags/tutorial_dag.py
[2026-06-05T13:58:33.223+0000] {processor.py:914} INFO - Processing file /home/airflow/.local/lib/python3.12/site-packages/airflow/example_dags/tutorial_dag.py for tasks to queue
[2026-06-05T13:58:33.230+0000] {logging_mixin.py:190} INFO - [2026-06-05T13:58:33.229+0000] {dagbag.py:588} INFO - Filling up the DagBag from /home/airflow/.local/lib/python3.12/site-packages/airflow/example_dags/tutorial_dag.py
[2026-06-05T13:58:33.255+0000] {processor.py:925} INFO - DAG(s) 'tutorial_dag' retrieved from /home/airflow/.local/lib/python3.12/site-packages/airflow/example_dags/tutorial_dag.py
[2026-06-05T13:58:33.322+0000] {logging_mixin.py:190} INFO - [2026-06-05T13:58:33.318+0000] {dag.py:3239} INFO - Sync 1 DAGs
[2026-06-05T13:58:33.367+0000] {logging_mixin.py:190} INFO - [2026-06-05T13:58:33.366+0000] {dag.py:4180} INFO - Setting next_dagrun for tutorial_dag to None, run_after=None
[2026-06-05T13:58:33.426+0000] {processor.py:208} INFO - Processing /home/airflow/.local/lib/python3.12/site-packages/airflow/example_dags/tutorial_dag.py took 0.227 seconds
[2026-06-05T13:59:04.033+0000] {processor.py:186} INFO - Started process (PID=898) to work on /home/airflow/.local/lib/python3.12/site-packages/airflow/example_dags/tutorial_dag.py
[2026-06-05T13:59:04.035+0000] {processor.py:914} INFO - Processing file /home/airflow/.local/lib/python3.12/site-packages/airflow/example_dags/tutorial_dag.py for tasks to queue
[2026-06-05T13:59:04.039+0000] {logging_mixin.py:190} INFO - [2026-06-05T13:59:04.038+0000] {dagbag.py:588} INFO - Filling up the DagBag from /home/airflow/.local/lib/python3.12/site-packages/airflow/example_dags/tutorial_dag.py
[2026-06-05T13:59:04.054+0000] {processor.py:925} INFO - DAG(s) 'tutorial_dag' retrieved from /home/airflow/.local/lib/python3.12/site-packages/airflow/example_dags/tutorial_dag.py
[2026-06-05T13:59:04.090+0000] {logging_mixin.py:190} INFO - [2026-06-05T13:59:04.090+0000] {dag.py:3239} INFO - Sync 1 DAGs
[2026-06-05T13:59:04.116+0000] {logging_mixin.py:190} INFO - [2026-06-05T13:59:04.115+0000] {dag.py:4180} INFO - Setting next_dagrun for tutorial_dag to None, run_after=None
[2026-06-05T13:59:04.157+0000] {processor.py:208} INFO - Processing /home/airflow/.local/lib/python3.12/site-packages/airflow/example_dags/tutorial_dag.py took 0.136 seconds
