[2026-06-05T13:52:44.054+0000] {processor.py:186} INFO - Started process (PID=139) to work on /home/airflow/.local/lib/python3.12/site-packages/airflow/example_dags/tutorial.py
[2026-06-05T13:52:44.057+0000] {processor.py:914} INFO - Processing file /home/airflow/.local/lib/python3.12/site-packages/airflow/example_dags/tutorial.py for tasks to queue
[2026-06-05T13:52:44.068+0000] {logging_mixin.py:190} INFO - [2026-06-05T13:52:44.067+0000] {dagbag.py:588} INFO - Filling up the DagBag from /home/airflow/.local/lib/python3.12/site-packages/airflow/example_dags/tutorial.py
[2026-06-05T13:52:44.101+0000] {processor.py:925} INFO - DAG(s) 'tutorial' retrieved from /home/airflow/.local/lib/python3.12/site-packages/airflow/example_dags/tutorial.py
[2026-06-05T13:52:44.676+0000] {logging_mixin.py:190} INFO - [2026-06-05T13:52:44.669+0000] {override.py:1900} INFO - Created Permission View: can delete on DAG:tutorial
[2026-06-05T13:52:44.731+0000] {logging_mixin.py:190} INFO - [2026-06-05T13:52:44.730+0000] {override.py:1900} INFO - Created Permission View: can read on DAG:tutorial
[2026-06-05T13:52:44.797+0000] {logging_mixin.py:190} INFO - [2026-06-05T13:52:44.795+0000] {override.py:1900} INFO - Created Permission View: can edit on DAG:tutorial
[2026-06-05T13:52:44.847+0000] {logging_mixin.py:190} INFO - [2026-06-05T13:52:44.846+0000] {override.py:1900} INFO - Created Permission View: menu access on DAG Run:tutorial
[2026-06-05T13:52:44.893+0000] {logging_mixin.py:190} INFO - [2026-06-05T13:52:44.892+0000] {override.py:1900} INFO - Created Permission View: can delete on DAG Run:tutorial
[2026-06-05T13:52:44.967+0000] {logging_mixin.py:190} INFO - [2026-06-05T13:52:44.956+0000] {override.py:1900} INFO - Created Permission View: can read on DAG Run:tutorial
[2026-06-05T13:52:45.034+0000] {logging_mixin.py:190} INFO - [2026-06-05T13:52:45.033+0000] {override.py:1900} INFO - Created Permission View: can create on DAG Run:tutorial
[2026-06-05T13:52:45.039+0000] {logging_mixin.py:190} INFO - [2026-06-05T13:52:45.038+0000] {dag.py:3239} INFO - Sync 1 DAGs
[2026-06-05T13:52:45.144+0000] {logging_mixin.py:190} INFO - [2026-06-05T13:52:45.143+0000] {dag.py:3262} INFO - Creating ORM DAG for tutorial
[2026-06-05T13:52:45.201+0000] {logging_mixin.py:190} INFO - [2026-06-05T13:52:45.200+0000] {dag.py:4180} INFO - Setting next_dagrun for tutorial to 2026-06-04 00:00:00+00:00, run_after=2026-06-05 00:00:00+00:00
[2026-06-05T13:52:45.301+0000] {processor.py:208} INFO - Processing /home/airflow/.local/lib/python3.12/site-packages/airflow/example_dags/tutorial.py took 1.265 seconds
[2026-06-05T13:53:15.839+0000] {processor.py:186} INFO - Started process (PID=206) to work on /home/airflow/.local/lib/python3.12/site-packages/airflow/example_dags/tutorial.py
[2026-06-05T13:53:15.841+0000] {processor.py:914} INFO - Processing file /home/airflow/.local/lib/python3.12/site-packages/airflow/example_dags/tutorial.py for tasks to queue
[2026-06-05T13:53:15.845+0000] {logging_mixin.py:190} INFO - [2026-06-05T13:53:15.844+0000] {dagbag.py:588} INFO - Filling up the DagBag from /home/airflow/.local/lib/python3.12/site-packages/airflow/example_dags/tutorial.py
[2026-06-05T13:53:15.857+0000] {processor.py:925} INFO - DAG(s) 'tutorial' retrieved from /home/airflow/.local/lib/python3.12/site-packages/airflow/example_dags/tutorial.py
[2026-06-05T13:53:15.894+0000] {logging_mixin.py:190} INFO - [2026-06-05T13:53:15.893+0000] {dag.py:3239} INFO - Sync 1 DAGs
[2026-06-05T13:53:15.930+0000] {logging_mixin.py:190} INFO - [2026-06-05T13:53:15.930+0000] {dag.py:4180} INFO - Setting next_dagrun for tutorial to 2026-06-04 00:00:00+00:00, run_after=2026-06-05 00:00:00+00:00
[2026-06-05T13:53:15.962+0000] {processor.py:208} INFO - Processing /home/airflow/.local/lib/python3.12/site-packages/airflow/example_dags/tutorial.py took 0.132 seconds
[2026-06-05T13:53:46.166+0000] {processor.py:186} INFO - Started process (PID=268) to work on /home/airflow/.local/lib/python3.12/site-packages/airflow/example_dags/tutorial.py
[2026-06-05T13:53:46.168+0000] {processor.py:914} INFO - Processing file /home/airflow/.local/lib/python3.12/site-packages/airflow/example_dags/tutorial.py for tasks to queue
[2026-06-05T13:53:46.172+0000] {logging_mixin.py:190} INFO - [2026-06-05T13:53:46.172+0000] {dagbag.py:588} INFO - Filling up the DagBag from /home/airflow/.local/lib/python3.12/site-packages/airflow/example_dags/tutorial.py
[2026-06-05T13:53:46.189+0000] {processor.py:925} INFO - DAG(s) 'tutorial' retrieved from /home/airflow/.local/lib/python3.12/site-packages/airflow/example_dags/tutorial.py
[2026-06-05T13:53:46.232+0000] {logging_mixin.py:190} INFO - [2026-06-05T13:53:46.232+0000] {dag.py:3239} INFO - Sync 1 DAGs
[2026-06-05T13:53:46.277+0000] {logging_mixin.py:190} INFO - [2026-06-05T13:53:46.277+0000] {dag.py:4180} INFO - Setting next_dagrun for tutorial to 2026-06-04 00:00:00+00:00, run_after=2026-06-05 00:00:00+00:00
[2026-06-05T13:53:46.315+0000] {processor.py:208} INFO - Processing /home/airflow/.local/lib/python3.12/site-packages/airflow/example_dags/tutorial.py took 0.158 seconds
[2026-06-05T13:54:16.447+0000] {processor.py:186} INFO - Started process (PID=329) to work on /home/airflow/.local/lib/python3.12/site-packages/airflow/example_dags/tutorial.py
[2026-06-05T13:54:16.449+0000] {processor.py:914} INFO - Processing file /home/airflow/.local/lib/python3.12/site-packages/airflow/example_dags/tutorial.py for tasks to queue
[2026-06-05T13:54:16.453+0000] {logging_mixin.py:190} INFO - [2026-06-05T13:54:16.452+0000] {dagbag.py:588} INFO - Filling up the DagBag from /home/airflow/.local/lib/python3.12/site-packages/airflow/example_dags/tutorial.py
[2026-06-05T13:54:16.465+0000] {processor.py:925} INFO - DAG(s) 'tutorial' retrieved from /home/airflow/.local/lib/python3.12/site-packages/airflow/example_dags/tutorial.py
[2026-06-05T13:54:16.496+0000] {logging_mixin.py:190} INFO - [2026-06-05T13:54:16.496+0000] {dag.py:3239} INFO - Sync 1 DAGs
[2026-06-05T13:54:16.530+0000] {logging_mixin.py:190} INFO - [2026-06-05T13:54:16.530+0000] {dag.py:4180} INFO - Setting next_dagrun for tutorial to 2026-06-04 00:00:00+00:00, run_after=2026-06-05 00:00:00+00:00
[2026-06-05T13:54:16.581+0000] {processor.py:208} INFO - Processing /home/airflow/.local/lib/python3.12/site-packages/airflow/example_dags/tutorial.py took 0.143 seconds
[2026-06-05T13:54:49.176+0000] {processor.py:186} INFO - Started process (PID=391) to work on /home/airflow/.local/lib/python3.12/site-packages/airflow/example_dags/tutorial.py
[2026-06-05T13:54:49.193+0000] {processor.py:914} INFO - Processing file /home/airflow/.local/lib/python3.12/site-packages/airflow/example_dags/tutorial.py for tasks to queue
[2026-06-05T13:54:49.209+0000] {logging_mixin.py:190} INFO - [2026-06-05T13:54:49.207+0000] {dagbag.py:588} INFO - Filling up the DagBag from /home/airflow/.local/lib/python3.12/site-packages/airflow/example_dags/tutorial.py
[2026-06-05T13:54:49.260+0000] {processor.py:925} INFO - DAG(s) 'tutorial' retrieved from /home/airflow/.local/lib/python3.12/site-packages/airflow/example_dags/tutorial.py
[2026-06-05T13:54:49.383+0000] {logging_mixin.py:190} INFO - [2026-06-05T13:54:49.382+0000] {dag.py:3239} INFO - Sync 1 DAGs
[2026-06-05T13:54:49.519+0000] {logging_mixin.py:190} INFO - [2026-06-05T13:54:49.518+0000] {dag.py:4180} INFO - Setting next_dagrun for tutorial to 2026-06-04 00:00:00+00:00, run_after=2026-06-05 00:00:00+00:00
[2026-06-05T13:54:49.674+0000] {processor.py:208} INFO - Processing /home/airflow/.local/lib/python3.12/site-packages/airflow/example_dags/tutorial.py took 0.540 seconds
[2026-06-05T13:55:20.512+0000] {processor.py:186} INFO - Started process (PID=453) to work on /home/airflow/.local/lib/python3.12/site-packages/airflow/example_dags/tutorial.py
[2026-06-05T13:55:20.514+0000] {processor.py:914} INFO - Processing file /home/airflow/.local/lib/python3.12/site-packages/airflow/example_dags/tutorial.py for tasks to queue
[2026-06-05T13:55:20.518+0000] {logging_mixin.py:190} INFO - [2026-06-05T13:55:20.517+0000] {dagbag.py:588} INFO - Filling up the DagBag from /home/airflow/.local/lib/python3.12/site-packages/airflow/example_dags/tutorial.py
[2026-06-05T13:55:20.529+0000] {processor.py:925} INFO - DAG(s) 'tutorial' retrieved from /home/airflow/.local/lib/python3.12/site-packages/airflow/example_dags/tutorial.py
[2026-06-05T13:55:20.557+0000] {logging_mixin.py:190} INFO - [2026-06-05T13:55:20.557+0000] {dag.py:3239} INFO - Sync 1 DAGs
[2026-06-05T13:55:20.589+0000] {logging_mixin.py:190} INFO - [2026-06-05T13:55:20.589+0000] {dag.py:4180} INFO - Setting next_dagrun for tutorial to 2026-06-04 00:00:00+00:00, run_after=2026-06-05 00:00:00+00:00
[2026-06-05T13:55:20.623+0000] {processor.py:208} INFO - Processing /home/airflow/.local/lib/python3.12/site-packages/airflow/example_dags/tutorial.py took 0.119 seconds
[2026-06-05T13:55:51.128+0000] {processor.py:186} INFO - Started process (PID=516) to work on /home/airflow/.local/lib/python3.12/site-packages/airflow/example_dags/tutorial.py
[2026-06-05T13:55:51.132+0000] {processor.py:914} INFO - Processing file /home/airflow/.local/lib/python3.12/site-packages/airflow/example_dags/tutorial.py for tasks to queue
[2026-06-05T13:55:51.151+0000] {logging_mixin.py:190} INFO - [2026-06-05T13:55:51.147+0000] {dagbag.py:588} INFO - Filling up the DagBag from /home/airflow/.local/lib/python3.12/site-packages/airflow/example_dags/tutorial.py
[2026-06-05T13:55:51.223+0000] {processor.py:925} INFO - DAG(s) 'tutorial' retrieved from /home/airflow/.local/lib/python3.12/site-packages/airflow/example_dags/tutorial.py
[2026-06-05T13:55:51.360+0000] {logging_mixin.py:190} INFO - [2026-06-05T13:55:51.359+0000] {dag.py:3239} INFO - Sync 1 DAGs
[2026-06-05T13:55:51.544+0000] {logging_mixin.py:190} INFO - [2026-06-05T13:55:51.541+0000] {dag.py:4180} INFO - Setting next_dagrun for tutorial to 2026-06-04 00:00:00+00:00, run_after=2026-06-05 00:00:00+00:00
[2026-06-05T13:55:51.665+0000] {processor.py:208} INFO - Processing /home/airflow/.local/lib/python3.12/site-packages/airflow/example_dags/tutorial.py took 0.572 seconds
[2026-06-05T13:56:22.225+0000] {processor.py:186} INFO - Started process (PID=579) to work on /home/airflow/.local/lib/python3.12/site-packages/airflow/example_dags/tutorial.py
[2026-06-05T13:56:22.227+0000] {processor.py:914} INFO - Processing file /home/airflow/.local/lib/python3.12/site-packages/airflow/example_dags/tutorial.py for tasks to queue
[2026-06-05T13:56:22.232+0000] {logging_mixin.py:190} INFO - [2026-06-05T13:56:22.232+0000] {dagbag.py:588} INFO - Filling up the DagBag from /home/airflow/.local/lib/python3.12/site-packages/airflow/example_dags/tutorial.py
[2026-06-05T13:56:22.250+0000] {processor.py:925} INFO - DAG(s) 'tutorial' retrieved from /home/airflow/.local/lib/python3.12/site-packages/airflow/example_dags/tutorial.py
[2026-06-05T13:56:22.291+0000] {logging_mixin.py:190} INFO - [2026-06-05T13:56:22.291+0000] {dag.py:3239} INFO - Sync 1 DAGs
[2026-06-05T13:56:22.336+0000] {logging_mixin.py:190} INFO - [2026-06-05T13:56:22.336+0000] {dag.py:4180} INFO - Setting next_dagrun for tutorial to 2026-06-04 00:00:00+00:00, run_after=2026-06-05 00:00:00+00:00
[2026-06-05T13:56:22.377+0000] {processor.py:208} INFO - Processing /home/airflow/.local/lib/python3.12/site-packages/airflow/example_dags/tutorial.py took 0.165 seconds
[2026-06-05T13:56:54.188+0000] {processor.py:186} INFO - Started process (PID=641) to work on /home/airflow/.local/lib/python3.12/site-packages/airflow/example_dags/tutorial.py
[2026-06-05T13:56:54.193+0000] {processor.py:914} INFO - Processing file /home/airflow/.local/lib/python3.12/site-packages/airflow/example_dags/tutorial.py for tasks to queue
[2026-06-05T13:56:54.199+0000] {logging_mixin.py:190} INFO - [2026-06-05T13:56:54.198+0000] {dagbag.py:588} INFO - Filling up the DagBag from /home/airflow/.local/lib/python3.12/site-packages/airflow/example_dags/tutorial.py
[2026-06-05T13:56:54.222+0000] {processor.py:925} INFO - DAG(s) 'tutorial' retrieved from /home/airflow/.local/lib/python3.12/site-packages/airflow/example_dags/tutorial.py
[2026-06-05T13:56:54.301+0000] {logging_mixin.py:190} INFO - [2026-06-05T13:56:54.300+0000] {dag.py:3239} INFO - Sync 1 DAGs
[2026-06-05T13:56:54.442+0000] {logging_mixin.py:190} INFO - [2026-06-05T13:56:54.441+0000] {dag.py:4180} INFO - Setting next_dagrun for tutorial to 2026-06-04 00:00:00+00:00, run_after=2026-06-05 00:00:00+00:00
[2026-06-05T13:56:54.532+0000] {processor.py:208} INFO - Processing /home/airflow/.local/lib/python3.12/site-packages/airflow/example_dags/tutorial.py took 0.362 seconds
[2026-06-05T13:57:26.083+0000] {processor.py:186} INFO - Started process (PID=703) to work on /home/airflow/.local/lib/python3.12/site-packages/airflow/example_dags/tutorial.py
[2026-06-05T13:57:26.093+0000] {processor.py:914} INFO - Processing file /home/airflow/.local/lib/python3.12/site-packages/airflow/example_dags/tutorial.py for tasks to queue
[2026-06-05T13:57:26.107+0000] {logging_mixin.py:190} INFO - [2026-06-05T13:57:26.106+0000] {dagbag.py:588} INFO - Filling up the DagBag from /home/airflow/.local/lib/python3.12/site-packages/airflow/example_dags/tutorial.py
[2026-06-05T13:57:26.164+0000] {processor.py:925} INFO - DAG(s) 'tutorial' retrieved from /home/airflow/.local/lib/python3.12/site-packages/airflow/example_dags/tutorial.py
[2026-06-05T13:57:26.311+0000] {logging_mixin.py:190} INFO - [2026-06-05T13:57:26.300+0000] {dag.py:3239} INFO - Sync 1 DAGs
[2026-06-05T13:57:26.468+0000] {logging_mixin.py:190} INFO - [2026-06-05T13:57:26.467+0000] {dag.py:4180} INFO - Setting next_dagrun for tutorial to 2026-06-04 00:00:00+00:00, run_after=2026-06-05 00:00:00+00:00
[2026-06-05T13:57:26.632+0000] {processor.py:208} INFO - Processing /home/airflow/.local/lib/python3.12/site-packages/airflow/example_dags/tutorial.py took 0.587 seconds
[2026-06-05T13:57:58.155+0000] {processor.py:186} INFO - Started process (PID=765) to work on /home/airflow/.local/lib/python3.12/site-packages/airflow/example_dags/tutorial.py
[2026-06-05T13:57:58.166+0000] {processor.py:914} INFO - Processing file /home/airflow/.local/lib/python3.12/site-packages/airflow/example_dags/tutorial.py for tasks to queue
[2026-06-05T13:57:58.175+0000] {logging_mixin.py:190} INFO - [2026-06-05T13:57:58.173+0000] {dagbag.py:588} INFO - Filling up the DagBag from /home/airflow/.local/lib/python3.12/site-packages/airflow/example_dags/tutorial.py
[2026-06-05T13:57:58.221+0000] {processor.py:925} INFO - DAG(s) 'tutorial' retrieved from /home/airflow/.local/lib/python3.12/site-packages/airflow/example_dags/tutorial.py
[2026-06-05T13:57:58.315+0000] {logging_mixin.py:190} INFO - [2026-06-05T13:57:58.315+0000] {dag.py:3239} INFO - Sync 1 DAGs
[2026-06-05T13:57:58.401+0000] {logging_mixin.py:190} INFO - [2026-06-05T13:57:58.400+0000] {dag.py:4180} INFO - Setting next_dagrun for tutorial to 2026-06-04 00:00:00+00:00, run_after=2026-06-05 00:00:00+00:00
[2026-06-05T13:57:58.967+0000] {processor.py:208} INFO - Processing /home/airflow/.local/lib/python3.12/site-packages/airflow/example_dags/tutorial.py took 0.836 seconds
[2026-06-05T13:58:29.351+0000] {processor.py:186} INFO - Started process (PID=828) to work on /home/airflow/.local/lib/python3.12/site-packages/airflow/example_dags/tutorial.py
[2026-06-05T13:58:29.354+0000] {processor.py:914} INFO - Processing file /home/airflow/.local/lib/python3.12/site-packages/airflow/example_dags/tutorial.py for tasks to queue
[2026-06-05T13:58:29.361+0000] {logging_mixin.py:190} INFO - [2026-06-05T13:58:29.361+0000] {dagbag.py:588} INFO - Filling up the DagBag from /home/airflow/.local/lib/python3.12/site-packages/airflow/example_dags/tutorial.py
[2026-06-05T13:58:29.386+0000] {processor.py:925} INFO - DAG(s) 'tutorial' retrieved from /home/airflow/.local/lib/python3.12/site-packages/airflow/example_dags/tutorial.py
[2026-06-05T13:58:29.459+0000] {logging_mixin.py:190} INFO - [2026-06-05T13:58:29.458+0000] {dag.py:3239} INFO - Sync 1 DAGs
[2026-06-05T13:58:29.599+0000] {logging_mixin.py:190} INFO - [2026-06-05T13:58:29.598+0000] {dag.py:4180} INFO - Setting next_dagrun for tutorial to 2026-06-04 00:00:00+00:00, run_after=2026-06-05 00:00:00+00:00
[2026-06-05T13:58:29.705+0000] {processor.py:208} INFO - Processing /home/airflow/.local/lib/python3.12/site-packages/airflow/example_dags/tutorial.py took 0.374 seconds
[2026-06-05T13:59:00.677+0000] {processor.py:186} INFO - Started process (PID=890) to work on /home/airflow/.local/lib/python3.12/site-packages/airflow/example_dags/tutorial.py
[2026-06-05T13:59:00.685+0000] {processor.py:914} INFO - Processing file /home/airflow/.local/lib/python3.12/site-packages/airflow/example_dags/tutorial.py for tasks to queue
[2026-06-05T13:59:00.693+0000] {logging_mixin.py:190} INFO - [2026-06-05T13:59:00.692+0000] {dagbag.py:588} INFO - Filling up the DagBag from /home/airflow/.local/lib/python3.12/site-packages/airflow/example_dags/tutorial.py
[2026-06-05T13:59:00.745+0000] {processor.py:925} INFO - DAG(s) 'tutorial' retrieved from /home/airflow/.local/lib/python3.12/site-packages/airflow/example_dags/tutorial.py
[2026-06-05T13:59:00.840+0000] {logging_mixin.py:190} INFO - [2026-06-05T13:59:00.840+0000] {dag.py:3239} INFO - Sync 1 DAGs
[2026-06-05T13:59:00.950+0000] {logging_mixin.py:190} INFO - [2026-06-05T13:59:00.950+0000] {dag.py:4180} INFO - Setting next_dagrun for tutorial to 2026-06-04 00:00:00+00:00, run_after=2026-06-05 00:00:00+00:00
[2026-06-05T13:59:01.020+0000] {processor.py:208} INFO - Processing /home/airflow/.local/lib/python3.12/site-packages/airflow/example_dags/tutorial.py took 0.384 seconds
